INFO:  {'name': 'housing_boston', 'log_level': 'info', 'episodes': 10, 'steps': 10, 'enlarge_num': 4, 'memory': 8, 'a': 1, 'b': 1, 'c': 1, 'hidden_size': 64, 'batch_size': 8, 'replay_strategy': 'random', 'ent_weight': 0.001, 'init_w': 0.1, 'id': '0', 'ablation_mode': '', 'out_put': '.'}
INFO:  running experiment on cpu
INFO:  read the data from /home/pjanga/Group-wise-Reinforcement-Feature-Generation-for-Optimal-and-Explainable-Representation-Space-Reconst/data/processed/housing_boston.hdf
INFO:  opt path is ./tmp/housing_boston_random_/
INFO:  initialize the features...
[10, 1, 2, 3, 4, 5, 6, 7, 8, 9, 11, 12, 13, 'label']
INFO:  initial memories with random
INFO:  MAE on original is: -1.022, MAE on generated is: -1.022
INFO:  RMSE on original is: -6.563, RMSE on generated is: -6.563
INFO:  1-RAE on original is: 0.668, 1-RAE on generated is: 0.668
INFO:  start training, the original performance is 0.6127898916314496
INFO:  current cluster : defaultdict(<class 'list'>, {0: [0, 1, 2, 3, 5, 6, 7, 8, 9, 10, 12], 1: [4], 2: [11]})
INFO:  current select feature name : ['12']
INFO:  current select op : quan_trans
INFO:  current select feature name : ['4']
INFO:  current select op : log
INFO:  New performance is: 0.610860, Best performance is: 0.612790 (e-1s-1) Base performance is: 0.612790
INFO:  Episode 0, Step 0 ends!
INFO:  Current spend time for step-0 is: 5.3s
INFO:  current cluster : defaultdict(<class 'list'>, {0: [0, 1, 2, 3, 5, 6, 7, 8, 9, 10, 11, 13], 1: [4], 2: [12]})
INFO:  current select feature name : ['4']
INFO:  current select op : square
INFO:  current select feature name : ['4']
INFO:  current select op : log
INFO:  New performance is: 0.610090, Best performance is: 0.612790 (e-1s-1) Base performance is: 0.612790
INFO:  Episode 0, Step 1 ends!
INFO:  Current spend time for step-1 is: 5.7s
INFO:  current cluster : defaultdict(<class 'list'>, {0: [0, 1, 2, 3, 5, 6, 7, 8, 9, 10, 11, 12, 13], 2: [4], 1: [14]})
INFO:  current select feature name : ['4_square']
INFO:  current select op : sigmoid
INFO:  current select feature name : ['4']
INFO:  current select op : log
INFO:  New performance is: 0.611439, Best performance is: 0.612790 (e-1s-1) Base performance is: 0.612790
INFO:  Episode 0, Step 2 ends!
INFO:  Current spend time for step-2 is: 6.3s
INFO:  current cluster : defaultdict(<class 'list'>, {0: [0, 1, 2, 3, 5, 6, 7, 8, 9, 10, 11, 13], 2: [4, 14], 3: [12], 1: [15]})
INFO:  current select feature name : ['4' '4_square']
INFO:  current select op : *
INFO:  current select feature name : ['4' '4_square']
INFO:  current select feature name : ['6' '13']
INFO:  current select op : log
INFO:  current select feature name : ['4_square']
INFO:  New performance is: 0.609291, Best performance is: 0.612790 (e-1s-1) Base performance is: 0.612790
INFO:  Episode 0, Step 3 ends!
INFO:  Current spend time for step-3 is: 7.9s
INFO:  current cluster : defaultdict(<class 'list'>, {1: [0, 1, 2, 3, 5, 7, 8, 9, 10, 11, 13], 3: [4, 14, 15, 16, 17, 18], 0: [6, 12], 2: [19]})
INFO:  current select feature name : ['4' '4_square' '4_square_sigmoid' '4*4' '4*4_square' '4_square*4']
INFO:  current select op : sin
INFO:  current select feature name : ['13']
INFO:  current select op : log
INFO:  New performance is: 0.610928, Best performance is: 0.612790 (e-1s-1) Base performance is: 0.612790
INFO:  Episode 0, Step 4 ends!
INFO:  Current spend time for step-4 is: 11.7s
INFO:  current cluster : defaultdict(<class 'list'>, {0: [0, 1, 2, 3, 5, 7, 8, 9, 10], 1: [4, 14, 15, 16, 17, 18, 19, 20, 21, 22, 23, 24, 25], 3: [6], 4: [11, 13], 2: [12]})
INFO:  current select feature name : ['4' '4_square' '4_square_sigmoid' '4*4' '4*4_square' '4_square*4'
 '4_square*4_square' '4_sin' '4_square_sin' '4_square_sigmoid_sin'
 '4*4_sin' '4*4_square_sin' '4_square*4_sin']
INFO:  current select op : /
INFO:  current select feature name : ['12' '12_quan_trans']
INFO:  current cluster : defaultdict(<class 'list'>, {0: [0, 1, 2, 3, 5, 7, 8, 9, 10, 11, 13], 1: [4, 14, 15, 16, 17, 18, 19, 20, 22, 23, 24, 25], 4: [6], 3: [12], 2: [21]})
INFO:  current select feature name : ['4' '4_square' '4_square_sigmoid' '4*4' '4*4_square' '4_square*4'
 '4_square*4_square' '4_sin' '4_square_sigmoid_sin' '4*4_sin'
 '4*4_square_sin' '4_square*4_sin']
INFO:  current select op : cos
INFO:  current select feature name : ['13']
INFO:  current select op : log
INFO:  New performance is: 0.608485, Best performance is: 0.612790 (e-1s-1) Base performance is: 0.612790
INFO:  Episode 0, Step 5 ends!
INFO:  Current spend time for step-5 is: 20.9s
INFO:  current cluster : defaultdict(<class 'list'>, {0: [0, 1, 2, 3, 5, 7, 8, 9, 10], 1: [4, 14, 15, 16, 17, 18, 19, 20, 21, 22, 24, 25, 26, 27, 28, 29, 30, 31, 32, 33, 34, 35, 36, 37], 3: [6], 4: [11, 13], 5: [12], 2: [23]})
INFO:  current select feature name : ['12' '12_quan_trans']
INFO:  current select op : cos
INFO:  current select feature name : ['13']
INFO:  current select op : log
INFO:  New performance is: 0.606224, Best performance is: 0.612790 (e-1s-1) Base performance is: 0.612790
INFO:  Episode 0, Step 6 ends!
INFO:  Current spend time for step-6 is: 28.9s
INFO:  current cluster : defaultdict(<class 'list'>, {2: [0, 1, 3, 5, 7, 8, 10], 0: [2, 9], 1: [4, 14, 15, 16, 17, 18, 19, 20, 21, 22, 23, 24, 25, 26, 27, 28, 29, 30, 31, 32, 33, 34, 35, 36, 37], 3: [6], 4: [11, 13, 38, 39], 5: [12]})
INFO:  current select feature name : ['4' '4_square' '4_square_sigmoid' '4*4' '4*4_square' '4_square*4'
 '4_square*4_square' '4_sin' '4_square_sin' '4_square_sigmoid_sin'
 '4*4_sin' '4*4_square_sin' '4_square*4_sin' '4_cos' '4_square_cos'
 '4_square_sigmoid_cos' '4*4_cos' '4*4_square_cos' '4_square*4_cos'
 '4_square*4_square_cos' '4_sin_cos' '4_square_sigmoid_sin_cos'
 '4*4_sin_cos' '4*4_square_sin_cos' '4_square*4_sin_cos']
INFO:  current select op : stand_scaler
INFO:  current select feature name : ['2']
INFO:  current select op : log
INFO:  start to learn in model_c1
INFO:  start to learn in model_op
INFO:  New performance is: 0.609746, Best performance is: 0.612790 (e-1s-1) Base performance is: 0.612790
INFO:  Episode 0, Step 7 ends!
INFO:  Current spend time for step-7 is: 54.2s
INFO:  current cluster : defaultdict(<class 'list'>, {0: [0, 1, 3, 5, 10], 6: [2, 9], 4: [4, 14, 15, 16, 17, 18, 19, 20, 21, 22, 23, 24, 25, 26, 27, 28, 31, 32, 33, 34, 35, 36, 37, 38, 39, 40, 41, 42, 43, 44, 45, 46, 47, 48, 49, 50, 51, 52, 53, 54, 55], 3: [6], 2: [7, 8], 1: [11, 13, 29, 30], 5: [12]})
INFO:  current select feature name : ['13']
INFO:  current select op : *
INFO:  current select feature name : ['2' '9']
INFO:  current select feature name : ['6']
INFO:  current select op : sigmoid
INFO:  current select feature name : ['9']
INFO:  start to learn in model_c1
INFO:  start to learn in model_op
INFO:  New performance is: 0.613937, Best performance is: 0.613937 (e0s8) Base performance is: 0.612790
INFO:  Episode 0, Step 8 ends!
INFO:  Current spend time for step-8 is: 60.5s
INFO:  current cluster : defaultdict(<class 'list'>, {0: [0, 1, 3, 5, 7, 8, 10, 54, 55], 1: [2, 11, 13, 27, 28], 3: [4, 15, 16, 18, 20, 21, 29, 33, 34, 36, 40, 41], 5: [6], 6: [9], 2: [12], 4: [14, 17, 19, 22, 23, 24, 25, 26, 30, 31, 32, 35, 37, 38, 39, 42, 43, 44, 45, 46, 47, 48, 49, 50, 51, 52, 53]})
INFO:  current select feature name : ['6']
INFO:  current select op : square
INFO:  current select feature name : ['12' '12_quan_trans' '12_cos' '12_quan_trans_cos']
INFO:  current select op : sigmoid
INFO:  start to learn in model_c1
INFO:  start to learn in model_op
INFO:  New performance is: 0.606862, Best performance is: 0.613937 (e0s8) Base performance is: 0.612790
INFO:  Episode 0, Step 9 ends!
INFO:  Current spend time for step-9 is: 60.0s
INFO:  Best performance is: 0.613937
INFO:  Episode 0 ends!
INFO:  current cluster : defaultdict(<class 'list'>, {2: [0, 1, 2, 3, 5, 7, 8, 9, 10, 11], 1: [4], 0: [6, 12]})
INFO:  current select feature name : ['6' '13']
INFO:  current select op : *
INFO:  current select feature name : ['6' '13']
INFO:  current select feature name : ['10' '1' '3' '5' '6' '7' '8' '9' '11' '13' '6*6' '6*13' '13*6' '13*13']
INFO:  current select op : sigmoid
INFO:  current select feature name : ['12']
INFO:  start to learn in model_c1
INFO:  start to learn in model_op
INFO:  New performance is: 0.600102, Best performance is: 0.613937 (e0s8) Base performance is: 0.612790
INFO:  Episode 1, Step 0 ends!
INFO:  Current spend time for step-0 is: 6.3s
INFO:  current cluster : defaultdict(<class 'list'>, {0: [0, 1, 3, 5, 6, 7, 8, 10, 12, 13, 14, 15, 16], 1: [2, 9], 3: [4], 2: [11]})
INFO:  current select feature name : ['4']
INFO:  current select op : stand_scaler
INFO:  current select feature name : ['10' '1' '2' '3' '5' '6' '7' '8' '9' '11' '13' '6*6' '6*13' '13*6'
 '13*13']
INFO:  current select op : sigmoid
INFO:  start to learn in model_c1
INFO:  start to learn in model_op
INFO:  New performance is: 0.597172, Best performance is: 0.613937 (e0s8) Base performance is: 0.612790
INFO:  Episode 1, Step 1 ends!
INFO:  Current spend time for step-1 is: 7.8s
INFO:  current cluster : defaultdict(<class 'list'>, {0: [0, 1, 3, 5, 6, 7, 8, 9, 10, 12, 13, 14, 15, 16], 3: [2], 1: [4, 17], 2: [11]})
INFO:  current select feature name : ['2']
INFO:  current select op : +
INFO:  current select feature name : ['10' '1' '3' '5' '6' '7' '8' '9' '11' '13' '6*6' '6*13' '13*6' '13*13']
INFO:  current select feature name : ['4' '4_stand_scaler']
INFO:  current select op : sigmoid
INFO:  current select feature name : ['12']
INFO:  start to learn in model_c1
INFO:  start to learn in model_op
INFO:  New performance is: 0.603658, Best performance is: 0.613937 (e0s8) Base performance is: 0.612790
INFO:  Episode 1, Step 2 ends!
INFO:  Current spend time for step-2 is: 15.4s
INFO:  current cluster : defaultdict(<class 'list'>, {1: [0, 1, 3, 5, 6, 7, 8, 9, 10, 13, 14, 15, 16, 18, 19, 20, 21, 22, 23, 24, 25, 26, 27, 28, 29, 30, 31], 3: [2], 0: [4, 17], 2: [11], 4: [12]})
INFO:  current select feature name : ['10' '1' '3' '5' '6' '7' '8' '9' '11' '6*6' '6*13' '13*6' '13*13' '2+10'
 '2+1' '2+3' '2+5' '2+6' '2+7' '2+8' '2+9' '2+11' '2+13' '2+6*6' '2+6*13'
 '2+13*6' '2+13*13']
INFO:  current select op : -
INFO:  current select feature name : ['10' '1' '3' '5' '6' '7' '8' '9' '11' '6*6' '6*13' '13*6' '13*13' '2+10'
 '2+1' '2+3' '2+5' '2+6' '2+7' '2+8' '2+9' '2+11' '2+13' '2+6*6' '2+6*13'
 '2+13*6' '2+13*13']
INFO:  current cluster : defaultdict(<class 'list'>, {0: [0, 1, 3, 5, 6, 7, 8, 9, 10, 12, 13, 14, 15, 16, 18, 19, 20, 21, 22, 23, 24, 25, 26, 27, 28, 29, 30, 31], 4: [2], 3: [4], 2: [11], 1: [17]})
INFO:  current select feature name : ['2']
INFO:  current select op : *
INFO:  current select feature name : ['10' '1' '3' '5' '6' '7' '8' '9' '11' '13' '6*6' '6*13' '13*6' '13*13'
 '2+10' '2+1' '2+3' '2+5' '2+6' '2+7' '2+8' '2+9' '2+11' '2+13' '2+6*6'
 '2+6*13' '2+13*6' '2+13*13']
INFO:  current select feature name : ['4']
INFO:  current select op : sigmoid
INFO:  current select feature name : ['12']
INFO:  start to learn in model_c1
INFO:  start to learn in model_op
INFO:  New performance is: 0.599202, Best performance is: 0.613937 (e0s8) Base performance is: 0.612790
INFO:  Episode 1, Step 3 ends!
INFO:  Current spend time for step-3 is: 47.7s
INFO:  current cluster : defaultdict(<class 'list'>, {0: [0, 1, 5, 6, 8, 10, 14, 15, 16, 17, 18, 19, 20, 21, 22, 23, 24, 25, 26, 27, 28, 29, 30, 31, 32, 33, 34, 35, 36, 37, 38, 39, 40, 41, 42, 43, 44, 45, 46, 48, 49, 50, 52, 53, 54, 55], 6: [2, 3, 11, 12], 5: [4], 3: [7], 4: [9], 2: [13, 51], 1: [47]})
INFO:  current select feature name : ['2' '3' '12' '13']
INFO:  current select op : square
INFO:  current select feature name : ['13']
INFO:  current select op : sigmoid
INFO:  start to learn in model_c1
INFO:  start to learn in model_op
INFO:  New performance is: 0.597588, Best performance is: 0.613937 (e0s8) Base performance is: 0.612790
INFO:  Episode 1, Step 4 ends!
INFO:  Current spend time for step-4 is: 67.7s
INFO:  current cluster : defaultdict(<class 'list'>, {0: [0, 1, 2, 3, 5, 6, 7, 9, 10, 11, 13, 15, 16, 17, 19, 20, 21, 22, 27, 29, 30, 31, 32, 33, 34, 35, 37, 38, 39, 40, 41, 42, 43, 45, 46, 47, 49, 50, 51, 52, 53, 54, 55], 5: [4], 3: [8], 4: [12], 1: [14, 18, 23, 24, 25, 28, 44], 2: [26, 36], 6: [48]})
INFO:  current select feature name : ['2+10' '2+6' '2+13' '2+6*6' '2+6*13' '2*10' '2*2+3']
INFO:  current select op : stand_scaler
INFO:  current select feature name : ['1']
INFO:  current select op : sigmoid
INFO:  start to learn in model_c1
INFO:  start to learn in model_op
INFO:  New performance is: 0.593866, Best performance is: 0.613937 (e0s8) Base performance is: 0.612790
INFO:  Episode 1, Step 5 ends!
INFO:  Current spend time for step-5 is: 71.4s
INFO:  current cluster : defaultdict(<class 'list'>, {0: [0, 1, 5, 6, 7, 9, 13, 14, 15, 16, 17, 18, 19, 20, 21, 22, 23, 24, 25, 26, 27, 28, 29, 30, 31, 32, 33, 34, 35, 36, 37, 38, 39, 40, 41, 42, 43, 45, 46, 47, 48, 49, 52, 53, 54, 55], 2: [2, 3, 10, 11], 5: [4], 3: [8], 6: [12], 4: [44], 1: [50, 51]})
INFO:  current select feature name : ['10' '1' '7' '8' '11' '6*6' '2+10' '2+1' '2+3' '2+5' '2+6' '2+7' '2+8'
 '2+9' '2+11' '2+13' '2+6*6' '2+6*13' '2+13*6' '2+13*13' '2*10' '2*1'
 '2*3' '2*5' '2*6' '2*7' '2*8' '2*9' '2*11' '2*13' '2*6*13' '2*13*6'
 '2*13*13' '2*2+10' '2*2+1' '2*2+3' '2*2+5' '2*2+8' '2*2+9' '2*2+11'
 '2*2+13' '2*2+6*13' '2_square' '3_square' '12_square' '13_square']
INFO:  current select op : stand_scaler
INFO:  current select feature name : ['13']
INFO:  current select op : sigmoid
INFO:  start to learn in model_c1
INFO:  start to learn in model_op
INFO:  New performance is: 0.596613, Best performance is: 0.613937 (e0s8) Base performance is: 0.612790
INFO:  Episode 1, Step 6 ends!
INFO:  Current spend time for step-6 is: 125.2s
INFO:  current cluster : defaultdict(<class 'list'>, {0: [0, 1, 2, 3, 5, 7, 8, 9, 10, 11, 12, 13, 15, 16, 17, 18, 19, 20, 21, 22, 23, 24, 25, 26, 27, 28, 30, 31, 34, 35, 36, 37, 39, 40, 41, 42, 43, 44, 45, 46, 47, 48, 49, 50, 51, 52, 53, 54, 55], 5: [4], 3: [6], 6: [14], 4: [29], 2: [32, 33], 1: [38]})
INFO:  current select feature name : ['2+3']
INFO:  current select op : cos
INFO:  current select feature name : ['13']
INFO:  current select op : sigmoid
INFO:  start to learn in model_c1
INFO:  start to learn in model_op
INFO:  New performance is: 0.606394, Best performance is: 0.613937 (e0s8) Base performance is: 0.612790
INFO:  Episode 1, Step 7 ends!
INFO:  Current spend time for step-7 is: 63.4s
INFO:  current cluster : defaultdict(<class 'list'>, {0: [0, 1, 2, 3, 5, 10, 11, 12, 13, 14, 15, 16, 17, 18, 19, 20, 21, 22, 23, 24, 25, 26, 27, 28, 30, 31, 34, 35, 36, 37, 38, 39, 40, 41, 42, 43, 44, 45, 46, 47, 48, 49, 50, 51, 52, 53, 54, 55], 5: [4], 3: [6], 1: [7, 8], 4: [9], 6: [29], 2: [32, 33]})
INFO:  current select feature name : ['13']
INFO:  current select op : +
INFO:  current select feature name : ['2*2+13']
INFO:  current select feature name : ['13']
INFO:  current select op : sigmoid
INFO:  current select feature name : ['13+2*2+13']
INFO:  start to learn in model_c1
INFO:  start to learn in model_op
INFO:  New performance is: 0.603423, Best performance is: 0.613937 (e0s8) Base performance is: 0.612790
INFO:  Episode 1, Step 8 ends!
INFO:  Current spend time for step-8 is: 63.9s
INFO:  current cluster : defaultdict(<class 'list'>, {0: [0, 1, 5, 10, 11, 12, 13, 15, 16, 17, 18, 19, 20, 21, 22, 23, 24, 25, 26, 27, 28, 30, 31, 34, 35, 36, 37, 38, 39, 40, 41, 42, 43, 44, 45, 46, 47, 48, 49, 50, 51, 52, 53, 54, 55], 1: [2, 3, 7, 8, 29], 5: [4], 3: [6], 4: [9], 6: [14], 2: [32, 33]})
INFO:  current select feature name : ['3' '5' '6*13' '13*6' '2*2+13']
INFO:  current select op : cos
INFO:  current select feature name : ['13']
INFO:  current select op : sigmoid
INFO:  start to learn in model_c1
INFO:  start to learn in model_op
INFO:  New performance is: 0.607490, Best performance is: 0.613937 (e0s8) Base performance is: 0.612790
INFO:  Episode 1, Step 9 ends!
INFO:  Current spend time for step-9 is: 68.5s
INFO:  current cluster : defaultdict(<class 'list'>, {0: [0, 1, 2, 3, 5, 6, 7, 8, 9, 10, 11], 1: [4], 2: [12]})
INFO:  current select feature name : ['2+6']
INFO:  current select op : quan_trans
INFO:  current select feature name : ['4']
INFO:  current select op : sigmoid
INFO:  start to learn in model_c1
INFO:  start to learn in model_op
INFO:  New performance is: 0.609210, Best performance is: 0.613937 (e0s8) Base performance is: 0.612790
INFO:  Episode 2, Step 0 ends!
INFO:  Current spend time for step-0 is: 5.2s
INFO:  current cluster : defaultdict(<class 'list'>, {2: [0, 1, 2, 3, 5, 7, 8, 9, 10, 11], 1: [4], 0: [6, 12, 13]})
INFO:  current select feature name : ['6' '13' '2+6_quan_trans']
INFO:  current select op : -
INFO:  current select feature name : ['10' '1' '2' '3' '5' '7' '8' '9' '11' '12']
INFO:  current select feature name : ['4']
INFO:  current select op : sigmoid
INFO:  current select feature name : ['6-2']
INFO:  start to learn in model_c1
INFO:  start to learn in model_op
INFO:  New performance is: 0.578426, Best performance is: 0.613937 (e0s8) Base performance is: 0.612790
INFO:  Episode 2, Step 1 ends!
INFO:  Current spend time for step-1 is: 23.4s
INFO:  current cluster : defaultdict(<class 'list'>, {2: [0, 1, 3, 5, 6, 10, 12, 13, 14, 15, 17, 18, 19, 21, 22, 23, 25, 26, 30, 31, 33, 34, 35, 36, 40, 41, 43], 0: [2, 11, 20, 24, 27, 28, 29, 37, 38, 39], 3: [4], 4: [7, 8], 1: [9, 32, 42], 5: [16]})
INFO:  current select feature name : ['9' '13-11' '2+6_quan_trans-11']
INFO:  current select op : log
INFO:  current cluster : defaultdict(<class 'list'>, {2: [0, 1, 3, 5, 6, 10, 12, 13, 14, 15, 17, 18, 19, 21, 22, 23, 25, 26, 30, 31, 33, 34, 35, 36, 40, 41, 43], 0: [2, 7, 8, 20, 24, 27, 28, 29, 37, 38, 39], 3: [4], 1: [9, 32, 42], 5: [11], 4: [16]})
INFO:  current select feature name : ['12']
INFO:  current select op : minmax_scaler
INFO:  current select feature name : ['4']
INFO:  current select op : sigmoid
INFO:  start to learn in model_c1
INFO:  start to learn in model_op
INFO:  New performance is: 0.571116, Best performance is: 0.613937 (e0s8) Base performance is: 0.612790
INFO:  Episode 2, Step 2 ends!
INFO:  Current spend time for step-2 is: 41.4s
INFO:  current cluster : defaultdict(<class 'list'>, {0: [0, 1, 3, 5, 6, 10, 12, 13, 14, 15, 17, 18, 19, 21, 22, 23, 25, 26, 30, 31, 33, 34, 35, 36, 40, 41, 43], 1: [2, 7, 8, 11, 20, 24, 27, 28, 29, 37, 38, 39, 44], 3: [4], 4: [9, 42], 5: [16], 2: [32]})
INFO:  current select feature name : ['13-11']
INFO:  current select op : log
INFO:  current cluster : defaultdict(<class 'list'>, {2: [0, 1, 3, 5, 6, 10, 12, 13, 14, 15, 17, 18, 21, 22, 23, 25, 26, 30, 31, 33, 34, 35, 36, 40, 41, 43], 1: [2, 9, 32, 42], 3: [4], 0: [7, 8, 11, 20, 24, 27, 28, 29, 37, 38, 39, 44], 5: [16], 4: [19]})
INFO:  current select feature name : ['4']
INFO:  current select op : +
INFO:  current select feature name : ['4']
INFO:  current select feature name : ['4+4']
INFO:  current select op : sigmoid
INFO:  current select feature name : ['9']
INFO:  start to learn in model_c1
INFO:  start to learn in model_c2
INFO:  start to learn in model_op
INFO:  New performance is: 0.577800, Best performance is: 0.613937 (e0s8) Base performance is: 0.612790
INFO:  Episode 2, Step 3 ends!
INFO:  Current spend time for step-3 is: 43.1s
INFO:  current cluster : defaultdict(<class 'list'>, {2: [0, 1, 3, 5, 6, 10, 12, 13, 14, 15, 17, 18, 19, 21, 22, 23, 25, 26, 30, 31, 33, 34, 35, 36, 40, 41, 43], 0: [2, 7, 8, 11, 20, 24, 27, 28, 29, 37, 38, 39, 44], 4: [4], 1: [9, 32, 42], 5: [16], 3: [45]})
INFO:  current select feature name : ['6-2']
INFO:  current select op : +
INFO:  current select feature name : ['4']
INFO:  current select feature name : ['13-11']
INFO:  current select op : sigmoid
INFO:  current select feature name : ['4' '4+4']
INFO:  start to learn in model_c1
INFO:  start to learn in model_c2
INFO:  start to learn in model_op
INFO:  New performance is: 0.572090, Best performance is: 0.613937 (e0s8) Base performance is: 0.612790
INFO:  Episode 2, Step 4 ends!
INFO:  Current spend time for step-4 is: 44.8s
INFO:  current cluster : defaultdict(<class 'list'>, {0: [0, 1, 3, 5, 6, 10, 12, 13, 14, 15, 17, 18, 19, 21, 22, 23, 25, 26, 30, 31, 33, 34, 35, 36, 40, 41, 43], 5: [2], 3: [4, 45], 2: [7, 8, 24, 37, 38], 1: [9, 16, 32, 42, 46], 4: [11, 20, 27, 28, 29, 39, 44]})
INFO:  current select feature name : ['4' '4+4']
INFO:  current select op : +
INFO:  current select feature name : ['4' '4+4']
INFO:  current select feature name : ['2']
INFO:  current select op : sigmoid
INFO:  current select feature name : ['4' '4+4' '4+4+4' '4+4+4' '4+4+4+4']
INFO:  start to learn in model_c1
INFO:  start to learn in model_c2
INFO:  start to learn in model_op
INFO:  New performance is: 0.576729, Best performance is: 0.613937 (e0s8) Base performance is: 0.612790
INFO:  Episode 2, Step 5 ends!
INFO:  Current spend time for step-5 is: 48.5s
INFO:  current cluster : defaultdict(<class 'list'>, {0: [0, 1, 3, 5, 6, 10, 12, 13, 14, 15, 17, 18, 19, 21, 22, 23, 25, 26, 30, 31, 33, 34, 35, 36, 40, 41, 43], 1: [2, 11, 20, 27, 28, 29, 44], 3: [4, 45, 47, 48, 49], 4: [7, 8, 24, 37, 38], 2: [9, 16, 42, 46], 5: [32], 6: [39]})
INFO:  current select feature name : ['7' '8' '13-10' '2+6_quan_trans-3' '2+6_quan_trans-5']
INFO:  current select op : *
INFO:  current select feature name : ['9' '6-2' '2+6_quan_trans-11' '6-2+4']
INFO:  current select feature name : ['13-10*6-2+4']
INFO:  current select op : sigmoid
INFO:  current select feature name : ['10' '1' '3' '5' '6' '11' '13' '2+6_quan_trans' '6-10' '6-1' '6-3' '6-5'
 '6-9' '6-11' '6-12' '13-1' '13-2' '13-8' '13-9' '13-12'
 '2+6_quan_trans-10' '2+6_quan_trans-1' '2+6_quan_trans-2'
 '2+6_quan_trans-8' '2+6_quan_trans-9' '2+6_quan_trans-12' '8*9'
 '2+6_quan_trans-3*9' '2+6_quan_trans-5*9']
INFO:  start to learn in model_c1
INFO:  start to learn in model_c2
INFO:  start to learn in model_op
INFO:  New performance is: 0.574716, Best performance is: 0.613937 (e0s8) Base performance is: 0.612790
INFO:  Episode 2, Step 6 ends!
INFO:  Current spend time for step-6 is: 75.2s
INFO:  current cluster : defaultdict(<class 'list'>, {2: [0, 1, 3, 4, 5, 9, 17, 19, 20, 21, 23, 28, 31, 32, 37, 46, 51, 53], 1: [2, 8, 15, 25, 26, 27, 39, 41, 43, 44, 45, 47, 49, 50, 52, 54, 55], 6: [6, 7, 34, 42], 3: [10], 4: [11, 12, 13, 14, 16, 24, 29, 30, 33, 38, 40], 5: [18], 0: [22, 35, 36, 48]})
INFO:  current select feature name : ['6-5']
INFO:  current select op : +
INFO:  current select feature name : ['6' '7' '2+6_quan_trans-10' '2+6_quan_trans-11']
INFO:  current select feature name : ['2']
INFO:  current select op : sigmoid
INFO:  current select feature name : ['10' '1' '3' '5' '6' '11' '13' '2+6_quan_trans' '6-10' '6-1' '6-3' '6-5'
 '6-7' '6-9' '6-11' '6-12' '13-1' '13-2' '13-8' '13-9' '13-12'
 '2+6_quan_trans-10' '2+6_quan_trans-1' '2+6_quan_trans-2'
 '2+6_quan_trans-8' '2+6_quan_trans-9' '2+6_quan_trans-12' '8*9'
 '2+6_quan_trans-3*9' '2+6_quan_trans-5*9' '6-5+6' '6-5+2+6_quan_trans-10']
INFO:  start to learn in model_c1
INFO:  start to learn in model_c2
INFO:  start to learn in model_op
INFO:  New performance is: 0.580273, Best performance is: 0.613937 (e0s8) Base performance is: 0.612790
INFO:  Episode 2, Step 7 ends!
INFO:  Current spend time for step-7 is: 69.0s
INFO:  current cluster : defaultdict(<class 'list'>, {0: [0, 1, 6, 7, 17, 19, 25, 28, 31, 34, 39, 43, 48, 49, 53, 54], 3: [2], 2: [3, 4, 5, 9, 10, 11, 13, 16, 18, 20, 22, 23, 26, 27, 29, 30, 35, 37, 52], 1: [8, 14, 24, 36, 38, 40, 41, 42, 44, 46, 47, 50, 51, 55], 6: [12, 15], 4: [21, 32, 45], 5: [33]})
INFO:  current select feature name : ['3' '5' '6' '11' '12' '13' '6-10' '6-3' '6-7' '6-11' '13-10' '13-1'
 '13-5' '13-7' '13-9' '13-12' '2+6_quan_trans-5' '2+6_quan_trans-8'
 '2+6_quan_trans-3*6-2+4']
INFO:  current select op : log
INFO:  current cluster : defaultdict(<class 'list'>, {2: [0, 1, 3, 4, 5, 9, 16, 17, 18, 19, 20, 22, 25, 28, 29, 34, 43, 48, 49, 52, 54], 5: [2], 4: [6, 7, 21, 31, 32, 39, 45, 53], 0: [8, 14, 36, 38, 40, 41, 42, 44, 46, 47, 50, 51, 55], 1: [10, 11, 12, 13, 15, 23, 26, 27, 30, 35, 37], 6: [24], 3: [33]})
INFO:  current select feature name : ['2+6_quan_trans-2']
INFO:  current select op : quan_trans
INFO:  current select feature name : ['13-10*6-2']
INFO:  current select op : sigmoid
INFO:  start to learn in model_c1
INFO:  start to learn in model_c2
INFO:  start to learn in model_op
INFO:  New performance is: 0.575867, Best performance is: 0.613937 (e0s8) Base performance is: 0.612790
INFO:  Episode 2, Step 8 ends!
INFO:  Current spend time for step-8 is: 65.2s
INFO:  current cluster : defaultdict(<class 'list'>, {1: [0, 1, 17, 19, 24, 27, 33, 42, 47, 48, 53], 0: [2, 8, 14, 35, 37, 39, 40, 41, 43, 45, 46, 49, 50, 54], 4: [3, 4, 9, 16, 18, 20, 22, 28], 6: [5, 51], 5: [6, 7, 21, 30, 31, 32, 38, 44, 52, 55], 2: [10, 11, 13, 23, 25, 26, 29, 34, 36], 3: [12, 15]})
INFO:  current select feature name : ['6' '2+6_quan_trans-5*6-2+4']
INFO:  current select op : quan_trans
INFO:  current select feature name : ['6-7']
INFO:  current select op : sigmoid
INFO:  start to learn in model_c1
INFO:  start to learn in model_c2
INFO:  start to learn in model_op
INFO:  New performance is: 0.577360, Best performance is: 0.613937 (e0s8) Base performance is: 0.612790
INFO:  Episode 2, Step 9 ends!
INFO:  Current spend time for step-9 is: 66.2s
INFO:  current cluster : defaultdict(<class 'list'>, {0: [0, 1, 2, 3, 5, 6, 7, 8, 9, 10, 12], 1: [4], 2: [11]})
INFO:  current select feature name : ['5']
INFO:  current select op : square
INFO:  current select feature name : ['4']
INFO:  current select op : sigmoid
INFO:  start to learn in model_c1
INFO:  start to learn in model_c2
INFO:  start to learn in model_op
INFO:  New performance is: 0.613631, Best performance is: 0.613937 (e0s8) Base performance is: 0.612790
INFO:  Episode 3, Step 0 ends!
INFO:  Current spend time for step-0 is: 5.1s
INFO:  current cluster : defaultdict(<class 'list'>, {0: [0, 1, 2, 3, 5, 6, 7, 8, 9, 10, 11, 12], 2: [4], 1: [13]})
INFO:  current select feature name : ['4']
INFO:  current select op : quan_trans
INFO:  current select feature name : ['12']
INFO:  current select op : sigmoid
INFO:  start to learn in model_c1
INFO:  start to learn in model_c2
INFO:  start to learn in model_op
INFO:  New performance is: 0.606835, Best performance is: 0.613937 (e0s8) Base performance is: 0.612790
INFO:  Episode 3, Step 1 ends!
INFO:  Current spend time for step-1 is: 5.7s
INFO:  current cluster : defaultdict(<class 'list'>, {0: [0, 1, 2, 3, 5, 6, 7, 8, 9, 10, 11, 12], 1: [4, 14], 2: [13]})
INFO:  current select feature name : ['10' '1' '2' '3' '5' '6' '7' '8' '9' '11' '12' '13']
INFO:  current select op : log
INFO:  current cluster : defaultdict(<class 'list'>, {0: [0, 1, 2, 3, 5, 6, 7, 8, 9, 10, 11, 12], 1: [4, 14], 2: [13]})
INFO:  current select feature name : ['4' '4_quan_trans']
INFO:  current select op : cos
INFO:  current select feature name : ['13']
INFO:  current select op : sigmoid
INFO:  start to learn in model_c1
INFO:  start to learn in model_c2
INFO:  start to learn in model_op
INFO:  New performance is: 0.611433, Best performance is: 0.613937 (e0s8) Base performance is: 0.612790
INFO:  Episode 3, Step 2 ends!
INFO:  Current spend time for step-2 is: 6.6s
INFO:  current cluster : defaultdict(<class 'list'>, {0: [0, 1, 2, 3, 5, 6, 7, 8, 9, 10, 12], 1: [4, 13, 14, 16], 3: [11], 2: [15]})
INFO:  current select feature name : ['4_cos']
INFO:  current select op : sigmoid
INFO:  current select feature name : ['12']
INFO:  current select op : sigmoid
INFO:  start to learn in model_c1
INFO:  start to learn in model_c2
INFO:  start to learn in model_op
INFO:  New performance is: 0.610319, Best performance is: 0.613937 (e0s8) Base performance is: 0.612790
INFO:  Episode 3, Step 3 ends!
INFO:  Current spend time for step-3 is: 7.6s
INFO:  current cluster : defaultdict(<class 'list'>, {0: [0, 1, 2, 3, 5, 6, 7, 8, 9, 10, 11], 1: [4, 14, 16], 3: [12], 2: [13, 15, 17]})
INFO:  current select feature name : ['13']
INFO:  current select op : sin
INFO:  current select feature name : ['4_cos']
INFO:  current select op : sigmoid
INFO:  start to learn in model_c1
INFO:  start to learn in model_c2
INFO:  start to learn in model_op
INFO:  New performance is: 0.610821, Best performance is: 0.613937 (e0s8) Base performance is: 0.612790
INFO:  Episode 3, Step 4 ends!
INFO:  Current spend time for step-4 is: 8.2s
INFO:  current cluster : defaultdict(<class 'list'>, {0: [0, 1, 2, 3, 5, 6, 7, 8, 9, 10, 11, 12, 18], 2: [4, 14, 16], 1: [13, 17], 3: [15]})
INFO:  current select feature name : ['10' '1' '2' '3' '5' '6' '7' '8' '9' '11' '12' '13' '13_sin']
INFO:  current select op : -
INFO:  current select feature name : ['4_cos']
INFO:  current select feature name : ['6' '6-4_cos']
INFO:  current select op : sigmoid
INFO:  current select feature name : ['6' '6-4_cos']
INFO:  start to learn in model_c1
INFO:  start to learn in model_c2
INFO:  start to learn in model_op
INFO:  New performance is: 0.606821, Best performance is: 0.613937 (e0s8) Base performance is: 0.612790
INFO:  Episode 3, Step 5 ends!
INFO:  Current spend time for step-5 is: 15.2s
INFO:  current cluster : defaultdict(<class 'list'>, {1: [0, 1, 2, 3, 5, 7, 8, 9, 10, 11, 19, 20, 21, 22, 23, 25, 26, 27, 28, 29], 0: [4, 14, 15, 16, 17], 4: [6, 24], 2: [12, 18, 30, 31], 3: [13]})
INFO:  current select feature name : ['4' '4_quan_trans' '4_cos' '4_quan_trans_cos' '4_cos_sigmoid']
INFO:  current select op : square
INFO:  current select feature name : ['4_cos_sigmoid_square']
INFO:  current select op : sigmoid
INFO:  start to learn in model_c1
INFO:  start to learn in model_c2
INFO:  start to learn in model_op
INFO:  New performance is: 0.609752, Best performance is: 0.613937 (e0s8) Base performance is: 0.612790
INFO:  Episode 3, Step 6 ends!
INFO:  Current spend time for step-6 is: 24.6s
INFO:  current cluster : defaultdict(<class 'list'>, {4: [0, 1, 3, 5, 10, 19, 20, 22, 23, 28], 0: [2, 9, 11, 21, 27, 29], 1: [4, 13, 14, 15, 16, 17, 32, 33, 34, 35, 36], 3: [6, 24], 2: [7, 8, 25, 26], 5: [12, 18, 30, 31]})
INFO:  current select feature name : ['10' '1' '3' '5' '11' '10-4_cos' '1-4_cos' '3-4_cos' '5-4_cos' '11-4_cos']
INFO:  current select op : -
INFO:  current select feature name : ['2' '9' '12' '2-4_cos' '9-4_cos' '12-4_cos']
INFO:  current select feature name : ['4_quan_trans_square']
INFO:  current select op : sigmoid
INFO:  current select feature name : ['4_quan_trans_square']
INFO:  start to learn in model_c1
INFO:  start to learn in model_c2
INFO:  start to learn in model_op
INFO:  New performance is: 0.608337, Best performance is: 0.613937 (e0s8) Base performance is: 0.612790
INFO:  Episode 3, Step 7 ends!
INFO:  Current spend time for step-7 is: 103.8s
INFO:  current cluster : defaultdict(<class 'list'>, {0: [0, 1, 3, 6, 7, 9, 12, 13, 16, 17, 18, 20, 21, 22, 23, 25, 26, 28, 30, 31, 33, 34, 35, 38, 39, 40, 41, 42, 43, 44, 45, 47, 48, 50, 52, 53, 55], 2: [2, 8], 1: [4, 5, 10, 11], 5: [14, 15, 24, 27, 36, 37, 46, 49, 51, 54], 4: [19], 3: [29], 6: [32]})
INFO:  current select feature name : ['2' '8']
INFO:  current select op : sin
INFO:  current select feature name : ['2_sin']
INFO:  current select op : sigmoid
INFO:  start to learn in model_c1
INFO:  start to learn in model_c2
INFO:  start to learn in model_op
INFO:  New performance is: 0.593030, Best performance is: 0.613937 (e0s8) Base performance is: 0.612790
INFO:  Episode 3, Step 8 ends!
INFO:  Current spend time for step-8 is: 63.8s
INFO:  current cluster : defaultdict(<class 'list'>, {1: [0, 1, 3, 6, 7, 9, 16, 17, 19, 20, 22, 23, 25, 26, 28, 30, 31, 33, 36, 37, 39, 40, 42, 43, 45, 46, 48, 50, 51, 53], 5: [2, 8, 54, 55], 6: [4], 3: [5, 10, 11], 0: [12, 13, 18, 21, 29, 34, 35, 38, 41, 49, 52], 4: [14, 15], 2: [24, 27, 32, 44, 47]})
INFO:  current select feature name : ['5-12' '5-12-4_cos' '11-9-4_cos' '5-4_cos-2' '5-4_cos-2-4_cos']
INFO:  current select op : stand_scaler
INFO:  current select feature name : ['3-4_cos-2-4_cos']
INFO:  current select op : sigmoid
INFO:  start to learn in model_c1
INFO:  start to learn in model_c2
INFO:  start to learn in model_op
INFO:  New performance is: 0.590794, Best performance is: 0.613937 (e0s8) Base performance is: 0.612790
INFO:  Episode 3, Step 9 ends!
INFO:  Current spend time for step-9 is: 67.2s
INFO:  current cluster : defaultdict(<class 'list'>, {0: [0, 1, 2, 3, 5, 6, 7, 8, 9, 10, 11], 1: [4], 2: [12]})
INFO:  current select feature name : ['3' '5' '6' '11' '13_sin' '3-4_cos' '5-4_cos' '6-4_cos' '11-4_cos'
 '13-4_cos' '13_sin-4_cos']
INFO:  current select op : minmax_scaler
INFO:  current select feature name : ['4']
INFO:  current select op : sigmoid
INFO:  start to learn in model_c1
INFO:  start to learn in model_c2
INFO:  start to learn in model_op
INFO:  New performance is: 0.612421, Best performance is: 0.613937 (e0s8) Base performance is: 0.612790
INFO:  Episode 4, Step 0 ends!
INFO:  Current spend time for step-0 is: 9.1s
INFO:  current cluster : defaultdict(<class 'list'>, {0: [0, 1, 2, 3, 5, 7, 8, 9, 10, 11, 13, 14, 15, 16, 17, 19, 20, 21, 22, 23], 3: [4], 1: [6, 18], 2: [12]})
INFO:  current select feature name : ['4']
INFO:  current select op : +
INFO:  current select feature name : ['13']
INFO:  current select feature name : ['4']
INFO:  current select op : sigmoid
INFO:  current select feature name : ['4']
INFO:  start to learn in model_c1
INFO:  start to learn in model_c2
INFO:  start to learn in model_op
INFO:  New performance is: 0.605181, Best performance is: 0.613937 (e0s8) Base performance is: 0.612790
INFO:  Episode 4, Step 1 ends!
INFO:  Current spend time for step-1 is: 13.5s
INFO:  current cluster : defaultdict(<class 'list'>, {0: [0, 1, 2, 3, 5, 7, 8, 9, 10, 13, 14, 15, 16, 17, 19, 20, 21, 22], 3: [4], 1: [6, 18], 4: [11, 23], 2: [12, 24]})
INFO:  current select feature name : ['10' '1' '2' '3' '5' '7' '8' '9' '11' '3_minmax_scaler' '5_minmax_scaler'
 '6_minmax_scaler' '11_minmax_scaler' '13_sin_minmax_scaler'
 '5-4_cos_minmax_scaler' '6-4_cos_minmax_scaler' '11-4_cos_minmax_scaler'
 '13-4_cos_minmax_scaler']
INFO:  current select op : minmax_scaler
INFO:  current select feature name : ['4']
INFO:  current select op : sigmoid
INFO:  start to learn in model_c1
INFO:  start to learn in model_c2
INFO:  start to learn in model_op
INFO:  New performance is: 0.607481, Best performance is: 0.613937 (e0s8) Base performance is: 0.612790
INFO:  Episode 4, Step 2 ends!
INFO:  Current spend time for step-2 is: 23.6s
INFO:  current cluster : defaultdict(<class 'list'>, {1: [0, 1, 3, 5, 10, 13, 14, 16, 17, 22, 25, 27, 28, 29, 30, 32, 34], 0: [2, 9, 11, 15, 21, 23, 26, 31, 36, 39], 3: [4], 4: [6, 18], 2: [7, 8, 19, 20, 33, 35, 37, 38], 5: [12, 24]})
INFO:  current select feature name : ['6' '3-4_cos_minmax_scaler']
INFO:  current select op : stand_scaler
INFO:  current select feature name : ['4']
INFO:  current select op : sigmoid
INFO:  start to learn in model_c1
INFO:  start to learn in model_c2
INFO:  start to learn in model_op
INFO:  New performance is: 0.605890, Best performance is: 0.613937 (e0s8) Base performance is: 0.612790
INFO:  Episode 4, Step 3 ends!
INFO:  Current spend time for step-3 is: 34.4s
INFO:  current cluster : defaultdict(<class 'list'>, {0: [0, 1, 3, 5, 10, 13, 14, 16, 17, 22, 25, 27, 28, 29, 30, 32, 34], 1: [2, 9, 11, 15, 21, 23, 26, 31, 36, 39], 3: [4], 4: [6, 18, 40, 41], 2: [7, 8, 19, 20, 33, 35, 37, 38], 5: [12, 24]})
INFO:  current select feature name : ['6' '3-4_cos_minmax_scaler' '6_stand_scaler'
 '3-4_cos_minmax_scaler_stand_scaler']
INFO:  current select op : minmax_scaler
INFO:  current select feature name : ['4']
INFO:  current select op : sigmoid
INFO:  start to learn in model_c1
INFO:  start to learn in model_c2
INFO:  start to learn in model_op
INFO:  New performance is: 0.604582, Best performance is: 0.613937 (e0s8) Base performance is: 0.612790
INFO:  Episode 4, Step 4 ends!
INFO:  Current spend time for step-4 is: 38.7s
INFO:  current cluster : defaultdict(<class 'list'>, {0: [0, 1, 3, 5, 7, 8, 10, 13, 14, 16, 17, 19, 20, 22, 25, 27, 28, 29, 30, 32, 33, 34, 35, 37, 38], 2: [2, 9, 15, 21, 26, 31, 36, 39], 3: [4], 4: [6, 18, 40, 41, 42, 43, 44], 1: [11, 23], 5: [12, 24]})
INFO:  current select feature name : ['4']
INFO:  current select op : quan_trans
INFO:  current select feature name : ['13' '4+13']
INFO:  current select op : sigmoid
INFO:  start to learn in model_c1
INFO:  start to learn in model_c2
INFO:  start to learn in model_op
INFO:  New performance is: 0.606353, Best performance is: 0.613937 (e0s8) Base performance is: 0.612790
INFO:  Episode 4, Step 5 ends!
INFO:  Current spend time for step-5 is: 42.1s
INFO:  current cluster : defaultdict(<class 'list'>, {0: [0, 1, 3, 5, 7, 8, 10, 13, 14, 16, 17, 19, 20, 22, 25, 27, 28, 29, 30, 32, 33, 34, 35, 37, 38], 2: [2, 9, 15, 21, 26, 31, 36, 39], 1: [4, 45], 3: [6, 18, 40, 41, 42, 43, 44], 4: [11, 23], 5: [12, 24]})
INFO:  current select feature name : ['13' '4+13']
INFO:  current select op : -
INFO:  current select feature name : ['12' '13_sin-4_cos_minmax_scaler']
INFO:  current select feature name : ['4' '4_quan_trans']
INFO:  current select op : sigmoid
INFO:  current select feature name : ['4' '4_quan_trans']
INFO:  start to learn in model_c1
INFO:  start to learn in model_c2
INFO:  start to learn in model_op
INFO:  New performance is: 0.598185, Best performance is: 0.613937 (e0s8) Base performance is: 0.612790
INFO:  Episode 4, Step 6 ends!
INFO:  Current spend time for step-6 is: 46.6s
INFO:  current cluster : defaultdict(<class 'list'>, {1: [0, 1, 3, 5, 10, 13, 14, 16, 17, 22, 25, 27, 28, 29, 30, 32, 34], 0: [2, 9, 11, 15, 21, 23, 26, 31, 36, 39], 5: [4], 3: [6, 18, 40, 41, 42, 43, 44], 2: [7, 8, 19, 20, 33, 35, 37, 38], 6: [12, 24, 46, 47, 48, 49], 4: [45]})
INFO:  current select feature name : ['2' '9' '12' '6_minmax_scaler' '11-4_cos_minmax_scaler'
 '13_sin-4_cos_minmax_scaler' '11-4_cos_minmax_scaler_minmax_scaler'
 '2_minmax_scaler' '6_minmax_scaler_minmax_scaler' '9_minmax_scaler']
INFO:  current select op : *
INFO:  current select feature name : ['6' '3-4_cos_minmax_scaler' '6_stand_scaler'
 '3-4_cos_minmax_scaler_stand_scaler'
 '3-4_cos_minmax_scaler_minmax_scaler'
 '3-4_cos_minmax_scaler_stand_scaler_minmax_scaler'
 '6_stand_scaler_minmax_scaler']
INFO:  current select feature name : ['4']
INFO:  current select op : sigmoid
INFO:  current select feature name : ['4']
INFO:  start to learn in model_c1
INFO:  start to learn in model_c2
INFO:  start to learn in model_op
INFO:  New performance is: 0.592220, Best performance is: 0.613937 (e0s8) Base performance is: 0.612790
INFO:  Episode 4, Step 7 ends!
INFO:  Current spend time for step-7 is: 165.3s
INFO:  current cluster : defaultdict(<class 'list'>, {1: [0, 1, 3, 5, 6, 8, 10, 11, 12], 4: [2, 7, 13, 14, 15, 16, 17, 27, 28, 31, 32, 33, 39, 40, 43, 44, 45], 6: [4], 3: [9], 0: [18, 19, 20, 21], 5: [22, 23, 24, 25, 26, 34, 35, 36, 37, 38, 46, 47, 48, 49, 50, 51, 52, 53, 54, 55], 2: [29, 30, 41, 42]})
INFO:  current select feature name : ['2' '7' '3_minmax_scaler' '5_minmax_scaler' '6_minmax_scaler'
 '11_minmax_scaler' '13_sin_minmax_scaler'
 '11_minmax_scaler_minmax_scaler' '13-4_cos_minmax_scaler_minmax_scaler'
 '2_minmax_scaler' '3_minmax_scaler_minmax_scaler'
 '5-4_cos_minmax_scaler_minmax_scaler' '9_minmax_scaler' '6_stand_scaler'
 '3-4_cos_minmax_scaler_stand_scaler_minmax_scaler'
 '6_stand_scaler_minmax_scaler' '4_quan_trans']
INFO:  current select op : sigmoid
INFO:  current select feature name : ['4+13']
INFO:  current select op : sigmoid
INFO:  start to learn in model_c1
INFO:  start to learn in model_c2
INFO:  start to learn in model_op
INFO:  New performance is: 0.550432, Best performance is: 0.613937 (e0s8) Base performance is: 0.612790
INFO:  Episode 4, Step 8 ends!
INFO:  Current spend time for step-8 is: 83.5s
INFO:  current cluster : defaultdict(<class 'list'>, {1: [0, 1, 3, 5, 6, 8, 10, 11, 12], 3: [2, 7, 13, 14, 15, 16, 17, 22, 23, 26, 27, 28, 30, 31, 34, 35, 36, 39, 40, 41, 42, 43, 44, 45, 46, 47, 48, 49, 50, 51, 52, 53, 54, 55], 6: [4], 4: [9], 0: [18, 19, 20, 21], 5: [24, 25, 32, 33], 2: [29, 37, 38]})
INFO:  current select feature name : ['6' '3-4_cos_minmax_scaler' '6_stand_scaler'
 '3-4_cos_minmax_scaler_stand_scaler'
 '3-4_cos_minmax_scaler_minmax_scaler'
 '3-4_cos_minmax_scaler_stand_scaler_minmax_scaler'
 '6_stand_scaler_minmax_scaler' '9*6' '9*3-4_cos_minmax_scaler'
 '9*6_stand_scaler_minmax_scaler' '12*6' '12*3-4_cos_minmax_scaler'
 '12*3-4_cos_minmax_scaler_stand_scaler'
 '12*3-4_cos_minmax_scaler_minmax_scaler' '11-4_cos_minmax_scaler*6'
 '11-4_cos_minmax_scaler*3-4_cos_minmax_scaler'
 '11-4_cos_minmax_scaler*3-4_cos_minmax_scaler_minmax_scaler'
 '13_sin-4_cos_minmax_scaler*6'
 '13_sin-4_cos_minmax_scaler*3-4_cos_minmax_scaler'
 '13_sin-4_cos_minmax_scaler*6_stand_scaler'
 '13_sin-4_cos_minmax_scaler*3-4_cos_minmax_scaler_stand_scaler'
 '13_sin-4_cos_minmax_scaler*3-4_cos_minmax_scaler_minmax_scaler'
 '13_sin-4_cos_minmax_scaler*3-4_cos_minmax_scaler_stand_scaler_minmax_scaler'
 '13_sin-4_cos_minmax_scaler*6_stand_scaler_minmax_scaler'
 '11-4_cos_minmax_scaler_minmax_scaler*6'
 '11-4_cos_minmax_scaler_minmax_scaler*3-4_cos_minmax_scaler'
 '11-4_cos_minmax_scaler_minmax_scaler*3-4_cos_minmax_scaler_minmax_scaler'
 '11-4_cos_minmax_scaler_minmax_scaler*3-4_cos_minmax_scaler_stand_scaler_minmax_scaler'
 '11-4_cos_minmax_scaler_minmax_scaler*6_stand_scaler_minmax_scaler'
 '9_minmax_scaler*6' '9_minmax_scaler*3-4_cos_minmax_scaler'
 '9_minmax_scaler*3-4_cos_minmax_scaler_minmax_scaler'
 '9_minmax_scaler*3-4_cos_minmax_scaler_stand_scaler_minmax_scaler'
 '9_minmax_scaler*6_stand_scaler_minmax_scaler']
INFO:  current select op : tanh
INFO:  current select feature name : ['4+13']
INFO:  current select op : sigmoid
INFO:  start to learn in model_c1
INFO:  start to learn in model_c2
INFO:  start to learn in model_op
INFO:  New performance is: 0.549216, Best performance is: 0.613937 (e0s8) Base performance is: 0.612790
INFO:  Episode 4, Step 9 ends!
INFO:  Current spend time for step-9 is: 109.8s
INFO:  current cluster : defaultdict(<class 'list'>, {2: [0, 1, 2, 3, 5, 7, 8, 9, 10, 11], 1: [4], 0: [6, 12]})
INFO:  current select feature name : ['13_sin_minmax_scaler' '13_sin_minmax_scaler_minmax_scaler']
INFO:  current select op : square
INFO:  current select feature name : ['4']
INFO:  current select op : sigmoid
INFO:  start to learn in model_c1
INFO:  start to learn in model_c2
INFO:  start to learn in model_op
INFO:  New performance is: 0.603542, Best performance is: 0.613937 (e0s8) Base performance is: 0.612790
INFO:  Episode 5, Step 0 ends!
INFO:  Current spend time for step-0 is: 5.5s
INFO:  current cluster : defaultdict(<class 'list'>, {0: [0, 1, 2, 3, 5, 6, 7, 8, 9, 10, 12, 13, 14], 1: [4], 2: [11]})
INFO:  current select feature name : ['10' '1' '2' '3' '5' '6' '7' '8' '9' '11' '13'
 '13_sin_minmax_scaler_square' '13_sin_minmax_scaler_minmax_scaler_square']
INFO:  current select op : minmax_scaler
INFO:  current select feature name : ['4']
INFO:  current select op : sigmoid
INFO:  start to learn in model_c1
INFO:  start to learn in model_c2
INFO:  start to learn in model_op
INFO:  New performance is: 0.604080, Best performance is: 0.613937 (e0s8) Base performance is: 0.612790
INFO:  Episode 5, Step 1 ends!
INFO:  Current spend time for step-1 is: 11.8s
INFO:  current cluster : defaultdict(<class 'list'>, {0: [0, 1, 3, 5, 6, 7, 8, 10, 12, 13, 14, 15, 16, 18, 19, 20, 21, 22, 24, 25, 26, 27], 1: [2, 17], 3: [4], 4: [9, 23], 2: [11]})
INFO:  current select feature name : ['4']
INFO:  current select op : sin
INFO:  current select feature name : ['12']
INFO:  current select op : sigmoid
INFO:  start to learn in model_c1
INFO:  start to learn in model_c2
INFO:  start to learn in model_op
INFO:  New performance is: 0.605275, Best performance is: 0.613937 (e0s8) Base performance is: 0.612790
INFO:  Episode 5, Step 2 ends!
INFO:  Current spend time for step-2 is: 17.7s
INFO:  current cluster : defaultdict(<class 'list'>, {1: [0, 1, 3, 5, 7, 8, 10, 12, 14, 15, 16, 18, 19, 21, 22, 24, 25, 27], 4: [2, 9, 17, 23], 3: [4, 28], 0: [6, 13, 20, 26], 2: [11]})
INFO:  current select feature name : ['4' '4_sin']
INFO:  current select op : -
INFO:  current select feature name : ['10' '1' '3' '5' '7' '8' '11' '13'
 '13_sin_minmax_scaler_minmax_scaler_square' '10_minmax_scaler'
 '1_minmax_scaler' '3_minmax_scaler' '5_minmax_scaler' '7_minmax_scaler'
 '8_minmax_scaler' '11_minmax_scaler' '13_minmax_scaler'
 '13_sin_minmax_scaler_minmax_scaler_square_minmax_scaler']
INFO:  current select feature name : ['12']
INFO:  current select op : sigmoid
INFO:  current select feature name : ['2' '2_minmax_scaler']
INFO:  start to learn in model_c1
INFO:  start to learn in model_c2
INFO:  start to learn in model_op
INFO:  New performance is: 0.594299, Best performance is: 0.613937 (e0s8) Base performance is: 0.612790
INFO:  Episode 5, Step 3 ends!
INFO:  Current spend time for step-3 is: 51.3s
INFO:  current cluster : defaultdict(<class 'list'>, {1: [0, 1, 5, 10, 11, 15, 20, 21, 23, 24, 25, 29, 30, 32, 33, 34, 38, 39, 41, 42, 43, 47, 48, 50, 51, 52], 0: [2, 3, 6, 12, 13, 16, 22, 26, 28, 31, 35, 37, 40, 44, 46, 49, 53], 3: [4, 14], 6: [7, 17], 5: [8, 18], 2: [9, 19, 55], 4: [27, 36, 45, 54]})
INFO:  current select feature name : ['7' '2_minmax_scaler']
INFO:  current select op : stand_scaler
INFO:  current select feature name : ['13_sin_minmax_scaler_square' '13_sin_minmax_scaler_square_minmax_scaler']
INFO:  current select op : sigmoid
INFO:  start to learn in model_c1
INFO:  start to learn in model_c2
INFO:  start to learn in model_op
INFO:  New performance is: 0.582400, Best performance is: 0.613937 (e0s8) Base performance is: 0.612790
INFO:  Episode 5, Step 4 ends!
INFO:  Current spend time for step-4 is: 65.2s
INFO:  current cluster : defaultdict(<class 'list'>, {1: [0, 1, 5, 9, 10, 14, 18, 19, 22, 23, 27, 28, 31, 32, 36, 37, 40, 41, 45, 46, 49, 50], 0: [2, 3, 6, 11, 12, 15, 20, 24, 26, 29, 33, 35, 38, 42, 44, 47, 51], 3: [4, 13], 4: [7, 16, 54, 55], 2: [8, 17, 53], 6: [21, 30, 39, 48], 5: [25, 34, 43, 52]})
INFO:  current select feature name : ['13' '11_minmax_scaler' '4_sin-13_minmax_scaler'
 '4_sin-13_sin_minmax_scaler_minmax_scaler_square_minmax_scaler']
INFO:  current select op : reciprocal
INFO:  current select feature name : ['6' '6_minmax_scaler']
INFO:  current select op : sigmoid
INFO:  start to learn in model_c1
INFO:  start to learn in model_c2
INFO:  start to learn in model_op
INFO:  New performance is: 0.574264, Best performance is: 0.613937 (e0s8) Base performance is: 0.612790
INFO:  Episode 5, Step 5 ends!
INFO:  Current spend time for step-5 is: 67.1s
INFO:  current cluster : defaultdict(<class 'list'>, {1: [0, 1, 5, 9, 10, 14, 18, 20, 21, 22, 26, 28, 29, 30, 34, 36, 37, 38, 42, 44, 45, 46], 0: [2, 3, 6, 11, 12, 15, 19, 23, 25, 27, 31, 33, 35, 39, 41, 43, 47], 3: [4, 13], 6: [7, 16, 50, 51], 2: [8, 17, 49], 5: [24, 32, 40, 48], 4: [52, 53, 54, 55]})
INFO:  current select feature name : ['10' '1' '7' '10_minmax_scaler' '1_minmax_scaler' '7_minmax_scaler'
 '4-10' '4-3' '4-5' '4-7' '4-13_sin_minmax_scaler_minmax_scaler_square'
 '4-1_minmax_scaler' '4-3_minmax_scaler' '4-5_minmax_scaler'
 '4-13_minmax_scaler' '4_sin-10' '4_sin-1' '4_sin-3' '4_sin-11'
 '4_sin-13_sin_minmax_scaler_minmax_scaler_square'
 '4_sin-10_minmax_scaler' '4_sin-1_minmax_scaler']
INFO:  current select op : +
INFO:  current select feature name : ['3' '5' '11' '3_minmax_scaler' '5_minmax_scaler' '11_minmax_scaler' '4-1'
 '4-8' '4-13' '4-10_minmax_scaler' '4-7_minmax_scaler'
 '4-11_minmax_scaler'
 '4-13_sin_minmax_scaler_minmax_scaler_square_minmax_scaler' '4_sin-5'
 '4_sin-8' '4_sin-13' '4_sin-3_minmax_scaler']
INFO:  current cluster : defaultdict(<class 'list'>, {0: [0, 1, 5, 9, 10, 14, 18, 20, 21, 22, 26, 28, 29, 30, 34, 36, 37, 38, 42, 44, 45, 46], 2: [2, 3, 6, 11, 12, 15, 19, 23, 25, 27, 31, 33, 35, 39, 41, 43, 47], 3: [4, 13], 6: [7, 16, 50, 51], 5: [8, 17, 49], 4: [24, 32, 40, 48], 1: [52, 53, 54, 55]})
INFO:  current select feature name : ['4_sin-13_minmax_scaler'
 '4_sin-13_sin_minmax_scaler_minmax_scaler_square_minmax_scaler'
 '7_stand_scaler' '2_minmax_scaler_stand_scaler']
INFO:  current select op : +
INFO:  current select feature name : ['6' '6_minmax_scaler']
[2026-03-19T12:09:42.497] error: *** JOB 49192519 ON sc093 CANCELLED AT 2026-03-19T12:09:42 DUE to SIGNAL Terminated ***
