INFO:  {'name': 'housing_boston', 'log_level': 'info', 'episodes': 10, 'steps': 10, 'enlarge_num': 4, 'memory': 8, 'a': 1, 'b': 1, 'c': 1, 'hidden_size': 64, 'batch_size': 8, 'replay_strategy': 'random', 'ent_weight': 0.001, 'init_w': 0.1, 'id': '0', 'ablation_mode': '', 'out_put': '.'}
INFO:  running experiment on cpu
INFO:  read the data from /home/pjanga/Group-wise-Reinforcement-Feature-Generation-for-Optimal-and-Explainable-Representation-Space-Reconst/data/processed/housing_boston.hdf
INFO:  opt path is ./tmp/housing_boston_random_/
INFO:  initialize the features...
[10, 1, 2, 3, 4, 5, 6, 7, 8, 9, 11, 12, 13, 'label']
INFO:  initial memories with random
INFO:  MAE on original is: -0.773, MAE on generated is: -0.773
INFO:  RMSE on original is: -4.670, RMSE on generated is: -4.670
INFO:  1-RAE on original is: 0.601, 1-RAE on generated is: 0.601
INFO:  start training, the original performance is 0.5037091147458501
INFO:  current cluster : defaultdict(<class 'list'>, {0: [0, 1, 2, 3, 5, 6, 7, 8, 9, 10, 12], 1: [4], 2: [11]})
INFO:  current select feature name : ['12']
INFO:  current select op : -
INFO:  current select feature name : ['4']
INFO:  current select feature name : ['4']
INFO:  current select op : log
INFO:  current select feature name : ['13']
INFO:  New performance is: 0.499586, Best performance is: 0.503709 (e-1s-1) Base performance is: 0.503709
INFO:  Episode 0, Step 0 ends!
INFO:  Current spend time for step-0 is: 5.2s
INFO:  current cluster : defaultdict(<class 'list'>, {0: [0, 1, 2, 3, 5, 6, 7, 8, 9, 10, 11, 13], 1: [4], 2: [12]})
INFO:  current select feature name : ['13']
INFO:  current select op : *
INFO:  current select feature name : ['10' '1' '2' '3' '5' '6' '7' '8' '9' '11' '12' '12-4']
INFO:  current select feature name : ['4']
INFO:  current select op : log
INFO:  current select feature name : ['12' '12-4']
INFO:  New performance is: 0.510343, Best performance is: 0.510343 (e0s1) Base performance is: 0.503709
INFO:  Episode 0, Step 1 ends!
INFO:  Current spend time for step-1 is: 10.6s
INFO:  current cluster : defaultdict(<class 'list'>, {1: [0, 1, 3, 5, 6, 7, 8, 10, 14, 16, 17, 18, 19, 21, 22], 2: [2, 11, 13], 3: [4], 0: [9, 20, 23], 4: [12, 15, 24, 25]})
INFO:  current select feature name : ['9' '13*7' '13*11']
INFO:  current select op : sin
INFO:  current select feature name : ['4']
INFO:  current select op : log
INFO:  New performance is: 0.507347, Best performance is: 0.510343 (e0s1) Base performance is: 0.503709
INFO:  Episode 0, Step 2 ends!
INFO:  Current spend time for step-2 is: 16.9s
INFO:  current cluster : defaultdict(<class 'list'>, {0: [0, 1, 3, 5, 6, 7, 8, 10, 14, 16, 17, 18, 19, 21, 22], 4: [2, 9, 20, 23, 26, 27, 28], 3: [4], 2: [11, 13], 1: [12, 15, 24, 25]})
INFO:  current select feature name : ['13' '13*1' '13*12' '13*12-4']
INFO:  current select op : +
INFO:  current select feature name : ['13' '13*1' '13*12' '13*12-4']
INFO:  current select feature name : ['4']
INFO:  current select op : log
INFO:  current select feature name : ['12' '12-4']
INFO:  New performance is: 0.511409, Best performance is: 0.511409 (e0s3) Base performance is: 0.503709
INFO:  Episode 0, Step 3 ends!
INFO:  Current spend time for step-3 is: 30.4s
INFO:  current cluster : defaultdict(<class 'list'>, {0: [0, 1, 3, 5, 6, 7, 8, 10, 14, 16, 17, 18, 19, 21, 22, 30, 33], 1: [2, 9, 20, 23, 26, 27, 28], 3: [4], 2: [11, 13], 4: [12, 15, 24, 25, 29, 31, 32, 34, 36, 37, 39, 40, 41, 42, 43, 44], 5: [35, 38]})
INFO:  current select feature name : ['2' '9' '13*7' '13*11' '9_sin' '13*7_sin' '13*11_sin']
INFO:  current select op : sigmoid
INFO:  current select feature name : ['4']
INFO:  current select op : log
INFO:  New performance is: 0.511408, Best performance is: 0.511409 (e0s3) Base performance is: 0.503709
INFO:  Episode 0, Step 4 ends!
INFO:  Current spend time for step-4 is: 48.4s
INFO:  current cluster : defaultdict(<class 'list'>, {1: [0, 1, 3, 5, 10, 14, 16, 17, 19, 21, 22], 0: [2, 9, 11, 13, 20, 23, 26, 27, 28, 45, 46, 47, 48, 49, 50, 51], 3: [4], 5: [6], 2: [7, 8, 18, 30, 33], 6: [12, 15, 24, 25, 29, 31, 32, 34, 36, 37, 39, 40, 41, 42, 43, 44], 4: [35, 38]})
INFO:  current select feature name : ['13*1+13*12' '13*12+13*1']
INFO:  current select op : sigmoid
INFO:  current select feature name : ['4']
INFO:  current select op : log
INFO:  New performance is: 0.509580, Best performance is: 0.511409 (e0s3) Base performance is: 0.503709
INFO:  Episode 0, Step 5 ends!
INFO:  Current spend time for step-5 is: 56.9s
INFO:  current cluster : defaultdict(<class 'list'>, {2: [0, 1, 3, 5, 7, 8, 10, 14, 16, 17, 18, 21, 22, 30, 33], 4: [2, 9, 20, 23, 26, 27, 28, 45, 46, 47, 48, 49, 50, 51], 3: [4], 0: [6, 19], 6: [11, 13], 1: [12, 15, 24, 25, 29, 31, 32, 34, 36, 37, 39, 40, 41, 42, 43, 44], 5: [35, 38, 52, 53]})
INFO:  current select feature name : ['12' '12-4']
INFO:  current select op : tanh
INFO:  current select feature name : ['4']
INFO:  current select op : log
INFO:  New performance is: 0.512203, Best performance is: 0.512203 (e0s6) Base performance is: 0.503709
INFO:  Episode 0, Step 6 ends!
INFO:  Current spend time for step-6 is: 61.1s
INFO:  current cluster : defaultdict(<class 'list'>, {2: [0, 1, 3, 5, 10, 14, 16, 17, 19, 21, 22], 0: [2, 9, 20, 23, 26, 27, 28, 45, 46, 47, 48, 49, 50, 51], 3: [4], 6: [6], 5: [7, 8, 18, 30, 33], 1: [11, 13, 35, 38, 52, 53, 54, 55], 4: [12, 15, 24, 25, 29, 31, 32, 34, 36, 37, 39, 40, 41, 42, 43, 44]})
INFO:  current select feature name : ['13' '13*1' '13*12' '13*12-4' '13+13' '13+13*12' '13+13*12-4' '13*1+13*1'
 '13*1+13*12-4' '13*12+13' '13*12+13*12' '13*12+13*12-4' '13*12-4+13'
 '13*12-4+13*1' '13*12-4+13*12' '13*12-4+13*12-4']
INFO:  current select op : tanh
INFO:  current select feature name : ['4']
INFO:  current select op : log
INFO:  start to learn in model_c1
INFO:  start to learn in model_op
INFO:  New performance is: 0.511706, Best performance is: 0.512203 (e0s6) Base performance is: 0.503709
INFO:  Episode 0, Step 7 ends!
INFO:  Current spend time for step-7 is: 83.6s
INFO:  current cluster : defaultdict(<class 'list'>, {0: [0, 1, 2, 3, 8, 10, 12, 13, 16, 17], 3: [4], 6: [5, 14], 4: [6, 24, 27], 2: [7, 20, 21, 22, 37, 38, 39], 1: [9, 11, 18, 19, 23, 25, 26, 28, 29, 30, 31, 32, 33, 34, 35, 36, 40, 41, 42, 43, 44, 45, 46, 47, 48, 49, 50, 51, 52, 53, 54, 55], 5: [15]})
INFO:  current select feature name : ['9' '12' '13*5' '13*6' '13*11' '13*12-4' '9_sin' '13*11_sin' '13+13'
 '13+13*1' '13+13*12' '13+13*12-4' '13*1+13' '13*1+13*1' '13*1+13*12'
 '13*1+13*12-4' '13*12+13*12-4' '13*12-4+13' '13*12-4+13*1'
 '13*12-4+13*12' '13*12-4+13*12-4' '2_sigmoid' '9_sigmoid' '13*7_sigmoid'
 '13*11_sigmoid' '9_sin_sigmoid' '13*7_sin_sigmoid' '13*11_sin_sigmoid'
 '13*1+13*12_sigmoid' '13*12+13*1_sigmoid' '12_tanh' '12-4_tanh']
INFO:  current select op : stand_scaler
INFO:  current select feature name : ['13*3']
INFO:  current select op : sigmoid
INFO:  start to learn in model_c1
INFO:  start to learn in model_op
INFO:  New performance is: 0.508490, Best performance is: 0.512203 (e0s6) Base performance is: 0.503709
INFO:  Episode 0, Step 8 ends!
INFO:  Current spend time for step-8 is: 107.1s
INFO:  current cluster : defaultdict(<class 'list'>, {3: [0, 4, 14, 18, 27, 31, 43, 47], 0: [1, 7, 15, 21, 28, 34, 44, 50], 1: [2, 3, 6, 9, 10, 11, 12, 13, 16, 17, 20, 23, 25, 29, 30, 33, 37, 38, 39, 41, 42, 45, 46, 49, 52, 54], 6: [5, 8, 32, 36], 2: [19, 22, 48, 51], 4: [24, 26, 35, 53, 55], 5: [40]})
INFO:  current select feature name : ['13+13*1' '13+13*12-4' '13*12-4+13*12' '13*12-4+13*1_tanh'
 '13*12-4+13*12-4_tanh']
INFO:  current select op : reciprocal
INFO:  current select feature name : ['13*1' '13*1+13*1' '13*1_tanh' '13*1+13*1_tanh' '12_stand_scaler'
 '13*11_sin_stand_scaler' '13*12-4+13_stand_scaler'
 '13*7_sigmoid_stand_scaler']
INFO:  current select op : sigmoid
INFO:  start to learn in model_c1
INFO:  start to learn in model_op
INFO:  New performance is: 0.291265, Best performance is: 0.512203 (e0s6) Base performance is: 0.503709
INFO:  Episode 0, Step 9 ends!
INFO:  Current spend time for step-9 is: 67.4s
INFO:  Best performance is: 0.512203
INFO:  Episode 0 ends!
INFO:  current cluster : defaultdict(<class 'list'>, {0: [0, 1, 2, 3, 5, 6, 7, 8, 9, 10, 12], 1: [4], 2: [11]})
INFO:  current select feature name : ['13*12-4+13']
INFO:  current select op : cos
INFO:  current select feature name : ['10' '1' '2' '3' '5' '6' '7' '8' '9' '11' '13']
INFO:  current select op : sigmoid
INFO:  start to learn in model_c1
INFO:  start to learn in model_op
INFO:  New performance is: 0.512652, Best performance is: 0.512652 (e1s0) Base performance is: 0.503709
INFO:  Episode 1, Step 0 ends!
INFO:  Current spend time for step-0 is: 5.3s
INFO:  current cluster : defaultdict(<class 'list'>, {0: [0, 1, 2, 3, 5, 6, 7, 8, 9, 10, 11, 13], 1: [4], 2: [12]})
INFO:  current select feature name : ['4']
INFO:  current select op : +
INFO:  current select feature name : ['4']
INFO:  current select feature name : ['4' '4+4']
INFO:  current select op : sigmoid
INFO:  current select feature name : ['13']
INFO:  start to learn in model_c1
INFO:  start to learn in model_op
INFO:  New performance is: 0.509018, Best performance is: 0.512652 (e1s0) Base performance is: 0.503709
INFO:  Episode 1, Step 1 ends!
INFO:  Current spend time for step-1 is: 5.7s
INFO:  current cluster : defaultdict(<class 'list'>, {0: [0, 1, 2, 3, 5, 6, 7, 8, 9, 10, 11, 13], 1: [4, 14], 2: [12]})
INFO:  current select feature name : ['4' '4+4']
INFO:  current select op : *
INFO:  current select feature name : ['10' '1' '2' '3' '5' '6' '7' '8' '9' '11' '12' '13*12-4+13_cos']
INFO:  current select feature name : ['10' '1' '3' '5' '6' '7' '8' '11' '4*10' '4*1' '4*3' '4*5' '4*6' '4*7'
 '4*8' '4*11' '4+4*10' '4+4*1' '4+4*3' '4+4*5' '4+4*6' '4+4*7' '4+4*8'
 '4+4*11']
INFO:  current select op : sigmoid
INFO:  current select feature name : ['2' '4*2' '4+4*2']
INFO:  start to learn in model_c1
INFO:  start to learn in model_op
INFO:  New performance is: 0.474009, Best performance is: 0.512652 (e1s0) Base performance is: 0.503709
INFO:  Episode 1, Step 2 ends!
INFO:  Current spend time for step-2 is: 19.1s
INFO:  current cluster : defaultdict(<class 'list'>, {2: [0, 1, 3, 5, 7, 8, 10, 15, 16, 18, 19, 21, 22, 24, 27, 28, 30, 31, 33, 34, 36], 1: [2, 9, 11, 13, 17, 23, 25, 26, 29, 35, 37, 38], 4: [4], 0: [6, 20, 32], 3: [12], 5: [14]})
INFO:  current select feature name : ['4']
INFO:  current select op : reciprocal
INFO:  current select feature name : ['4+4']
INFO:  current select op : sigmoid
INFO:  start to learn in model_c1
INFO:  start to learn in model_op
INFO:  New performance is: 0.466157, Best performance is: 0.512652 (e1s0) Base performance is: 0.503709
INFO:  Episode 1, Step 3 ends!
INFO:  Current spend time for step-3 is: 32.2s
INFO:  current cluster : defaultdict(<class 'list'>, {2: [0, 1, 3, 5, 7, 8, 10, 15, 16, 18, 19, 21, 22, 24, 27, 28, 30, 31, 33, 34, 36], 0: [2, 9, 11, 13, 17, 23, 25, 26, 29, 35, 37, 38], 5: [4, 14], 1: [6, 20, 32], 3: [12], 4: [39]})
INFO:  current select feature name : ['4' '4+4']
INFO:  current select op : reciprocal
INFO:  current select feature name : ['4_reciprocal']
INFO:  current select op : sigmoid
INFO:  start to learn in model_c1
INFO:  start to learn in model_op
INFO:  New performance is: 0.470165, Best performance is: 0.512652 (e1s0) Base performance is: 0.503709
INFO:  Episode 1, Step 4 ends!
INFO:  Current spend time for step-4 is: 33.9s
INFO:  current cluster : defaultdict(<class 'list'>, {5: [0, 1, 3, 5, 7, 8, 10, 15, 16, 18, 19, 21, 22, 24, 27, 28, 30, 31, 33, 34, 36], 0: [2, 9, 17, 23, 29, 35], 2: [4, 14, 39, 40], 1: [6, 20, 32], 4: [11, 13, 25, 26, 37, 38], 3: [12]})
INFO:  current select feature name : ['4' '4+4' '4_reciprocal' '4+4_reciprocal']
INFO:  current select op : square
INFO:  current select feature name : ['4+4_square']
INFO:  current select op : sigmoid
INFO:  start to learn in model_c1
INFO:  start to learn in model_op
INFO:  New performance is: 0.477748, Best performance is: 0.512652 (e1s0) Base performance is: 0.503709
INFO:  Episode 1, Step 5 ends!
INFO:  Current spend time for step-5 is: 37.6s
INFO:  current cluster : defaultdict(<class 'list'>, {2: [0, 1, 3, 5, 6, 7, 8, 10, 15, 16, 18, 19, 20, 21, 22, 24, 27, 28, 30, 31, 32, 33, 34, 36], 1: [2, 9, 11, 13, 17, 23, 25, 26, 29, 35, 37, 38], 0: [4, 14, 39, 40], 3: [12], 5: [41, 43, 44], 4: [42]})
INFO:  current select feature name : ['2' '9' '12' '13*12-4+13_cos' '4*2' '4*9' '4*12' '4*13*12-4+13_cos'
 '4+4*2' '4+4*9' '4+4*12' '4+4*13*12-4+13_cos']
INFO:  current select op : cos
INFO:  current select feature name : ['13']
INFO:  current select op : sigmoid
INFO:  start to learn in model_c1
INFO:  start to learn in model_op
INFO:  New performance is: 0.465584, Best performance is: 0.512652 (e1s0) Base performance is: 0.503709
INFO:  Episode 1, Step 6 ends!
INFO:  Current spend time for step-6 is: 52.7s
INFO:  current cluster : defaultdict(<class 'list'>, {2: [0, 1, 3, 5, 6, 7, 8, 10, 15, 16, 18, 19, 20, 21, 22, 24, 27, 28, 30, 31, 32, 33, 34, 36], 0: [2, 9, 11, 13, 17, 23, 25, 26, 29, 35, 37, 38, 44, 45, 46, 47, 48, 49, 50, 51, 52, 53, 54, 55], 1: [4, 14], 5: [12], 6: [39, 40], 4: [41, 42], 3: [43]})
INFO:  current select feature name : ['10' '1' '3' '5' '6' '7' '8' '11' '4*10' '4*1' '4*3' '4*5' '4*6' '4*7'
 '4*8' '4*11' '4+4*10' '4+4*1' '4+4*3' '4+4*5' '4+4*6' '4+4*7' '4+4*8'
 '4+4*11']
INFO:  current select op : minmax_scaler
INFO:  current select feature name : ['13']
INFO:  current select op : sigmoid
INFO:  start to learn in model_c1
INFO:  start to learn in model_op
INFO:  New performance is: 0.471787, Best performance is: 0.512652 (e1s0) Base performance is: 0.503709
INFO:  Episode 1, Step 7 ends!
INFO:  Current spend time for step-7 is: 92.7s
INFO:  current cluster : defaultdict(<class 'list'>, {0: [0, 1, 3, 4, 9, 13, 14, 19, 22, 23, 28, 32, 33, 34, 35, 39, 42, 43, 47, 50, 51, 55], 3: [2], 1: [5, 36], 2: [6, 7, 11, 12, 16, 17, 20, 21, 25, 26, 37, 38, 40, 41, 45, 46, 48, 49, 53, 54], 5: [8, 18, 27, 29, 30, 31], 4: [10], 6: [15, 24, 44, 52]})
INFO:  current select feature name : ['5' '4+4*11']
INFO:  current select op : stand_scaler
INFO:  current select feature name : ['13']
INFO:  current select op : sigmoid
INFO:  start to learn in model_c1
INFO:  start to learn in model_op
INFO:  New performance is: 0.459679, Best performance is: 0.512652 (e1s0) Base performance is: 0.503709
INFO:  Episode 1, Step 8 ends!
INFO:  Current spend time for step-8 is: 64.1s
INFO:  current cluster : defaultdict(<class 'list'>, {6: [0, 13, 21, 30, 41, 49], 5: [1, 31], 0: [2, 3, 8, 12, 14, 17, 20, 22, 26, 32, 33, 37, 40, 42, 45, 48, 50, 53], 4: [4, 34, 54, 55], 1: [5, 6, 10, 11, 15, 16, 18, 19, 23, 24, 35, 36, 38, 39, 43, 44, 46, 47, 51, 52], 2: [7, 25, 27, 28, 29], 3: [9]})
INFO:  current select feature name : ['5' '3_minmax_scaler' '4+4*8_minmax_scaler' '4+4*11_minmax_scaler']
INFO:  current select op : *
INFO:  current select feature name : ['10' '4*3' '4+4*1' '4*9_cos' '4*1_minmax_scaler' '4+4*1_minmax_scaler']
INFO:  current select feature name : ['13']
INFO:  current select op : sigmoid
INFO:  current select feature name : ['13']
INFO:  start to learn in model_c1
INFO:  start to learn in model_op
INFO:  New performance is: 0.458108, Best performance is: 0.512652 (e1s0) Base performance is: 0.503709
INFO:  Episode 1, Step 9 ends!
INFO:  Current spend time for step-9 is: 93.4s
INFO:  current cluster : defaultdict(<class 'list'>, {0: [0, 1, 2, 3, 5, 6, 7, 8, 9, 10, 11], 1: [4], 2: [12]})
INFO:  current select feature name : ['4*3']
INFO:  current select op : minmax_scaler
INFO:  current select feature name : ['4']
INFO:  current select op : sigmoid
INFO:  start to learn in model_c1
INFO:  start to learn in model_op
INFO:  New performance is: 0.513011, Best performance is: 0.513011 (e2s0) Base performance is: 0.503709
INFO:  Episode 2, Step 0 ends!
INFO:  Current spend time for step-0 is: 5.2s
INFO:  current cluster : defaultdict(<class 'list'>, {0: [0, 1, 2, 3, 5, 6, 7, 8, 9, 10, 11], 1: [4], 2: [12, 13]})
INFO:  current select feature name : ['10' '1' '2' '3' '5' '6' '7' '8' '9' '11' '12']
INFO:  current select op : sin
INFO:  current select feature name : ['12' '12_sin']
INFO:  current select op : sigmoid
INFO:  start to learn in model_c1
INFO:  start to learn in model_op
INFO:  New performance is: 0.510976, Best performance is: 0.513011 (e2s0) Base performance is: 0.503709
INFO:  Episode 2, Step 1 ends!
INFO:  Current spend time for step-1 is: 9.9s
INFO:  current cluster : defaultdict(<class 'list'>, {1: [0, 1, 3, 5, 7, 8, 10, 14, 15, 17, 18, 20, 21, 23], 0: [2, 9, 11, 16, 22, 24], 3: [4], 4: [6, 19], 2: [12, 13]})
INFO:  current select feature name : ['2' '9' '12' '2_sin' '9_sin' '12_sin']
INFO:  current select op : -
INFO:  current select feature name : ['10' '1' '3' '5' '7' '8' '11' '10_sin' '1_sin' '3_sin' '5_sin' '7_sin'
 '8_sin' '11_sin']
INFO:  current select feature name : ['12_sin-8']
INFO:  current select op : sigmoid
INFO:  current select feature name : ['12' '12_sin']
INFO:  start to learn in model_c1
INFO:  start to learn in model_op
INFO:  New performance is: 0.515969, Best performance is: 0.515969 (e2s2) Base performance is: 0.503709
INFO:  Episode 2, Step 2 ends!
INFO:  Current spend time for step-2 is: 121.0s
INFO:  current cluster : defaultdict(<class 'list'>, {2: [0, 1, 3, 6, 7, 9, 10, 11, 12, 13, 14, 15, 17, 18, 19, 20, 21, 22, 24, 25, 26, 27, 28, 29, 30, 32, 33, 34, 35, 36, 37, 38, 39, 40, 41, 42, 43, 44, 45, 46, 49, 50, 52, 53, 54, 55], 6: [2, 8], 1: [4, 5], 5: [16], 0: [23, 31, 48], 3: [47], 4: [51]})
INFO:  current select feature name : ['10' '1' '3' '6' '7' '9' '11' '12' '13' '4*3_minmax_scaler' '10_sin'
 '1_sin' '3_sin' '5_sin' '6_sin' '7_sin' '8_sin' '9_sin' '12_sin' '2-10'
 '2-1' '2-3' '2-5' '2-7' '2-8' '2-10_sin' '2-1_sin' '2-3_sin' '2-5_sin'
 '2-7_sin' '2-8_sin' '2-11_sin' '9-10' '9-1' '9-3' '9-5' '9-7' '9-8'
 '9-11' '9-10_sin' '9-5_sin' '9-7_sin' '9-11_sin' '12-10' '12-1' '12-3']
INFO:  current select op : stand_scaler
INFO:  current select feature name : ['12_sin-7']
INFO:  current select op : sigmoid
INFO:  start to learn in model_c1
INFO:  start to learn in model_op
INFO:  New performance is: 0.503266, Best performance is: 0.515969 (e2s2) Base performance is: 0.503709
INFO:  Episode 2, Step 3 ends!
INFO:  Current spend time for step-3 is: 129.3s
INFO:  current cluster : defaultdict(<class 'list'>, {0: [0, 1, 3, 6, 7, 9, 10, 11, 12, 13, 15, 16, 17, 18, 19, 20, 21, 22, 23, 24, 25, 26, 28, 29, 30, 32, 33, 34, 35, 36, 37, 38, 39, 40, 41, 42, 43, 44, 45, 46, 47, 48, 50, 51, 52, 53, 54, 55], 5: [2], 1: [4, 5], 6: [8], 4: [14], 3: [27], 2: [31, 49]})
INFO:  current select feature name : ['2-11']
INFO:  current select op : sin
INFO:  current cluster : defaultdict(<class 'list'>, {0: [0, 1, 3, 6, 7, 9, 10, 11, 12, 13, 14, 15, 16, 17, 18, 19, 21, 23, 24, 25, 26, 28, 29, 31, 32, 33, 34, 35, 36, 37, 38, 39, 40, 41, 42, 43, 44, 45, 46, 47, 48, 49, 50, 51, 52, 54, 55], 5: [2, 8], 1: [4, 5], 2: [20, 22], 3: [27], 4: [30], 6: [53]})
INFO:  current select feature name : ['12_sin-3_sin']
INFO:  current select op : sigmoid
INFO:  current select feature name : ['9_sin-5']
INFO:  current select op : sigmoid
INFO:  start to learn in model_c1
INFO:  start to learn in model_op
INFO:  New performance is: 0.482634, Best performance is: 0.515969 (e2s2) Base performance is: 0.503709
INFO:  Episode 2, Step 4 ends!
INFO:  Current spend time for step-4 is: 62.5s
INFO:  current cluster : defaultdict(<class 'list'>, {0: [0, 1, 3, 6, 7, 9, 10, 11, 12, 13, 14, 15, 16, 17, 18, 19, 20, 21, 23, 24, 25, 26, 28, 29, 30, 31, 32, 33, 34, 35, 36, 37, 38, 39, 40, 41, 42, 43, 44, 45, 46, 47, 48, 49, 50, 51, 52, 53, 54, 55], 4: [2], 5: [4], 6: [5], 3: [8], 2: [22], 1: [27]})
INFO:  current select feature name : ['3' '5' '11' '3_sin' '5_sin' '11_sin' '2-3' '2-5' '2-11' '2-3_sin'
 '2-11_sin' '9-3' '9-5' '9-3_sin' '9-5_sin' '12-11' '2_sin-3' '2_sin-11'
 '2_sin-11_sin' '9_sin-3' '9_sin-5' '9_sin-3_sin' '12_sin-3' '12_sin-5'
 '12_sin-5_sin' '10_stand_scaler' '1_stand_scaler' '3_stand_scaler'
 '6_stand_scaler' '7_stand_scaler' '9_stand_scaler' '13_stand_scaler'
 '4*3_minmax_scaler_stand_scaler' '10_sin_stand_scaler'
 '3_sin_stand_scaler' '5_sin_stand_scaler' '8_sin_stand_scaler'
 '9_sin_stand_scaler' '2-10_stand_scaler' '2-1_stand_scaler'
 '2-8_stand_scaler' '2-7_sin_stand_scaler' '2-11_sin_stand_scaler'
 '9-1_stand_scaler' '9-5_stand_scaler' '9-7_stand_scaler'
 '9-8_stand_scaler' '9-5_sin_stand_scaler' '9-7_sin_stand_scaler'
 '12-1_stand_scaler']
INFO:  current select op : tanh
INFO:  current select feature name : ['11']
INFO:  current select op : sigmoid
INFO:  start to learn in model_c1
INFO:  start to learn in model_op
INFO:  New performance is: 0.486009, Best performance is: 0.515969 (e2s2) Base performance is: 0.503709
INFO:  Episode 2, Step 5 ends!
INFO:  Current spend time for step-5 is: 136.5s
INFO:  current cluster : defaultdict(<class 'list'>, {0: [0, 1, 3, 6, 7, 9, 10, 11, 12, 13, 14, 15, 16, 17, 18, 20, 21, 22, 23, 24, 25, 26, 27, 28, 29, 30, 31, 32, 33, 34, 35, 36, 37, 38, 39, 40, 41, 42, 43, 44, 45, 46, 47, 48, 49, 50, 52, 53, 54, 55], 4: [2], 5: [4], 6: [5], 3: [8], 1: [19], 2: [51]})
INFO:  current select feature name : ['3' '5' '11' '3_sin' '5_sin' '11_sin' '2-3' '2-5' '2-11' '2-3_sin'
 '2-11_sin' '9-3' '9-5' '9-3_sin' '9-5_sin' '2_sin-3' '2_sin-11'
 '2_sin-3_sin' '2_sin-11_sin' '9_sin-3' '9_sin-5' '9_sin-3_sin'
 '9_sin-5_sin' '12_sin-3' '12_sin-5' '12_sin-5_sin' '10_stand_scaler'
 '1_stand_scaler' '3_stand_scaler' '6_stand_scaler' '7_stand_scaler'
 '9_stand_scaler' '13_stand_scaler' '4*3_minmax_scaler_stand_scaler'
 '10_sin_stand_scaler' '3_sin_stand_scaler' '8_sin_stand_scaler'
 '9_sin_stand_scaler' '2-10_stand_scaler' '2-1_stand_scaler'
 '2-8_stand_scaler' '2-7_sin_stand_scaler' '2-11_sin_stand_scaler'
 '9-1_stand_scaler' '9-5_stand_scaler' '9-7_stand_scaler'
 '9-5_sin_stand_scaler' '9-7_sin_stand_scaler' '12-1_stand_scaler'
 '12_sin-3_sin_sigmoid']
INFO:  current select op : reciprocal
INFO:  current select feature name : ['2-3_sin_reciprocal' '9-7_sin_stand_scaler_reciprocal']
INFO:  current select op : sigmoid
INFO:  start to learn in model_c1
INFO:  start to learn in model_op
INFO:  New performance is: 0.509278, Best performance is: 0.515969 (e2s2) Base performance is: 0.503709
INFO:  Episode 2, Step 6 ends!
INFO:  Current spend time for step-6 is: 134.1s
INFO:  current cluster : defaultdict(<class 'list'>, {0: [0, 1, 3, 6, 7, 9, 10, 11, 12, 13, 14, 15, 16, 17, 19, 20, 21, 22, 23, 24, 25, 26, 27, 28, 29, 30, 31, 32, 33, 34, 36, 37, 38, 39, 41, 42, 43, 44, 45, 46, 47, 48, 49, 50, 51, 53, 54, 55], 4: [2], 3: [4, 5], 5: [8], 1: [18, 52], 6: [35], 2: [40]})
INFO:  current select feature name : ['9_sin-5' '13_stand_scaler_tanh']
INFO:  current select op : reciprocal
INFO:  current select feature name : ['13_stand_scaler']
INFO:  current select op : sigmoid
INFO:  start to learn in model_c1
INFO:  start to learn in model_op
INFO:  New performance is: 0.493160, Best performance is: 0.515969 (e2s2) Base performance is: 0.503709
INFO:  Episode 2, Step 7 ends!
INFO:  Current spend time for step-7 is: 64.5s
INFO:  current cluster : defaultdict(<class 'list'>, {0: [0, 1, 3, 6, 7, 10, 11, 12, 13, 14, 15, 16, 17, 19, 20, 21, 22, 23, 24, 25, 26, 27, 28, 29, 30, 31, 32, 33, 34, 36, 37, 38, 39, 40, 41, 42, 43, 44, 45, 46, 47, 48, 49, 52, 53, 54, 55], 2: [2, 8], 1: [4, 5], 5: [9], 3: [18, 51], 6: [35], 4: [50]})
INFO:  current select feature name : ['3' '5' '11' '3_sin' '5_sin' '2-3' '2-3_sin' '9-5' '12-11' '2_sin-3'
 '2_sin-3_sin' '9_sin-3' '9_sin-5' '12_sin-3' '10_stand_scaler'
 '1_stand_scaler' '3_stand_scaler' '6_stand_scaler' '7_stand_scaler'
 '13_stand_scaler' '10_sin_stand_scaler' '3_sin_stand_scaler'
 '8_sin_stand_scaler' '9_sin_stand_scaler' '2-8_stand_scaler'
 '2-7_sin_stand_scaler' '2-11_sin_stand_scaler' '9-1_stand_scaler'
 '9-7_stand_scaler' '3_tanh' '5_tanh' '3_sin_tanh' '5_sin_tanh' '2-3_tanh'
 '2-3_sin_tanh' '2_sin-3_tanh' '9_sin-5_tanh' '10_stand_scaler_tanh'
 '6_stand_scaler_tanh' '13_stand_scaler_tanh' '2-11_sin_stand_scaler_tanh'
 '9-5_stand_scaler_tanh' '3_reciprocal' '9_sin-3_reciprocal'
 '9_sin-5_reciprocal' '10_sin_stand_scaler_reciprocal'
 '9-7_stand_scaler_reciprocal']
INFO:  current select op : square
INFO:  current select feature name : ['9_sin-3_reciprocal_square']
INFO:  current select op : sigmoid
INFO:  start to learn in model_c1
INFO:  start to learn in model_op
INFO:  New performance is: 0.502573, Best performance is: 0.515969 (e2s2) Base performance is: 0.503709
INFO:  Episode 2, Step 8 ends!
INFO:  Current spend time for step-8 is: 136.3s
INFO:  current cluster : defaultdict(<class 'list'>, {0: [0, 1, 3, 6, 7, 9, 10, 12, 13, 14, 15, 16, 18, 19, 20, 21, 22, 23, 24, 25, 26, 27, 28, 29, 30, 31, 32, 33, 34, 35, 36, 37, 38, 39, 40, 41, 42, 43, 44, 45, 46, 47, 49, 50, 51, 52, 53, 54, 55], 4: [2], 1: [4, 5], 5: [8], 6: [11], 3: [17], 2: [48]})
INFO:  current select feature name : ['3' '5' '11' '3_sin' '5_sin' '11_sin' '2-3' '9-5' '12-11' '2_sin-3'
 '2_sin-3_sin' '9_sin-3' '9_sin-5_sin' '12_sin-3' '10_stand_scaler'
 '1_stand_scaler' '3_stand_scaler' '6_stand_scaler' '7_stand_scaler'
 '13_stand_scaler' '3_sin_stand_scaler' '8_sin_stand_scaler'
 '9_sin_stand_scaler' '2-8_stand_scaler' '2-7_sin_stand_scaler'
 '2-11_sin_stand_scaler' '9-1_stand_scaler' '9-7_stand_scaler'
 '9-8_stand_scaler' '3_tanh' '5_tanh' '3_sin_tanh' '5_sin_tanh' '2-3_tanh'
 '2-3_sin_tanh' '2_sin-3_tanh' '9_sin-5_tanh' '10_stand_scaler_tanh'
 '6_stand_scaler_tanh' '13_stand_scaler_tanh' '2-11_sin_stand_scaler_tanh'
 '9-5_stand_scaler_tanh' '3_sin_reciprocal' '2_sin-11_reciprocal'
 '9_sin-3_reciprocal' '9_sin-5_reciprocal'
 '10_sin_stand_scaler_reciprocal' '9-7_stand_scaler_reciprocal'
 '13_stand_scaler_tanh_reciprocal']
INFO:  current select op : sin
INFO:  current select feature name : ['9_sin-3_reciprocal']
INFO:  current select op : sigmoid
INFO:  start to learn in model_c1
INFO:  start to learn in model_op
INFO:  New performance is: 0.496381, Best performance is: 0.515969 (e2s2) Base performance is: 0.503709
INFO:  Episode 2, Step 9 ends!
INFO:  Current spend time for step-9 is: 131.8s
INFO:  current cluster : defaultdict(<class 'list'>, {0: [0, 1, 2, 3, 5, 6, 7, 8, 9, 10, 11], 1: [4], 2: [12]})
INFO:  current select feature name : ['13']
INFO:  current select op : square
INFO:  current select feature name : ['13_square']
INFO:  current select op : sigmoid
INFO:  start to learn in model_c1
INFO:  start to learn in model_op
INFO:  New performance is: 0.511520, Best performance is: 0.515969 (e2s2) Base performance is: 0.503709
INFO:  Episode 3, Step 0 ends!
INFO:  Current spend time for step-0 is: 5.3s
INFO:  current cluster : defaultdict(<class 'list'>, {0: [0, 1, 2, 3, 5, 6, 7, 8, 9, 10, 11], 1: [4, 13], 2: [12]})
INFO:  current select feature name : ['4' '13_square']
INFO:  current select op : square
INFO:  current select feature name : ['4_square']
INFO:  current select op : sigmoid
INFO:  start to learn in model_c1
INFO:  start to learn in model_op
INFO:  New performance is: 0.509424, Best performance is: 0.515969 (e2s2) Base performance is: 0.503709
INFO:  Episode 3, Step 1 ends!
INFO:  Current spend time for step-1 is: 6.1s
INFO:  current cluster : defaultdict(<class 'list'>, {0: [0, 1, 2, 3, 5, 6, 7, 8, 9, 10, 11], 2: [4], 3: [12], 1: [13, 14, 15]})
INFO:  current select feature name : ['13']
INFO:  current select op : reciprocal
INFO:  current select feature name : ['10' '1' '2' '3' '5' '6' '7' '8' '9' '11' '12' '13' '13_reciprocal']
INFO:  current select op : sigmoid
INFO:  start to learn in model_c1
INFO:  start to learn in model_op
INFO:  New performance is: 0.501224, Best performance is: 0.515969 (e2s2) Base performance is: 0.503709
INFO:  Episode 3, Step 2 ends!
INFO:  Current spend time for step-2 is: 7.1s
INFO:  current cluster : defaultdict(<class 'list'>, {1: [0, 1, 2, 3, 5, 6, 7, 8, 9, 10, 12, 16], 0: [4, 13], 2: [11], 3: [14, 15]})
INFO:  current select feature name : ['4' '13_square']
INFO:  current select op : +
INFO:  current select feature name : ['4' '13_square']
INFO:  current select feature name : ['10' '1' '2' '3' '5' '6' '7' '8' '9' '11' '13' '13_reciprocal']
INFO:  current select op : sigmoid
INFO:  current select feature name : ['10' '1' '2' '3' '5' '6' '7' '8' '9' '11' '13' '13_reciprocal']
INFO:  start to learn in model_c1
INFO:  start to learn in model_c2
INFO:  start to learn in model_op
INFO:  New performance is: 0.503816, Best performance is: 0.515969 (e2s2) Base performance is: 0.503709
INFO:  Episode 3, Step 3 ends!
INFO:  Current spend time for step-3 is: 9.0s
INFO:  current cluster : defaultdict(<class 'list'>, {0: [0, 1, 2, 3, 5, 6, 7, 8, 9, 10, 12, 16], 1: [4, 17, 18, 19], 3: [11], 2: [13, 14, 15, 20]})
INFO:  current select feature name : ['13_square' '4_square' '13_square_square' '13_square+13_square']
INFO:  current select op : square
INFO:  current select feature name : ['10' '1' '2' '3' '5' '6' '7' '8' '9' '11' '13' '13_reciprocal']
INFO:  current select op : sigmoid
INFO:  start to learn in model_c1
INFO:  start to learn in model_c2
INFO:  start to learn in model_op
INFO:  New performance is: 0.504993, Best performance is: 0.515969 (e2s2) Base performance is: 0.503709
INFO:  Episode 3, Step 4 ends!
INFO:  Current spend time for step-4 is: 11.4s
INFO:  current cluster : defaultdict(<class 'list'>, {1: [0, 1, 2, 3, 5, 6, 7, 8, 9, 10, 12, 16], 0: [4, 13, 14, 17, 18, 19, 20, 22, 23], 2: [11], 3: [15, 21]})
INFO:  current select feature name : ['12']
INFO:  current select op : log
INFO:  current cluster : defaultdict(<class 'list'>, {0: [0, 1, 2, 3, 5, 7, 8, 9, 10, 11], 1: [4, 17, 18, 19], 2: [6, 12, 16], 3: [13, 14, 15, 20, 21, 22, 23]})
INFO:  current select feature name : ['4' '4+4' '4+13_square' '13_square+4']
INFO:  current select op : +
INFO:  current select feature name : ['13_square' '4_square' '13_square_square' '13_square+13_square'
 '13_square+13_square_square' '13_square_square_square' '4_square_square']
INFO:  current select feature name : ['13' '13_reciprocal']
INFO:  current select op : sigmoid
INFO:  current select feature name : ['4' '13_square' '4_square' '13_square_square' '4+4' '4+13_square'
 '13_square+4' '13_square+13_square' '13_square+13_square_square'
 '13_square_square_square' '4_square_square' '13_square+4+13_square'
 '13_square+4+13_square+13_square'
 '13_square+4+13_square+13_square_square' '13_square+4+13_square_square'
 '13_square+4+13_square_square_square' '13_square+4+4_square'
 '13_square+4+4_square_square' '4+13_square+13_square'
 '4+13_square+13_square' '4+13_square+13_square+13_square'
 '4+13_square+13_square+13_square_square' '4+13_square+13_square_square'
 '4+13_square+13_square_square' '4+13_square+13_square_square_square'
 '4+13_square+4_square' '4+13_square+4_square_square' '4+13_square_square'
 '4+13_square_square_square' '4+4+13_square' '4+4+13_square+13_square'
 '4+4+13_square+13_square_square' '4+4+13_square_square'
 '4+4+13_square_square_square' '4+4+4_square' '4+4+4_square_square'
 '4+4_square' '4+4_square_square']
INFO:  start to learn in model_c1
INFO:  start to learn in model_c2
INFO:  start to learn in model_op
INFO:  New performance is: 0.495650, Best performance is: 0.515969 (e2s2) Base performance is: 0.503709
INFO:  Episode 3, Step 5 ends!
INFO:  Current spend time for step-5 is: 32.7s
INFO:  current cluster : defaultdict(<class 'list'>, {0: [0, 1, 3, 5, 7, 8, 10], 5: [2], 3: [4, 13, 14, 15, 17, 18, 19, 20, 21, 22, 23, 24, 25, 26, 27, 28, 29, 30, 31, 32, 33, 34, 35, 36, 37, 38, 39, 40, 41, 42, 43, 44, 45, 46, 47, 48, 49, 50], 4: [6], 6: [9], 2: [11], 1: [12, 16]})
INFO:  current select feature name : ['10' '1' '3' '5' '7' '8' '11']
INFO:  current select op : tanh
INFO:  current select feature name : ['13' '13_reciprocal']
INFO:  current select op : sigmoid
INFO:  start to learn in model_c1
INFO:  start to learn in model_c2
INFO:  start to learn in model_op
INFO:  New performance is: 0.499743, Best performance is: 0.515969 (e2s2) Base performance is: 0.503709
INFO:  Episode 3, Step 6 ends!
INFO:  Current spend time for step-6 is: 60.0s
INFO:  current cluster : defaultdict(<class 'list'>, {1: [0, 1, 3, 5, 7, 8, 10, 49, 50, 51, 52, 53, 54, 55], 4: [2], 3: [4, 13, 15, 16, 17, 18, 19, 20, 21, 22, 23, 24, 25, 26, 27, 28, 29, 30, 31, 32, 33, 34, 35, 36, 37, 38, 39, 40, 41, 42, 43, 44, 45, 46, 47, 48], 6: [6], 5: [9], 2: [11], 0: [12, 14]})
INFO:  current select feature name : ['12']
INFO:  current select op : /
INFO:  current select feature name : ['6']
INFO:  current select feature name : ['13_square_square_square']
INFO:  current select op : sigmoid
INFO:  current select feature name : ['6' '13' '13_reciprocal' '12/6']
INFO:  start to learn in model_c1
INFO:  start to learn in model_c2
INFO:  start to learn in model_op
INFO:  New performance is: 0.508594, Best performance is: 0.515969 (e2s2) Base performance is: 0.503709
INFO:  Episode 3, Step 7 ends!
INFO:  Current spend time for step-7 is: 64.3s
INFO:  current cluster : defaultdict(<class 'list'>, {2: [0, 1, 3, 5, 7, 8, 10, 48, 49, 50, 51, 52, 53, 54], 0: [2, 9], 3: [4, 14, 15, 16, 17, 18, 19, 20, 21, 22, 23, 24, 25, 26, 27, 28, 29, 30, 31, 32, 33, 34, 35, 36, 37, 38, 39, 40, 41, 42, 43, 44, 45, 46, 47], 6: [6], 5: [11], 1: [12, 13], 4: [55]})
INFO:  current select feature name : ['2' '9']
INFO:  current select op : cos
INFO:  current select feature name : ['12']
INFO:  current select op : sigmoid
INFO:  start to learn in model_c1
INFO:  start to learn in model_c2
INFO:  start to learn in model_op
INFO:  New performance is: 0.506903, Best performance is: 0.515969 (e2s2) Base performance is: 0.503709
INFO:  Episode 3, Step 8 ends!
INFO:  Current spend time for step-8 is: 65.5s
INFO:  current cluster : defaultdict(<class 'list'>, {2: [0, 1, 3, 5, 7, 8, 10, 46, 47, 48, 49, 50, 51, 52], 1: [2, 11, 54], 3: [4, 14, 15, 16, 17, 18, 19, 20, 21, 22, 23, 24, 25, 26, 27, 28, 29, 30, 31, 32, 33, 34, 35, 36, 37, 38, 39, 40, 41, 42, 43, 44, 45], 6: [6], 4: [9, 55], 0: [12, 13], 5: [53]})
INFO:  current select feature name : ['2' '12' '11_tanh']
INFO:  current select op : quan_trans
INFO:  current select feature name : ['13_square+13_square_square']
INFO:  current select op : sigmoid
INFO:  start to learn in model_c1
INFO:  start to learn in model_c2
INFO:  start to learn in model_op
INFO:  New performance is: 0.507259, Best performance is: 0.515969 (e2s2) Base performance is: 0.503709
INFO:  Episode 3, Step 9 ends!
INFO:  Current spend time for step-9 is: 67.1s
INFO:  current cluster : defaultdict(<class 'list'>, {0: [0, 1, 2, 3, 5, 6, 7, 8, 9, 10, 11], 1: [4], 2: [12]})
INFO:  current select feature name : ['10' '1' '2' '3' '5' '6' '7' '8' '9' '11' '12']
INFO:  current select op : log
INFO:  current cluster : defaultdict(<class 'list'>, {0: [0, 1, 2, 3, 5, 6, 7, 8, 9, 10, 12], 1: [4], 2: [11]})
INFO:  current select feature name : ['4']
INFO:  current select op : *
INFO:  current select feature name : ['10' '1' '2' '3' '5' '6' '7' '8' '9' '11' '13']
INFO:  current select feature name : ['4']
INFO:  current select op : sigmoid
INFO:  current select feature name : ['4']
INFO:  start to learn in model_c1
INFO:  start to learn in model_c2
INFO:  start to learn in model_op
INFO:  New performance is: 0.480874, Best performance is: 0.515969 (e2s2) Base performance is: 0.503709
INFO:  Episode 4, Step 0 ends!
INFO:  Current spend time for step-0 is: 9.3s
INFO:  current cluster : defaultdict(<class 'list'>, {1: [0, 1, 3, 5, 6, 7, 8, 10, 13, 14, 16, 17, 18, 19, 20, 22], 0: [2, 9, 11, 15, 21], 3: [4], 2: [12, 23]})
INFO:  current select feature name : ['4']
INFO:  current select op : reciprocal
INFO:  current select feature name : ['12']
INFO:  current select op : sigmoid
INFO:  start to learn in model_c1
INFO:  start to learn in model_c2
INFO:  start to learn in model_op
INFO:  New performance is: 0.478527, Best performance is: 0.515969 (e2s2) Base performance is: 0.503709
INFO:  Episode 4, Step 1 ends!
INFO:  Current spend time for step-1 is: 13.7s
INFO:  current cluster : defaultdict(<class 'list'>, {0: [0, 1, 3, 5, 6, 7, 8, 10, 13, 14, 16, 17, 18, 19, 20, 22], 1: [2, 9, 15, 21], 4: [4, 24], 3: [11], 2: [12, 23]})
INFO:  current select feature name : ['10' '1' '3' '5' '6' '7' '8' '11' '4*10' '4*1' '4*3' '4*5' '4*6' '4*7'
 '4*8' '4*11']
INFO:  current select op : tanh
INFO:  current select feature name : ['4_reciprocal']
INFO:  current select op : sigmoid
INFO:  start to learn in model_c1
INFO:  start to learn in model_c2
INFO:  start to learn in model_op
INFO:  New performance is: 0.481178, Best performance is: 0.515969 (e2s2) Base performance is: 0.503709
INFO:  Episode 4, Step 2 ends!
INFO:  Current spend time for step-2 is: 24.8s
INFO:  current cluster : defaultdict(<class 'list'>, {1: [0, 1, 3, 5, 6, 7, 8, 10, 13, 14, 16, 17, 18, 19, 20, 22, 25, 26, 27, 28, 29, 30, 31, 32, 33, 34, 35, 36, 37, 38, 39, 40], 4: [2, 15], 0: [4, 24], 5: [9, 21], 3: [11], 2: [12, 23]})
INFO:  current select feature name : ['4' '4_reciprocal']
INFO:  current select op : +
INFO:  current select feature name : ['2' '4*2']
INFO:  current select feature name : ['4_reciprocal']
INFO:  current select op : sigmoid
INFO:  current select feature name : ['4_reciprocal']
INFO:  start to learn in model_c1
INFO:  start to learn in model_c2
INFO:  start to learn in model_op
INFO:  New performance is: 0.479439, Best performance is: 0.515969 (e2s2) Base performance is: 0.503709
INFO:  Episode 4, Step 3 ends!
INFO:  Current spend time for step-3 is: 38.4s
INFO:  current cluster : defaultdict(<class 'list'>, {1: [0, 1, 3, 5, 6, 7, 8, 10, 13, 14, 16, 17, 18, 19, 20, 22, 25, 26, 27, 28, 29, 30, 31, 32, 33, 34, 35, 36, 37, 38, 39, 40], 3: [2, 15, 41, 42, 43, 44], 0: [4, 24], 4: [9, 21], 5: [11], 2: [12, 23]})
INFO:  current select feature name : ['4' '4_reciprocal']
INFO:  current select op : +
INFO:  current select feature name : ['10' '1' '3' '5' '6' '7' '8' '11' '4*10' '4*1' '4*3' '4*5' '4*6' '4*7'
 '4*8' '4*11' '10_tanh' '1_tanh' '3_tanh' '5_tanh' '6_tanh' '7_tanh'
 '8_tanh' '11_tanh' '4*10_tanh' '4*1_tanh' '4*3_tanh' '4*5_tanh'
 '4*6_tanh' '4*7_tanh' '4*8_tanh' '4*11_tanh']
INFO:  current select feature name : ['2']
INFO:  current select op : sigmoid
INFO:  current select feature name : ['4_reciprocal+4*2']
INFO:  start to learn in model_c1
INFO:  start to learn in model_c2
INFO:  start to learn in model_op
INFO:  New performance is: 0.460929, Best performance is: 0.515969 (e2s2) Base performance is: 0.503709
INFO:  Episode 4, Step 4 ends!
INFO:  Current spend time for step-4 is: 136.3s
INFO:  current cluster : defaultdict(<class 'list'>, {0: [0, 6, 7, 11, 17, 21, 24, 26, 30, 34, 38, 40, 42, 44, 46, 49, 53], 1: [1, 2, 4, 9, 12, 13, 15, 19, 20, 23, 25, 28, 29, 32, 33, 36, 37, 41, 43, 47, 48, 51, 52, 55], 6: [3, 14, 22, 27, 31, 35, 39, 45, 50, 54], 3: [5], 2: [8, 18], 4: [10], 5: [16]})
INFO:  current select feature name : ['5']
INFO:  current select op : *
INFO:  current select feature name : ['5']
INFO:  current select feature name : ['13']
INFO:  current select op : sigmoid
INFO:  current select feature name : ['4*13']
INFO:  start to learn in model_c1
INFO:  start to learn in model_c2
INFO:  start to learn in model_op
INFO:  New performance is: 0.403013, Best performance is: 0.515969 (e2s2) Base performance is: 0.503709
INFO:  Episode 4, Step 5 ends!
INFO:  Current spend time for step-5 is: 63.9s
INFO:  current cluster : defaultdict(<class 'list'>, {0: [0, 1, 2, 4, 6, 7, 9, 11, 12, 13, 15, 16, 17, 19, 20, 21, 23, 25, 26, 28, 29, 30, 32, 33, 34, 36, 37, 38, 41, 42, 43, 46, 47, 48, 50, 51, 52, 54], 5: [3, 14, 22, 27, 31, 35, 39, 44, 49, 53], 4: [5], 6: [8, 18], 3: [10], 2: [24, 40, 45], 1: [55]})
INFO:  current select feature name : ['6' '6_tanh' '4+6' '4+4*6' '4+6_tanh' '4+4*6_tanh' '4_reciprocal+6'
 '4_reciprocal+4*5' '4_reciprocal+5_tanh' '4_reciprocal+4*5_tanh']
INFO:  current select op : sqrt
INFO:  current cluster : defaultdict(<class 'list'>, {0: [0, 6, 7, 11, 16, 17, 21, 24, 26, 30, 34, 38, 43, 48, 52], 2: [1, 2, 4, 8, 9, 12, 13, 15, 18, 19, 20, 23, 25, 28, 29, 32, 33, 36, 37, 41, 42, 46, 47, 50, 51, 54], 5: [3, 14, 22, 27, 31, 35, 39, 44, 49, 53], 4: [5], 3: [10], 1: [40, 45], 6: [55]})
INFO:  current select feature name : ['4_reciprocal+7' '4_reciprocal+4*6']
INFO:  current select op : quan_trans
INFO:  current select feature name : ['13']
INFO:  current select op : sigmoid
INFO:  start to learn in model_c1
INFO:  start to learn in model_c2
INFO:  start to learn in model_op
INFO:  New performance is: 0.392849, Best performance is: 0.515969 (e2s2) Base performance is: 0.503709
INFO:  Episode 4, Step 6 ends!
INFO:  Current spend time for step-6 is: 65.2s
INFO:  current cluster : defaultdict(<class 'list'>, {0: [0, 6, 7, 11, 16, 17, 21, 24, 26, 30, 34, 38, 40, 43, 45, 48, 52], 2: [1, 2, 4, 9, 12, 13, 15, 19, 20, 23, 25, 28, 29, 32, 33, 36, 37, 41, 42, 46, 47, 50, 51, 54], 6: [3, 14, 22, 27, 31, 35, 39, 44, 49, 53], 5: [5], 1: [8, 18], 3: [10], 4: [55]})
INFO:  current select feature name : ['13']
INFO:  current select op : sqrt
INFO:  current cluster : defaultdict(<class 'list'>, {0: [0, 1, 2, 4, 6, 7, 9, 11, 12, 13, 15, 16, 17, 19, 20, 21, 23, 24, 25, 26, 28, 29, 30, 32, 33, 34, 36, 37, 38, 41, 42, 43, 46, 47, 48, 50, 51, 52, 54], 6: [3, 14, 22, 27, 31, 35, 39, 44, 49, 53], 4: [5], 1: [8, 18], 3: [10], 2: [40, 45], 5: [55]})
INFO:  current select feature name : ['5*5']
INFO:  current select op : +
INFO:  current select feature name : ['10' '3' '5' '11' '4*3' '4*5' '4*11' '10_tanh' '3_tanh' '5_tanh'
 '11_tanh' '4*3_tanh' '4*5_tanh' '4*11_tanh' '4+3' '4+5' '4+11' '4+4*10'
 '4+4*3' '4+4*5' '4+4*11' '4+3_tanh' '4+5_tanh' '4+11_tanh' '4+4*3_tanh'
 '4+4*5_tanh' '4+4*11_tanh' '4_reciprocal+3' '4_reciprocal+5'
 '4_reciprocal+11' '4_reciprocal+4*3' '4_reciprocal+4*5'
 '4_reciprocal+4*11' '4_reciprocal+3_tanh' '4_reciprocal+5_tanh'
 '4_reciprocal+11_tanh' '4_reciprocal+4*3_tanh' '4_reciprocal+4*5_tanh'
 '4_reciprocal+4*11_tanh']
INFO:  current select feature name : ['13']
INFO:  current select op : sigmoid
INFO:  current select feature name : ['5*5+11_tanh']
INFO:  start to learn in model_c1
INFO:  start to learn in model_c2
INFO:  start to learn in model_op
INFO:  New performance is: 0.391488, Best performance is: 0.515969 (e2s2) Base performance is: 0.503709
INFO:  Episode 4, Step 7 ends!
INFO:  Current spend time for step-7 is: 120.9s
INFO:  current cluster : defaultdict(<class 'list'>, {0: [0, 1, 3, 6, 8, 9, 11, 13, 14, 16, 17, 19, 20, 22, 23, 25, 26, 28, 29, 31, 32, 34, 35, 37, 38, 39, 40, 42, 45, 46, 48, 49, 51, 52, 54, 55], 2: [2, 10, 15, 18, 21, 24, 27, 30, 33, 36], 4: [4], 6: [5, 12], 3: [7], 5: [41], 1: [43, 44, 47, 50, 53]})
INFO:  current select feature name : ['11']
INFO:  current select op : square
INFO:  current select feature name : ['13']
INFO:  current select op : sigmoid
INFO:  start to learn in model_c1
INFO:  start to learn in model_c2
INFO:  start to learn in model_op
INFO:  New performance is: 0.415923, Best performance is: 0.515969 (e2s2) Base performance is: 0.503709
INFO:  Episode 4, Step 8 ends!
INFO:  Current spend time for step-8 is: 64.1s
INFO:  current cluster : defaultdict(<class 'list'>, {0: [0, 1, 3, 5, 7, 8, 10, 12, 13, 15, 16, 18, 19, 21, 22, 24, 25, 27, 28, 30, 31, 33, 34, 36, 37, 38, 39, 40, 41, 44, 45, 47, 48, 50, 51, 53, 54, 55], 5: [2, 9, 14, 17, 20, 23, 26, 29, 32, 35], 4: [4], 3: [6], 1: [11], 2: [42, 46, 52], 6: [43, 49]})
INFO:  current select feature name : ['13']
INFO:  current select op : *
INFO:  current select feature name : ['4*11']
INFO:  current select feature name : ['13']
INFO:  current select op : sigmoid
INFO:  current select feature name : ['5*5+4*3_tanh']
INFO:  start to learn in model_c1
INFO:  start to learn in model_c2
INFO:  start to learn in model_op
INFO:  New performance is: 0.422377, Best performance is: 0.515969 (e2s2) Base performance is: 0.503709
INFO:  Episode 4, Step 9 ends!
INFO:  Current spend time for step-9 is: 64.3s
INFO:  current cluster : defaultdict(<class 'list'>, {0: [0, 1, 2, 3, 5, 6, 7, 8, 9, 10, 12], 1: [4], 2: [11]})
INFO:  current select feature name : ['3' '5' '6' '11' '4*11' '4*13' '3_tanh' '5_tanh' '6_tanh' '11_tanh'
 '4*11_tanh']
INFO:  current select op : *
INFO:  current select feature name : ['13']
INFO:  current select feature name : ['4']
INFO:  current select op : sigmoid
INFO:  current select feature name : ['12']
INFO:  start to learn in model_c1
INFO:  start to learn in model_c2
INFO:  start to learn in model_op
INFO:  New performance is: 0.480874, Best performance is: 0.515969 (e2s2) Base performance is: 0.503709
INFO:  Episode 5, Step 0 ends!
INFO:  Current spend time for step-0 is: 9.3s
INFO:  current cluster : defaultdict(<class 'list'>, {0: [0, 1, 2, 3, 5, 6, 7, 8, 9, 10, 13, 14, 15, 16, 17, 18, 19, 20, 21, 22], 3: [4], 1: [11], 2: [12, 23]})
INFO:  current select feature name : ['4']
INFO:  current select op : sin
INFO:  current select feature name : ['4' '4_sin']
INFO:  current select op : sigmoid
INFO:  start to learn in model_c1
INFO:  start to learn in model_c2
INFO:  start to learn in model_op
INFO:  New performance is: 0.478527, Best performance is: 0.515969 (e2s2) Base performance is: 0.503709
INFO:  Episode 5, Step 1 ends!
INFO:  Current spend time for step-1 is: 13.7s
INFO:  current cluster : defaultdict(<class 'list'>, {0: [0, 1, 2, 3, 5, 6, 7, 8, 9, 10, 13, 14, 15, 16, 17, 18, 19, 20, 21, 22], 4: [4], 3: [11], 2: [12, 23], 1: [24]})
INFO:  current select feature name : ['13' '4*11_tanh*13']
INFO:  current select op : /
INFO:  current select feature name : ['10' '1' '2' '3' '5' '6' '7' '8' '9' '11' '3*13' '5*13' '6*13' '11*13'
 '4*11*13' '4*13*13' '3_tanh*13' '5_tanh*13' '6_tanh*13' '11_tanh*13']
INFO:  current cluster : defaultdict(<class 'list'>, {0: [0, 1, 3, 5, 6, 7, 8, 9, 10, 13, 14, 16, 17, 18, 19, 20, 21, 22], 4: [2, 15], 1: [4, 24], 2: [11], 3: [12, 23]})
INFO:  current select feature name : ['2' '6*13']
INFO:  current select op : minmax_scaler
INFO:  current select feature name : ['4' '4_sin']
INFO:  current select op : sigmoid
INFO:  start to learn in model_c1
INFO:  start to learn in model_c2
INFO:  start to learn in model_op
INFO:  New performance is: 0.475921, Best performance is: 0.515969 (e2s2) Base performance is: 0.503709
INFO:  Episode 5, Step 2 ends!
INFO:  Current spend time for step-2 is: 15.1s
INFO:  current cluster : defaultdict(<class 'list'>, {1: [0, 1, 3, 5, 6, 7, 8, 10, 13, 14, 16, 17, 18, 19, 20, 22], 0: [2, 9, 11, 15, 21, 25, 26], 3: [4], 2: [12, 23], 4: [24]})
INFO:  current select feature name : ['2' '9' '12' '6*13' '6_tanh*13' '2_minmax_scaler' '6*13_minmax_scaler']
INFO:  current select op : /
INFO:  current select feature name : ['2' '9' '12' '6*13' '6_tanh*13' '2_minmax_scaler' '6*13_minmax_scaler']
INFO:  current select feature name : ['6_tanh*13/9']
INFO:  current select op : sigmoid
INFO:  current select feature name : ['2' '9' '12' '6*13' '6_tanh*13' '2_minmax_scaler' '6*13_minmax_scaler'
 '2/12' '9/12' '12/2' '12/9' '12/6*13' '12/6_tanh*13' '12/2_minmax_scaler'
 '12/6*13_minmax_scaler' '6*13/12' '6_tanh*13/12' '2_minmax_scaler/12'
 '6*13_minmax_scaler/12']
INFO:  start to learn in model_c1
INFO:  start to learn in model_c2
INFO:  start to learn in model_op
INFO:  New performance is: 0.478518, Best performance is: 0.515969 (e2s2) Base performance is: 0.503709
INFO:  Episode 5, Step 3 ends!
INFO:  Current spend time for step-3 is: 64.4s
INFO:  current cluster : defaultdict(<class 'list'>, {0: [0, 1, 3, 4, 6, 7, 9, 12, 13, 15, 16, 18, 19, 21, 25, 28, 29, 31, 32, 33, 40, 42, 44, 46, 47, 48, 49, 51, 52, 54], 5: [2, 8, 10, 14, 20, 23, 24, 26, 30, 34, 35, 36, 37, 38, 39, 41, 45, 50, 53], 6: [5], 2: [11, 22], 3: [17], 1: [27, 43], 4: [55]})
INFO:  current select feature name : ['4*11*13']
INFO:  current select op : /
INFO:  current select feature name : ['5']
INFO:  current select feature name : ['6*13/2_minmax_scaler']
INFO:  current select op : sigmoid
INFO:  current select feature name : ['2' '9' '12' '6*13' '6_tanh*13' '2_minmax_scaler' '6*13_minmax_scaler'
 '2/12' '9/12' '12/2' '12/9' '12/6*13' '12/6_tanh*13' '12/2_minmax_scaler'
 '12/6*13_minmax_scaler' '6*13/12' '6_tanh*13/12' '2_minmax_scaler/12'
 '6*13_minmax_scaler/12']
INFO:  start to learn in model_c1
INFO:  start to learn in model_c2
INFO:  start to learn in model_op
INFO:  New performance is: 0.470377, Best performance is: 0.515969 (e2s2) Base performance is: 0.503709
INFO:  Episode 5, Step 4 ends!
INFO:  Current spend time for step-4 is: 64.2s
INFO:  current cluster : defaultdict(<class 'list'>, {1: [0, 1, 3, 4, 6, 7, 9, 12, 13, 15, 16, 18, 19, 21, 25, 28, 29, 31, 32, 33, 40, 42, 44, 46, 47, 48, 49, 51, 52, 54], 4: [2, 8, 10, 14, 20, 23, 24, 26, 30, 34, 35, 36, 37, 38, 39, 41, 45, 50, 53], 6: [5], 2: [11, 22], 3: [17], 5: [27], 0: [43, 55]})
INFO:  current select feature name : ['2/6*13']
INFO:  current select op : *
INFO:  current select feature name : ['2/6*13']
INFO:  current select feature name : ['6*13/2_minmax_scaler']
INFO:  current select op : sigmoid
INFO:  current select feature name : ['6*13/2_minmax_scaler']
INFO:  start to learn in model_c1
INFO:  start to learn in model_c2
INFO:  start to learn in model_op
INFO:  New performance is: 0.478365, Best performance is: 0.515969 (e2s2) Base performance is: 0.503709
INFO:  Episode 5, Step 5 ends!
INFO:  Current spend time for step-5 is: 64.4s
INFO:  current cluster : defaultdict(<class 'list'>, {1: [0, 1, 3, 4, 6, 7, 9, 12, 13, 15, 16, 18, 19, 21, 25, 28, 29, 31, 32, 33, 40, 42, 44, 46, 47, 48, 49, 51, 52, 54], 2: [2, 8, 10, 14, 20, 23, 24, 26, 30, 34, 35, 36, 37, 38, 39, 41, 45, 50, 53], 0: [5, 17], 3: [11, 22], 5: [27], 4: [43], 6: [55]})
INFO:  current select feature name : ['4*11*13/5']
INFO:  current select op : log
INFO:  current select feature name : ['6*13/2_minmax_scaler']
INFO:  current select op : sigmoid
INFO:  start to learn in model_c1
INFO:  start to learn in model_c2
INFO:  start to learn in model_op
INFO:  New performance is: 0.471683, Best performance is: 0.515969 (e2s2) Base performance is: 0.503709
INFO:  Episode 5, Step 6 ends!
INFO:  Current spend time for step-6 is: 64.2s
INFO:  current cluster : defaultdict(<class 'list'>, {2: [0, 1, 3, 4, 6, 7, 9, 12, 13, 15, 16, 18, 19, 21, 25, 28, 29, 31, 32, 33, 40, 42, 44, 46, 47, 48, 49, 51, 52, 54], 6: [2, 8, 10, 14, 20, 23, 24, 26, 30, 34, 35, 36, 37, 38, 39, 41, 45, 50, 53], 0: [5, 17], 1: [11, 22], 4: [27], 5: [43], 3: [55]})
INFO:  current select feature name : ['2/6*13']
INFO:  current select op : quan_trans
INFO:  current select feature name : ['2/6*13']
INFO:  current select op : sigmoid
INFO:  start to learn in model_c1
INFO:  start to learn in model_c2
INFO:  start to learn in model_op
INFO:  New performance is: 0.475078, Best performance is: 0.515969 (e2s2) Base performance is: 0.503709
INFO:  Episode 5, Step 7 ends!
INFO:  Current spend time for step-7 is: 64.5s
INFO:  current cluster : defaultdict(<class 'list'>, {0: [0, 1, 2, 3, 4, 6, 7, 8, 9, 10, 12, 13, 14, 15, 16, 18, 19, 20, 21, 23, 24, 25, 26, 28, 29, 30, 31, 32, 33, 34, 35, 36, 37, 38, 39, 40, 41, 42, 44, 45, 46, 47, 48, 49, 50, 51, 52, 53, 54], 6: [5], 2: [11, 22], 5: [17], 3: [27], 4: [43], 1: [55]})
INFO:  current select feature name : ['10' '1' '2' '3' '5' '7' '8' '9' '11' '12' '3*13' '5*13' '6*13' '11*13'
 '4*11*13' '3_tanh*13' '5_tanh*13' '6_tanh*13' '11_tanh*13'
 '2_minmax_scaler' '6*13_minmax_scaler' '2/9' '2/12' '2/6_tanh*13' '9/2'
 '9/12' '9/6*13' '9/2_minmax_scaler' '9/6*13_minmax_scaler' '12/2' '12/9'
 '12/6*13' '12/6_tanh*13' '12/2_minmax_scaler' '12/6*13_minmax_scaler'
 '6*13/9' '6*13/12' '6*13/6_tanh*13' '6_tanh*13/2' '6_tanh*13/12'
 '6_tanh*13/6*13' '6_tanh*13/2_minmax_scaler'
 '6_tanh*13/6*13_minmax_scaler' '2_minmax_scaler/9' '2_minmax_scaler/12'
 '2_minmax_scaler/6_tanh*13' '6*13_minmax_scaler/9'
 '6*13_minmax_scaler/12' '6*13_minmax_scaler/6_tanh*13']
INFO:  current select op : cos
INFO:  current select feature name : ['6*13/2_minmax_scaler']
INFO:  current select op : sigmoid
INFO:  start to learn in model_c1
INFO:  start to learn in model_c2
INFO:  start to learn in model_op
INFO:  New performance is: 0.479791, Best performance is: 0.515969 (e2s2) Base performance is: 0.503709
INFO:  Episode 5, Step 8 ends!
INFO:  Current spend time for step-8 is: 138.7s
INFO:  current cluster : defaultdict(<class 'list'>, {0: [0, 1, 5, 8, 10, 12, 15, 16, 17, 18, 19, 20, 21, 22, 23, 24, 25, 26, 27, 28, 29, 30, 31, 33, 34, 35, 36, 38, 39, 40, 41, 42, 43, 44, 45, 46, 47, 48, 49, 50, 51, 52, 53, 54, 55], 2: [2, 3, 6, 13], 3: [4], 5: [7], 1: [9, 32, 37], 6: [11], 4: [14]})
INFO:  current select feature name : ['11' '9/2_minmax_scaler' '12/6_tanh*13']
INFO:  current select op : quan_trans
INFO:  current select feature name : ['13']
INFO:  current select op : sigmoid
INFO:  start to learn in model_c1
INFO:  start to learn in model_c2
INFO:  start to learn in model_op
INFO:  New performance is: 0.433415, Best performance is: 0.515969 (e2s2) Base performance is: 0.503709
INFO:  Episode 5, Step 9 ends!
INFO:  Current spend time for step-9 is: 65.7s
INFO:  Best performance is: 0.515969
INFO:  Episode 5 ends!
INFO:  current cluster : defaultdict(<class 'list'>, {0: [0, 1, 2, 3, 5, 7, 8, 9, 10, 11], 1: [4], 2: [6, 12]})
INFO:  current select feature name : ['6']
INFO:  current select op : stand_scaler
INFO:  current select feature name : ['13']
INFO:  current select op : sigmoid
INFO:  start to learn in model_c1
INFO:  start to learn in model_c2
INFO:  start to learn in model_op
INFO:  New performance is: 0.513712, Best performance is: 0.515969 (e2s2) Base performance is: 0.503709
INFO:  Episode 6, Step 0 ends!
INFO:  Current spend time for step-0 is: 5.2s
INFO:  current cluster : defaultdict(<class 'list'>, {0: [0, 1, 2, 3, 5, 6, 7, 8, 9, 10, 11], 1: [4, 13], 2: [12]})
INFO:  current select feature name : ['13']
INFO:  current select op : quan_trans
INFO:  current select feature name : ['13' '13_quan_trans']
INFO:  current select op : sigmoid
INFO:  start to learn in model_c1
INFO:  start to learn in model_c2
INFO:  start to learn in model_op
INFO:  New performance is: 0.514849, Best performance is: 0.515969 (e2s2) Base performance is: 0.503709
INFO:  Episode 6, Step 1 ends!
INFO:  Current spend time for step-1 is: 5.8s
INFO:  current cluster : defaultdict(<class 'list'>, {0: [0, 1, 2, 3, 5, 6, 7, 8, 9, 10, 12, 14], 1: [4, 13], 2: [11]})
INFO:  current select feature name : ['10' '1' '2' '3' '5' '6' '7' '8' '9' '11' '13' '13_quan_trans']
INFO:  current select op : minmax_scaler
INFO:  current select feature name : ['6' '6_minmax_scaler']
INFO:  current select op : sigmoid
INFO:  start to learn in model_c1
INFO:  start to learn in model_c2
INFO:  start to learn in model_op
INFO:  New performance is: 0.509134, Best performance is: 0.515969 (e2s2) Base performance is: 0.503709
INFO:  Episode 6, Step 2 ends!
INFO:  Current spend time for step-2 is: 11.3s
INFO:  current cluster : defaultdict(<class 'list'>, {0: [0, 1, 2, 3, 5, 7, 8, 9, 10, 15, 16, 17, 18, 19, 21, 22, 23, 24], 1: [4, 13], 3: [6, 20], 4: [11], 2: [12, 14, 25, 26]})
INFO:  current select feature name : ['4' '6_stand_scaler']
INFO:  current select op : minmax_scaler
INFO:  current select feature name : ['6' '6_minmax_scaler']
INFO:  current select op : sigmoid
INFO:  start to learn in model_c1
INFO:  start to learn in model_c2
INFO:  start to learn in model_op
INFO:  New performance is: 0.507543, Best performance is: 0.515969 (e2s2) Base performance is: 0.503709
INFO:  Episode 6, Step 3 ends!
INFO:  Current spend time for step-3 is: 17.3s
INFO:  current cluster : defaultdict(<class 'list'>, {0: [0, 1, 2, 3, 5, 7, 8, 9, 10, 15, 16, 17, 18, 19, 21, 22, 23, 24], 1: [4, 13, 27, 28], 3: [6, 20], 4: [11], 2: [12, 14, 25, 26]})
INFO:  current select feature name : ['12']
INFO:  current select op : log
INFO:  current cluster : defaultdict(<class 'list'>, {0: [0, 1, 2, 3, 5, 7, 8, 9, 10, 15, 16, 17, 18, 19, 21, 22, 23, 24], 1: [4, 13, 27, 28], 3: [6, 20], 4: [11], 2: [12, 14, 25, 26]})
INFO:  current select feature name : ['13' '13_quan_trans' '13_minmax_scaler' '13_quan_trans_minmax_scaler']
INFO:  current select op : +
INFO:  current select feature name : ['12']
INFO:  current select feature name : ['4' '6_stand_scaler' '4_minmax_scaler' '6_stand_scaler_minmax_scaler']
INFO:  current select op : sigmoid
INFO:  current select feature name : ['4' '6_stand_scaler' '4_minmax_scaler' '6_stand_scaler_minmax_scaler']
INFO:  start to learn in model_c1
INFO:  start to learn in model_c2
INFO:  start to learn in model_op
INFO:  New performance is: 0.506014, Best performance is: 0.515969 (e2s2) Base performance is: 0.503709
INFO:  Episode 6, Step 4 ends!
INFO:  Current spend time for step-4 is: 21.0s
INFO:  current cluster : defaultdict(<class 'list'>, {1: [0, 1, 3, 5, 7, 8, 10, 15, 16, 18, 19, 21, 22, 24], 4: [2, 9, 17, 23], 3: [4, 13, 27, 28], 0: [6, 12, 14, 20, 25, 26, 29, 30, 31, 32], 2: [11]})
INFO:  current select feature name : ['4' '6_stand_scaler' '4_minmax_scaler' '6_stand_scaler_minmax_scaler']
INFO:  current select op : minmax_scaler
INFO:  current select feature name : ['13' '13_quan_trans' '13_minmax_scaler' '13_quan_trans_minmax_scaler']
INFO:  current select op : sigmoid
INFO:  start to learn in model_c1
INFO:  start to learn in model_c2
INFO:  start to learn in model_op
INFO:  New performance is: 0.508784, Best performance is: 0.515969 (e2s2) Base performance is: 0.503709
INFO:  Episode 6, Step 5 ends!
INFO:  Current spend time for step-5 is: 24.7s
INFO:  current cluster : defaultdict(<class 'list'>, {1: [0, 1, 3, 5, 7, 8, 10, 15, 16, 18, 19, 21, 22, 24], 3: [2, 9, 17, 23], 4: [4, 13, 27, 28, 33, 34], 0: [6, 12, 14, 20, 25, 26, 29, 30, 31, 32], 2: [11]})
INFO:  current select feature name : ['2' '9' '2_minmax_scaler' '9_minmax_scaler']
INFO:  current select op : log
INFO:  current cluster : defaultdict(<class 'list'>, {4: [0, 1, 3, 5, 7, 8, 10, 15, 16, 18, 19, 21, 22, 24], 1: [2, 9, 17, 23], 3: [4, 13, 27, 28, 33, 34], 0: [6, 12, 14, 20, 25, 26, 29, 30, 31, 32], 2: [11]})
INFO:  current select feature name : ['4' '6_stand_scaler' '4_minmax_scaler' '6_stand_scaler_minmax_scaler'
 '4_minmax_scaler_minmax_scaler'
 '6_stand_scaler_minmax_scaler_minmax_scaler']
INFO:  current select op : log
INFO:  current cluster : defaultdict(<class 'list'>, {0: [0, 1, 3, 5, 7, 8, 10, 15, 16, 18, 19, 21, 22, 24], 1: [2, 9, 11, 17, 23], 3: [4, 13, 27, 28, 33, 34], 2: [6, 20, 29, 30, 31, 32], 4: [12, 14, 25, 26]})
INFO:  current select feature name : ['13' '13_quan_trans' '13_minmax_scaler' '13_quan_trans_minmax_scaler']
INFO:  current select op : log
INFO:  current cluster : defaultdict(<class 'list'>, {0: [0, 1, 3, 5, 7, 8, 9, 10, 15, 16, 18, 19, 21, 22, 23, 24], 4: [2, 17], 3: [4, 13, 27, 28, 33, 34], 1: [6, 12, 14, 20, 25, 26, 29, 30, 31, 32], 2: [11]})
INFO:  current select feature name : ['2' '2_minmax_scaler']
INFO:  current select op : log
INFO:  current cluster : defaultdict(<class 'list'>, {4: [0, 1, 3, 5, 7, 8, 10, 15, 16, 18, 19, 21, 22, 24], 1: [2, 9, 17, 23], 3: [4, 13, 27, 28, 33, 34], 0: [6, 12, 14, 20, 25, 26, 29, 30, 31, 32], 2: [11]})
INFO:  current select feature name : ['10' '1' '3' '5' '7' '8' '11' '10_minmax_scaler' '1_minmax_scaler'
 '3_minmax_scaler' '5_minmax_scaler' '7_minmax_scaler' '8_minmax_scaler'
 '11_minmax_scaler']
INFO:  current select op : sqrt
INFO:  current cluster : defaultdict(<class 'list'>, {1: [0, 1, 3, 5, 7, 8, 10, 15, 16, 18, 19, 21, 22, 24], 2: [2, 11, 17], 3: [4, 13, 27, 28, 33, 34], 0: [6, 12, 14, 20, 25, 26, 29, 30, 31, 32], 4: [9, 23]})
INFO:  current select feature name : ['2' '12' '2_minmax_scaler']
INFO:  current select op : log
INFO:  current cluster : defaultdict(<class 'list'>, {2: [0, 1, 3, 5, 7, 8, 10, 15, 16, 18, 19, 21, 22, 24], 4: [2, 9, 17, 23], 1: [4, 13, 27, 28, 33, 34], 0: [6, 12, 14, 20, 25, 26, 29, 30, 31, 32], 3: [11]})
INFO:  current select feature name : ['2' '9' '2_minmax_scaler' '9_minmax_scaler']
INFO:  current select op : reciprocal
INFO:  current select feature name : ['12']
INFO:  current select op : sigmoid
INFO:  start to learn in model_c1
INFO:  start to learn in model_c2
INFO:  start to learn in model_op
INFO:  New performance is: 0.507511, Best performance is: 0.515969 (e2s2) Base performance is: 0.503709
INFO:  Episode 6, Step 6 ends!
INFO:  Current spend time for step-6 is: 29.0s
INFO:  current cluster : defaultdict(<class 'list'>, {1: [0, 1, 3, 5, 10, 15, 16, 18, 19, 24], 0: [2, 9, 11, 17, 23, 35, 36, 37, 38], 3: [4, 13, 27, 28, 33, 34], 5: [6, 20, 29, 30, 31, 32], 2: [7, 8, 21, 22], 4: [12, 14, 25, 26]})
INFO:  current select feature name : ['4' '6_stand_scaler' '4_minmax_scaler' '6_stand_scaler_minmax_scaler'
 '4_minmax_scaler_minmax_scaler'
 '6_stand_scaler_minmax_scaler_minmax_scaler']
INFO:  current select op : log
INFO:  current cluster : defaultdict(<class 'list'>, {1: [0, 1, 3, 5, 10, 15, 16, 18, 19, 24], 0: [2, 9, 11, 17, 23, 35, 36, 37, 38], 3: [4, 13, 27, 28, 33, 34], 2: [6, 20, 29, 30, 31, 32], 5: [7, 8, 21, 22], 4: [12, 14, 25, 26]})
INFO:  current select feature name : ['13' '13_quan_trans' '13_minmax_scaler' '13_quan_trans_minmax_scaler']
INFO:  current select op : /
INFO:  current select feature name : ['13' '13_quan_trans' '13_minmax_scaler' '13_quan_trans_minmax_scaler']
INFO:  current cluster : defaultdict(<class 'list'>, {0: [0, 1, 3, 5, 7, 8, 10, 15, 16, 18, 19, 21, 22, 24], 1: [2, 9, 17, 23, 35, 36, 37, 38], 3: [4, 13, 27, 28, 33, 34], 4: [6, 20, 29, 30, 31, 32], 5: [11], 2: [12, 14, 25, 26]})
INFO:  current select feature name : ['12']
INFO:  current select op : stand_scaler
INFO:  current select feature name : ['13' '13_quan_trans' '13_minmax_scaler' '13_quan_trans_minmax_scaler']
INFO:  current select op : sigmoid
INFO:  start to learn in model_c1
INFO:  start to learn in model_c2
INFO:  start to learn in model_op
INFO:  New performance is: 0.506559, Best performance is: 0.515969 (e2s2) Base performance is: 0.503709
INFO:  Episode 6, Step 7 ends!
INFO:  Current spend time for step-7 is: 32.9s
INFO:  current cluster : defaultdict(<class 'list'>, {1: [0, 1, 3, 5, 10, 15, 16, 18, 19, 24], 2: [2, 9, 11, 17, 23, 35, 36, 37, 38, 39], 0: [4, 13, 27, 28, 33, 34], 3: [6, 20, 29, 30, 31, 32], 5: [7, 8, 21, 22], 4: [12, 14, 25, 26]})
INFO:  current select feature name : ['13' '13_quan_trans' '13_minmax_scaler' '13_quan_trans_minmax_scaler']
INFO:  current select op : reciprocal
INFO:  current select feature name : ['4_minmax_scaler_minmax_scaler']
INFO:  current select op : sigmoid
INFO:  start to learn in model_c1
INFO:  start to learn in model_c2
INFO:  start to learn in model_op
INFO:  New performance is: 0.502980, Best performance is: 0.515969 (e2s2) Base performance is: 0.503709
INFO:  Episode 6, Step 8 ends!
INFO:  Current spend time for step-8 is: 36.3s
INFO:  current cluster : defaultdict(<class 'list'>, {4: [0, 1, 15, 16], 3: [2, 9, 11, 17, 23, 35, 36, 37, 38, 39], 5: [3, 5, 10, 18, 19, 24], 1: [4, 13, 27, 28, 33, 34], 2: [6, 12, 14, 20, 25, 26, 29, 30, 31, 32, 40, 41, 42], 0: [7, 8, 21, 22]})
INFO:  current select feature name : ['10' '1' '10_minmax_scaler' '1_minmax_scaler']
INFO:  current select op : minmax_scaler
INFO:  current select feature name : ['4_minmax_scaler']
INFO:  current select op : sigmoid
INFO:  start to learn in model_c1
INFO:  start to learn in model_c2
INFO:  start to learn in model_op
INFO:  New performance is: 0.498136, Best performance is: 0.515969 (e2s2) Base performance is: 0.503709
INFO:  Episode 6, Step 9 ends!
INFO:  Current spend time for step-9 is: 40.2s
INFO:  current cluster : defaultdict(<class 'list'>, {0: [0, 1, 2, 3, 5, 6, 7, 8, 9, 10, 11], 1: [4], 2: [12]})
INFO:  current select feature name : ['4']
INFO:  current select op : sin
INFO:  current select feature name : ['13']
INFO:  current select op : sigmoid
INFO:  start to learn in model_c1
INFO:  start to learn in model_c2
INFO:  start to learn in model_op
INFO:  New performance is: 0.513712, Best performance is: 0.515969 (e2s2) Base performance is: 0.503709
INFO:  Episode 7, Step 0 ends!
INFO:  Current spend time for step-0 is: 5.3s
INFO:  current cluster : defaultdict(<class 'list'>, {0: [0, 1, 2, 3, 5, 6, 7, 8, 9, 10, 11], 1: [4, 13], 2: [12]})
INFO:  current select feature name : ['4' '4_sin']
INFO:  current select op : log
INFO:  current cluster : defaultdict(<class 'list'>, {0: [0, 1, 2, 3, 5, 6, 7, 8, 9, 10, 11], 1: [4, 13], 2: [12]})
INFO:  current select feature name : ['4' '4_sin']
INFO:  current select op : quan_trans
INFO:  current select feature name : ['13']
INFO:  current select op : sigmoid
INFO:  start to learn in model_c1
INFO:  start to learn in model_c2
INFO:  start to learn in model_op
INFO:  New performance is: 0.509493, Best performance is: 0.515969 (e2s2) Base performance is: 0.503709
INFO:  Episode 7, Step 1 ends!
INFO:  Current spend time for step-1 is: 6.1s
INFO:  current cluster : defaultdict(<class 'list'>, {0: [0, 1, 2, 3, 5, 7, 8, 9, 10, 11], 1: [4, 13, 14, 15], 3: [6], 2: [12]})
INFO:  current select feature name : ['13']
INFO:  current select op : log
INFO:  current cluster : defaultdict(<class 'list'>, {0: [0, 1, 2, 3, 5, 6, 7, 8, 9, 10], 1: [4, 13, 14, 15], 2: [11], 3: [12]})
INFO:  current select feature name : ['10' '1' '2' '3' '5' '6' '7' '8' '9' '11']
INFO:  current select op : sqrt
INFO:  current cluster : defaultdict(<class 'list'>, {0: [0, 1, 2, 3, 5, 7, 8, 9, 10, 11], 1: [4, 13, 14, 15], 3: [6], 2: [12]})
INFO:  current select feature name : ['13']
INFO:  current select op : sqrt
INFO:  current cluster : defaultdict(<class 'list'>, {0: [0, 1, 2, 3, 5, 6, 7, 8, 9, 10], 1: [4, 13, 14, 15], 2: [11], 3: [12]})
INFO:  current select feature name : ['13']
INFO:  current select op : log
INFO:  current cluster : defaultdict(<class 'list'>, {0: [0, 1, 2, 3, 5, 6, 7, 8, 9, 10], 1: [4, 13, 14, 15], 2: [11], 3: [12]})
INFO:  current select feature name : ['4' '4_sin' '4_quan_trans' '4_sin_quan_trans']
INFO:  current select op : /
INFO:  current select feature name : ['12']
INFO:  current select feature name : ['13']
INFO:  current select op : sigmoid
INFO:  current select feature name : ['6']
INFO:  start to learn in model_c1
INFO:  start to learn in model_c2
INFO:  start to learn in model_op
INFO:  New performance is: 0.486739, Best performance is: 0.515969 (e2s2) Base performance is: 0.503709
INFO:  Episode 7, Step 2 ends!
INFO:  Current spend time for step-2 is: 8.3s
INFO:  current cluster : defaultdict(<class 'list'>, {0: [0, 1, 2, 3, 5, 7, 8, 9, 10, 11, 16, 17], 1: [4, 13, 14, 15, 18, 19], 3: [6], 2: [12]})
INFO:  current select feature name : ['4' '4_sin' '4_quan_trans' '4_sin_quan_trans' '4_quan_trans/12'
 '4_sin_quan_trans/12']
INFO:  current select op : log
INFO:  current cluster : defaultdict(<class 'list'>, {0: [0, 1, 2, 3, 5, 7, 8, 9, 10, 11, 16, 17], 1: [4, 13, 14, 15, 18, 19], 3: [6], 2: [12]})
INFO:  current select feature name : ['13']
INFO:  current select op : *
INFO:  current select feature name : ['4' '4_sin' '4_quan_trans' '4_sin_quan_trans' '4_quan_trans/12'
 '4_sin_quan_trans/12']
INFO:  current select feature name : ['6']
INFO:  current select op : sigmoid
INFO:  current select feature name : ['2' '9' '12' '4/12' '4_sin/12']
INFO:  start to learn in model_c1
INFO:  start to learn in model_c2
INFO:  start to learn in model_op
INFO:  New performance is: 0.497213, Best performance is: 0.515969 (e2s2) Base performance is: 0.503709
INFO:  Episode 7, Step 3 ends!
INFO:  Current spend time for step-3 is: 12.9s
INFO:  current cluster : defaultdict(<class 'list'>, {0: [0, 1, 2, 3, 5, 7, 8, 9, 10], 1: [4, 13, 14, 15, 18, 19, 22, 23, 24, 25], 4: [6], 2: [11, 16, 17], 3: [12, 20, 21]})
INFO:  current select feature name : ['6']
INFO:  current select op : -
INFO:  current select feature name : ['6']
INFO:  current select feature name : ['6']
INFO:  current select op : sigmoid
INFO:  current select feature name : ['12' '4/12' '4_sin/12']
INFO:  start to learn in model_c1
INFO:  start to learn in model_c2
INFO:  start to learn in model_op
INFO:  New performance is: 0.494283, Best performance is: 0.515969 (e2s2) Base performance is: 0.503709
INFO:  Episode 7, Step 4 ends!
INFO:  Current spend time for step-4 is: 16.2s
INFO:  current cluster : defaultdict(<class 'list'>, {0: [0, 1, 2, 3, 5, 7, 8, 9, 10, 11, 16, 17], 2: [4, 13, 14, 15, 18, 19, 22, 23, 24, 25], 4: [6], 1: [12, 20, 21], 3: [26]})
INFO:  current select feature name : ['6-6']
INFO:  current select op : log
INFO:  current cluster : defaultdict(<class 'list'>, {0: [0, 1, 2, 3, 5, 7, 8, 9, 10, 11, 16, 17], 1: [4, 13, 14, 15, 18, 19, 22, 23, 24, 25], 4: [6], 2: [12, 20, 21], 3: [26]})
INFO:  current select feature name : ['6-6']
INFO:  current select op : +
INFO:  current select feature name : ['4' '4_sin' '4_quan_trans' '4_sin_quan_trans' '4_quan_trans/12'
 '4_sin_quan_trans/12' '13*4_quan_trans' '13*4_sin_quan_trans'
 '13*4_quan_trans/12' '13*4_sin_quan_trans/12']
INFO:  current select feature name : ['6-6']
INFO:  current select op : sigmoid
INFO:  current select feature name : ['12' '4/12' '4_sin/12']
INFO:  start to learn in model_c1
INFO:  start to learn in model_c2
INFO:  start to learn in model_op
INFO:  New performance is: 0.491449, Best performance is: 0.515969 (e2s2) Base performance is: 0.503709
INFO:  Episode 7, Step 5 ends!
INFO:  Current spend time for step-5 is: 23.3s
INFO:  current cluster : defaultdict(<class 'list'>, {0: [0, 1, 2, 3, 5, 7, 8, 9, 10], 1: [4, 13, 14, 15, 18, 19, 22, 23, 24, 25, 27, 28, 29, 30, 31, 32, 33, 34, 35, 36], 4: [6], 2: [11, 16, 17], 3: [12, 20, 21], 5: [26]})
INFO:  current select feature name : ['13' '13*4' '13*4_sin']
INFO:  current select op : square
INFO:  current select feature name : ['2']
INFO:  current select op : sigmoid
INFO:  start to learn in model_c1
INFO:  start to learn in model_c2
INFO:  start to learn in model_op
INFO:  New performance is: 0.481221, Best performance is: 0.515969 (e2s2) Base performance is: 0.503709
INFO:  Episode 7, Step 6 ends!
INFO:  Current spend time for step-6 is: 32.6s
INFO:  current cluster : defaultdict(<class 'list'>, {0: [0, 1, 3, 5, 7, 8, 9, 10, 12, 20, 21, 37, 38, 39], 5: [2], 2: [4, 13, 14, 15, 18, 19, 22, 23, 24, 25, 27, 28, 29, 30, 31, 32, 33, 34, 35, 36], 3: [6], 1: [11, 16, 17], 4: [26]})
INFO:  current select feature name : ['6-6']
INFO:  current select op : log
INFO:  current cluster : defaultdict(<class 'list'>, {0: [0, 1, 3, 5, 7, 8, 9, 10, 12, 20, 21, 37, 38, 39], 5: [2], 1: [4, 13, 14, 15, 18, 19, 22, 23, 24, 25, 27, 28, 29, 30, 31, 32, 33, 34, 35, 36], 4: [6], 3: [11, 16, 17], 2: [26]})
INFO:  current select feature name : ['2']
INFO:  current select op : log
INFO:  current cluster : defaultdict(<class 'list'>, {2: [0, 1, 3, 5, 7, 8, 10, 12, 20, 21, 37, 38, 39], 0: [2, 9], 1: [4, 13, 14, 15, 18, 19, 22, 23, 24, 25, 27, 28, 29, 30, 31, 32, 33, 34, 35, 36], 5: [6], 3: [11, 16, 17], 4: [26]})
INFO:  current select feature name : ['6']
INFO:  current select op : log
INFO:  current cluster : defaultdict(<class 'list'>, {0: [0, 1, 3, 5, 7, 8, 10, 12, 20, 21, 37, 38, 39], 2: [2, 9], 1: [4, 13, 14, 15, 18, 19, 22, 23, 24, 25, 27, 28, 29, 30, 31, 32, 33, 34, 35, 36], 4: [6], 5: [11, 16, 17], 3: [26]})
INFO:  current select feature name : ['6-6']
INFO:  current select op : square
INFO:  current select feature name : ['2']
INFO:  current select op : sigmoid
INFO:  start to learn in model_c1
INFO:  start to learn in model_c2
INFO:  start to learn in model_op
INFO:  New performance is: 0.491620, Best performance is: 0.515969 (e2s2) Base performance is: 0.503709
INFO:  Episode 7, Step 7 ends!
INFO:  Current spend time for step-7 is: 35.6s
INFO:  current cluster : defaultdict(<class 'list'>, {0: [0, 1, 2, 3, 5, 7, 8, 9, 10, 12, 20, 21, 37, 38, 39], 1: [4, 13, 14, 15, 18, 19, 22, 23, 24, 25, 27, 28, 29, 30, 31, 32, 33, 34, 35, 36], 5: [6], 2: [11, 16, 17], 3: [26], 4: [40]})
INFO:  current select feature name : ['12' '4/12' '4_sin/12']
INFO:  current select op : log
INFO:  current cluster : defaultdict(<class 'list'>, {0: [0, 1, 3, 5, 7, 8, 9, 10, 12, 20, 21, 37, 38, 39], 5: [2], 1: [4, 13, 14, 15, 18, 19, 22, 23, 24, 25, 26, 27, 28, 29, 30, 31, 32, 33, 34, 35, 36], 3: [6], 2: [11, 16, 17], 4: [40]})
INFO:  current select feature name : ['2']
INFO:  current select op : sin
INFO:  current select feature name : ['6-6' '6-6_square']
INFO:  current select op : sigmoid
INFO:  start to learn in model_c1
INFO:  start to learn in model_c2
INFO:  start to learn in model_op
INFO:  New performance is: 0.490293, Best performance is: 0.515969 (e2s2) Base performance is: 0.503709
INFO:  Episode 7, Step 8 ends!
INFO:  Current spend time for step-8 is: 37.4s
INFO:  current cluster : defaultdict(<class 'list'>, {0: [0, 1, 2, 3, 5, 7, 8, 9, 10, 12, 20, 21, 37, 38, 39, 41], 1: [4, 13, 14, 15, 18, 19, 22, 23, 24, 25, 27, 28, 29, 30, 31, 32, 33, 34, 35, 36], 5: [6], 3: [11, 16, 17], 2: [26], 4: [40]})
INFO:  current select feature name : ['6-6_square']
INFO:  current select op : cos
INFO:  current select feature name : ['6-6_square']
INFO:  current select op : sigmoid
INFO:  start to learn in model_c1
INFO:  start to learn in model_c2
INFO:  start to learn in model_op
INFO:  New performance is: 0.482434, Best performance is: 0.515969 (e2s2) Base performance is: 0.503709
INFO:  Episode 7, Step 9 ends!
INFO:  Current spend time for step-9 is: 38.8s
INFO:  current cluster : defaultdict(<class 'list'>, {0: [0, 1, 2, 3, 5, 6, 7, 8, 9, 10, 11], 1: [4], 2: [12]})
INFO:  current select feature name : ['4']
INFO:  current select op : /
INFO:  current select feature name : ['4']
INFO:  current select feature name : ['4']
INFO:  current select op : sigmoid
INFO:  current select feature name : ['4']
INFO:  start to learn in model_c1
INFO:  start to learn in model_c2
INFO:  start to learn in model_op
INFO:  New performance is: 0.511520, Best performance is: 0.515969 (e2s2) Base performance is: 0.503709
INFO:  Episode 8, Step 0 ends!
INFO:  Current spend time for step-0 is: 5.2s
INFO:  current cluster : defaultdict(<class 'list'>, {0: [0, 1, 2, 3, 5, 6, 7, 8, 9, 10, 11, 12], 2: [4], 1: [13]})
INFO:  current select feature name : ['4']
INFO:  current select op : log
INFO:  current cluster : defaultdict(<class 'list'>, {0: [0, 1, 2, 3, 5, 6, 7, 8, 9, 10, 11, 12], 1: [4], 2: [13]})
INFO:  current select feature name : ['10' '1' '2' '3' '5' '6' '7' '8' '9' '11' '12' '13']
INFO:  current select op : log
INFO:  current cluster : defaultdict(<class 'list'>, {0: [0, 1, 2, 3, 5, 6, 7, 8, 9, 10, 11, 12], 2: [4], 1: [13]})
INFO:  current select feature name : ['4']
INFO:  current select op : log
INFO:  current cluster : defaultdict(<class 'list'>, {0: [0, 1, 2, 3, 5, 6, 7, 8, 9, 10, 11, 12], 2: [4], 1: [13]})
INFO:  current select feature name : ['4']
INFO:  current select op : square
INFO:  current select feature name : ['4']
INFO:  current select op : sigmoid
INFO:  start to learn in model_c1
INFO:  start to learn in model_c2
INFO:  start to learn in model_op
INFO:  New performance is: 0.511080, Best performance is: 0.515969 (e2s2) Base performance is: 0.503709
INFO:  Episode 8, Step 1 ends!
INFO:  Current spend time for step-1 is: 5.7s
INFO:  current cluster : defaultdict(<class 'list'>, {0: [0, 1, 2, 3, 5, 6, 7, 8, 9, 10, 11, 12], 1: [4], 2: [13, 14]})
INFO:  current select feature name : ['4']
INFO:  current select op : tanh
INFO:  current select feature name : ['4' '4_tanh']
INFO:  current select op : sigmoid
INFO:  start to learn in model_c1
INFO:  start to learn in model_c2
INFO:  start to learn in model_op
INFO:  New performance is: 0.512618, Best performance is: 0.515969 (e2s2) Base performance is: 0.503709
INFO:  Episode 8, Step 2 ends!
INFO:  Current spend time for step-2 is: 6.3s
INFO:  current cluster : defaultdict(<class 'list'>, {0: [0, 1, 2, 3, 5, 6, 7, 8, 9, 10], 1: [4, 13, 14, 15], 2: [11], 3: [12]})
INFO:  current select feature name : ['13']
INFO:  current select op : stand_scaler
INFO:  current select feature name : ['4' '4_tanh']
INFO:  current select op : sigmoid
INFO:  start to learn in model_c1
INFO:  start to learn in model_c2
INFO:  start to learn in model_op
INFO:  New performance is: 0.509301, Best performance is: 0.515969 (e2s2) Base performance is: 0.503709
INFO:  Episode 8, Step 3 ends!
INFO:  Current spend time for step-3 is: 7.0s
INFO:  current cluster : defaultdict(<class 'list'>, {0: [0, 1, 2, 3, 5, 6, 7, 8, 9, 10, 11], 2: [4, 15], 3: [12, 16], 1: [13, 14]})
INFO:  current select feature name : ['13' '13_stand_scaler']
INFO:  current select op : log
INFO:  current cluster : defaultdict(<class 'list'>, {0: [0, 1, 2, 3, 5, 6, 7, 8, 9, 10, 12, 16], 2: [4, 15], 3: [11], 1: [13, 14]})
INFO:  current select feature name : ['4/4' '4_square']
INFO:  current select op : log
INFO:  current select feature name : ['4' '4_tanh']
INFO:  current select op : sigmoid
INFO:  start to learn in model_c1
INFO:  start to learn in model_c2
INFO:  start to learn in model_op
INFO:  New performance is: 0.515867, Best performance is: 0.515969 (e2s2) Base performance is: 0.503709
INFO:  Episode 8, Step 4 ends!
INFO:  Current spend time for step-4 is: 7.9s
INFO:  current cluster : defaultdict(<class 'list'>, {0: [0, 1, 2, 3, 5, 6, 7, 8, 9, 10, 11, 12, 16], 2: [4, 15], 3: [13], 1: [14, 17, 18]})
INFO:  current select feature name : ['10' '1' '2' '3' '5' '6' '7' '8' '9' '11' '12' '13' '13_stand_scaler']
INFO:  current select op : +
INFO:  current select feature name : ['4_square' '4/4_log' '4_square_log']
INFO:  current select feature name : ['4/4' '4_square']
INFO:  current select op : sigmoid
INFO:  current select feature name : ['12' '12+4_square' '12+4/4_log' '12+4_square_log']
INFO:  start to learn in model_c1
INFO:  start to learn in model_c2
INFO:  start to learn in model_op
INFO:  New performance is: 0.505161, Best performance is: 0.515969 (e2s2) Base performance is: 0.503709
INFO:  Episode 8, Step 5 ends!
INFO:  Current spend time for step-5 is: 38.2s
INFO:  current cluster : defaultdict(<class 'list'>, {2: [0, 1, 3, 5, 7, 8, 10, 17, 18, 19, 20, 21, 22, 26, 27, 28, 29, 30, 31, 35, 36, 37, 38, 39, 40, 44, 45, 46], 0: [2, 9, 11, 23, 24, 25, 41, 42, 43, 47, 48, 49], 5: [4], 1: [6, 32, 33, 34], 6: [12, 15, 50, 51, 52, 53, 54, 55], 3: [13], 4: [14, 16]})
INFO:  current select feature name : ['4/4']
INFO:  current select op : tanh
INFO:  current select feature name : ['4_square_log']
INFO:  current select op : sigmoid
INFO:  start to learn in model_c1
INFO:  start to learn in model_c2
INFO:  start to learn in model_op
INFO:  New performance is: 0.505786, Best performance is: 0.515969 (e2s2) Base performance is: 0.503709
INFO:  Episode 8, Step 6 ends!
INFO:  Current spend time for step-6 is: 63.6s
INFO:  current cluster : defaultdict(<class 'list'>, {0: [0, 1, 3, 5, 7, 8, 10, 16, 17, 18, 19, 20, 21, 25, 26, 27, 28, 29, 30, 34, 35, 36, 37, 38, 39, 43, 44, 45], 2: [2, 9, 11, 22, 23, 24, 40, 41, 42, 46, 47, 48], 1: [4, 13], 6: [6, 31, 32, 33], 4: [12, 14, 49, 50, 51, 52, 53, 54], 5: [15], 3: [55]})
INFO:  current select feature name : ['4' '4/4']
INFO:  current select op : quan_trans
INFO:  current select feature name : ['4_square_log']
INFO:  current select op : sigmoid
INFO:  start to learn in model_c1
INFO:  start to learn in model_c2
INFO:  start to learn in model_op
INFO:  New performance is: 0.516190, Best performance is: 0.516190 (e8s7) Base performance is: 0.503709
INFO:  Episode 8, Step 7 ends!
INFO:  Current spend time for step-7 is: 64.9s
INFO:  current cluster : defaultdict(<class 'list'>, {4: [0, 1, 3, 5, 10, 15, 16, 17, 18, 19, 20, 24, 25, 26, 27, 28, 29, 42, 43, 44], 1: [2, 9, 21, 22, 23, 39, 40, 41], 0: [4, 13, 54, 55], 3: [6, 30, 31, 32], 2: [7, 8, 33, 34, 35, 36, 37, 38], 6: [11, 45, 46, 47], 5: [12, 14, 48, 49, 50, 51, 52, 53]})
INFO:  current select feature name : ['2' '9' '1+4_square_log' '2+4_square' '2+4/4_log' '8+4_square_log'
 '9+4_square' '9+4/4_log']
INFO:  current select op : log
INFO:  current cluster : defaultdict(<class 'list'>, {4: [0, 1, 3, 5, 10, 15, 16, 17, 18, 19, 20, 24, 25, 26, 27, 28, 29, 42, 43, 44], 0: [2, 9, 11, 21, 22, 23, 39, 40, 41, 45, 46, 47], 5: [4], 3: [6, 30, 31, 32], 2: [7, 8, 33, 34, 35, 36, 37, 38], 6: [12, 14, 48, 49, 50, 51, 52, 53], 1: [13, 54, 55]})
INFO:  current select feature name : ['4']
INFO:  current select op : log
INFO:  current cluster : defaultdict(<class 'list'>, {1: [0, 1, 3, 5, 10, 15, 16, 17, 18, 19, 20, 24, 25, 26, 27, 28, 29, 42, 43, 44], 2: [2, 9, 21, 22, 23, 39, 40, 41], 0: [4, 13, 54, 55], 3: [6, 30, 31, 32], 6: [7, 8, 33, 34, 35, 36, 37, 38], 4: [11, 45, 46, 47], 5: [12, 14, 48, 49, 50, 51, 52, 53]})
INFO:  current select feature name : ['4' '4_tanh' '13_stand_scaler+4_square_log' '4/4_tanh']
INFO:  current select op : sqrt
INFO:  current select feature name : ['6' '6+4_square' '6+4/4_log' '6+4_square_log']
INFO:  current select op : sigmoid
INFO:  start to learn in model_c1
INFO:  start to learn in model_c2
INFO:  start to learn in model_op
INFO:  New performance is: 0.506636, Best performance is: 0.516190 (e8s7) Base performance is: 0.503709
INFO:  Episode 8, Step 8 ends!
INFO:  Current spend time for step-8 is: 65.2s
INFO:  current cluster : defaultdict(<class 'list'>, {4: [0, 1, 13, 14, 15, 16, 17, 18], 0: [2, 8, 10, 19, 20, 21, 37, 38, 39, 43, 44, 45], 6: [3, 4, 9, 22, 23, 24, 25, 26, 27, 40, 41, 42], 3: [5, 28, 29, 30], 2: [6, 7, 31, 32, 33, 34, 35, 36], 5: [11, 12, 46, 47, 48, 49, 50, 51], 1: [52, 53, 54, 55]})
INFO:  current select feature name : ['12' '13' '12+4/4_log' '12+4_square_log' '13+4_square' '13+4/4_log'
 '13+4_square_log' '13_stand_scaler+4_square']
INFO:  current select op : stand_scaler
INFO:  current select feature name : ['4_quan_trans' '4/4_quan_trans' '13_stand_scaler+4_square_log_sqrt'
 '4/4_tanh_sqrt']
INFO:  current select op : sigmoid
INFO:  start to learn in model_c1
INFO:  start to learn in model_c2
INFO:  start to learn in model_op
INFO:  New performance is: 0.519153, Best performance is: 0.519153 (e8s9) Base performance is: 0.503709
INFO:  Episode 8, Step 9 ends!
INFO:  Current spend time for step-9 is: 71.2s
INFO:  current cluster : defaultdict(<class 'list'>, {0: [0, 1, 2, 3, 5, 6, 7, 8, 9, 10, 11], 1: [4], 2: [12]})
INFO:  current select feature name : ['5']
INFO:  current select op : stand_scaler
INFO:  current select feature name : ['4' '5_stand_scaler']
INFO:  current select op : sigmoid
INFO:  start to learn in model_c1
INFO:  start to learn in model_c2
INFO:  start to learn in model_op
INFO:  New performance is: 0.513712, Best performance is: 0.519153 (e8s9) Base performance is: 0.503709
INFO:  Episode 9, Step 0 ends!
INFO:  Current spend time for step-0 is: 5.2s
INFO:  current cluster : defaultdict(<class 'list'>, {0: [0, 1, 2, 3, 5, 6, 7, 8, 9, 10, 11], 1: [4, 13], 2: [12]})
INFO:  current select feature name : ['4' '5_stand_scaler']
INFO:  current select op : -
INFO:  current select feature name : ['10' '1' '2' '3' '5' '6' '7' '8' '9' '11' '12']
INFO:  current select feature name : ['13']
INFO:  current select op : sigmoid
INFO:  current select feature name : ['9' '4-9' '5_stand_scaler-9']
INFO:  start to learn in model_c1
INFO:  start to learn in model_c2
INFO:  start to learn in model_op
INFO:  New performance is: 0.489225, Best performance is: 0.519153 (e8s9) Base performance is: 0.503709
INFO:  Episode 9, Step 1 ends!
INFO:  Current spend time for step-1 is: 16.7s
INFO:  current cluster : defaultdict(<class 'list'>, {1: [0, 1, 3, 5, 7, 8, 10, 14, 15, 17, 18, 20, 21, 23, 25, 26, 28, 29, 31, 32, 34], 4: [2, 11, 16, 24, 27, 35], 0: [4, 13], 3: [6, 19, 30], 2: [9, 22, 33], 5: [12]})
INFO:  current select feature name : ['10' '1' '3' '5' '7' '8' '11' '4-10' '4-1' '4-3' '4-5' '4-7' '4-8' '4-11'
 '5_stand_scaler-10' '5_stand_scaler-1' '5_stand_scaler-3'
 '5_stand_scaler-5' '5_stand_scaler-7' '5_stand_scaler-8'
 '5_stand_scaler-11']
INFO:  current select op : quan_trans
INFO:  current select feature name : ['4']
INFO:  current select op : sigmoid
INFO:  start to learn in model_c1
INFO:  start to learn in model_c2
INFO:  start to learn in model_op
INFO:  New performance is: 0.496884, Best performance is: 0.519153 (e8s9) Base performance is: 0.503709
INFO:  Episode 9, Step 2 ends!
INFO:  Current spend time for step-2 is: 46.8s
INFO:  current cluster : defaultdict(<class 'list'>, {0: [0, 1, 3, 5, 7, 10, 13, 16, 17, 19, 22, 24, 27, 28, 30, 33, 35, 36, 37, 38, 41, 42, 43, 44, 45, 48, 49, 50, 51, 52, 55], 1: [2, 11, 15, 23, 26, 34], 3: [4], 4: [6, 18, 29], 2: [8, 14, 20, 25, 31, 39, 40, 46, 47, 53, 54], 6: [9, 21, 32], 5: [12]})
INFO:  current select feature name : ['4']
INFO:  current select op : stand_scaler
INFO:  current select feature name : ['4']
INFO:  current select op : sigmoid
INFO:  start to learn in model_c1
INFO:  start to learn in model_c2
INFO:  start to learn in model_op
INFO:  New performance is: 0.489909, Best performance is: 0.519153 (e8s9) Base performance is: 0.503709
INFO:  Episode 9, Step 3 ends!
INFO:  Current spend time for step-3 is: 64.1s
INFO:  current cluster : defaultdict(<class 'list'>, {1: [0, 1, 3, 5, 7, 10, 13, 16, 17, 19, 22, 24, 27, 28, 30, 33, 35, 36, 37, 38, 41, 42, 43, 44, 45, 48, 49, 50, 51, 52, 55], 0: [2, 11, 15, 23, 26, 34], 3: [4], 4: [6, 18, 29], 6: [8, 14, 20, 25, 31, 39, 40, 46, 47, 53, 54], 2: [9, 21, 32], 5: [12]})
INFO:  current select feature name : ['4']
INFO:  current select op : -
INFO:  current select feature name : ['4']
INFO:  current select feature name : ['4']
INFO:  current select op : sigmoid
INFO:  current select feature name : ['6' '4-6' '5_stand_scaler-6']
INFO:  start to learn in model_c1
INFO:  start to learn in model_c2
INFO:  start to learn in model_op
INFO:  New performance is: 0.491586, Best performance is: 0.519153 (e8s9) Base performance is: 0.503709
INFO:  Episode 9, Step 4 ends!
INFO:  Current spend time for step-4 is: 63.8s
INFO:  current cluster : defaultdict(<class 'list'>, {0: [0, 1, 3, 4, 6, 7, 9, 12, 13, 15, 16, 18, 19, 21, 23, 24, 26, 27, 29, 30, 32, 34, 35, 36, 37, 38, 39, 40, 41, 42, 43, 44, 45, 46, 47, 48, 49, 50, 51, 52, 53, 54], 1: [2, 14, 25], 4: [5, 17, 28], 2: [8, 20, 31], 6: [10, 22, 33], 5: [11], 3: [55]})
INFO:  current select feature name : ['11' '4-11' '5_stand_scaler-11']
INFO:  current select op : sin
INFO:  current select feature name : ['4-4']
INFO:  current select op : sigmoid
INFO:  start to learn in model_c1
INFO:  start to learn in model_c2
INFO:  start to learn in model_op
INFO:  New performance is: 0.486526, Best performance is: 0.519153 (e8s9) Base performance is: 0.503709
INFO:  Episode 9, Step 5 ends!
INFO:  Current spend time for step-5 is: 66.2s
INFO:  current cluster : defaultdict(<class 'list'>, {0: [0, 1, 3, 4, 6, 9, 12, 15, 16, 18, 21, 23, 26, 27, 29, 32, 34, 35, 36, 37, 40, 41, 42, 43, 44, 47, 48, 49, 50, 51, 54], 5: [2], 6: [5, 17, 28], 2: [7, 13, 19, 24, 30, 38, 39, 45, 46, 52, 53], 1: [8, 20, 31], 4: [10, 14, 22, 25, 33, 55], 3: [11]})
INFO:  current select feature name : ['2']
INFO:  current select op : *
INFO:  current select feature name : ['10' '1' '3' '5' '7' '11' '4-10' '4-3' '4-5' '4-7' '4-11'
 '5_stand_scaler-10' '5_stand_scaler-3' '5_stand_scaler-5'
 '5_stand_scaler-7' '5_stand_scaler-11' '10_quan_trans' '1_quan_trans'
 '3_quan_trans' '5_quan_trans' '11_quan_trans' '4-10_quan_trans'
 '4-1_quan_trans' '4-3_quan_trans' '4-5_quan_trans' '4-11_quan_trans'
 '5_stand_scaler-10_quan_trans' '5_stand_scaler-1_quan_trans'
 '5_stand_scaler-3_quan_trans' '5_stand_scaler-5_quan_trans'
 '5_stand_scaler-11_quan_trans']
INFO:  current select feature name : ['2']
INFO:  current select op : sigmoid
INFO:  current select feature name : ['4-2' '5_stand_scaler-2']
INFO:  start to learn in model_c1
INFO:  start to learn in model_c2
INFO:  start to learn in model_op
INFO:  New performance is: 0.491098, Best performance is: 0.519153 (e8s9) Base performance is: 0.503709
INFO:  Episode 9, Step 6 ends!
INFO:  Current spend time for step-6 is: 105.1s
INFO:  current cluster : defaultdict(<class 'list'>, {1: [0, 1, 7, 9, 11, 13, 15, 17, 34, 36, 37, 39, 41, 42, 45, 49, 50, 51, 52, 53, 54, 55], 5: [2, 3, 8, 14, 22, 26, 31, 46], 2: [4, 10, 16], 0: [5, 12, 18, 20, 23, 24, 25, 27, 28, 29, 30, 32, 33, 35, 38, 40, 43, 44, 48], 3: [6], 6: [19], 4: [21, 47]})
INFO:  current select feature name : ['10' '1' '8' '11' '13' '4-1' '4-3' '4-6' '10_quan_trans' '3_quan_trans'
 '5_quan_trans' '8_quan_trans' '4-10_quan_trans' '4-1_quan_trans'
 '4-7_quan_trans' '5_stand_scaler-1_quan_trans'
 '5_stand_scaler-3_quan_trans' '5_stand_scaler-5_quan_trans'
 '5_stand_scaler-7_quan_trans' '5_stand_scaler-8_quan_trans'
 '5_stand_scaler-11_quan_trans' '11_sin']
INFO:  current select op : quan_trans
INFO:  current select feature name : ['2*5_quan_trans']
INFO:  current select op : sigmoid
INFO:  start to learn in model_c1
INFO:  start to learn in model_c2
INFO:  start to learn in model_op
INFO:  New performance is: 0.490164, Best performance is: 0.519153 (e8s9) Base performance is: 0.503709
INFO:  Episode 9, Step 7 ends!
INFO:  Current spend time for step-7 is: 83.2s
INFO:  current cluster : defaultdict(<class 'list'>, {2: [0, 11, 29, 31, 33, 37, 41, 42, 43, 44, 45, 49], 1: [1, 2, 6, 10, 17, 21, 26, 38], 6: [3, 8, 12], 0: [4, 7, 9, 13, 14, 15, 18, 19, 20, 22, 23, 24, 25, 27, 28, 30, 32, 34, 35, 36, 40, 46, 47, 48, 50, 51, 52, 53, 54, 55], 3: [5], 5: [16], 4: [39]})
INFO:  current select feature name : ['11']
INFO:  current select op : *
INFO:  current select feature name : ['6' '4-10' '4-5' '5_stand_scaler-10' '5_stand_scaler-3'
 '5_stand_scaler-5' '5_stand_scaler-11' '10_quan_trans' '1_quan_trans'
 '5_quan_trans' '11_quan_trans' '4-10_quan_trans' '4-1_quan_trans'
 '4-5_quan_trans' '4-11_quan_trans' '5_stand_scaler-1_quan_trans'
 '5_stand_scaler-5_quan_trans' '2*3' '2*5' '2*11' '2*4-11'
 '2*3_quan_trans' '2*5_quan_trans' '2*11_quan_trans' '2*4-3_quan_trans'
 '2*4-5_quan_trans' '2*4-11_quan_trans' '2*5_stand_scaler-3_quan_trans'
 '2*5_stand_scaler-5_quan_trans' '2*5_stand_scaler-11_quan_trans']
INFO:  current select feature name : ['13']
INFO:  current select op : sigmoid
INFO:  current select feature name : ['11*6' '11*4-10' '11*2*5']
INFO:  start to learn in model_c1
INFO:  start to learn in model_c2
INFO:  start to learn in model_op
INFO:  New performance is: 0.461986, Best performance is: 0.519153 (e8s9) Base performance is: 0.503709
INFO:  Episode 9, Step 8 ends!
INFO:  Current spend time for step-8 is: 103.4s
INFO:  current cluster : defaultdict(<class 'list'>, {2: [0, 1, 3, 5, 6, 8, 9, 11, 12, 13, 15, 16, 17, 18, 19, 20, 21, 22, 23, 24, 25, 26, 27, 28, 29, 30, 31, 32, 33, 34, 35, 36, 37, 38, 39, 40, 41, 50, 52, 53, 54], 1: [2, 7, 10], 5: [4], 0: [14, 51], 4: [42, 43, 46, 47, 55], 6: [44, 48], 3: [45, 49]})
INFO:  current select feature name : ['10' '3' '6' '13' '4-3' '4-6' '4-11' '5_stand_scaler-5'
 '5_stand_scaler-6' '5_stand_scaler-11' '1_quan_trans' '3_quan_trans'
 '5_quan_trans' '11_quan_trans' '4-10_quan_trans' '4-1_quan_trans'
 '4-3_quan_trans' '4-5_quan_trans' '4-11_quan_trans'
 '5_stand_scaler-10_quan_trans' '5_stand_scaler-1_quan_trans'
 '5_stand_scaler-3_quan_trans' '5_stand_scaler-5_quan_trans'
 '5_stand_scaler-11_quan_trans' '2*3' '2*5' '2*11' '2*4-3' '2*4-5'
 '2*4-11' '2*5_stand_scaler-11' '2*10_quan_trans' '2*1_quan_trans'
 '2*3_quan_trans' '2*5_quan_trans' '2*11_quan_trans' '2*4-3_quan_trans'
 '5_stand_scaler-11_quan_trans_quan_trans'
 '5_stand_scaler-5_quan_trans_quan_trans'
 '5_stand_scaler-8_quan_trans_quan_trans' '8_quan_trans']
INFO:  current select op : sqrt
INFO:  current select feature name : ['13']
INFO:  current select op : sigmoid
INFO:  start to learn in model_c1
INFO:  start to learn in model_c2
INFO:  start to learn in model_op
INFO:  New performance is: 0.461207, Best performance is: 0.519153 (e8s9) Base performance is: 0.503709
INFO:  Episode 9, Step 9 ends!
INFO:  Current spend time for step-9 is: 89.2s
INFO:  Total training time for is: 5143.4s
INFO:  Exploration ends!
INFO:  Begin evaluation...
INFO:  MAE on original is: -0.773, MAE on generated is: -0.744
INFO:  RMSE on original is: -4.670, RMSE on generated is: -4.434
INFO:  1-RAE on original is: 0.601, 1-RAE on generated is: 0.607
INFO:  Total using time: 5145.2s
