INFO:  {'name': 'housing_boston', 'log_level': 'info', 'episodes': 10, 'steps': 10, 'enlarge_num': 4, 'memory': 8, 'a': 1, 'b': 1, 'c': 1, 'hidden_size': 64, 'batch_size': 8, 'replay_strategy': 'random', 'ent_weight': 0.001, 'init_w': 0.1, 'id': '0', 'ablation_mode': '', 'out_put': '.'}
INFO:  running experiment on cpu
INFO:  read the data from /home/pjanga/Group-wise-Reinforcement-Feature-Generation-for-Optimal-and-Explainable-Representation-Space-Reconst/data/processed/housing_boston.hdf
INFO:  opt path is ./tmp/housing_boston_random_/
INFO:  initialize the features...
[10, 1, 2, 3, 4, 5, 6, 7, 8, 9, 11, 12, 13, 'label']
INFO:  initial memories with random
INFO:  MAE on original is: -0.955, MAE on generated is: -0.955
INFO:  RMSE on original is: -5.964, RMSE on generated is: -5.964
INFO:  1-RAE on original is: -0.005, 1-RAE on generated is: -0.005
ERROR:  Found array with 0 sample(s) (shape=(0, 13)) while a minimum of 1 is required by RandomForestRegressor.
Traceback (most recent call last):
  File "/home/pjanga/Group-wise-Reinforcement-Feature-Generation-for-Optimal-and-Explainable-Representation-Space-Reconst/main.py", line 227, in <module>
    train(params)
  File "/home/pjanga/Group-wise-Reinforcement-Feature-Generation-for-Optimal-and-Explainable-Representation-Space-Reconst/main.py", line 103, in train
    old_per = ENV.get_reward(Dg)
  File "/home/pjanga/Group-wise-Reinforcement-Feature-Generation-for-Optimal-and-Explainable-Representation-Space-Reconst/feature_env.py", line 67, in get_reward
    score_A = downstream_task_new(env_A, self.task_type, self.task_name)
  File "/home/pjanga/Group-wise-Reinforcement-Feature-Generation-for-Optimal-and-Explainable-Representation-Space-Reconst/utils/tools.py", line 185, in downstream_task_new
    y_predict = reg.predict(X.iloc[test_idx, :])
  File "/home/pjanga/.conda/envs/grfg_env/lib/python3.9/site-packages/sklearn/ensemble/_forest.py", line 1066, in predict
    X = self._validate_X_predict(X)
  File "/home/pjanga/.conda/envs/grfg_env/lib/python3.9/site-packages/sklearn/ensemble/_forest.py", line 638, in _validate_X_predict
    X = validate_data(
  File "/home/pjanga/.conda/envs/grfg_env/lib/python3.9/site-packages/sklearn/utils/validation.py", line 2944, in validate_data
    out = check_array(X, input_name="X", **check_params)
  File "/home/pjanga/.conda/envs/grfg_env/lib/python3.9/site-packages/sklearn/utils/validation.py", line 1130, in check_array
    raise ValueError(
ValueError: Found array with 0 sample(s) (shape=(0, 13)) while a minimum of 1 is required by RandomForestRegressor.
