INFO:  {'name': 'housing_boston', 'log_level': 'info', 'episodes': 10, 'steps': 10, 'enlarge_num': 4, 'memory': 8, 'a': 1, 'b': 1, 'c': 1, 'hidden_size': 64, 'batch_size': 8, 'replay_strategy': 'random', 'ent_weight': 0.001, 'init_w': 0.1, 'id': '0', 'ablation_mode': '', 'out_put': '.'}
INFO:  running experiment on cpu
INFO:  read the data from /home/pjanga/Group-wise-Reinforcement-Feature-Generation-for-Optimal-and-Explainable-Representation-Space-Reconst/data/processed/housing_boston.hdf
INFO:  opt path is ./tmp/housing_boston_random_/
INFO:  initialize the features...
[10, 1, 2, 3, 4, 5, 6, 7, 8, 9, 11, 12, 13, 'label']
INFO:  initial memories with random
INFO:  MAE on original is: -1.022, MAE on generated is: -1.022
INFO:  RMSE on original is: -6.563, RMSE on generated is: -6.563
INFO:  1-RAE on original is: 0.668, 1-RAE on generated is: 0.668
INFO:  start training, the original performance is 0.6127898916314496
INFO:  current cluster : defaultdict(<class 'list'>, {0: [0, 1, 2, 3, 5, 6, 7, 8, 9, 10, 11], 1: [4], 2: [12]})
INFO:  current select feature name : ['10' '1' '2' '3' '5' '6' '7' '8' '9' '11' '12']
INFO:  current select op : *
INFO:  current select feature name : ['4']
INFO:  current select feature name : ['4']
INFO:  current select op : log
INFO:  current select feature name : ['13']
INFO:  New performance is: 0.605666, Best performance is: 0.612790 (e-1s-1) Base performance is: 0.612790
INFO:  Episode 0, Step 0 ends!
INFO:  Current spend time for step-0 is: 9.1s
INFO:  current cluster : defaultdict(<class 'list'>, {0: [0, 1, 2, 3, 5, 6, 7, 8, 9, 10, 13, 14, 15, 16, 17, 18, 19, 20, 21, 22], 3: [4], 1: [11, 23], 2: [12]})
INFO:  current select feature name : ['4']
INFO:  current select op : sin
INFO:  current select feature name : ['4' '4_sin']
INFO:  current select op : log
INFO:  New performance is: 0.603945, Best performance is: 0.612790 (e-1s-1) Base performance is: 0.612790
INFO:  Episode 0, Step 1 ends!
INFO:  Current spend time for step-1 is: 13.4s
INFO:  current cluster : defaultdict(<class 'list'>, {0: [0, 1, 2, 3, 5, 7, 8, 9, 10, 13, 14, 15, 16, 17, 19, 20, 21, 22], 4: [4, 24], 1: [6, 18], 3: [11, 23], 2: [12]})
INFO:  current select feature name : ['12' '12*4']
INFO:  current select op : sigmoid
INFO:  current select feature name : ['4' '4_sin']
INFO:  current select op : log
INFO:  New performance is: 0.603318, Best performance is: 0.612790 (e-1s-1) Base performance is: 0.612790
INFO:  Episode 0, Step 2 ends!
INFO:  Current spend time for step-2 is: 14.9s
INFO:  current cluster : defaultdict(<class 'list'>, {0: [0, 1, 2, 3, 5, 7, 8, 9, 10, 13, 14, 15, 16, 17, 19, 20, 21, 22], 1: [4, 24], 4: [6, 18], 3: [11, 23, 25, 26], 2: [12]})
INFO:  current select feature name : ['12' '12*4' '12_sigmoid' '12*4_sigmoid']
INFO:  current select op : sqrt
INFO:  current select feature name : ['4' '4_sin']
INFO:  current select op : log
INFO:  New performance is: 0.598960, Best performance is: 0.612790 (e-1s-1) Base performance is: 0.612790
INFO:  Episode 0, Step 3 ends!
INFO:  Current spend time for step-3 is: 17.0s
INFO:  current cluster : defaultdict(<class 'list'>, {1: [0, 1, 3, 5, 6, 7, 8, 10, 13, 14, 16, 17, 18, 19, 20, 22], 0: [2, 9, 15, 21], 4: [4, 24], 3: [11, 23, 25, 26, 27, 28], 2: [12]})
INFO:  current select feature name : ['12' '12*4' '12_sigmoid' '12*4_sigmoid' '12_sigmoid_sqrt'
 '12*4_sigmoid_sqrt']
INFO:  current select op : minmax_scaler
INFO:  current select feature name : ['4']
INFO:  current select op : log
INFO:  New performance is: 0.601592, Best performance is: 0.612790 (e-1s-1) Base performance is: 0.612790
INFO:  Episode 0, Step 4 ends!
INFO:  Current spend time for step-4 is: 21.8s
INFO:  current cluster : defaultdict(<class 'list'>, {0: [0, 1, 2, 3, 5, 7, 8, 9, 10, 13, 14, 15, 16, 17, 19, 20, 21, 22], 3: [4, 24], 1: [6, 18], 4: [11, 23, 25, 26, 27, 28, 29, 30, 31, 32, 33, 34], 2: [12]})
INFO:  current select feature name : ['13']
INFO:  current select op : +
INFO:  current select feature name : ['6' '6*4']
INFO:  current select feature name : ['13+6*4']
INFO:  current select op : log
INFO:  current select feature name : ['9' '9*4']
INFO:  New performance is: 0.594725, Best performance is: 0.612790 (e-1s-1) Base performance is: 0.612790
INFO:  Episode 0, Step 5 ends!
INFO:  Current spend time for step-5 is: 26.7s
INFO:  current cluster : defaultdict(<class 'list'>, {0: [0, 1, 3, 5, 6, 7, 8, 10, 13, 14, 16, 17, 18, 19, 20, 22, 35], 3: [2, 15], 1: [4, 24], 4: [9, 21], 5: [11, 23, 25, 26, 27, 28, 29, 30, 31, 32, 33, 34], 2: [12, 36]})
INFO:  current select feature name : ['9' '9*4']
INFO:  current select op : *
INFO:  current select feature name : ['9' '9*4']
INFO:  current select feature name : ['4']
INFO:  current select op : log
INFO:  current select feature name : ['6' '6*4']
INFO:  New performance is: 0.591036, Best performance is: 0.612790 (e-1s-1) Base performance is: 0.612790
INFO:  Episode 0, Step 6 ends!
INFO:  Current spend time for step-6 is: 31.0s
INFO:  current cluster : defaultdict(<class 'list'>, {0: [0, 1, 2, 3, 5, 7, 8, 9, 10, 13, 14, 15, 16, 17, 19, 20, 21, 22, 35, 37, 38, 39, 40], 5: [4], 1: [6, 18], 4: [11, 23, 25, 26, 27, 28, 29, 30, 31, 32, 33, 34], 2: [12, 36], 3: [24]})
INFO:  current select feature name : ['10' '1' '2' '3' '5' '7' '8' '9' '11' '10*4' '1*4' '2*4' '3*4' '5*4'
 '7*4' '8*4' '9*4' '11*4' '13+6' '9*9' '9*9*4' '9*4*9' '9*4*9*4']
INFO:  current select op : reciprocal
INFO:  current select feature name : ['4' '4_sin']
INFO:  current select op : log
INFO:  start to learn in model_c1
INFO:  start to learn in model_op
INFO:  New performance is: 0.586911, Best performance is: 0.612790 (e-1s-1) Base performance is: 0.612790
INFO:  Episode 0, Step 7 ends!
INFO:  Current spend time for step-7 is: 55.7s
INFO:  current cluster : defaultdict(<class 'list'>, {2: [0, 1, 3, 4, 9, 15, 16, 21, 37, 40, 41, 47], 1: [2, 10, 14, 22, 23, 24, 25, 26, 27, 28, 29, 30, 39, 46], 5: [5], 0: [6, 7, 8, 12, 13, 18, 19, 20, 31, 33, 34, 35, 36, 38, 42, 43, 44, 45, 48, 49, 50, 51, 52, 53, 54, 55], 6: [11], 4: [17], 3: [32]})
INFO:  current select feature name : ['12']
INFO:  current select op : quan_trans
INFO:  current select feature name : ['6']
INFO:  current select op : sigmoid
INFO:  start to learn in model_c1
INFO:  start to learn in model_op
INFO:  New performance is: 0.592206, Best performance is: 0.612790 (e-1s-1) Base performance is: 0.612790
INFO:  Episode 0, Step 8 ends!
INFO:  Current spend time for step-8 is: 63.1s
INFO:  current cluster : defaultdict(<class 'list'>, {0: [0, 3, 4, 6, 7, 8, 9, 12, 13, 15, 16, 18, 19, 20, 21, 30, 32, 33, 34, 35, 36, 37, 39, 40, 41, 42, 43, 44, 46, 47, 48, 49, 50, 51, 52, 53, 54], 6: [1], 1: [2, 10, 14, 22, 23, 24, 25, 26, 27, 28, 29, 38, 45], 5: [5], 2: [11, 55], 3: [17], 4: [31]})
INFO:  current select feature name : ['2' '12' '2*4' '12*4' '12_sigmoid' '12*4_sigmoid' '12_sigmoid_sqrt'
 '12_minmax_scaler' '12*4_minmax_scaler' '12_sigmoid_minmax_scaler'
 '12*4_sigmoid_minmax_scaler' '1_reciprocal' '1*4_reciprocal']
INFO:  current select op : +
INFO:  current select feature name : ['6*4']
INFO:  current select feature name : ['13' '12_quan_trans']
INFO:  current select op : sigmoid
INFO:  current select feature name : ['10' '3' '5' '11' '3*4' '5*4' '6*4' '11*4' '10_reciprocal' '3_reciprocal'
 '5_reciprocal' '3*4_reciprocal' '12+6*4' '12_sigmoid+6*4'
 '12_sigmoid_sqrt+6*4' '12_minmax_scaler+6*4' '12*4_minmax_scaler+6*4'
 '12*4_sigmoid_minmax_scaler+6*4']
INFO:  start to learn in model_c1
INFO:  start to learn in model_op
INFO:  New performance is: 0.600241, Best performance is: 0.612790 (e-1s-1) Base performance is: 0.612790
INFO:  Episode 0, Step 9 ends!
INFO:  Current spend time for step-9 is: 77.9s
INFO:  Best performance is: 0.612790
INFO:  Episode 0 ends!
INFO:  current cluster : defaultdict(<class 'list'>, {0: [0, 1, 2, 3, 5, 6, 7, 8, 9, 10, 11], 1: [4], 2: [12]})
INFO:  current select feature name : ['10*4']
INFO:  current select op : square
INFO:  current select feature name : ['10' '1' '2' '3' '5' '6' '7' '8' '9' '11' '13' '10*4_square']
INFO:  current select op : sigmoid
INFO:  start to learn in model_c1
INFO:  start to learn in model_op
INFO:  New performance is: 0.607605, Best performance is: 0.612790 (e-1s-1) Base performance is: 0.612790
INFO:  Episode 1, Step 0 ends!
INFO:  Current spend time for step-0 is: 5.1s
INFO:  current cluster : defaultdict(<class 'list'>, {0: [0, 1, 2, 3, 5, 7, 8, 9, 10, 11, 12, 13], 1: [4], 2: [6]})
INFO:  current select feature name : ['6']
INFO:  current select op : sqrt
INFO:  current cluster : defaultdict(<class 'list'>, {0: [0, 1, 2, 3, 5, 6, 7, 8, 9, 10, 12, 13], 1: [4], 2: [11]})
INFO:  current select feature name : ['12']
INFO:  current select op : sigmoid
INFO:  current select feature name : ['10' '1' '2' '3' '5' '7' '8' '9' '11' '12' '13' '10*4_square'
 '12_sigmoid']
INFO:  current select op : sigmoid
INFO:  start to learn in model_c1
INFO:  start to learn in model_op
INFO:  New performance is: 0.604536, Best performance is: 0.612790 (e-1s-1) Base performance is: 0.612790
INFO:  Episode 1, Step 1 ends!
INFO:  Current spend time for step-1 is: 5.7s
INFO:  current cluster : defaultdict(<class 'list'>, {0: [0, 1, 2, 3, 5, 7, 8, 9, 10, 11, 12, 13, 14], 1: [4], 2: [6]})
INFO:  current select feature name : ['10' '1' '2' '3' '5' '7' '8' '9' '11' '12' '13' '10*4_square'
 '12_sigmoid']
INFO:  current select op : sqrt
INFO:  current select feature name : ['10' '1' '2' '3' '5' '7' '8' '9' '11' '13' '10*4_square'
 '10*4_square_sqrt']
INFO:  current select op : sigmoid
INFO:  start to learn in model_c1
INFO:  start to learn in model_op
INFO:  New performance is: 0.603332, Best performance is: 0.612790 (e-1s-1) Base performance is: 0.612790
INFO:  Episode 1, Step 2 ends!
INFO:  Current spend time for step-2 is: 6.7s
INFO:  current cluster : defaultdict(<class 'list'>, {0: [0, 1, 2, 3, 5, 7, 8, 9, 10, 12, 13, 15], 3: [4], 1: [6], 2: [11, 14, 16]})
INFO:  current select feature name : ['10' '1' '2' '3' '5' '7' '8' '9' '11' '13' '10*4_square'
 '10*4_square_sqrt']
INFO:  current select op : sin
INFO:  current select feature name : ['12' '12_sigmoid' '12_sigmoid_sqrt']
INFO:  current select op : sigmoid
INFO:  start to learn in model_c1
INFO:  start to learn in model_op
INFO:  New performance is: 0.604840, Best performance is: 0.612790 (e-1s-1) Base performance is: 0.612790
INFO:  Episode 1, Step 3 ends!
INFO:  Current spend time for step-3 is: 12.8s
INFO:  current cluster : defaultdict(<class 'list'>, {1: [0, 1, 3, 5, 7, 8, 10, 12, 13, 15, 17, 18, 20, 21, 22, 23, 25, 26, 27, 28], 0: [2, 11, 14, 16, 19], 3: [4], 2: [6], 4: [9, 24]})
INFO:  current select feature name : ['6']
INFO:  current select op : sin
INFO:  current select feature name : ['2' '12' '12_sigmoid' '12_sigmoid_sqrt' '2_sin']
INFO:  current select op : sigmoid
INFO:  start to learn in model_c1
INFO:  start to learn in model_op
INFO:  New performance is: 0.603232, Best performance is: 0.612790 (e-1s-1) Base performance is: 0.612790
INFO:  Episode 1, Step 4 ends!
INFO:  Current spend time for step-4 is: 18.6s
INFO:  current cluster : defaultdict(<class 'list'>, {0: [0, 1, 3, 5, 7, 8, 10, 12, 13, 15, 17, 18, 20, 21, 22, 23, 25, 26, 27, 28], 1: [2, 11, 14, 16, 19], 3: [4], 2: [6, 29], 4: [9, 24]})
INFO:  current select feature name : ['10' '1' '3' '5' '7' '8' '11' '13' '10*4_square' '10*4_square_sqrt'
 '10_sin' '1_sin' '3_sin' '5_sin' '7_sin' '8_sin' '11_sin' '13_sin'
 '10*4_square_sin' '10*4_square_sqrt_sin']
INFO:  current select op : -
INFO:  current select feature name : ['6' '6_sin']
INFO:  current select feature name : ['12' '12_sigmoid' '12_sigmoid_sqrt']
INFO:  current select op : sigmoid
INFO:  current select feature name : ['9' '9_sin']
INFO:  start to learn in model_c1
INFO:  start to learn in model_op
INFO:  New performance is: 0.574185, Best performance is: 0.612790 (e-1s-1) Base performance is: 0.612790
INFO:  Episode 1, Step 5 ends!
INFO:  Current spend time for step-5 is: 58.4s
INFO:  current cluster : defaultdict(<class 'list'>, {0: [0, 1, 6, 7, 13, 14, 18, 19, 34, 35, 48, 49], 1: [2, 15], 2: [3, 4, 5, 9, 10, 11, 12, 16, 17, 21, 22, 23, 24, 25, 26, 27, 28, 29, 30, 31, 32, 33, 40, 41, 42, 43, 44, 45, 46, 47], 3: [8, 20], 6: [36, 37, 50, 51], 5: [38, 39, 52, 53], 4: [54, 55]})
INFO:  current select feature name : ['3_sin-6' '3_sin-6_sin']
INFO:  current select op : log
INFO:  current cluster : defaultdict(<class 'list'>, {0: [0, 1, 6, 13, 14, 18, 34, 35, 48, 49], 4: [2, 15], 1: [3, 4, 5, 9, 10, 11, 12, 16, 17, 21, 22, 23, 24, 25, 26, 27, 28, 29, 30, 31, 32, 33, 36, 37, 40, 41, 42, 43, 44, 45, 46, 47, 50, 51], 6: [7, 19], 3: [8, 20], 5: [38, 39, 52, 53], 2: [54, 55]})
INFO:  current select feature name : ['7-6' '7-6_sin' '1_sin-6' '1_sin-6_sin']
INFO:  current select op : quan_trans
INFO:  current select feature name : ['9' '9_sin']
INFO:  current select op : sigmoid
INFO:  start to learn in model_c1
INFO:  start to learn in model_op
INFO:  New performance is: 0.589863, Best performance is: 0.612790 (e-1s-1) Base performance is: 0.612790
INFO:  Episode 1, Step 6 ends!
INFO:  Current spend time for step-6 is: 66.7s
INFO:  current cluster : defaultdict(<class 'list'>, {0: [0, 1, 5, 12, 13, 16, 32, 33, 46, 47], 1: [2, 3, 4, 8, 10, 11, 14, 15, 19, 21, 22, 23, 24, 25, 28, 29, 30, 31, 38, 39, 42, 43, 44, 45], 4: [6, 17], 3: [7, 18], 2: [9, 20, 26, 27, 40, 41], 6: [34, 35, 48, 49], 5: [36, 37, 50, 51, 52, 53, 54, 55]})
INFO:  current select feature name : ['11-6' '11-6_sin' '11_sin-6' '11_sin-6_sin' '13_sin-6' '13_sin-6_sin'
 '10*4_square_sqrt_sin-6' '10*4_square_sqrt_sin-6_sin']
INFO:  current select op : tanh
INFO:  current select feature name : ['10*4_square' '10*4_square_sqrt' '10*4_square_sin' '10*4_square_sqrt_sin']
INFO:  current select op : sigmoid
INFO:  start to learn in model_c1
INFO:  start to learn in model_op
INFO:  New performance is: 0.590267, Best performance is: 0.612790 (e-1s-1) Base performance is: 0.612790
INFO:  Episode 1, Step 7 ends!
INFO:  Current spend time for step-7 is: 71.6s
INFO:  current cluster : defaultdict(<class 'list'>, {0: [0, 1, 9], 5: [2, 3, 5, 7, 8, 10, 11, 12, 14, 15, 23, 24], 2: [4, 16, 17, 18, 21, 22, 31, 32, 35, 36, 37, 38], 6: [6, 13, 19, 20, 33, 34], 1: [25, 26, 39], 3: [27, 28, 40, 41], 4: [29, 30, 42, 43, 44, 45, 46, 47, 48, 49, 50, 51, 52, 53, 54, 55]})
INFO:  current select feature name : ['10-6_sin' '1-6' '10_sin-6_sin']
INFO:  current select op : sin
INFO:  current select feature name : ['6' '6_sin' '5_sin-6' '5_sin-6_sin']
INFO:  current select op : sigmoid
INFO:  start to learn in model_c1
INFO:  start to learn in model_op
INFO:  New performance is: 0.563571, Best performance is: 0.612790 (e-1s-1) Base performance is: 0.612790
INFO:  Episode 1, Step 8 ends!
INFO:  Current spend time for step-8 is: 64.6s
INFO:  current cluster : defaultdict(<class 'list'>, {5: [0, 8, 24, 25, 38, 55], 2: [1, 2, 4, 9, 10, 11, 22, 23], 4: [3, 15, 16, 17, 20, 21, 30, 31, 34, 35, 36, 37], 1: [5, 12, 18, 19, 32, 33], 0: [6, 7, 13, 14], 6: [26, 27, 39, 40], 3: [28, 29, 41, 42, 43, 44, 45, 46, 47, 48, 49, 50, 51, 52, 53, 54]})
INFO:  current select feature name : ['10' '10*4_square_sqrt' '5-6_sin' '7-6' '5_sin-6_sin'
 '10*4_square_sqrt_sin-6_sin_tanh']
INFO:  current select op : square
INFO:  current select feature name : ['5_sin-6_sin_square']
INFO:  current select op : sigmoid
INFO:  start to learn in model_c1
INFO:  start to learn in model_op
INFO:  New performance is: 0.567183, Best performance is: 0.612790 (e-1s-1) Base performance is: 0.612790
INFO:  Episode 1, Step 9 ends!
INFO:  Current spend time for step-9 is: 69.1s
INFO:  current cluster : defaultdict(<class 'list'>, {0: [0, 1, 2, 3, 5, 6, 7, 8, 9, 10, 11], 1: [4], 2: [12]})
INFO:  current select feature name : ['13_sin']
INFO:  current select op : -
INFO:  current select feature name : ['10' '3' '5' '6' '13' '10*4_square' '10*4_square_sqrt' '10_sin' '3_sin'
 '5_sin' '11_sin']
INFO:  current select feature name : ['12']
INFO:  current select op : sigmoid
INFO:  current select feature name : ['12']
INFO:  start to learn in model_c1
INFO:  start to learn in model_op
INFO:  New performance is: 0.577189, Best performance is: 0.612790 (e-1s-1) Base performance is: 0.612790
INFO:  Episode 2, Step 0 ends!
INFO:  Current spend time for step-0 is: 9.1s
INFO:  current cluster : defaultdict(<class 'list'>, {0: [0, 1, 2, 3, 5, 7, 8, 9, 10, 13, 16, 17, 19, 20, 22], 3: [4], 1: [6, 12, 14, 15, 18, 21, 23], 2: [11]})
INFO:  current select feature name : ['12']
INFO:  current select op : /
INFO:  current select feature name : ['10' '1' '2' '3' '5' '7' '8' '9' '11' '13_sin-10' '13_sin-6' '13_sin-13'
 '13_sin-10*4_square_sqrt' '13_sin-10_sin' '13_sin-5_sin']
INFO:  current cluster : defaultdict(<class 'list'>, {1: [0, 1, 2, 3, 5, 7, 8, 9, 10, 13, 16, 17, 19, 20, 22], 3: [4], 0: [6, 12, 14, 15, 18, 21, 23], 2: [11]})
INFO:  current select feature name : ['4']
INFO:  current select op : quan_trans
INFO:  current select feature name : ['12']
INFO:  current select op : sigmoid
INFO:  start to learn in model_c1
INFO:  start to learn in model_op
INFO:  New performance is: 0.584709, Best performance is: 0.612790 (e-1s-1) Base performance is: 0.612790
INFO:  Episode 2, Step 1 ends!
INFO:  Current spend time for step-1 is: 13.6s
INFO:  current cluster : defaultdict(<class 'list'>, {0: [0, 1, 3, 5, 7, 8, 10, 13, 20], 1: [2, 9, 11, 16, 17, 19, 22], 4: [4, 24], 2: [6, 12, 14, 15, 21, 23], 3: [18]})
INFO:  current select feature name : ['4' '4_quan_trans']
INFO:  current select op : /
INFO:  current select feature name : ['13_sin-10*4_square']
INFO:  current select feature name : ['12']
INFO:  current select op : sigmoid
INFO:  current select feature name : ['12']
INFO:  start to learn in model_c1
INFO:  start to learn in model_op
INFO:  New performance is: 0.579383, Best performance is: 0.612790 (e-1s-1) Base performance is: 0.612790
INFO:  Episode 2, Step 2 ends!
INFO:  Current spend time for step-2 is: 15.2s
INFO:  current cluster : defaultdict(<class 'list'>, {0: [0, 1, 3, 5, 6, 7, 8, 10, 12, 13, 14, 15, 20, 21, 23, 25], 1: [2, 11, 16, 17, 19, 22], 4: [4, 24, 26], 2: [9], 3: [18]})
INFO:  current select feature name : ['9']
INFO:  current select op : log
INFO:  current cluster : defaultdict(<class 'list'>, {0: [0, 1, 3, 5, 6, 7, 8, 10, 12, 13, 14, 15, 16, 17, 18, 19, 20, 21, 22, 23, 25], 4: [2], 1: [4, 24, 26], 3: [9], 2: [11]})
INFO:  current select feature name : ['2']
INFO:  current select op : sqrt
INFO:  current cluster : defaultdict(<class 'list'>, {0: [0, 1, 3, 5, 6, 7, 8, 9, 10, 12, 13, 14, 15, 16, 17, 18, 19, 20, 21, 22, 23, 25], 4: [2], 1: [4, 24], 2: [11], 3: [26]})
INFO:  current select feature name : ['2']
INFO:  current select op : sqrt
INFO:  current cluster : defaultdict(<class 'list'>, {0: [0, 1, 2, 3, 5, 6, 7, 8, 9, 10, 12, 13, 14, 15, 16, 17, 19, 20, 21, 22, 23, 25], 1: [4, 24], 2: [11], 4: [18], 3: [26]})
INFO:  current select feature name : ['4' '4_quan_trans']
INFO:  current select op : cos
INFO:  current select feature name : ['4_cos']
INFO:  current select op : sigmoid
INFO:  start to learn in model_c1
INFO:  start to learn in model_op
INFO:  New performance is: 0.585125, Best performance is: 0.612790 (e-1s-1) Base performance is: 0.612790
INFO:  Episode 2, Step 3 ends!
INFO:  Current spend time for step-3 is: 17.3s
INFO:  current cluster : defaultdict(<class 'list'>, {0: [0, 1, 2, 3, 5, 6, 7, 8, 10, 12, 13, 14, 15, 16, 17, 18, 19, 20, 21, 22, 23, 25], 1: [4, 24, 26, 28], 4: [9], 3: [11], 2: [27]})
INFO:  current select feature name : ['4' '4_quan_trans' '4_quan_trans/13_sin-10*4_square' '4_quan_trans_cos']
INFO:  current select op : +
INFO:  current select feature name : ['9']
INFO:  current select feature name : ['4_cos']
INFO:  current select op : sigmoid
INFO:  current select feature name : ['4_cos']
INFO:  start to learn in model_c1
INFO:  start to learn in model_c2
INFO:  start to learn in model_op
INFO:  New performance is: 0.583225, Best performance is: 0.612790 (e-1s-1) Base performance is: 0.612790
INFO:  Episode 2, Step 4 ends!
INFO:  Current spend time for step-4 is: 20.8s
INFO:  current cluster : defaultdict(<class 'list'>, {0: [0, 1, 2, 3, 5, 6, 7, 8, 9, 10, 12, 13, 14, 15, 16, 17, 19, 20, 21, 22, 23, 25, 29, 30, 31, 32], 2: [4, 24, 26, 28], 3: [11], 4: [18], 1: [27]})
INFO:  current select feature name : ['10' '1' '2' '3' '5' '6' '7' '8' '9' '11' '13' '13_sin-10' '13_sin-3'
 '13_sin-5' '13_sin-6' '13_sin-13' '13_sin-10*4_square_sqrt'
 '13_sin-10_sin' '13_sin-3_sin' '13_sin-5_sin' '13_sin-11_sin'
 '4/13_sin-10*4_square' '4+9' '4_quan_trans+9'
 '4_quan_trans/13_sin-10*4_square+9' '4_quan_trans_cos+9']
INFO:  current select op : -
INFO:  current select feature name : ['13_sin-10*4_square']
INFO:  current select feature name : ['13_sin-5-13_sin-10*4_square']
INFO:  current select op : sigmoid
INFO:  current select feature name : ['13_sin-5-13_sin-10*4_square']
INFO:  start to learn in model_c1
INFO:  start to learn in model_c2
INFO:  start to learn in model_op
INFO:  New performance is: 0.565681, Best performance is: 0.612790 (e-1s-1) Base performance is: 0.612790
INFO:  Episode 2, Step 5 ends!
INFO:  Current spend time for step-5 is: 47.1s
INFO:  current cluster : defaultdict(<class 'list'>, {0: [0, 1, 3, 4, 5, 6, 7, 9, 11, 12, 13, 14, 17, 19, 20, 22, 23, 30, 31, 32, 33, 34, 35, 37, 38, 40, 41, 42, 44, 45, 46, 48, 49, 50, 51, 52, 53, 54, 55], 6: [2, 8, 26, 27, 28, 29], 3: [10], 4: [15, 16, 18, 36, 47], 2: [21, 39], 1: [24, 25], 5: [43]})
INFO:  current select feature name : ['10' '1' '3' '4' '5' '6' '7' '9' '12' '13' '13_sin-10' '13_sin-3'
 '13_sin-13' '13_sin-10*4_square_sqrt' '13_sin-10_sin' '13_sin-5_sin'
 '13_sin-11_sin' '4_quan_trans+9' '4_quan_trans/13_sin-10*4_square+9'
 '4_quan_trans_cos+9' '10-13_sin-10*4_square' '1-13_sin-10*4_square'
 '2-13_sin-10*4_square' '5-13_sin-10*4_square' '6-13_sin-10*4_square'
 '8-13_sin-10*4_square' '9-13_sin-10*4_square' '11-13_sin-10*4_square'
 '13_sin-10-13_sin-10*4_square' '13_sin-3-13_sin-10*4_square'
 '13_sin-5-13_sin-10*4_square' '13_sin-13-13_sin-10*4_square'
 '13_sin-10*4_square_sqrt-13_sin-10*4_square'
 '13_sin-10_sin-13_sin-10*4_square' '13_sin-3_sin-13_sin-10*4_square'
 '13_sin-5_sin-13_sin-10*4_square' '13_sin-11_sin-13_sin-10*4_square'
 '4/13_sin-10*4_square-13_sin-10*4_square' '4+9-13_sin-10*4_square']
INFO:  current select op : sqrt
INFO:  current cluster : defaultdict(<class 'list'>, {0: [0, 1, 3, 4, 5, 6, 7, 9, 11, 13, 14, 17, 19, 20, 22, 23, 31, 32, 35, 37, 38, 40, 41, 42, 44, 45, 46, 48, 49, 50, 51, 52, 53, 54, 55], 1: [2, 8, 15, 16, 18, 21, 26, 27, 28, 29, 36, 39, 47], 6: [10], 2: [12, 30, 33, 34], 5: [24], 3: [25], 4: [43]})
INFO:  current select feature name : ['4_quan_trans']
INFO:  current select op : *
INFO:  current select feature name : ['2' '8' '13_sin-5' '13_sin-6' '13_sin-10*4_square' '13_sin-3_sin'
 '4_quan_trans/13_sin-10*4_square' '4_cos' '4_quan_trans_cos' '4+9'
 '3-13_sin-10*4_square' '7-13_sin-10*4_square'
 '13_sin-6-13_sin-10*4_square']
INFO:  current select feature name : ['10' '1' '3' '5' '6' '11' '13' '13_sin-3' '13_sin-5' '13_sin-10*4_square'
 '13_sin-10_sin' '13_sin-3_sin' '13_sin-11_sin' '4/13_sin-10*4_square'
 '1-13_sin-10*4_square' '2-13_sin-10*4_square' '6-13_sin-10*4_square'
 '8-13_sin-10*4_square' '9-13_sin-10*4_square' '13-13_sin-10*4_square'
 '13_sin-10-13_sin-10*4_square' '13_sin-3-13_sin-10*4_square'
 '13_sin-6-13_sin-10*4_square' '13_sin-13-13_sin-10*4_square'
 '13_sin-10*4_square_sqrt-13_sin-10*4_square'
 '13_sin-3_sin-13_sin-10*4_square' '13_sin-5_sin-13_sin-10*4_square'
 '13_sin-11_sin-13_sin-10*4_square'
 '4/13_sin-10*4_square-13_sin-10*4_square' '4+9-13_sin-10*4_square'
 '4_quan_trans+9-13_sin-10*4_square'
 '4_quan_trans/13_sin-10*4_square+9-13_sin-10*4_square'
 '4_quan_trans_cos+9-13_sin-10*4_square']
INFO:  current select op : sigmoid
INFO:  current select feature name : ['2' '9' '12' '13_sin-6' '13_sin-13' '13_sin-10*4_square_sqrt' '4+9'
 '4_quan_trans+9' '4_quan_trans/13_sin-10*4_square+9' '4_quan_trans_cos+9'
 '7-13_sin-10*4_square' '13_sin-10_sin-13_sin-10*4_square']
INFO:  start to learn in model_c1
INFO:  start to learn in model_c2
INFO:  start to learn in model_op
INFO:  New performance is: 0.563013, Best performance is: 0.612790 (e-1s-1) Base performance is: 0.612790
INFO:  Episode 2, Step 6 ends!
INFO:  Current spend time for step-6 is: 81.4s
INFO:  current cluster : defaultdict(<class 'list'>, {2: [0, 1, 3, 4, 5, 9, 11, 13, 14, 17, 19, 20, 22, 23, 29, 30, 33, 35, 36, 38, 39, 40, 42, 43, 44, 46, 47, 48, 49, 50, 51, 52, 53], 0: [2, 8, 10, 15, 16, 18, 21, 24, 25, 26, 27, 34, 37, 45], 1: [6, 7], 6: [12, 28, 31, 32], 4: [41], 5: [54], 3: [55]})
INFO:  current select feature name : ['4_quan_trans/13_sin-10*4_square+9-13_sin-10*4_square']
INFO:  current select op : *
INFO:  current select feature name : ['4_quan_trans_cos+9-13_sin-10*4_square']
INFO:  current select feature name : ['10' '1' '3' '5' '6' '7' '8' '11' '13' '13_sin-10' '13_sin-3' '13_sin-5'
 '13_sin-10*4_square' '13_sin-10_sin' '13_sin-3_sin' '13_sin-11_sin'
 '4/13_sin-10*4_square' '10-13_sin-10*4_square' '1-13_sin-10*4_square'
 '2-13_sin-10*4_square' '3-13_sin-10*4_square' '5-13_sin-10*4_square'
 '6-13_sin-10*4_square' '8-13_sin-10*4_square' '9-13_sin-10*4_square'
 '13-13_sin-10*4_square' '13_sin-10-13_sin-10*4_square'
 '13_sin-3-13_sin-10*4_square' '13_sin-6-13_sin-10*4_square'
 '13_sin-13-13_sin-10*4_square'
 '13_sin-10*4_square_sqrt-13_sin-10*4_square'
 '13_sin-3_sin-13_sin-10*4_square' '13_sin-5_sin-13_sin-10*4_square'
 '13_sin-11_sin-13_sin-10*4_square'
 '4/13_sin-10*4_square-13_sin-10*4_square' '4+9-13_sin-10*4_square'
 '4_quan_trans+9-13_sin-10*4_square'
 '4_quan_trans/13_sin-10*4_square+9-13_sin-10*4_square'
 '4_quan_trans_cos+9-13_sin-10*4_square']
INFO:  current select op : sigmoid
INFO:  current select feature name : ['10' '1' '3' '5' '6' '7' '8' '11' '13' '13_sin-10' '13_sin-3' '13_sin-5'
 '13_sin-10*4_square' '13_sin-10_sin' '13_sin-3_sin' '13_sin-11_sin'
 '4/13_sin-10*4_square' '10-13_sin-10*4_square' '1-13_sin-10*4_square'
 '2-13_sin-10*4_square' '3-13_sin-10*4_square' '5-13_sin-10*4_square'
 '6-13_sin-10*4_square' '8-13_sin-10*4_square' '9-13_sin-10*4_square'
 '13-13_sin-10*4_square' '13_sin-10-13_sin-10*4_square'
 '13_sin-3-13_sin-10*4_square' '13_sin-6-13_sin-10*4_square'
 '13_sin-13-13_sin-10*4_square'
 '13_sin-10*4_square_sqrt-13_sin-10*4_square'
 '13_sin-3_sin-13_sin-10*4_square' '13_sin-5_sin-13_sin-10*4_square'
 '13_sin-11_sin-13_sin-10*4_square'
 '4/13_sin-10*4_square-13_sin-10*4_square' '4+9-13_sin-10*4_square'
 '4_quan_trans+9-13_sin-10*4_square'
 '4_quan_trans/13_sin-10*4_square+9-13_sin-10*4_square'
 '4_quan_trans_cos+9-13_sin-10*4_square']
INFO:  start to learn in model_c1
INFO:  start to learn in model_c2
INFO:  start to learn in model_op
INFO:  New performance is: 0.566689, Best performance is: 0.612790 (e-1s-1) Base performance is: 0.612790
INFO:  Episode 2, Step 7 ends!
INFO:  Current spend time for step-7 is: 64.9s
INFO:  current cluster : defaultdict(<class 'list'>, {1: [0, 1, 3, 4, 5, 9, 11, 13, 14, 17, 19, 20, 22, 23, 29, 30, 33, 35, 36, 38, 39, 40, 42, 43, 44, 46, 47, 48, 49, 50, 51, 52, 53], 5: [2, 8, 10, 15, 16, 18, 24, 25, 26, 27, 34, 45], 0: [6, 7, 12, 28, 31, 32], 2: [21, 37], 6: [41], 3: [54], 4: [55]})
INFO:  current select feature name : ['13_sin-5-13_sin-10*4_square']
INFO:  current select op : sigmoid
INFO:  current select feature name : ['12']
INFO:  current select op : sigmoid
INFO:  start to learn in model_c1
INFO:  start to learn in model_c2
INFO:  start to learn in model_op
INFO:  New performance is: 0.567683, Best performance is: 0.612790 (e-1s-1) Base performance is: 0.612790
INFO:  Episode 2, Step 8 ends!
INFO:  Current spend time for step-8 is: 64.9s
INFO:  current cluster : defaultdict(<class 'list'>, {1: [0, 1, 3, 4, 5, 9, 11, 13, 14, 17, 19, 20, 22, 23, 29, 30, 33, 35, 36, 38, 39, 40, 42, 43, 44, 46, 47, 48, 49, 50, 51, 52, 53], 2: [2, 8, 15, 16, 18, 24, 25, 26, 27, 34, 45], 0: [6, 7, 12, 28, 31, 32], 5: [10], 4: [21, 37], 6: [41, 55], 3: [54]})
INFO:  current select feature name : ['4_quan_trans*13_sin-6-13_sin-10*4_square']
INFO:  current select op : +
INFO:  current select feature name : ['10' '1' '3' '5' '6' '11' '13' '13_sin-3' '13_sin-5' '13_sin-10*4_square'
 '13_sin-10_sin' '13_sin-3_sin' '13_sin-11_sin' '4/13_sin-10*4_square'
 '1-13_sin-10*4_square' '2-13_sin-10*4_square' '6-13_sin-10*4_square'
 '8-13_sin-10*4_square' '9-13_sin-10*4_square' '13-13_sin-10*4_square'
 '13_sin-10-13_sin-10*4_square' '13_sin-3-13_sin-10*4_square'
 '13_sin-6-13_sin-10*4_square' '13_sin-13-13_sin-10*4_square'
 '13_sin-10*4_square_sqrt-13_sin-10*4_square'
 '13_sin-3_sin-13_sin-10*4_square' '13_sin-5_sin-13_sin-10*4_square'
 '13_sin-11_sin-13_sin-10*4_square'
 '4/13_sin-10*4_square-13_sin-10*4_square' '4+9-13_sin-10*4_square'
 '4_quan_trans+9-13_sin-10*4_square'
 '4_quan_trans/13_sin-10*4_square+9-13_sin-10*4_square'
 '4_quan_trans_cos+9-13_sin-10*4_square']
INFO:  current select feature name : ['13_sin-5-13_sin-10*4_square' '13_sin-5-13_sin-10*4_square_sigmoid']
INFO:  current select op : sigmoid
INFO:  current select feature name : ['13_sin-5-13_sin-10*4_square' '13_sin-5-13_sin-10*4_square_sigmoid']
INFO:  start to learn in model_c1
INFO:  start to learn in model_c2
INFO:  start to learn in model_op
INFO:  New performance is: 0.564368, Best performance is: 0.612790 (e-1s-1) Base performance is: 0.612790
INFO:  Episode 2, Step 9 ends!
INFO:  Current spend time for step-9 is: 110.6s
INFO:  current cluster : defaultdict(<class 'list'>, {0: [0, 1, 2, 3, 5, 6, 7, 8, 9, 10, 11], 1: [4], 2: [12]})
INFO:  current select feature name : ['13_sin-10']
INFO:  current select op : sqrt
INFO:  current cluster : defaultdict(<class 'list'>, {0: [0, 1, 2, 3, 5, 6, 7, 8, 9, 10, 11], 1: [4], 2: [12]})
INFO:  current select feature name : ['13_sin-10']
INFO:  current select op : reciprocal
INFO:  current select feature name : ['12']
INFO:  current select op : sigmoid
INFO:  start to learn in model_c1
INFO:  start to learn in model_c2
INFO:  start to learn in model_op
INFO:  New performance is: 0.608056, Best performance is: 0.612790 (e-1s-1) Base performance is: 0.612790
INFO:  Episode 3, Step 0 ends!
INFO:  Current spend time for step-0 is: 5.2s
INFO:  current cluster : defaultdict(<class 'list'>, {0: [0, 1, 2, 3, 5, 6, 7, 8, 9, 10, 12, 13], 1: [4], 2: [11]})
INFO:  current select feature name : ['10' '1' '2' '3' '5' '6' '7' '8' '9' '11' '13' '13_sin-10_reciprocal']
INFO:  current select op : log
INFO:  current cluster : defaultdict(<class 'list'>, {0: [0, 1, 2, 3, 5, 6, 7, 8, 9, 10, 12, 13], 1: [4], 2: [11]})
INFO:  current select feature name : ['12']
INFO:  current select op : square
INFO:  current select feature name : ['12' '12_square']
INFO:  current select op : sigmoid
INFO:  start to learn in model_c1
INFO:  start to learn in model_c2
INFO:  start to learn in model_op
INFO:  New performance is: 0.604997, Best performance is: 0.612790 (e-1s-1) Base performance is: 0.612790
INFO:  Episode 3, Step 1 ends!
INFO:  Current spend time for step-1 is: 5.8s
INFO:  current cluster : defaultdict(<class 'list'>, {0: [0, 1, 2, 3, 5, 6, 7, 8, 9, 10, 12, 13], 1: [4], 2: [11, 14]})
INFO:  current select feature name : ['12' '12_square']
INFO:  current select op : tanh
INFO:  current select feature name : ['12' '12_square' '12_tanh' '12_square_tanh']
INFO:  current select op : sigmoid
INFO:  start to learn in model_c1
INFO:  start to learn in model_c2
INFO:  start to learn in model_op
INFO:  New performance is: 0.603150, Best performance is: 0.612790 (e-1s-1) Base performance is: 0.612790
INFO:  Episode 3, Step 2 ends!
INFO:  Current spend time for step-2 is: 6.7s
INFO:  current cluster : defaultdict(<class 'list'>, {1: [0, 1, 2, 3, 5, 7, 8, 9, 10], 3: [4], 0: [6, 12, 13], 2: [11, 14, 15, 16]})
INFO:  current select feature name : ['4']
INFO:  current select op : square
INFO:  current select feature name : ['4_square']
INFO:  current select op : sigmoid
INFO:  start to learn in model_c1
INFO:  start to learn in model_c2
INFO:  start to learn in model_op
INFO:  New performance is: 0.607020, Best performance is: 0.612790 (e-1s-1) Base performance is: 0.612790
INFO:  Episode 3, Step 3 ends!
INFO:  Current spend time for step-3 is: 7.6s
INFO:  current cluster : defaultdict(<class 'list'>, {0: [0, 1, 2, 3, 5, 6, 7, 8, 9, 10, 12, 13], 2: [4], 1: [11, 14, 15, 16], 3: [17]})
INFO:  current select feature name : ['4_square']
INFO:  current select op : square
INFO:  current select feature name : ['10' '1' '2' '3' '5' '6' '7' '8' '9' '11' '12' '13'
 '13_sin-10_reciprocal' '12_square' '12_tanh' '12_square_tanh']
INFO:  current select op : sigmoid
INFO:  start to learn in model_c1
INFO:  start to learn in model_c2
INFO:  start to learn in model_op
INFO:  New performance is: 0.607823, Best performance is: 0.612790 (e-1s-1) Base performance is: 0.612790
INFO:  Episode 3, Step 4 ends!
INFO:  Current spend time for step-4 is: 8.3s
INFO:  current cluster : defaultdict(<class 'list'>, {0: [0, 1, 2, 3, 5, 7, 8, 9, 10, 11, 14, 15, 16], 2: [4], 1: [6, 12, 13], 3: [17, 18]})
INFO:  current select feature name : ['4']
INFO:  current select op : minmax_scaler
INFO:  current select feature name : ['4_square' '4_square_square']
INFO:  current select op : sigmoid
INFO:  start to learn in model_c1
INFO:  start to learn in model_c2
INFO:  start to learn in model_op
INFO:  New performance is: 0.604295, Best performance is: 0.612790 (e-1s-1) Base performance is: 0.612790
INFO:  Episode 3, Step 5 ends!
INFO:  Current spend time for step-5 is: 9.0s
INFO:  current cluster : defaultdict(<class 'list'>, {0: [0, 1, 2, 3, 5, 6, 7, 8, 9, 10, 12, 13], 3: [4, 19], 1: [11, 14, 15, 16], 2: [17, 18]})
INFO:  current select feature name : ['10' '1' '2' '3' '5' '6' '7' '8' '9' '11' '13' '13_sin-10_reciprocal']
INFO:  current select op : square
INFO:  current select feature name : ['4' '4_minmax_scaler']
INFO:  current select op : sigmoid
INFO:  start to learn in model_c1
INFO:  start to learn in model_c2
INFO:  start to learn in model_op
INFO:  New performance is: 0.599367, Best performance is: 0.612790 (e-1s-1) Base performance is: 0.612790
INFO:  Episode 3, Step 6 ends!
INFO:  Current spend time for step-6 is: 15.6s
INFO:  current cluster : defaultdict(<class 'list'>, {0: [0, 1, 3, 5, 6, 7, 8, 10, 12, 13, 20, 21, 23, 24, 25, 26, 27, 29, 30], 1: [2, 9, 11, 14, 15, 16, 22, 28, 31], 2: [4, 19], 3: [17], 4: [18]})
INFO:  current select feature name : ['10' '1' '3' '5' '6' '7' '8' '11' '13' '13_sin-10_reciprocal' '10_square'
 '1_square' '3_square' '5_square' '6_square' '7_square' '8_square'
 '11_square' '13_square']
INFO:  current select op : +
INFO:  current select feature name : ['4' '4_minmax_scaler']
INFO:  current select feature name : ['10' '1' '3' '5' '6' '7' '8' '9' '11' '13' '13_sin-10_reciprocal'
 '10_square' '1_square' '3_square' '5_square' '6_square' '7_square'
 '8_square' '9_square' '11_square' '13_square' '10+4' '10+4_minmax_scaler'
 '1+4' '1+4_minmax_scaler' '3+4' '3+4_minmax_scaler' '5+4'
 '5+4_minmax_scaler' '6+4' '6+4_minmax_scaler' '7+4' '7+4_minmax_scaler'
 '8+4' '8+4_minmax_scaler' '11+4' '11+4_minmax_scaler' '13+4'
 '13+4_minmax_scaler' '13_sin-10_reciprocal+4'
 '13_sin-10_reciprocal+4_minmax_scaler' '10_square+4'
 '10_square+4_minmax_scaler' '1_square+4' '1_square+4_minmax_scaler'
 '3_square+4' '3_square+4_minmax_scaler' '5_square+4'
 '5_square+4_minmax_scaler' '6_square+4' '6_square+4_minmax_scaler'
 '7_square+4' '7_square+4_minmax_scaler' '8_square+4'
 '8_square+4_minmax_scaler' '11_square+4' '11_square+4_minmax_scaler'
 '13_square+4' '13_square+4_minmax_scaler']
INFO:  current select op : sigmoid
INFO:  current select feature name : ['10' '1' '3' '5' '6' '7' '8' '9' '11' '13' '13_sin-10_reciprocal'
 '10_square' '1_square' '3_square' '5_square' '6_square' '7_square'
 '8_square' '9_square' '11_square' '13_square' '10+4' '10+4_minmax_scaler'
 '1+4' '1+4_minmax_scaler' '3+4' '3+4_minmax_scaler' '5+4'
 '5+4_minmax_scaler' '6+4' '6+4_minmax_scaler' '7+4' '7+4_minmax_scaler'
 '8+4' '8+4_minmax_scaler' '11+4' '11+4_minmax_scaler' '13+4'
 '13+4_minmax_scaler' '13_sin-10_reciprocal+4'
 '13_sin-10_reciprocal+4_minmax_scaler' '10_square+4'
 '10_square+4_minmax_scaler' '1_square+4' '1_square+4_minmax_scaler'
 '3_square+4' '3_square+4_minmax_scaler' '5_square+4'
 '5_square+4_minmax_scaler' '6_square+4' '6_square+4_minmax_scaler'
 '7_square+4' '7_square+4_minmax_scaler' '8_square+4'
 '8_square+4_minmax_scaler' '11_square+4' '11_square+4_minmax_scaler'
 '13_square+4' '13_square+4_minmax_scaler']
INFO:  start to learn in model_c1
INFO:  start to learn in model_c2
INFO:  start to learn in model_op
INFO:  New performance is: 0.580071, Best performance is: 0.612790 (e-1s-1) Base performance is: 0.612790
INFO:  Episode 3, Step 7 ends!
INFO:  Current spend time for step-7 is: 58.9s
INFO:  current cluster : defaultdict(<class 'list'>, {3: [0, 1, 5, 6, 11, 12, 14, 16, 18, 20, 21, 22, 23, 26, 27, 30, 31, 32, 33, 40, 41, 42, 43, 44, 45, 46, 47, 48, 49, 50, 51, 52, 53], 6: [2, 3, 8, 13, 24, 25, 34, 35], 4: [4, 10, 28, 29, 38, 39], 0: [7, 17], 2: [9, 36, 37], 5: [15], 1: [19, 54, 55]})
INFO:  current select feature name : ['9' '3+4' '3+4_minmax_scaler']
INFO:  current select op : reciprocal
INFO:  current select feature name : ['13_square' '13_square+4' '13_square+4_minmax_scaler']
INFO:  current select op : sigmoid
INFO:  start to learn in model_c1
INFO:  start to learn in model_c2
INFO:  start to learn in model_op
INFO:  New performance is: 0.579003, Best performance is: 0.612790 (e-1s-1) Base performance is: 0.612790
INFO:  Episode 3, Step 8 ends!
INFO:  Current spend time for step-8 is: 65.7s
INFO:  current cluster : defaultdict(<class 'list'>, {0: [0, 1, 2, 3, 5, 6, 7, 10, 11, 12, 13, 15, 17, 19, 20, 21, 22, 23, 24, 25, 26, 29, 30, 31, 32, 33, 34, 39, 40, 41, 42, 43, 44, 45, 46, 47, 48, 49, 50, 51, 52], 1: [4, 9, 27, 28, 37, 38, 55], 2: [8, 35, 36], 5: [14], 3: [16], 6: [18], 4: [53, 54]})
INFO:  current select feature name : ['8_square']
INFO:  current select op : cos
INFO:  current select feature name : ['8_square_cos']
INFO:  current select op : sigmoid
INFO:  start to learn in model_c1
INFO:  start to learn in model_c2
INFO:  start to learn in model_op
INFO:  New performance is: 0.576082, Best performance is: 0.612790 (e-1s-1) Base performance is: 0.612790
INFO:  Episode 3, Step 9 ends!
INFO:  Current spend time for step-9 is: 63.5s
INFO:  current cluster : defaultdict(<class 'list'>, {0: [0, 1, 2, 3, 5, 6, 7, 8, 9, 10, 11], 1: [4], 2: [12]})
INFO:  current select feature name : ['3_square']
INFO:  current select op : sigmoid
INFO:  current select feature name : ['4']
INFO:  current select op : sigmoid
INFO:  start to learn in model_c1
INFO:  start to learn in model_c2
INFO:  start to learn in model_op
INFO:  New performance is: 0.611026, Best performance is: 0.612790 (e-1s-1) Base performance is: 0.612790
INFO:  Episode 4, Step 0 ends!
INFO:  Current spend time for step-0 is: 5.1s
INFO:  current cluster : defaultdict(<class 'list'>, {0: [0, 1, 2, 3, 5, 6, 7, 8, 9, 10, 12, 13], 1: [4], 2: [11]})
INFO:  current select feature name : ['12']
INFO:  current select op : square
INFO:  current select feature name : ['12' '12_square']
INFO:  current select op : sigmoid
INFO:  start to learn in model_c1
INFO:  start to learn in model_c2
INFO:  start to learn in model_op
INFO:  New performance is: 0.604678, Best performance is: 0.612790 (e-1s-1) Base performance is: 0.612790
INFO:  Episode 4, Step 1 ends!
INFO:  Current spend time for step-1 is: 5.7s
INFO:  current cluster : defaultdict(<class 'list'>, {0: [0, 1, 2, 3, 5, 6, 7, 8, 9, 10, 11, 14], 1: [4], 2: [12, 13]})
INFO:  current select feature name : ['4']
INFO:  current select op : minmax_scaler
INFO:  current select feature name : ['13' '3_square_sigmoid']
INFO:  current select op : sigmoid
INFO:  start to learn in model_c1
INFO:  start to learn in model_c2
INFO:  start to learn in model_op
INFO:  New performance is: 0.607533, Best performance is: 0.612790 (e-1s-1) Base performance is: 0.612790
INFO:  Episode 4, Step 2 ends!
INFO:  Current spend time for step-2 is: 6.4s
INFO:  current cluster : defaultdict(<class 'list'>, {2: [0, 1, 2, 3, 5, 7, 8, 9, 10], 3: [4, 15], 0: [6, 12, 13], 1: [11, 14]})
INFO:  current select feature name : ['6' '13' '3_square_sigmoid']
INFO:  current select op : /
INFO:  current select feature name : ['6' '13' '3_square_sigmoid']
INFO:  current select feature name : ['6/6' '13/13' '3_square_sigmoid/3_square_sigmoid']
INFO:  current select op : sigmoid
INFO:  current select feature name : ['6/6' '13/13' '3_square_sigmoid/3_square_sigmoid']
INFO:  start to learn in model_c1
INFO:  start to learn in model_c2
INFO:  start to learn in model_op
INFO:  New performance is: 0.601339, Best performance is: 0.612790 (e-1s-1) Base performance is: 0.612790
INFO:  Episode 4, Step 3 ends!
INFO:  Current spend time for step-3 is: 10.3s
INFO:  current cluster : defaultdict(<class 'list'>, {0: [0, 1, 2, 3, 5, 6, 7, 8, 9, 10, 11, 12, 13, 14, 17, 18, 19, 21, 22, 23], 1: [4, 15], 3: [16], 2: [20], 4: [24]})
INFO:  current select feature name : ['10' '1' '2' '3' '5' '6' '7' '8' '9' '11' '12' '13' '3_square_sigmoid'
 '12_square' '6/13' '6/3_square_sigmoid' '13/6' '13/3_square_sigmoid'
 '3_square_sigmoid/6' '3_square_sigmoid/13']
INFO:  current select op : tanh
INFO:  current select feature name : ['3_square_sigmoid/3_square_sigmoid']
INFO:  current select op : sigmoid
INFO:  start to learn in model_c1
INFO:  start to learn in model_c2
INFO:  start to learn in model_op
INFO:  New performance is: 0.602438, Best performance is: 0.612790 (e-1s-1) Base performance is: 0.612790
INFO:  Episode 4, Step 4 ends!
INFO:  Current spend time for step-4 is: 27.6s
INFO:  current cluster : defaultdict(<class 'list'>, {0: [0, 1, 2, 3, 5, 6, 7, 8, 9, 10, 12, 13, 17, 18, 19, 21, 22, 23, 25, 26, 27, 28, 29, 30, 31, 32, 33, 34, 36, 37, 39, 40, 41, 42, 43, 44], 4: [4, 15], 1: [11, 14, 35, 38], 5: [16], 2: [20], 3: [24]})
INFO:  current select feature name : ['13/13']
INFO:  current select op : +
INFO:  current select feature name : ['3_square_sigmoid/3_square_sigmoid']
INFO:  current select feature name : ['4']
INFO:  current select op : sigmoid
INFO:  current select feature name : ['6/6' '13/13' '3_square_sigmoid/3_square_sigmoid'
 '13/13+3_square_sigmoid/3_square_sigmoid']
INFO:  start to learn in model_c1
INFO:  start to learn in model_c2
INFO:  start to learn in model_op
INFO:  New performance is: 0.600273, Best performance is: 0.612790 (e-1s-1) Base performance is: 0.612790
INFO:  Episode 4, Step 5 ends!
INFO:  Current spend time for step-5 is: 41.5s
INFO:  current cluster : defaultdict(<class 'list'>, {1: [0, 1, 3, 5, 6, 7, 8, 10, 12, 13, 17, 18, 19, 21, 22, 23, 25, 26, 28, 29, 30, 31, 32, 34, 36, 37, 39, 40, 41, 42, 43, 44], 4: [2, 11, 14, 27, 35, 38], 3: [4, 15], 2: [9, 33], 0: [16, 20, 24], 5: [45]})
INFO:  current select feature name : ['13/13+3_square_sigmoid/3_square_sigmoid']
INFO:  current select op : sigmoid
INFO:  current select feature name : ['13/13+3_square_sigmoid/3_square_sigmoid_sigmoid']
INFO:  current select op : sigmoid
INFO:  start to learn in model_c1
INFO:  start to learn in model_c2
INFO:  start to learn in model_op
INFO:  New performance is: 0.603120, Best performance is: 0.612790 (e-1s-1) Base performance is: 0.612790
INFO:  Episode 4, Step 6 ends!
INFO:  Current spend time for step-6 is: 43.2s
INFO:  current cluster : defaultdict(<class 'list'>, {2: [0, 1, 3, 5, 6, 7, 8, 10, 12, 13, 17, 18, 19, 21, 22, 23, 25, 26, 28, 29, 30, 31, 32, 34, 36, 37, 39, 40, 41, 42, 43, 44], 0: [2, 9, 11, 14, 27, 33, 35, 38], 5: [4, 15], 1: [16, 20, 45], 3: [24], 4: [46]})
INFO:  current select feature name : ['10' '1' '3' '5' '6' '7' '8' '11' '13' '3_square_sigmoid' '6/13'
 '6/3_square_sigmoid' '13/6' '13/3_square_sigmoid' '3_square_sigmoid/6'
 '3_square_sigmoid/13' '10_tanh' '1_tanh' '3_tanh' '5_tanh' '6_tanh'
 '7_tanh' '8_tanh' '11_tanh' '13_tanh' '3_square_sigmoid_tanh' '6/13_tanh'
 '6/3_square_sigmoid_tanh' '13/6_tanh' '13/3_square_sigmoid_tanh'
 '3_square_sigmoid/6_tanh' '3_square_sigmoid/13_tanh']
INFO:  current select op : tanh
INFO:  current select feature name : ['4_minmax_scaler']
INFO:  current select op : sigmoid
INFO:  start to learn in model_c1
INFO:  start to learn in model_c2
INFO:  start to learn in model_op
INFO:  New performance is: 0.602757, Best performance is: 0.612790 (e-1s-1) Base performance is: 0.612790
INFO:  Episode 4, Step 7 ends!
INFO:  Current spend time for step-7 is: 61.0s
INFO:  current cluster : defaultdict(<class 'list'>, {1: [0, 1, 3, 4, 6, 7, 9, 14, 16, 18, 20, 21, 23, 24, 26, 27, 29, 34, 36, 40, 41, 43, 45, 49, 50, 51, 54, 55], 2: [2, 22], 5: [5, 15, 25, 35, 38, 47, 52, 53], 3: [8, 28], 0: [10, 13, 30, 33], 4: [11, 12, 17, 31, 32, 37, 39, 42, 44, 46, 48], 6: [19]})
INFO:  current select feature name : ['5' '4_minmax_scaler' '10_tanh' '12_tanh' '12_square_tanh' '10_tanh_tanh'
 '1_tanh_tanh' '3_square_sigmoid/13_tanh_tanh']
INFO:  current select op : minmax_scaler
INFO:  current select feature name : ['2' '2_tanh']
INFO:  current select op : sigmoid
INFO:  start to learn in model_c1
INFO:  start to learn in model_c2
INFO:  start to learn in model_op
INFO:  New performance is: 0.601219, Best performance is: 0.612790 (e-1s-1) Base performance is: 0.612790
INFO:  Episode 4, Step 8 ends!
INFO:  Current spend time for step-8 is: 71.6s
INFO:  current cluster : defaultdict(<class 'list'>, {6: [0, 16, 32], 2: [1, 5, 6, 17, 21, 22, 37, 46, 47], 1: [2, 3, 7, 14, 18, 19, 23, 26, 33, 41, 42, 43], 3: [4, 11, 20, 27, 30, 39, 44, 45, 48, 49, 50, 51, 52, 53, 54, 55], 4: [8, 9, 13, 24, 25, 29, 31, 34, 36, 38, 40], 0: [10, 12, 28, 35], 5: [15]})
INFO:  current select feature name : ['5' '13' '10_tanh' '8_tanh' '12_tanh' '3_square_sigmoid/13_tanh'
 '13_tanh_tanh' '1_tanh_tanh' '3_square_sigmoid_tanh_tanh' '3_tanh_tanh'
 '5_tanh_tanh' '6/13_tanh_tanh' '6/3_square_sigmoid_tanh_tanh'
 '6_tanh_tanh' '7_tanh_tanh' '8_tanh_tanh']
INFO:  current select op : minmax_scaler
INFO:  current select feature name : ['10' '10_tanh_tanh']
INFO:  current select op : sigmoid
INFO:  start to learn in model_c1
INFO:  start to learn in model_c2
INFO:  start to learn in model_op
INFO:  New performance is: 0.597579, Best performance is: 0.612790 (e-1s-1) Base performance is: 0.612790
INFO:  Episode 4, Step 9 ends!
INFO:  Current spend time for step-9 is: 76.6s
INFO:  current cluster : defaultdict(<class 'list'>, {0: [0, 1, 2, 3, 5, 6, 7, 8, 9, 10, 11], 1: [4], 2: [12]})
INFO:  current select feature name : ['13/6']
INFO:  current select op : minmax_scaler
INFO:  current select feature name : ['4']
INFO:  current select op : sigmoid
INFO:  start to learn in model_c1
INFO:  start to learn in model_c2
INFO:  start to learn in model_op
INFO:  New performance is: 0.611410, Best performance is: 0.612790 (e-1s-1) Base performance is: 0.612790
INFO:  Episode 5, Step 0 ends!
INFO:  Current spend time for step-0 is: 5.2s
INFO:  current cluster : defaultdict(<class 'list'>, {0: [0, 1, 2, 3, 5, 6, 7, 8, 9, 10, 12, 13], 1: [4], 2: [11]})
INFO:  current select feature name : ['12']
INFO:  current select op : minmax_scaler
INFO:  current select feature name : ['4']
INFO:  current select op : sigmoid
INFO:  start to learn in model_c1
INFO:  start to learn in model_c2
INFO:  start to learn in model_op
INFO:  New performance is: 0.606021, Best performance is: 0.612790 (e-1s-1) Base performance is: 0.612790
INFO:  Episode 5, Step 1 ends!
INFO:  Current spend time for step-1 is: 5.7s
INFO:  current cluster : defaultdict(<class 'list'>, {0: [0, 1, 2, 3, 5, 6, 7, 8, 9, 10, 11, 14], 1: [4], 2: [12, 13]})
INFO:  current select feature name : ['13' '13/6_minmax_scaler']
INFO:  current select op : sin
INFO:  current select feature name : ['4']
INFO:  current select op : sigmoid
INFO:  start to learn in model_c1
INFO:  start to learn in model_c2
INFO:  start to learn in model_op
INFO:  New performance is: 0.606807, Best performance is: 0.612790 (e-1s-1) Base performance is: 0.612790
INFO:  Episode 5, Step 2 ends!
INFO:  Current spend time for step-2 is: 6.7s
INFO:  current cluster : defaultdict(<class 'list'>, {0: [0, 1, 2, 3, 5, 7, 8, 9, 10, 11, 14], 3: [4], 1: [6], 2: [12, 13, 15, 16]})
INFO:  current select feature name : ['6']
INFO:  current select op : sigmoid
INFO:  current select feature name : ['4']
INFO:  current select op : sigmoid
INFO:  start to learn in model_c1
INFO:  start to learn in model_c2
INFO:  start to learn in model_op
INFO:  New performance is: 0.606212, Best performance is: 0.612790 (e-1s-1) Base performance is: 0.612790
INFO:  Episode 5, Step 3 ends!
INFO:  Current spend time for step-3 is: 7.7s
INFO:  current cluster : defaultdict(<class 'list'>, {0: [0, 1, 2, 3, 5, 7, 8, 9, 10, 11, 14], 3: [4], 1: [6, 17], 2: [12, 13, 15, 16]})
INFO:  current select feature name : ['10' '1' '2' '3' '5' '7' '8' '9' '11' '12' '12_minmax_scaler']
INFO:  current select op : sigmoid
INFO:  current select feature name : ['4']
INFO:  current select op : sigmoid
INFO:  start to learn in model_c1
INFO:  start to learn in model_c2
INFO:  start to learn in model_op
INFO:  New performance is: 0.605398, Best performance is: 0.612790 (e-1s-1) Base performance is: 0.612790
INFO:  Episode 5, Step 4 ends!
INFO:  Current spend time for step-4 is: 13.2s
INFO:  current cluster : defaultdict(<class 'list'>, {0: [0, 1, 2, 3, 5, 7, 8, 9, 10, 18, 19, 20, 21, 22, 23, 24, 25, 26], 3: [4], 4: [6, 17], 1: [11, 14, 27, 28], 2: [12, 13, 15, 16]})
INFO:  current select feature name : ['10' '1' '2' '3' '5' '7' '8' '9' '11' '10_sigmoid' '1_sigmoid'
 '2_sigmoid' '3_sigmoid' '5_sigmoid' '7_sigmoid' '8_sigmoid' '9_sigmoid'
 '11_sigmoid']
INFO:  current select op : sigmoid
INFO:  current select feature name : ['4']
INFO:  current select op : sigmoid
INFO:  start to learn in model_c1
INFO:  start to learn in model_c2
INFO:  start to learn in model_op
INFO:  New performance is: 0.607404, Best performance is: 0.612790 (e-1s-1) Base performance is: 0.612790
INFO:  Episode 5, Step 5 ends!
INFO:  Current spend time for step-5 is: 24.0s
INFO:  current cluster : defaultdict(<class 'list'>, {0: [0, 1, 3, 5, 7, 8, 10, 18, 19, 21, 22, 23, 24, 26, 29, 30, 31, 33, 34, 35, 36], 1: [2, 9, 20, 25, 32, 37], 3: [4], 4: [6, 17], 2: [11, 14, 27, 28], 5: [12, 13, 15, 16]})
INFO:  current select feature name : ['4']
INFO:  current select op : sigmoid
INFO:  current select feature name : ['4_sigmoid']
INFO:  current select op : sigmoid
INFO:  start to learn in model_c1
INFO:  start to learn in model_c2
INFO:  start to learn in model_op
INFO:  New performance is: 0.612346, Best performance is: 0.612790 (e-1s-1) Base performance is: 0.612790
INFO:  Episode 5, Step 6 ends!
INFO:  Current spend time for step-6 is: 30.4s
INFO:  current cluster : defaultdict(<class 'list'>, {0: [0, 1, 3, 5, 7, 8, 10, 18, 19, 21, 22, 23, 24, 26, 29, 30, 31, 33, 34, 35, 36], 2: [2, 9, 20, 25, 32, 37], 1: [4, 38], 3: [6, 17], 4: [11, 14, 27, 28], 5: [12, 13, 15, 16]})
INFO:  current select feature name : ['4' '4_sigmoid']
INFO:  current select op : stand_scaler
INFO:  current select feature name : ['6' '6_sigmoid']
INFO:  current select op : sigmoid
INFO:  start to learn in model_c1
INFO:  start to learn in model_c2
INFO:  start to learn in model_op
INFO:  New performance is: 0.607997, Best performance is: 0.612790 (e-1s-1) Base performance is: 0.612790
INFO:  Episode 5, Step 7 ends!
INFO:  Current spend time for step-7 is: 32.6s
INFO:  current cluster : defaultdict(<class 'list'>, {2: [0, 1, 3, 5, 7, 8, 10, 18, 19, 21, 22, 23, 24, 26, 29, 30, 31, 33, 34, 35, 36], 0: [2, 9, 20, 25, 32, 37], 1: [4, 38, 39, 40], 3: [6, 17], 4: [11, 14, 27, 28], 5: [12, 13, 15, 16]})
INFO:  current select feature name : ['6' '6_sigmoid']
INFO:  current select op : quan_trans
INFO:  current select feature name : ['4']
INFO:  current select op : sigmoid
INFO:  start to learn in model_c1
INFO:  start to learn in model_c2
INFO:  start to learn in model_op
INFO:  New performance is: 0.609706, Best performance is: 0.612790 (e-1s-1) Base performance is: 0.612790
INFO:  Episode 5, Step 8 ends!
INFO:  Current spend time for step-8 is: 35.8s
INFO:  current cluster : defaultdict(<class 'list'>, {1: [0, 1, 3, 5, 6, 10, 17, 18, 19, 21, 22, 26, 29, 30, 31, 33, 34, 41, 42], 3: [2, 11, 14, 20, 27, 28, 32], 0: [4, 38, 39, 40], 4: [7, 8, 23, 24, 35, 36], 2: [9, 25, 37], 5: [12, 13, 15, 16]})
INFO:  current select feature name : ['9' '9_sigmoid' '9_sigmoid_sigmoid']
INFO:  current select op : tanh
INFO:  current select feature name : ['4_stand_scaler']
INFO:  current select op : sigmoid
INFO:  start to learn in model_c1
INFO:  start to learn in model_c2
INFO:  start to learn in model_op
INFO:  New performance is: 0.607660, Best performance is: 0.612790 (e-1s-1) Base performance is: 0.612790
INFO:  Episode 5, Step 9 ends!
INFO:  Current spend time for step-9 is: 40.0s
INFO:  Best performance is: 0.612790
INFO:  Episode 5 ends!
INFO:  current cluster : defaultdict(<class 'list'>, {0: [0, 1, 2, 3, 5, 6, 7, 8, 9, 10, 11], 1: [4], 2: [12]})
INFO:  current select feature name : ['10' '1' '2' '3' '5' '6' '7' '8' '9' '11' '12']
INFO:  current select op : tanh
INFO:  current select feature name : ['13']
INFO:  current select op : sigmoid
INFO:  start to learn in model_c1
INFO:  start to learn in model_c2
INFO:  start to learn in model_op
INFO:  New performance is: 0.613058, Best performance is: 0.613058 (e6s0) Base performance is: 0.612790
INFO:  Episode 6, Step 0 ends!
INFO:  Current spend time for step-0 is: 9.0s
INFO:  current cluster : defaultdict(<class 'list'>, {0: [0, 1, 2, 3, 5, 6, 7, 8, 9, 10, 13, 14, 15, 16, 17, 18, 19, 20, 21, 22], 3: [4], 1: [11, 23], 2: [12]})
INFO:  current select feature name : ['12' '12_tanh']
INFO:  current select op : stand_scaler
INFO:  current select feature name : ['13']
INFO:  current select op : sigmoid
INFO:  start to learn in model_c1
INFO:  start to learn in model_c2
INFO:  start to learn in model_op
INFO:  New performance is: 0.611887, Best performance is: 0.613058 (e6s0) Base performance is: 0.612790
INFO:  Episode 6, Step 1 ends!
INFO:  Current spend time for step-1 is: 13.9s
INFO:  current cluster : defaultdict(<class 'list'>, {1: [0, 1, 3, 5, 7, 8, 10, 13, 14, 16, 17, 19, 20, 22], 0: [2, 9, 11, 15, 21, 23, 24, 25], 3: [4], 4: [6, 18], 2: [12]})
INFO:  current select feature name : ['10' '1' '3' '5' '7' '8' '11' '10_tanh' '1_tanh' '3_tanh' '5_tanh'
 '7_tanh' '8_tanh' '11_tanh']
INFO:  current select op : /
INFO:  current select feature name : ['13']
INFO:  current select feature name : ['13']
INFO:  current select op : sigmoid
INFO:  current select feature name : ['1/13' '1_tanh/13']
INFO:  start to learn in model_c1
INFO:  start to learn in model_c2
INFO:  start to learn in model_op
INFO:  New performance is: 0.601112, Best performance is: 0.613058 (e6s0) Base performance is: 0.612790
INFO:  Episode 6, Step 2 ends!
INFO:  Current spend time for step-2 is: 24.3s
INFO:  current cluster : defaultdict(<class 'list'>, {1: [0, 1, 3, 5, 7, 8, 10, 13, 14, 16, 17, 19, 20, 22, 26, 28, 29, 30, 31, 32, 33, 35, 36, 37, 38, 39], 4: [2, 15], 3: [4], 0: [6, 12, 18, 27, 34], 2: [9, 21], 5: [11, 23, 24, 25]})
INFO:  current select feature name : ['9' '9_tanh']
INFO:  current select op : reciprocal
INFO:  current select feature name : ['4']
INFO:  current select op : sigmoid
INFO:  start to learn in model_c1
INFO:  start to learn in model_c2
INFO:  start to learn in model_op
INFO:  New performance is: 0.597679, Best performance is: 0.613058 (e6s0) Base performance is: 0.612790
INFO:  Episode 6, Step 3 ends!
INFO:  Current spend time for step-3 is: 34.7s
INFO:  current cluster : defaultdict(<class 'list'>, {0: [0, 1, 3, 5, 7, 8, 9, 10, 13, 14, 16, 17, 19, 20, 21, 22, 26, 28, 29, 30, 31, 32, 33, 35, 36, 37, 38, 39, 40, 41], 1: [2, 15], 3: [4], 2: [6, 18, 27, 34], 4: [11, 23, 24, 25], 5: [12]})
INFO:  current select feature name : ['10' '1' '3' '5' '7' '8' '9' '11' '10_tanh' '1_tanh' '3_tanh' '5_tanh'
 '7_tanh' '8_tanh' '9_tanh' '11_tanh' '10/13' '3/13' '5/13' '7/13' '8/13'
 '11/13' '10_tanh/13' '3_tanh/13' '5_tanh/13' '7_tanh/13' '8_tanh/13'
 '11_tanh/13' '9_reciprocal' '9_tanh_reciprocal']
INFO:  current select op : sqrt
INFO:  current cluster : defaultdict(<class 'list'>, {0: [0, 1, 3, 5, 7, 8, 9, 10, 13, 14, 16, 17, 19, 20, 21, 22, 26, 28, 29, 30, 31, 32, 33, 35, 36, 37, 38, 39, 40, 41], 2: [2, 15], 3: [4], 1: [6, 18, 27, 34], 5: [11, 23, 24, 25], 4: [12]})
INFO:  current select feature name : ['13']
INFO:  current select op : *
INFO:  current select feature name : ['4']
INFO:  current select feature name : ['6' '6_tanh']
INFO:  current select op : sigmoid
INFO:  current select feature name : ['12' '12_tanh' '12_stand_scaler' '12_tanh_stand_scaler']
INFO:  start to learn in model_c1
INFO:  start to learn in model_c2
INFO:  start to learn in model_op
INFO:  New performance is: 0.591122, Best performance is: 0.613058 (e6s0) Base performance is: 0.612790
INFO:  Episode 6, Step 4 ends!
INFO:  Current spend time for step-4 is: 37.2s
INFO:  current cluster : defaultdict(<class 'list'>, {0: [0, 1, 3, 5, 7, 8, 10, 13, 14, 16, 17, 19, 20, 22, 26, 28, 29, 30, 31, 32, 33, 35, 36, 37, 38, 39], 1: [2, 11, 15, 23, 24, 25], 3: [4], 4: [6, 18, 27, 34], 5: [9, 21, 40, 41], 2: [12, 42]})
INFO:  current select feature name : ['13' '13*4']
INFO:  current select op : log
INFO:  current cluster : defaultdict(<class 'list'>, {1: [0, 1, 3, 5, 7, 8, 10, 13, 14, 16, 17, 19, 20, 22, 26, 28, 29, 30, 31, 32, 33, 35, 36, 37, 38, 39], 0: [2, 9, 11, 15, 21, 23, 24, 25, 40, 41], 3: [4], 4: [6, 18], 2: [12, 42], 5: [27, 34]})
INFO:  current select feature name : ['13' '13*4']
INFO:  current select op : +
INFO:  current select feature name : ['10' '1' '3' '5' '7' '8' '11' '10_tanh' '1_tanh' '3_tanh' '5_tanh'
 '7_tanh' '8_tanh' '11_tanh' '10/13' '3/13' '5/13' '7/13' '8/13' '11/13'
 '10_tanh/13' '3_tanh/13' '5_tanh/13' '7_tanh/13' '8_tanh/13' '11_tanh/13']
INFO:  current select feature name : ['6' '6_tanh']
INFO:  current select op : sigmoid
INFO:  current select feature name : ['1/13' '1_tanh/13']
INFO:  start to learn in model_c1
INFO:  start to learn in model_c2
INFO:  start to learn in model_op
INFO:  New performance is: 0.567841, Best performance is: 0.613058 (e6s0) Base performance is: 0.612790
INFO:  Episode 6, Step 5 ends!
INFO:  Current spend time for step-5 is: 108.4s
INFO:  current cluster : defaultdict(<class 'list'>, {0: [0, 1, 2, 3, 6, 8, 9, 10, 11, 15, 17, 18, 19, 21, 22, 23, 28, 29, 34, 35, 38, 39, 40, 42, 43, 44, 46, 47, 51, 52, 53, 54, 55], 5: [4, 12, 16, 20], 1: [5, 13, 14, 36, 41, 45, 49], 2: [7, 24, 25, 31, 37], 4: [26, 32], 6: [27, 30, 33, 50], 3: [48]})
INFO:  current select feature name : ['10' '1' '2' '3' '6' '8' '9' '11' '12' '2_tanh' '5_tanh' '6_tanh'
 '7_tanh' '9_tanh' '11_tanh' '12_tanh' '3/13' '5/13' '1_tanh/13'
 '3_tanh/13' '8_tanh/13' '11_tanh/13' '9_reciprocal' '13*4' '13+10' '13+1'
 '13+5' '13+7' '13+1_tanh' '13+3_tanh' '13+5_tanh' '13+7_tanh' '13+8_tanh']
INFO:  current select op : tanh
INFO:  current select feature name : ['13']
INFO:  current select op : sigmoid
INFO:  start to learn in model_c1
INFO:  start to learn in model_c2
INFO:  start to learn in model_op
INFO:  New performance is: 0.571127, Best performance is: 0.613058 (e6s0) Base performance is: 0.612790
INFO:  Episode 6, Step 6 ends!
INFO:  Current spend time for step-6 is: 92.8s
INFO:  current cluster : defaultdict(<class 'list'>, {2: [0, 1, 3, 5, 6, 8, 10, 11, 13, 18, 19, 24, 25, 27, 28, 29, 30, 31, 32, 33, 35, 36, 37, 38, 39, 40, 41, 42, 43, 44, 45, 46, 47, 48, 49, 50, 51, 52, 53, 54, 55], 4: [2, 7], 5: [4, 14, 15, 21, 26], 3: [9, 12], 0: [16, 22], 1: [17, 20, 23], 6: [34]})
INFO:  current select feature name : ['3' '13']
INFO:  current select op : tanh
INFO:  current select feature name : ['6' '6_tanh' '13_tanh']
INFO:  current select op : sigmoid
INFO:  start to learn in model_c1
INFO:  start to learn in model_c2
INFO:  start to learn in model_op
INFO:  New performance is: 0.557005, Best performance is: 0.613058 (e6s0) Base performance is: 0.612790
INFO:  Episode 6, Step 7 ends!
INFO:  Current spend time for step-7 is: 63.8s
INFO:  current cluster : defaultdict(<class 'list'>, {0: [0, 1, 3, 5, 6, 8, 10, 11, 13, 18, 19, 24, 25, 27, 28, 29, 30, 31, 32, 34, 35, 36, 37, 38, 39, 40, 41, 42, 44, 45, 46, 47, 48, 49, 50, 51, 52, 53, 54], 3: [2, 7, 55], 5: [4, 14, 15, 21, 26], 4: [9, 12], 1: [16, 22], 2: [17, 20, 23, 33], 6: [43]})
INFO:  current select feature name : ['13+3' '13+11' '13+3_tanh' '13*4+1']
INFO:  current select op : square
INFO:  current select feature name : ['13+11_square']
INFO:  current select op : sigmoid
INFO:  start to learn in model_c1
INFO:  start to learn in model_c2
INFO:  start to learn in model_op
INFO:  New performance is: 0.554270, Best performance is: 0.613058 (e6s0) Base performance is: 0.612790
INFO:  Episode 6, Step 8 ends!
INFO:  Current spend time for step-8 is: 67.1s
INFO:  current cluster : defaultdict(<class 'list'>, {0: [0, 1, 3, 5, 6, 8, 10, 11, 13, 18, 19, 24, 25, 27, 28, 30, 31, 32, 34, 35, 36, 37, 38, 39, 40, 41, 42, 43, 44, 45, 46, 47, 48, 49, 50, 51, 52, 53, 55], 3: [2, 7, 54], 6: [4, 14, 15, 21, 26], 1: [9, 12], 2: [16, 22], 5: [17, 20, 23, 33], 4: [29]})
INFO:  current select feature name : ['6' '6_tanh' '9_tanh_tanh']
INFO:  current select op : square
INFO:  current select feature name : ['6_square' '6_tanh_square' '9_tanh_tanh_square']
INFO:  current select op : sigmoid
INFO:  start to learn in model_c1
INFO:  start to learn in model_c2
INFO:  start to learn in model_op
INFO:  New performance is: 0.558462, Best performance is: 0.613058 (e6s0) Base performance is: 0.612790
INFO:  Episode 6, Step 9 ends!
INFO:  Current spend time for step-9 is: 66.1s
INFO:  current cluster : defaultdict(<class 'list'>, {0: [0, 1, 2, 3, 5, 6, 7, 8, 9, 10, 11], 1: [4], 2: [12]})
INFO:  current select feature name : ['13']
INFO:  current select op : square
INFO:  current select feature name : ['13_square']
INFO:  current select op : sigmoid
INFO:  start to learn in model_c1
INFO:  start to learn in model_c2
INFO:  start to learn in model_op
INFO:  New performance is: 0.613631, Best performance is: 0.613631 (e7s0) Base performance is: 0.612790
INFO:  Episode 7, Step 0 ends!
INFO:  Current spend time for step-0 is: 5.1s
INFO:  current cluster : defaultdict(<class 'list'>, {1: [0, 1, 2, 3, 5, 6, 7, 8, 9, 10, 12], 0: [4, 13], 2: [11]})
INFO:  current select feature name : ['4' '13_square']
INFO:  current select op : stand_scaler
INFO:  current select feature name : ['13_square' '13_square_stand_scaler']
INFO:  current select op : sigmoid
INFO:  start to learn in model_c1
INFO:  start to learn in model_c2
INFO:  start to learn in model_op
INFO:  New performance is: 0.612331, Best performance is: 0.613631 (e7s0) Base performance is: 0.612790
INFO:  Episode 7, Step 1 ends!
INFO:  Current spend time for step-1 is: 5.9s
INFO:  current cluster : defaultdict(<class 'list'>, {0: [0, 1, 2, 3, 5, 6, 7, 8, 9, 10, 11, 12], 2: [4, 14], 3: [13], 1: [15]})
INFO:  current select feature name : ['10' '1' '2' '3' '5' '6' '7' '8' '9' '11' '12' '13']
INFO:  current select op : tanh
INFO:  current select feature name : ['13_square']
INFO:  current select op : sigmoid
INFO:  start to learn in model_c1
INFO:  start to learn in model_c2
INFO:  start to learn in model_op
INFO:  New performance is: 0.612963, Best performance is: 0.613631 (e7s0) Base performance is: 0.612790
INFO:  Episode 7, Step 2 ends!
INFO:  Current spend time for step-2 is: 11.8s
INFO:  current cluster : defaultdict(<class 'list'>, {0: [0, 1, 2, 3, 5, 7, 8, 9, 10, 11, 16, 17, 18, 19, 20, 22, 23, 24, 25, 26], 1: [4, 14], 4: [6, 21], 2: [12, 27], 3: [13, 15]})
INFO:  current select feature name : ['13_square' '13_square_stand_scaler']
INFO:  current select op : stand_scaler
INFO:  current select feature name : ['13_square' '13_square_stand_scaler'
 '13_square_stand_scaler_stand_scaler']
INFO:  current select op : sigmoid
INFO:  start to learn in model_c1
INFO:  start to learn in model_c2
INFO:  start to learn in model_op
INFO:  New performance is: 0.606933, Best performance is: 0.613631 (e7s0) Base performance is: 0.612790
INFO:  Episode 7, Step 3 ends!
INFO:  Current spend time for step-3 is: 17.3s
INFO:  current cluster : defaultdict(<class 'list'>, {0: [0, 1, 2, 3, 5, 7, 8, 9, 10, 11, 16, 17, 18, 19, 20, 22, 23, 24, 25, 26], 1: [4, 13, 15, 28], 3: [6, 21], 2: [12, 27], 4: [14]})
INFO:  current select feature name : ['6' '6_tanh']
INFO:  current select op : stand_scaler
INFO:  current select feature name : ['13_square' '13_square_stand_scaler'
 '13_square_stand_scaler_stand_scaler']
INFO:  current select op : sigmoid
INFO:  start to learn in model_c1
INFO:  start to learn in model_c2
INFO:  start to learn in model_op
INFO:  New performance is: 0.611678, Best performance is: 0.613631 (e7s0) Base performance is: 0.612790
INFO:  Episode 7, Step 4 ends!
INFO:  Current spend time for step-4 is: 18.9s
INFO:  current cluster : defaultdict(<class 'list'>, {0: [0, 1, 2, 3, 5, 6, 7, 8, 9, 10, 11, 16, 17, 18, 19, 20, 21, 22, 23, 24, 25, 26, 29, 30], 1: [4, 14], 3: [12, 27], 2: [13, 15], 4: [28]})
INFO:  current select feature name : ['10' '1' '2' '3' '5' '6' '7' '8' '9' '11' '12' '10_tanh' '1_tanh'
 '2_tanh' '3_tanh' '5_tanh' '6_tanh' '7_tanh' '8_tanh' '9_tanh' '11_tanh'
 '12_tanh' '6_stand_scaler' '6_tanh_stand_scaler']
INFO:  current select op : sigmoid
INFO:  current select feature name : ['13_square']
INFO:  current select op : sigmoid
INFO:  start to learn in model_c1
INFO:  start to learn in model_c2
INFO:  start to learn in model_op
INFO:  New performance is: 0.608686, Best performance is: 0.613631 (e7s0) Base performance is: 0.612790
INFO:  Episode 7, Step 5 ends!
INFO:  Current spend time for step-5 is: 39.8s
INFO:  current cluster : defaultdict(<class 'list'>, {2: [0, 1, 3, 5, 7, 8, 10, 16, 17, 19, 20, 22, 23, 25, 31, 32, 34, 35, 37, 38, 40, 42, 43, 45, 46, 48, 49, 51], 0: [2, 9, 11, 18, 24, 26, 33, 39, 41, 44, 50, 52], 6: [4], 1: [6, 21, 29, 30, 36, 47, 53, 54], 3: [12, 27], 5: [13, 15, 28], 4: [14]})
INFO:  current select feature name : ['2' '9' '12' '2_tanh' '9_tanh' '12_tanh' '2_sigmoid' '9_sigmoid'
 '12_sigmoid' '2_tanh_sigmoid' '9_tanh_sigmoid' '12_tanh_sigmoid']
INFO:  current select op : sin
INFO:  current select feature name : ['13_square']
INFO:  current select op : sigmoid
INFO:  start to learn in model_c1
INFO:  start to learn in model_c2
INFO:  start to learn in model_op
INFO:  New performance is: 0.608577, Best performance is: 0.613631 (e7s0) Base performance is: 0.612790
INFO:  Episode 7, Step 6 ends!
INFO:  Current spend time for step-6 is: 72.9s
INFO:  current cluster : defaultdict(<class 'list'>, {1: [0, 1, 12, 13, 25, 26, 35, 36], 0: [2, 8, 14, 20, 27, 33, 37, 43, 48, 49, 50, 51, 52, 53, 55], 2: [3, 4, 9, 15, 16, 21, 28, 29, 34, 38, 39, 44], 5: [5, 17, 23, 24, 30, 40, 46, 47], 6: [6, 7, 18, 19, 31, 32, 41, 42], 4: [10, 45, 54], 3: [11, 22]})
INFO:  current select feature name : ['3' '4' '9' '13_square_stand_scaler' '10_tanh' '6_tanh'
 '13_square_stand_scaler_stand_scaler' '6_stand_scaler' '3_sigmoid'
 '8_sigmoid' '9_sigmoid' '2_tanh_sigmoid']
INFO:  current select op : sin
INFO:  current select feature name : ['12' '12_tanh_sigmoid' '12_sigmoid_sin']
INFO:  current select op : sigmoid
INFO:  start to learn in model_c1
INFO:  start to learn in model_c2
INFO:  start to learn in model_op
INFO:  New performance is: 0.611530, Best performance is: 0.613631 (e7s0) Base performance is: 0.612790
INFO:  Episode 7, Step 7 ends!
INFO:  Current spend time for step-7 is: 73.1s
INFO:  current cluster : defaultdict(<class 'list'>, {0: [0, 1, 10, 11, 22, 23, 30, 31], 5: [2, 3, 8, 12, 13, 18, 24, 25, 29, 32, 33, 38, 46, 47, 48, 49, 50, 51, 52, 53, 54, 55], 2: [4, 14, 20, 21, 26, 34, 39, 40], 6: [5, 6, 15, 16, 27, 28, 35, 36], 1: [7, 17, 37, 41, 42, 44, 45], 3: [9, 19], 4: [43]})
INFO:  current select feature name : ['6' '7' '3_tanh' '5_tanh' '2_sigmoid' '3_sigmoid' '10_tanh_sigmoid'
 '1_tanh_sigmoid']
INFO:  current select op : sin
INFO:  current select feature name : ['2_sigmoid_sin']
INFO:  current select op : sigmoid
INFO:  start to learn in model_c1
INFO:  start to learn in model_c2
INFO:  start to learn in model_op
INFO:  New performance is: 0.608866, Best performance is: 0.613631 (e7s0) Base performance is: 0.612790
INFO:  Episode 7, Step 8 ends!
INFO:  Current spend time for step-8 is: 68.3s
INFO:  current cluster : defaultdict(<class 'list'>, {6: [0, 9, 21, 29], 2: [1, 10, 22, 30], 1: [2, 3, 7, 11, 12, 17, 23, 24, 28, 31, 32, 37, 40, 41, 42, 43, 44, 45, 46, 47, 48, 49], 0: [4, 13, 19, 20, 25, 33, 38, 39], 5: [5, 6, 14, 15, 26, 27, 34, 35, 50, 51, 52, 53, 54, 55], 3: [8, 18], 4: [16, 36]})
INFO:  current select feature name : ['8_tanh' '8_tanh_sigmoid']
INFO:  current select op : quan_trans
INFO:  current select feature name : ['8_tanh_quan_trans' '8_tanh_sigmoid_quan_trans']
INFO:  current select op : sigmoid
INFO:  start to learn in model_c1
INFO:  start to learn in model_c2
INFO:  start to learn in model_op
INFO:  New performance is: 0.608719, Best performance is: 0.613631 (e7s0) Base performance is: 0.612790
INFO:  Episode 7, Step 9 ends!
INFO:  Current spend time for step-9 is: 63.8s
INFO:  current cluster : defaultdict(<class 'list'>, {0: [0, 1, 2, 3, 5, 6, 7, 8, 9, 10, 12], 1: [4], 2: [11]})
INFO:  current select feature name : ['3_tanh']
INFO:  current select op : log
INFO:  current cluster : defaultdict(<class 'list'>, {2: [0, 1, 2, 3, 5, 7, 8, 9, 10, 11], 1: [4], 0: [6, 12]})
INFO:  current select feature name : ['6']
INFO:  current select op : *
INFO:  current select feature name : ['10' '1' '3' '5' '7' '11' '13' '10_tanh' '1_tanh' '3_tanh']
INFO:  current select feature name : ['6']
INFO:  current select op : sigmoid
INFO:  current select feature name : ['6']
INFO:  start to learn in model_c1
INFO:  start to learn in model_c2
INFO:  start to learn in model_op
INFO:  New performance is: 0.589570, Best performance is: 0.613631 (e7s0) Base performance is: 0.612790
INFO:  Episode 8, Step 0 ends!
INFO:  Current spend time for step-0 is: 8.5s
INFO:  current cluster : defaultdict(<class 'list'>, {0: [0, 1, 2, 3, 5, 7, 8, 9, 10, 11, 13, 14, 15, 16, 17, 18, 19, 20, 21, 22], 3: [4], 1: [6], 2: [12]})
INFO:  current select feature name : ['13']
INFO:  current select op : /
INFO:  current select feature name : ['4']
INFO:  current select feature name : ['6']
INFO:  current select op : sigmoid
INFO:  current select feature name : ['6']
INFO:  start to learn in model_c1
INFO:  start to learn in model_c2
INFO:  start to learn in model_op
INFO:  New performance is: 0.588867, Best performance is: 0.613631 (e7s0) Base performance is: 0.612790
INFO:  Episode 8, Step 1 ends!
INFO:  Current spend time for step-1 is: 12.5s
INFO:  current cluster : defaultdict(<class 'list'>, {0: [0, 1, 2, 3, 5, 7, 8, 9, 10, 11, 13, 14, 15, 16, 17, 18, 19, 20, 21, 22], 3: [4], 1: [6], 2: [12, 23]})
INFO:  current select feature name : ['4']
INFO:  current select op : *
INFO:  current select feature name : ['6']
INFO:  current select feature name : ['6' '4*6']
INFO:  current select op : sigmoid
INFO:  current select feature name : ['12' '6*3_tanh']
INFO:  start to learn in model_c1
INFO:  start to learn in model_c2
INFO:  start to learn in model_op
INFO:  New performance is: 0.593270, Best performance is: 0.613631 (e7s0) Base performance is: 0.612790
INFO:  Episode 8, Step 2 ends!
INFO:  Current spend time for step-2 is: 13.4s
INFO:  current cluster : defaultdict(<class 'list'>, {4: [0, 1, 3, 5, 7, 8, 10, 13, 14, 16, 17, 18, 19, 21], 0: [2, 9, 11, 15, 20, 22], 3: [4], 1: [6, 24], 2: [12, 23]})
INFO:  current select feature name : ['2' '9' '12' '6*3' '6*10_tanh' '6*3_tanh']
INFO:  current select op : *
INFO:  current select feature name : ['6' '4*6']
INFO:  current select feature name : ['12' '6*3_tanh']
INFO:  current select op : sigmoid
INFO:  current select feature name : ['12' '6*3_tanh']
INFO:  start to learn in model_c1
INFO:  start to learn in model_c2
INFO:  start to learn in model_op
INFO:  New performance is: 0.588929, Best performance is: 0.613631 (e7s0) Base performance is: 0.612790
INFO:  Episode 8, Step 3 ends!
INFO:  Current spend time for step-3 is: 21.4s
INFO:  current cluster : defaultdict(<class 'list'>, {0: [0, 1, 3, 5, 6, 7, 8, 10, 13, 14, 16, 17, 18, 19, 21, 24, 25, 26, 27, 28, 29, 30, 31, 32, 33, 34, 35, 36], 1: [2, 9, 20], 3: [4], 4: [11, 22], 2: [12, 23], 5: [15]})
INFO:  current select feature name : ['12' '6*3_tanh']
INFO:  current select op : quan_trans
INFO:  current select feature name : ['13' '13/4']
INFO:  current select op : sigmoid
INFO:  start to learn in model_c1
INFO:  start to learn in model_c2
INFO:  start to learn in model_op
INFO:  New performance is: 0.590847, Best performance is: 0.613631 (e7s0) Base performance is: 0.612790
INFO:  Episode 8, Step 4 ends!
INFO:  Current spend time for step-4 is: 30.0s
INFO:  current cluster : defaultdict(<class 'list'>, {0: [0, 1, 3, 5, 7, 8, 10, 13, 14, 16, 17, 18, 19, 21, 24, 25, 26, 27, 28, 30, 31, 32, 33, 34, 35], 1: [2, 11, 15, 22, 37, 38], 3: [4], 5: [6, 29, 36], 4: [9, 20], 2: [12, 23]})
INFO:  current select feature name : ['9' '6*10_tanh']
INFO:  current select op : stand_scaler
INFO:  current select feature name : ['13' '13/4']
INFO:  current select op : sigmoid
INFO:  start to learn in model_c1
INFO:  start to learn in model_c2
INFO:  start to learn in model_op
INFO:  New performance is: 0.592731, Best performance is: 0.613631 (e7s0) Base performance is: 0.612790
INFO:  Episode 8, Step 5 ends!
INFO:  Current spend time for step-5 is: 32.9s
INFO:  current cluster : defaultdict(<class 'list'>, {0: [0, 1, 3, 5, 6, 7, 8, 10, 13, 14, 16, 17, 18, 19, 21, 24, 25, 26, 27, 28, 29, 30, 31, 32, 33, 34, 35, 36], 5: [2, 15], 3: [4], 4: [9, 20, 39, 40], 1: [11, 22, 37, 38], 2: [12, 23]})
INFO:  current select feature name : ['13' '13/4']
INFO:  current select op : *
INFO:  current select feature name : ['10' '1' '3' '5' '6' '7' '8' '11' '6*10' '6*1' '6*5' '6*7' '6*11' '6*13'
 '6*1_tanh' '4*6' '2*6' '2*4*6' '9*6' '9*4*6' '12*6' '12*4*6' '6*3*6'
 '6*3*4*6' '6*10_tanh*6' '6*10_tanh*4*6' '6*3_tanh*6' '6*3_tanh*4*6']
INFO:  current select feature name : ['9*4*6' '6*10_tanh*6']
INFO:  current select op : sigmoid
INFO:  current select feature name : ['12' '6*3_tanh' '12_quan_trans' '6*3_tanh_quan_trans']
INFO:  start to learn in model_c1
INFO:  start to learn in model_c2
INFO:  start to learn in model_op
INFO:  New performance is: 0.576453, Best performance is: 0.613631 (e7s0) Base performance is: 0.612790
INFO:  Episode 8, Step 6 ends!
INFO:  Current spend time for step-6 is: 109.5s
INFO:  current cluster : defaultdict(<class 'list'>, {0: [0, 24, 28, 42, 46], 6: [1], 4: [2, 3, 5, 7, 8, 9, 11, 12, 15, 17, 18, 20, 22, 23, 25, 29, 30, 31, 34, 35, 38, 41, 43, 45, 47, 48, 49, 52, 53], 2: [4, 14, 19, 32, 33, 36, 37, 50, 51, 54, 55], 1: [6, 10, 21, 26, 39, 44], 3: [13, 16], 5: [27, 40]})
INFO:  current select feature name : ['9*6' '6*10_tanh_stand_scaler']
INFO:  current select op : tanh
INFO:  current select feature name : ['9*4*6' '6*10_tanh*6']
INFO:  current select op : sigmoid
INFO:  start to learn in model_c1
INFO:  start to learn in model_c2
INFO:  start to learn in model_op
INFO:  New performance is: 0.560947, Best performance is: 0.613631 (e7s0) Base performance is: 0.612790
INFO:  Episode 8, Step 7 ends!
INFO:  Current spend time for step-7 is: 65.1s
INFO:  current cluster : defaultdict(<class 'list'>, {0: [0, 7, 8, 11, 12, 15, 18, 22, 23, 25, 26, 29, 32, 36, 38, 40, 41, 44, 46, 51, 54, 55], 5: [1], 6: [2, 3], 3: [4, 13, 17], 2: [5, 9, 14, 16, 20, 21, 27, 28, 33, 39, 43, 45, 47, 50], 1: [6, 10, 19, 24, 37, 42], 4: [30, 31, 34, 35, 48, 49, 52, 53]})
INFO:  current select feature name : ['6' '9*4*6' '6*10_tanh*4*6']
INFO:  current select op : stand_scaler
INFO:  current select feature name : ['13' '13*1' '13/4*6*1']
INFO:  current select op : sigmoid
INFO:  start to learn in model_c1
INFO:  start to learn in model_c2
INFO:  start to learn in model_op
INFO:  New performance is: 0.558502, Best performance is: 0.613631 (e7s0) Base performance is: 0.612790
INFO:  Episode 8, Step 8 ends!
INFO:  Current spend time for step-8 is: 66.3s
INFO:  current cluster : defaultdict(<class 'list'>, {0: [0, 4, 7, 8, 10, 11, 13, 14, 15, 17, 19, 20, 22, 24, 25, 26, 27, 30, 31, 34, 36, 37, 38, 40, 42, 43, 44, 47, 48, 51, 52], 4: [1, 2], 6: [3, 12, 16, 28, 29, 32, 33, 45, 46, 49, 50, 53, 54, 55], 1: [5, 18, 39], 5: [6], 2: [9, 23, 35], 3: [21, 41]})
INFO:  current select feature name : ['1' '3']
INFO:  current select op : sin
INFO:  current select feature name : ['13*3' '13/4*6*5']
INFO:  current select op : sigmoid
INFO:  start to learn in model_c1
INFO:  start to learn in model_c2
INFO:  start to learn in model_op
INFO:  New performance is: 0.566358, Best performance is: 0.613631 (e7s0) Base performance is: 0.612790
INFO:  Episode 8, Step 9 ends!
INFO:  Current spend time for step-9 is: 65.2s
INFO:  current cluster : defaultdict(<class 'list'>, {0: [0, 1, 2, 3, 5, 6, 7, 8, 9, 10, 12], 1: [4], 2: [11]})
INFO:  current select feature name : ['9*6']
INFO:  current select op : sigmoid
INFO:  current select feature name : ['13']
INFO:  current select op : sigmoid
INFO:  start to learn in model_c1
INFO:  start to learn in model_c2
INFO:  start to learn in model_op
INFO:  New performance is: 0.610699, Best performance is: 0.613631 (e7s0) Base performance is: 0.612790
INFO:  Episode 9, Step 0 ends!
INFO:  Current spend time for step-0 is: 5.1s
INFO:  current cluster : defaultdict(<class 'list'>, {0: [0, 1, 2, 3, 5, 6, 7, 8, 9, 10, 11, 13], 1: [4], 2: [12]})
INFO:  current select feature name : ['13']
INFO:  current select op : /
INFO:  current select feature name : ['13']
INFO:  current select feature name : ['13/13']
INFO:  current select op : sigmoid
INFO:  current select feature name : ['13/13']
INFO:  start to learn in model_c1
INFO:  start to learn in model_c2
INFO:  start to learn in model_op
INFO:  New performance is: 0.609873, Best performance is: 0.613631 (e7s0) Base performance is: 0.612790
INFO:  Episode 9, Step 1 ends!
INFO:  Current spend time for step-1 is: 5.7s
INFO:  current cluster : defaultdict(<class 'list'>, {0: [0, 1, 2, 3, 5, 6, 7, 8, 9, 10, 11, 12, 13], 2: [4], 1: [14]})
INFO:  current select feature name : ['13/13']
INFO:  current select op : square
INFO:  current select feature name : ['13/13' '13/13_square']
INFO:  current select op : sigmoid
INFO:  start to learn in model_c1
INFO:  start to learn in model_c2
INFO:  start to learn in model_op
INFO:  New performance is: 0.611158, Best performance is: 0.613631 (e7s0) Base performance is: 0.612790
INFO:  Episode 9, Step 2 ends!
INFO:  Current spend time for step-2 is: 6.2s
INFO:  current cluster : defaultdict(<class 'list'>, {0: [0, 1, 2, 3, 5, 6, 7, 8, 9, 10, 11, 13], 3: [4], 1: [12], 2: [14, 15]})
INFO:  current select feature name : ['10' '1' '2' '3' '5' '6' '7' '8' '9' '11' '12' '9*6_sigmoid']
INFO:  current select op : cos
INFO:  current select feature name : ['13/13']
INFO:  current select op : sigmoid
INFO:  start to learn in model_c1
INFO:  start to learn in model_c2
INFO:  start to learn in model_op
INFO:  New performance is: 0.606795, Best performance is: 0.613631 (e7s0) Base performance is: 0.612790
INFO:  Episode 9, Step 3 ends!
INFO:  Current spend time for step-3 is: 11.8s
INFO:  current cluster : defaultdict(<class 'list'>, {0: [0, 1, 2, 3, 5, 7, 8, 9, 10, 11, 13, 16, 17, 18, 19, 20, 22, 23, 24, 25, 26, 27], 2: [4], 1: [6, 21], 3: [12], 4: [14, 15]})
INFO:  current select feature name : ['13/13' '13/13_square']
INFO:  current select op : sqrt
INFO:  current select feature name : ['13/13' '13/13_square' '13/13_sqrt' '13/13_square_sqrt']
INFO:  current select op : sigmoid
INFO:  start to learn in model_c1
INFO:  start to learn in model_c2
INFO:  start to learn in model_op
INFO:  New performance is: 0.605492, Best performance is: 0.613631 (e7s0) Base performance is: 0.612790
INFO:  Episode 9, Step 4 ends!
INFO:  Current spend time for step-4 is: 17.7s
INFO:  current cluster : defaultdict(<class 'list'>, {1: [0, 1, 2, 3, 5, 7, 8, 9, 10, 11, 13, 16, 17, 18, 19, 20, 22, 23, 24, 25, 26, 27], 2: [4], 4: [6, 21], 3: [12], 0: [14, 15, 28, 29]})
INFO:  current select feature name : ['13/13' '13/13_square' '13/13_sqrt' '13/13_square_sqrt']
INFO:  current select op : reciprocal
INFO:  current select feature name : ['6' '6_cos']
INFO:  current select op : sigmoid
INFO:  start to learn in model_c1
INFO:  start to learn in model_c2
INFO:  start to learn in model_op
INFO:  New performance is: 0.602745, Best performance is: 0.613631 (e7s0) Base performance is: 0.612790
INFO:  Episode 9, Step 5 ends!
INFO:  Current spend time for step-5 is: 20.9s
INFO:  current cluster : defaultdict(<class 'list'>, {0: [0, 1, 2, 3, 5, 7, 8, 9, 10, 11, 13, 16, 17, 18, 19, 20, 22, 23, 24, 25, 26, 27], 2: [4], 1: [6, 21], 3: [12], 4: [14, 15, 28, 29, 30, 31, 32, 33]})
INFO:  current select feature name : ['13/13' '13/13_square' '13/13_sqrt' '13/13_square_sqrt'
 '13/13_reciprocal' '13/13_square_reciprocal' '13/13_sqrt_reciprocal'
 '13/13_square_sqrt_reciprocal']
INFO:  current select op : stand_scaler
INFO:  current select feature name : ['6' '6_cos']
INFO:  current select op : sigmoid
INFO:  start to learn in model_c1
INFO:  start to learn in model_c2
INFO:  start to learn in model_op
INFO:  New performance is: 0.601366, Best performance is: 0.613631 (e7s0) Base performance is: 0.612790
INFO:  Episode 9, Step 6 ends!
INFO:  Current spend time for step-6 is: 28.3s
INFO:  current cluster : defaultdict(<class 'list'>, {2: [0, 1, 3, 5, 7, 8, 10, 16, 17, 19, 20, 22, 23, 25], 0: [2, 9, 11, 13, 18, 24, 26, 27], 4: [4], 1: [6, 21], 3: [12], 5: [14, 15, 28, 29, 30, 31, 32, 33, 34, 35, 36, 37, 38, 39, 40, 41]})
INFO:  current select feature name : ['6' '6_cos']
INFO:  current select op : *
INFO:  current select feature name : ['6' '6_cos']
INFO:  current select feature name : ['6' '6_cos' '6*6' '6*6_cos' '6_cos*6' '6_cos*6_cos']
INFO:  current select op : sigmoid
INFO:  current select feature name : ['2' '9' '12' '9*6_sigmoid' '2_cos' '9_cos' '12_cos' '9*6_sigmoid_cos']
INFO:  start to learn in model_c1
INFO:  start to learn in model_c2
INFO:  start to learn in model_op
INFO:  New performance is: 0.606070, Best performance is: 0.613631 (e7s0) Base performance is: 0.612790
INFO:  Episode 9, Step 7 ends!
INFO:  Current spend time for step-7 is: 36.9s
INFO:  current cluster : defaultdict(<class 'list'>, {1: [0, 1, 3, 5, 7, 8, 10, 16, 17, 19, 20, 22, 23, 25], 4: [2, 9, 18, 24], 3: [4, 14, 15, 28, 29, 30, 31, 32, 33, 34, 35, 36, 37, 38, 39, 40, 41], 0: [6, 21, 42, 43, 44, 45], 2: [11, 13, 26, 27], 5: [12]})
INFO:  current select feature name : ['12' '9*6_sigmoid' '12_cos' '9*6_sigmoid_cos']
INFO:  current select op : log
INFO:  current select feature name : ['6_cos' '6*6' '6_cos*6_cos']
INFO:  current select op : sigmoid
INFO:  start to learn in model_c1
INFO:  start to learn in model_c2
INFO:  start to learn in model_op
INFO:  New performance is: 0.602370, Best performance is: 0.613631 (e7s0) Base performance is: 0.612790
INFO:  Episode 9, Step 8 ends!
INFO:  Current spend time for step-8 is: 42.6s
INFO:  current cluster : defaultdict(<class 'list'>, {6: [0, 1, 3, 5, 10, 16, 17, 19, 20, 25], 0: [2, 9, 11, 13, 18, 24, 26, 27, 46, 47, 48], 1: [4, 14, 15, 28, 29, 30, 31, 32, 33, 34, 35, 36, 37, 38, 39, 40, 41], 3: [6, 43, 44], 2: [7, 8, 22, 23], 5: [12], 4: [21, 42, 45]})
INFO:  current select feature name : ['6_cos' '6*6' '6_cos*6_cos']
INFO:  current select op : quan_trans
INFO:  current select feature name : ['9' '9_cos']
INFO:  current select op : sigmoid
INFO:  start to learn in model_c1
INFO:  start to learn in model_c2
INFO:  start to learn in model_op
INFO:  New performance is: 0.601409, Best performance is: 0.613631 (e7s0) Base performance is: 0.612790
INFO:  Episode 9, Step 9 ends!
INFO:  Current spend time for step-9 is: 48.1s
INFO:  Total training time for is: 3624.6s
INFO:  Exploration ends!
INFO:  Begin evaluation...
INFO:  MAE on original is: -1.022, MAE on generated is: -1.009
INFO:  RMSE on original is: -6.563, RMSE on generated is: -6.398
INFO:  1-RAE on original is: 0.668, 1-RAE on generated is: 0.670
INFO:  Total using time: 3625.8s
