INFO:  {'name': 'housing_boston', 'log_level': 'info', 'episodes': 10, 'steps': 10, 'enlarge_num': 4, 'memory': 8, 'a': 1, 'b': 1, 'c': 1, 'hidden_size': 64, 'batch_size': 8, 'replay_strategy': 'random', 'ent_weight': 0.001, 'init_w': 0.1, 'id': '0', 'ablation_mode': '', 'out_put': '.'}
INFO:  running experiment on cpu
INFO:  read the data from /home/pjanga/Group-wise-Reinforcement-Feature-Generation-for-Optimal-and-Explainable-Representation-Space-Reconst/data/processed/housing_boston.hdf
INFO:  opt path is ./tmp/housing_boston_random_/
INFO:  initialize the features...
[10, 1, 2, 3, 4, 5, 6, 7, 8, 9, 11, 12, 13, 'label']
INFO:  initial memories with random
INFO:  MAE on original is: -1.484, MAE on generated is: -1.484
INFO:  RMSE on original is: -16.400, RMSE on generated is: -16.400
INFO:  1-RAE on original is: 0.504, 1-RAE on generated is: 0.504
INFO:  start training, the original performance is 0.5719343073173202
INFO:  current cluster : defaultdict(<class 'list'>, {0: [0, 1, 2, 3, 5, 6, 7, 8, 9, 10, 11], 1: [4], 2: [12]})
INFO:  current select feature name : ['13']
INFO:  current select op : /
INFO:  current select feature name : ['10' '1' '2' '3' '5' '6' '7' '8' '9' '11' '12']
INFO:  current cluster : defaultdict(<class 'list'>, {0: [0, 1, 2, 3, 5, 6, 7, 8, 9, 10, 11], 1: [4], 2: [12]})
INFO:  current select feature name : ['4']
INFO:  current select op : sqrt
INFO:  current cluster : defaultdict(<class 'list'>, {0: [0, 1, 2, 3, 5, 6, 7, 8, 9, 10, 11], 1: [4], 2: [12]})
INFO:  current select feature name : ['13']
INFO:  current select op : square
INFO:  current select feature name : ['4']
INFO:  current select op : log
INFO:  New performance is: 0.571306, Best performance is: 0.571934 (e-1s-1) Base performance is: 0.571934
INFO:  Episode 0, Step 0 ends!
INFO:  Current spend time for step-0 is: 5.2s
INFO:  current cluster : defaultdict(<class 'list'>, {0: [0, 1, 2, 3, 5, 6, 7, 8, 9, 10, 12, 13], 1: [4], 2: [11]})
INFO:  current select feature name : ['12']
INFO:  current select op : stand_scaler
INFO:  current select feature name : ['4']
INFO:  current select op : log
INFO:  New performance is: 0.574847, Best performance is: 0.574847 (e0s1) Base performance is: 0.571934
INFO:  Episode 0, Step 1 ends!
INFO:  Current spend time for step-1 is: 5.7s
INFO:  current cluster : defaultdict(<class 'list'>, {0: [0, 1, 2, 3, 5, 7, 8, 9, 10, 11, 12, 13, 14], 1: [4], 2: [6]})
INFO:  current select feature name : ['10' '1' '2' '3' '5' '7' '8' '9' '11' '12' '13' '13_square'
 '12_stand_scaler']
INFO:  current select op : quan_trans
INFO:  current select feature name : ['4']
INFO:  current select op : log
INFO:  New performance is: 0.572369, Best performance is: 0.574847 (e0s1) Base performance is: 0.571934
INFO:  Episode 0, Step 2 ends!
INFO:  Current spend time for step-2 is: 11.8s
INFO:  current cluster : defaultdict(<class 'list'>, {0: [0, 1, 3, 5, 7, 8, 9, 10, 12, 13, 15, 16, 18, 19, 20, 21, 22, 23, 25, 26], 1: [2, 17], 3: [4], 2: [6], 4: [11, 14, 24, 27]})
INFO:  current select feature name : ['12' '12_stand_scaler' '12_quan_trans' '12_stand_scaler_quan_trans']
INFO:  current select op : *
INFO:  current select feature name : ['10' '1' '3' '5' '7' '8' '9' '11' '13' '13_square' '10_quan_trans'
 '1_quan_trans' '3_quan_trans' '5_quan_trans' '7_quan_trans'
 '8_quan_trans' '9_quan_trans' '11_quan_trans' '13_quan_trans'
 '13_square_quan_trans']
INFO:  current select feature name : ['4']
INFO:  current select op : log
INFO:  current select feature name : ['13_square_quan_trans']
INFO:  New performance is: 0.546503, Best performance is: 0.574847 (e0s1) Base performance is: 0.571934
INFO:  Episode 0, Step 3 ends!
INFO:  Current spend time for step-3 is: 122.7s
INFO:  current cluster : defaultdict(<class 'list'>, {0: [0, 1, 5, 6, 17, 18, 19, 20, 23, 24, 25, 26, 27, 30, 31, 32, 35, 36, 37, 38, 39, 42, 43, 44, 46, 47, 48, 49, 50, 51, 53, 54, 55], 4: [2, 3, 7, 9, 10, 11, 12, 13, 14, 33, 34, 40, 45, 52], 3: [4], 1: [8, 15, 21], 6: [16], 2: [22, 28, 29], 5: [41]})
INFO:  current select feature name : ['2' '3' '7' '9' '11' '12' '13' '13_square' '12_stand_scaler' '12*8'
 '12*9' '12*3_quan_trans' '12*11_quan_trans' '12_stand_scaler*7']
INFO:  current select op : quan_trans
INFO:  current select feature name : ['13' '13_quan_trans' '12*13']
INFO:  current select op : log
INFO:  New performance is: 0.542892, Best performance is: 0.574847 (e0s1) Base performance is: 0.571934
INFO:  Episode 0, Step 4 ends!
INFO:  Current spend time for step-4 is: 72.3s
INFO:  current cluster : defaultdict(<class 'list'>, {2: [0, 1, 18, 24, 25, 29, 33, 35], 1: [2, 3, 7, 9, 10, 11, 12, 13, 14, 30, 31, 34, 39, 45, 48, 50, 51, 52, 53, 54], 3: [4], 6: [5, 6, 17, 19, 22, 23, 26, 32, 36, 37, 38, 40, 41, 42, 43, 44, 46, 47], 0: [8, 15, 20], 5: [16, 55], 4: [21, 27, 28, 49]})
INFO:  current select feature name : ['13_square_quan_trans' '12_stand_scaler_quan_trans*13_square_quan_trans']
INFO:  current select op : sigmoid
INFO:  current select feature name : ['12*13']
INFO:  current select op : log
INFO:  New performance is: 0.548153, Best performance is: 0.574847 (e0s1) Base performance is: 0.571934
INFO:  Episode 0, Step 5 ends!
INFO:  Current spend time for step-5 is: 65.2s
INFO:  current cluster : defaultdict(<class 'list'>, {2: [0, 1, 18, 23, 24, 28, 31], 1: [2, 3, 7, 9, 10, 11, 12, 13, 14, 16, 29, 30, 32, 37, 43, 46, 48, 49, 50, 51, 52, 53, 54, 55], 3: [4], 5: [5, 6, 17, 19, 22, 25, 34, 35, 36, 38, 39, 40, 41, 42, 44, 45], 0: [8, 15, 20], 4: [21, 26, 27, 47], 6: [33]})
INFO:  current select feature name : ['12*13_square' '12*11_quan_trans' '12*13_quan_trans'
 '12_stand_scaler_quan_trans*13_square_quan_trans']
INFO:  current select op : -
INFO:  current select feature name : ['7' '8' '12*1' '12*5' '12*10_quan_trans' '12*8_quan_trans'
 '12_stand_scaler*13_quan_trans' '12_stand_scaler*13_square_quan_trans'
 '12_quan_trans*10' '12_quan_trans*5' '12_quan_trans*13'
 '12_quan_trans*13_square' '12_quan_trans*13_square_quan_trans'
 '12_stand_scaler_quan_trans*10' '12_stand_scaler_quan_trans*5'
 '12_stand_scaler_quan_trans*13']
INFO:  current select feature name : ['13' '13_quan_trans' '12*13']
INFO:  current select op : log
INFO:  current select feature name : ['12_stand_scaler_quan_trans*13_square_quan_trans-12*8_quan_trans']
INFO:  New performance is: 0.540782, Best performance is: 0.574847 (e0s1) Base performance is: 0.571934
INFO:  Episode 0, Step 6 ends!
INFO:  Current spend time for step-6 is: 172.0s
INFO:  current cluster : defaultdict(<class 'list'>, {4: [0, 14, 19, 39, 42, 46], 0: [1, 2, 4, 6, 7, 8, 9, 10, 11, 13, 20, 21, 23, 24, 25, 27, 28, 29, 30, 31, 32, 33, 34, 36, 37, 38, 40, 41, 43, 44, 45, 47, 48, 49, 50, 51, 52, 53, 54, 55], 3: [3], 2: [5, 12], 6: [15], 1: [16, 17, 18, 26, 35], 5: [22]})
INFO:  current select feature name : ['12*1_quan_trans']
INFO:  current select op : /
INFO:  current select feature name : ['7' '3_quan_trans']
INFO:  current cluster : defaultdict(<class 'list'>, {4: [0, 14, 19, 39, 42, 46], 0: [1, 2, 9, 10, 13, 22, 23, 24, 25, 30, 32, 33, 34, 47, 50, 52, 53, 55], 3: [3], 6: [4, 6, 7, 8, 11, 20, 21, 27, 28, 29, 31, 36, 37, 38, 40, 41, 43, 44, 45, 48, 51, 54], 2: [5, 12, 15], 1: [16, 17, 18, 26, 35], 5: [49]})
INFO:  current select feature name : ['12_quan_trans']
INFO:  current select op : sigmoid
INFO:  current select feature name : ['12*13']
INFO:  current select op : log
INFO:  start to learn in model_c1
INFO:  start to learn in model_op
INFO:  New performance is: 0.540495, Best performance is: 0.574847 (e0s1) Base performance is: 0.571934
INFO:  Episode 0, Step 7 ends!
INFO:  Current spend time for step-7 is: 64.4s
INFO:  current cluster : defaultdict(<class 'list'>, {1: [0, 14, 19], 5: [1, 2, 4, 6, 7, 8, 9, 10, 11, 13, 20, 21, 22, 23, 24, 25, 27, 28, 29, 30, 31, 32, 33, 34, 36, 37, 38, 40, 41, 42, 43, 44, 46, 47, 48, 49, 50, 51, 52, 53, 54, 55], 3: [3], 2: [5, 12, 15], 0: [16, 17, 18, 26, 35], 4: [39], 6: [45]})
INFO:  current select feature name : ['3' '5' '11' '13_square' '10_quan_trans' '1_quan_trans' '3_quan_trans'
 '5_quan_trans' '11_quan_trans' '13_square_quan_trans'
 '12_stand_scaler*13' '12_stand_scaler*13_square'
 '12_stand_scaler*13_quan_trans' '12_quan_trans*13'
 '12_stand_scaler_quan_trans*13' '12*11_quan_trans_quan_trans'
 '12*9_quan_trans' '12_quan_trans' '12_stand_scaler_quan_trans'
 '2_quan_trans' '7_quan_trans' '9_quan_trans'
 '13_square_quan_trans_sigmoid'
 '12_stand_scaler_quan_trans*13_square_quan_trans_sigmoid'
 '12*13_square-12*5' '12*13_square-12_stand_scaler*13_quan_trans'
 '12*13_square-12_stand_scaler*13_square_quan_trans'
 '12*13_square-12_quan_trans*13_square'
 '12*13_square-12_quan_trans*13_square_quan_trans'
 '12*13_square-12_stand_scaler_quan_trans*5' '12*11_quan_trans-12*1'
 '12*11_quan_trans-12_quan_trans*5' '12*13_quan_trans-7'
 '12*13_quan_trans-12*1' '12*13_quan_trans-12*5'
 '12*13_quan_trans-12*8_quan_trans'
 '12*13_quan_trans-12_stand_scaler*13_square_quan_trans'
 '12*13_quan_trans-12_quan_trans*10' '12*13_quan_trans-12_quan_trans*5'
 '12*13_quan_trans-12_quan_trans*13_square_quan_trans'
 '12*13_quan_trans-12_stand_scaler_quan_trans*10'
 '12*13_quan_trans-12_stand_scaler_quan_trans*5']
INFO:  current select op : sqrt
INFO:  current select feature name : ['12*13_square-12_quan_trans*5']
INFO:  current select op : sigmoid
INFO:  start to learn in model_c1
INFO:  start to learn in model_op
INFO:  New performance is: 0.540291, Best performance is: 0.574847 (e0s1) Base performance is: 0.571934
INFO:  Episode 0, Step 8 ends!
INFO:  Current spend time for step-8 is: 84.6s
INFO:  current cluster : defaultdict(<class 'list'>, {2: [0, 1, 8, 9, 12, 19, 20, 21, 22, 26, 28, 29, 30, 35, 36, 37, 38, 39, 40, 43, 44, 46, 47, 51, 53, 54, 55], 5: [2], 1: [3, 5, 6, 7, 10, 18, 24, 25, 27, 32, 33, 34, 41, 42, 45, 48, 49, 50, 52], 3: [4, 11], 4: [13], 0: [14, 15, 16, 23, 31], 6: [17]})
INFO:  current select feature name : ['11' '11_quan_trans']
INFO:  current select op : sigmoid
INFO:  current select feature name : ['12*3_quan_trans_quan_trans']
INFO:  current select op : sigmoid
INFO:  start to learn in model_c1
INFO:  start to learn in model_op
INFO:  New performance is: 0.530404, Best performance is: 0.574847 (e0s1) Base performance is: 0.571934
INFO:  Episode 0, Step 9 ends!
INFO:  Current spend time for step-9 is: 65.3s
INFO:  Best performance is: 0.574847
INFO:  Episode 0 ends!
INFO:  current cluster : defaultdict(<class 'list'>, {0: [0, 1, 2, 3, 5, 6, 7, 8, 9, 10, 12], 1: [4], 2: [11]})
INFO:  current select feature name : ['13']
INFO:  current select op : -
INFO:  current select feature name : ['3' '5' '6' '11' '13_square' '10_quan_trans' '1_quan_trans'
 '3_quan_trans' '5_quan_trans' '11_quan_trans' '13_square_quan_trans']
INFO:  current select feature name : ['10' '1' '2' '3' '5' '7' '8' '9' '11' '12' '13-3' '13-5' '13-6' '13-11'
 '13-13_square' '13-1_quan_trans' '13-3_quan_trans' '13-5_quan_trans'
 '13-11_quan_trans']
INFO:  current select op : sigmoid
INFO:  current select feature name : ['13' '13-13_square_quan_trans']
INFO:  start to learn in model_c1
INFO:  start to learn in model_op
INFO:  New performance is: 0.590547, Best performance is: 0.590547 (e1s0) Base performance is: 0.571934
INFO:  Episode 1, Step 0 ends!
INFO:  Current spend time for step-0 is: 9.2s
INFO:  current cluster : defaultdict(<class 'list'>, {0: [0, 1, 2, 3, 5, 6, 7, 8, 9, 10, 13, 14, 15, 16, 17, 18, 19, 20, 21, 22], 3: [4], 1: [11], 2: [12, 23]})
INFO:  current select feature name : ['4']
INFO:  current select op : cos
INFO:  current select feature name : ['10' '1' '2' '3' '5' '7' '8' '9' '11' '12' '13-3' '13-5' '13-6' '13-11'
 '13-13_square' '13-1_quan_trans' '13-3_quan_trans' '13-5_quan_trans'
 '13-11_quan_trans']
INFO:  current select op : sigmoid
INFO:  start to learn in model_c1
INFO:  start to learn in model_op
INFO:  New performance is: 0.587732, Best performance is: 0.590547 (e1s0) Base performance is: 0.571934
INFO:  Episode 1, Step 1 ends!
INFO:  Current spend time for step-1 is: 13.5s
INFO:  current cluster : defaultdict(<class 'list'>, {0: [0, 1, 2, 3, 5, 6, 7, 8, 9, 10, 13, 14, 15, 16, 17, 18, 19, 20, 21, 22], 2: [4], 3: [11], 1: [12, 23], 4: [24]})
INFO:  current select feature name : ['4']
INFO:  current select op : *
INFO:  current select feature name : ['10' '1' '2' '3' '5' '6' '7' '8' '9' '11' '13-3' '13-5' '13-6' '13-11'
 '13-13_square' '13-10_quan_trans' '13-1_quan_trans' '13-3_quan_trans'
 '13-5_quan_trans' '13-11_quan_trans']
INFO:  current select feature name : ['10' '1' '3' '5' '6' '7' '8' '9' '11' '13-3' '13-5' '13-11'
 '13-13_square' '13-10_quan_trans' '13-1_quan_trans' '13-3_quan_trans'
 '13-5_quan_trans' '13-11_quan_trans' '4*10' '4*1' '4*3' '4*5' '4*6' '4*7'
 '4*8' '4*9' '4*11' '4*13-3' '4*13-5' '4*13-11' '4*13-13_square'
 '4*13-10_quan_trans' '4*13-1_quan_trans' '4*13-3_quan_trans'
 '4*13-5_quan_trans' '4*13-11_quan_trans']
INFO:  current select op : sigmoid
INFO:  current select feature name : ['12']
INFO:  start to learn in model_c1
INFO:  start to learn in model_op
INFO:  New performance is: 0.581230, Best performance is: 0.590547 (e1s0) Base performance is: 0.571934
INFO:  Episode 1, Step 2 ends!
INFO:  Current spend time for step-2 is: 27.8s
INFO:  current cluster : defaultdict(<class 'list'>, {0: [0, 1, 2, 3, 5, 7, 8, 9, 10, 13, 14, 15, 16, 17, 19, 20, 21, 22, 25, 26, 27, 28, 29, 31, 32, 33, 34, 35, 36, 37, 38, 39, 41, 42, 43, 44], 5: [4], 2: [6, 18, 30, 40], 4: [11], 1: [12, 23], 3: [24]})
INFO:  current select feature name : ['4']
INFO:  current select op : minmax_scaler
INFO:  current select feature name : ['4' '4_minmax_scaler']
INFO:  current select op : sigmoid
INFO:  start to learn in model_c1
INFO:  start to learn in model_op
INFO:  New performance is: 0.587931, Best performance is: 0.590547 (e1s0) Base performance is: 0.571934
INFO:  Episode 1, Step 3 ends!
INFO:  Current spend time for step-3 is: 41.8s
INFO:  current cluster : defaultdict(<class 'list'>, {1: [0, 1, 3, 5, 6, 7, 8, 10, 13, 14, 16, 17, 18, 19, 20, 22, 25, 26, 28, 29, 30, 31, 32, 34, 35, 36, 38, 39, 40, 41, 42, 44], 0: [2, 11, 15, 27, 37], 5: [4, 45], 2: [9, 21, 33, 43], 4: [12, 23], 3: [24]})
INFO:  current select feature name : ['9' '13-5_quan_trans' '4*9' '4*13-5_quan_trans']
INFO:  current select op : square
INFO:  current select feature name : ['4']
INFO:  current select op : sigmoid
INFO:  start to learn in model_c1
INFO:  start to learn in model_op
INFO:  New performance is: 0.583722, Best performance is: 0.590547 (e1s0) Base performance is: 0.571934
INFO:  Episode 1, Step 4 ends!
INFO:  Current spend time for step-4 is: 46.4s
INFO:  current cluster : defaultdict(<class 'list'>, {6: [0, 1, 3, 5, 7, 8, 10, 13, 14, 16, 17, 19, 20, 22, 25, 26, 28, 29, 31, 32, 34, 35, 36, 38, 39, 41, 42, 44], 1: [2, 11, 15, 27, 37], 0: [4, 45], 2: [6, 18, 30, 40], 5: [9, 21, 33, 43, 46, 47, 48, 49], 4: [12, 23], 3: [24]})
INFO:  current select feature name : ['10' '1' '3' '5' '7' '8' '11' '13-3' '13-5' '13-11' '13-13_square'
 '13-1_quan_trans' '13-3_quan_trans' '13-11_quan_trans' '4*10' '4*1' '4*3'
 '4*5' '4*7' '4*8' '4*11' '4*13-3' '4*13-5' '4*13-11' '4*13-13_square'
 '4*13-1_quan_trans' '4*13-3_quan_trans' '4*13-11_quan_trans']
INFO:  current select op : sigmoid
INFO:  current select feature name : ['4' '4_minmax_scaler']
INFO:  current select op : sigmoid
INFO:  start to learn in model_c1
INFO:  start to learn in model_op
INFO:  New performance is: 0.582801, Best performance is: 0.590547 (e1s0) Base performance is: 0.571934
INFO:  Episode 1, Step 5 ends!
INFO:  Current spend time for step-5 is: 84.6s
INFO:  current cluster : defaultdict(<class 'list'>, {2: [0, 1, 9, 12, 21, 27, 31, 32, 38, 41, 47, 53], 6: [2, 3, 7, 11, 16, 20, 24, 26, 30, 33, 34, 37, 40, 44, 46, 49, 52, 55], 1: [4, 13], 0: [5, 6, 10, 14, 15, 18, 19, 23, 25, 29, 35, 36, 39, 42, 43, 45, 48, 50, 51, 54], 4: [8], 5: [17], 3: [22, 28]})
INFO:  current select feature name : ['8']
INFO:  current select op : square
INFO:  current select feature name : ['13']
INFO:  current select op : sigmoid
INFO:  start to learn in model_c1
INFO:  start to learn in model_op
INFO:  New performance is: 0.585072, Best performance is: 0.590547 (e1s0) Base performance is: 0.571934
INFO:  Episode 1, Step 6 ends!
INFO:  Current spend time for step-6 is: 63.4s
INFO:  current cluster : defaultdict(<class 'list'>, {6: [0, 9, 12, 21, 27, 31, 38, 41, 47, 52], 0: [1, 5, 6, 10, 14, 15, 18, 19, 23, 25, 29, 32, 35, 36, 39, 42, 43, 45, 48, 50, 53], 2: [2, 3, 7, 11, 16, 20, 24, 26, 30, 33, 34, 37, 40, 44, 46, 49, 51, 54, 55], 5: [4, 13], 3: [8], 4: [17], 1: [22, 28]})
INFO:  current select feature name : ['10' '13-3' '13-13_square' '4*5' '4*13-13_square' '10_sigmoid'
 '13-3_sigmoid' '13-13_square_sigmoid' '4*5_sigmoid' '4*13-11_sigmoid']
INFO:  current select op : sqrt
INFO:  current select feature name : ['13']
INFO:  current select op : sigmoid
INFO:  start to learn in model_c1
INFO:  start to learn in model_op
INFO:  New performance is: 0.585963, Best performance is: 0.590547 (e1s0) Base performance is: 0.571934
INFO:  Episode 1, Step 7 ends!
INFO:  Current spend time for step-7 is: 68.0s
INFO:  current cluster : defaultdict(<class 'list'>, {0: [0, 1, 2, 3, 6, 8, 10, 11, 14, 17, 18, 21, 23, 24, 27, 28, 29, 30, 31, 33, 34, 36, 37, 39, 41, 42, 44, 46, 47, 49, 50, 51, 52, 53, 54, 55], 6: [4, 12], 1: [5, 9, 16, 20, 22, 26, 32, 35, 40, 43, 45, 48], 3: [7], 2: [13, 38], 4: [15], 5: [19, 25]})
INFO:  current select feature name : ['11']
INFO:  current select op : quan_trans
INFO:  current select feature name : ['8_square']
INFO:  current select op : sigmoid
INFO:  start to learn in model_c1
INFO:  start to learn in model_op
INFO:  New performance is: 0.586632, Best performance is: 0.590547 (e1s0) Base performance is: 0.571934
INFO:  Episode 1, Step 8 ends!
INFO:  Current spend time for step-8 is: 63.2s
INFO:  current cluster : defaultdict(<class 'list'>, {0: [0, 1, 5, 8, 10, 12, 15, 17, 19, 21, 23, 25, 27, 28, 31, 33, 34, 36, 37, 39, 41, 42, 44, 46, 47, 50, 51, 52, 53, 54], 2: [2, 3, 6, 9, 13, 16, 20, 22, 26, 29, 30, 32, 35, 38, 40, 43, 45, 48], 6: [4, 11], 1: [7, 55], 5: [14], 3: [18, 24], 4: [49]})
INFO:  current select feature name : ['13-11_quan_trans']
INFO:  current select op : sigmoid
INFO:  current cluster : defaultdict(<class 'list'>, {0: [0, 1, 8, 10, 16, 17, 22, 23, 27, 28, 33, 36, 40, 41, 45, 46, 50, 51, 52, 53, 54], 6: [2, 3, 6, 9, 13, 20, 26, 29, 30, 32, 35, 38, 43, 48, 49], 5: [4, 11], 2: [5, 12, 15, 19, 21, 25, 31, 34, 37, 39, 42, 44, 47], 1: [7, 55], 4: [14], 3: [18, 24]})
INFO:  current select feature name : ['13-11_quan_trans']
INFO:  current select op : quan_trans
INFO:  current select feature name : ['8_square']
INFO:  current select op : sigmoid
INFO:  start to learn in model_c1
INFO:  start to learn in model_op
INFO:  New performance is: 0.582178, Best performance is: 0.590547 (e1s0) Base performance is: 0.571934
INFO:  Episode 1, Step 9 ends!
INFO:  Current spend time for step-9 is: 63.3s
INFO:  current cluster : defaultdict(<class 'list'>, {0: [0, 1, 2, 3, 5, 6, 7, 8, 9, 10, 11], 1: [4], 2: [12]})
INFO:  current select feature name : ['10' '1' '3' '5' '7' '11' '13' '13-3' '13-11' '13-13_square'
 '13-10_quan_trans']
INFO:  current select op : tanh
INFO:  current select feature name : ['4']
INFO:  current select op : sigmoid
INFO:  start to learn in model_c1
INFO:  start to learn in model_op
INFO:  New performance is: 0.573570, Best performance is: 0.590547 (e1s0) Base performance is: 0.571934
INFO:  Episode 2, Step 0 ends!
INFO:  Current spend time for step-0 is: 9.1s
INFO:  current cluster : defaultdict(<class 'list'>, {0: [0, 1, 2, 3, 5, 7, 8, 9, 10, 11, 13, 14, 15, 16, 17, 19, 20, 21, 22, 23], 3: [4], 1: [6, 18], 2: [12]})
INFO:  current select feature name : ['4']
INFO:  current select op : /
INFO:  current select feature name : ['4']
INFO:  current select feature name : ['13']
INFO:  current select op : sigmoid
INFO:  current select feature name : ['12' '13-10_quan_trans_tanh']
INFO:  start to learn in model_c1
INFO:  start to learn in model_op
INFO:  New performance is: 0.576982, Best performance is: 0.590547 (e1s0) Base performance is: 0.571934
INFO:  Episode 2, Step 1 ends!
INFO:  Current spend time for step-1 is: 13.5s
INFO:  current cluster : defaultdict(<class 'list'>, {0: [0, 1, 2, 3, 5, 7, 8, 9, 10, 11, 13, 14, 15, 16, 17, 19, 20, 21, 22, 23], 2: [4], 1: [6, 18], 3: [12], 4: [24]})
INFO:  current select feature name : ['4/4']
INFO:  current select op : /
INFO:  current select feature name : ['6' '11_tanh']
INFO:  current select feature name : ['4']
INFO:  current select op : sigmoid
INFO:  current select feature name : ['12' '13-10_quan_trans_tanh']
INFO:  start to learn in model_c1
INFO:  start to learn in model_op
INFO:  New performance is: 0.571235, Best performance is: 0.590547 (e1s0) Base performance is: 0.571934
INFO:  Episode 2, Step 2 ends!
INFO:  Current spend time for step-2 is: 15.1s
INFO:  current cluster : defaultdict(<class 'list'>, {1: [0, 1, 3, 5, 6, 7, 8, 10, 13, 14, 16, 17, 18, 19, 20, 22, 25, 26], 0: [2, 9, 11, 15, 21, 23], 2: [4], 3: [12], 4: [24]})
INFO:  current select feature name : ['4/4']
INFO:  current select op : sin
INFO:  current select feature name : ['4']
INFO:  current select op : sigmoid
INFO:  start to learn in model_c1
INFO:  start to learn in model_op
INFO:  New performance is: 0.572963, Best performance is: 0.590547 (e1s0) Base performance is: 0.571934
INFO:  Episode 2, Step 3 ends!
INFO:  Current spend time for step-3 is: 16.5s
INFO:  current cluster : defaultdict(<class 'list'>, {0: [0, 1, 2, 3, 5, 6, 7, 8, 9, 10, 11, 13, 14, 15, 16, 17, 18, 19, 20, 21, 22, 23, 25, 26], 3: [4], 4: [12], 2: [24], 1: [27]})
INFO:  current select feature name : ['4/4']
INFO:  current select op : *
INFO:  current select feature name : ['4/4_sin']
INFO:  current select feature name : ['13']
INFO:  current select op : sigmoid
INFO:  current select feature name : ['4/4_sin']
INFO:  start to learn in model_c1
INFO:  start to learn in model_op
INFO:  New performance is: 0.569665, Best performance is: 0.590547 (e1s0) Base performance is: 0.571934
INFO:  Episode 2, Step 4 ends!
INFO:  Current spend time for step-4 is: 17.4s
INFO:  current cluster : defaultdict(<class 'list'>, {0: [0, 1, 2, 3, 5, 6, 7, 8, 9, 10, 11, 12, 13, 14, 15, 16, 17, 18, 19, 20, 21, 22, 23, 25, 26], 4: [4], 3: [24], 1: [27], 2: [28]})
INFO:  current select feature name : ['4']
INFO:  current select op : square
INFO:  current select feature name : ['4/4_sin']
INFO:  current select op : sigmoid
INFO:  start to learn in model_c1
INFO:  start to learn in model_op
INFO:  New performance is: 0.573818, Best performance is: 0.590547 (e1s0) Base performance is: 0.571934
INFO:  Episode 2, Step 5 ends!
INFO:  Current spend time for step-5 is: 18.4s
INFO:  current cluster : defaultdict(<class 'list'>, {0: [0, 1, 2, 3, 5, 6, 7, 8, 9, 10, 11, 13, 14, 15, 16, 17, 18, 19, 20, 21, 22, 23, 25, 26], 2: [4], 4: [12], 1: [24, 27, 29], 3: [28]})
INFO:  current select feature name : ['4/4' '4/4_sin' '4_square']
INFO:  current select op : sigmoid
INFO:  current select feature name : ['4']
INFO:  current select op : sigmoid
INFO:  start to learn in model_c1
INFO:  start to learn in model_op
INFO:  New performance is: 0.571857, Best performance is: 0.590547 (e1s0) Base performance is: 0.571934
INFO:  Episode 2, Step 6 ends!
INFO:  Current spend time for step-6 is: 20.6s
INFO:  current cluster : defaultdict(<class 'list'>, {0: [0, 1, 2, 3, 5, 6, 7, 8, 9, 10, 11, 13, 14, 15, 16, 17, 18, 19, 20, 21, 22, 23, 25, 26], 2: [4], 3: [12], 4: [24], 1: [27, 28, 29, 30, 31, 32]})
INFO:  current select feature name : ['13']
INFO:  current select op : sqrt
INFO:  current cluster : defaultdict(<class 'list'>, {1: [0, 1, 3, 5, 6, 7, 8, 10, 13, 14, 16, 17, 18, 19, 20, 22, 25, 26], 0: [2, 9, 11, 15, 21, 23], 2: [4], 3: [12], 4: [24, 27, 28, 29, 30, 31, 32]})
INFO:  current select feature name : ['4']
INFO:  current select op : sqrt
INFO:  current cluster : defaultdict(<class 'list'>, {0: [0, 1, 2, 3, 5, 6, 7, 8, 9, 10, 11, 13, 14, 15, 16, 17, 18, 19, 20, 21, 22, 23, 25, 26], 3: [4], 4: [12], 2: [24, 27, 28, 29, 30, 32], 1: [31]})
INFO:  current select feature name : ['4']
INFO:  current select op : log
INFO:  current cluster : defaultdict(<class 'list'>, {2: [0, 1, 2, 3, 5, 6, 7, 8, 9, 10, 13, 14, 15, 16, 17, 18, 19, 20, 21, 22, 25, 26], 0: [4, 24, 27, 28, 29, 30, 31], 1: [11, 23], 3: [12], 4: [32]})
INFO:  current select feature name : ['13']
INFO:  current select op : *
INFO:  current select feature name : ['4' '4/4' '4/4_sin' '4/4*4/4_sin' '4_square' '4/4_sigmoid'
 '4/4_sin_sigmoid']
INFO:  current select feature name : ['4']
INFO:  current select op : sigmoid
INFO:  current select feature name : ['4/4_sin_sigmoid']
INFO:  start to learn in model_c1
INFO:  start to learn in model_c2
INFO:  start to learn in model_op
INFO:  New performance is: 0.572096, Best performance is: 0.590547 (e1s0) Base performance is: 0.571934
INFO:  Episode 2, Step 7 ends!
INFO:  Current spend time for step-7 is: 27.3s
INFO:  current cluster : defaultdict(<class 'list'>, {0: [0, 1, 2, 3, 5, 6, 7, 8, 9, 10, 13, 14, 15, 16, 17, 18, 19, 20, 21, 22, 25, 26], 3: [4], 2: [11, 23], 1: [12, 33, 34, 35, 36, 37, 38, 39], 5: [24], 4: [27, 28, 29, 30, 31, 32]})
INFO:  current select feature name : ['12' '13-10_quan_trans_tanh']
INFO:  current select op : cos
INFO:  current select feature name : ['4']
INFO:  current select op : sigmoid
INFO:  start to learn in model_c1
INFO:  start to learn in model_c2
INFO:  start to learn in model_op
INFO:  New performance is: 0.569644, Best performance is: 0.590547 (e1s0) Base performance is: 0.571934
INFO:  Episode 2, Step 8 ends!
INFO:  Current spend time for step-8 is: 33.4s
INFO:  current cluster : defaultdict(<class 'list'>, {1: [0, 1, 2, 3, 5, 6, 7, 8, 9, 10, 13, 14, 15, 16, 17, 18, 19, 20, 21, 22, 25, 26], 5: [4], 2: [11, 23, 40, 41], 4: [12, 33, 34, 35, 36, 37, 38, 39], 3: [24, 27, 32], 0: [28, 29, 30, 31]})
INFO:  current select feature name : ['10' '1' '2' '3' '5' '6' '7' '8' '9' '11' '10_tanh' '1_tanh' '3_tanh'
 '5_tanh' '7_tanh' '11_tanh' '13_tanh' '13-3_tanh' '13-11_tanh'
 '13-13_square_tanh' '4/4/6' '4/4/11_tanh']
INFO:  current select op : sigmoid
INFO:  current select feature name : ['4']
INFO:  current select op : sigmoid
INFO:  start to learn in model_c1
INFO:  start to learn in model_c2
INFO:  start to learn in model_op
INFO:  New performance is: 0.572416, Best performance is: 0.590547 (e1s0) Base performance is: 0.571934
INFO:  Episode 2, Step 9 ends!
INFO:  Current spend time for step-9 is: 57.4s
INFO:  current cluster : defaultdict(<class 'list'>, {0: [0, 1, 2, 3, 5, 6, 7, 8, 9, 10, 12], 1: [4], 2: [11]})
INFO:  current select feature name : ['4']
INFO:  current select op : reciprocal
INFO:  current select feature name : ['4' '4_reciprocal']
INFO:  current select op : sigmoid
INFO:  start to learn in model_c1
INFO:  start to learn in model_c2
INFO:  start to learn in model_op
INFO:  New performance is: 0.579816, Best performance is: 0.590547 (e1s0) Base performance is: 0.571934
INFO:  Episode 3, Step 0 ends!
INFO:  Current spend time for step-0 is: 5.2s
INFO:  current cluster : defaultdict(<class 'list'>, {0: [0, 1, 2, 3, 5, 6, 7, 8, 9, 10, 11], 1: [4, 13], 2: [12]})
INFO:  current select feature name : ['13']
INFO:  current select op : square
INFO:  current select feature name : ['4' '4_reciprocal']
INFO:  current select op : sigmoid
INFO:  start to learn in model_c1
INFO:  start to learn in model_c2
INFO:  start to learn in model_op
INFO:  New performance is: 0.575347, Best performance is: 0.590547 (e1s0) Base performance is: 0.571934
INFO:  Episode 3, Step 1 ends!
INFO:  Current spend time for step-1 is: 5.8s
INFO:  current cluster : defaultdict(<class 'list'>, {0: [0, 1, 2, 3, 5, 6, 7, 8, 9, 10, 12, 14], 1: [4, 13], 2: [11]})
INFO:  current select feature name : ['4' '4_reciprocal']
INFO:  current select op : square
INFO:  current select feature name : ['6']
INFO:  current select op : sigmoid
INFO:  start to learn in model_c1
INFO:  start to learn in model_c2
INFO:  start to learn in model_op
INFO:  New performance is: 0.575415, Best performance is: 0.590547 (e1s0) Base performance is: 0.571934
INFO:  Episode 3, Step 2 ends!
INFO:  Current spend time for step-2 is: 6.7s
INFO:  current cluster : defaultdict(<class 'list'>, {0: [0, 1, 2, 3, 5, 6, 7, 8, 9, 10, 11, 12, 14], 2: [4, 13], 3: [15], 1: [16]})
INFO:  current select feature name : ['4' '4_reciprocal']
INFO:  current select op : minmax_scaler
INFO:  current select feature name : ['6']
INFO:  current select op : sigmoid
INFO:  start to learn in model_c1
INFO:  start to learn in model_c2
INFO:  start to learn in model_op
INFO:  New performance is: 0.573698, Best performance is: 0.590547 (e1s0) Base performance is: 0.571934
INFO:  Episode 3, Step 3 ends!
INFO:  Current spend time for step-3 is: 8.0s
INFO:  current cluster : defaultdict(<class 'list'>, {0: [0, 1, 2, 3, 5, 6, 7, 8, 9, 10, 11, 12, 14], 2: [4, 13, 17, 18], 3: [15], 1: [16]})
INFO:  current select feature name : ['10' '1' '2' '3' '5' '6' '7' '8' '9' '11' '12' '13' '13_square']
INFO:  current select op : minmax_scaler
INFO:  current select feature name : ['4' '4_reciprocal' '4_minmax_scaler' '4_reciprocal_minmax_scaler']
INFO:  current select op : sigmoid
INFO:  start to learn in model_c1
INFO:  start to learn in model_c2
INFO:  start to learn in model_op
INFO:  New performance is: 0.576307, Best performance is: 0.590547 (e1s0) Base performance is: 0.571934
INFO:  Episode 3, Step 4 ends!
INFO:  Current spend time for step-4 is: 15.4s
INFO:  current cluster : defaultdict(<class 'list'>, {0: [0, 1, 2, 3, 5, 7, 8, 9, 10, 11, 12, 14, 19, 20, 21, 22, 23, 25, 26, 27, 28, 29, 30, 31], 2: [4, 13, 17, 18], 1: [6, 24], 4: [15], 3: [16]})
INFO:  current select feature name : ['4' '4_reciprocal' '4_minmax_scaler' '4_reciprocal_minmax_scaler']
INFO:  current select op : tanh
INFO:  current select feature name : ['6' '6_minmax_scaler']
INFO:  current select op : sigmoid
INFO:  start to learn in model_c1
INFO:  start to learn in model_c2
INFO:  start to learn in model_op
INFO:  New performance is: 0.573681, Best performance is: 0.590547 (e1s0) Base performance is: 0.571934
INFO:  Episode 3, Step 5 ends!
INFO:  Current spend time for step-5 is: 24.4s
INFO:  current cluster : defaultdict(<class 'list'>, {0: [0, 1, 3, 5, 10, 12, 14, 19, 20, 22, 23, 28, 30, 31], 4: [2, 9, 21, 27], 1: [4, 13, 15, 16, 17, 18, 32, 33, 34, 35], 5: [6, 24], 2: [7, 8, 25, 26], 3: [11, 29]})
INFO:  current select feature name : ['6' '6_minmax_scaler']
INFO:  current select op : cos
INFO:  current select feature name : ['2' '9' '2_minmax_scaler' '9_minmax_scaler']
INFO:  current select op : sigmoid
INFO:  start to learn in model_c1
INFO:  start to learn in model_c2
INFO:  start to learn in model_op
INFO:  New performance is: 0.566761, Best performance is: 0.590547 (e1s0) Base performance is: 0.571934
INFO:  Episode 3, Step 6 ends!
INFO:  Current spend time for step-6 is: 28.4s
INFO:  current cluster : defaultdict(<class 'list'>, {0: [0, 1, 3, 5, 7, 8, 10, 12, 14, 19, 20, 22, 23, 25, 26, 28, 30, 31], 1: [2, 9, 21, 27], 4: [4, 13, 15, 16, 17, 18, 32, 33, 34, 35], 2: [6, 24], 3: [11, 29], 5: [36, 37]})
INFO:  current select feature name : ['10' '1' '3' '5' '7' '8' '11' '13' '13_square' '10_minmax_scaler'
 '1_minmax_scaler' '3_minmax_scaler' '5_minmax_scaler' '7_minmax_scaler'
 '8_minmax_scaler' '11_minmax_scaler' '13_minmax_scaler'
 '13_square_minmax_scaler']
INFO:  current select op : tanh
INFO:  current select feature name : ['2' '2_minmax_scaler']
INFO:  current select op : sigmoid
INFO:  start to learn in model_c1
INFO:  start to learn in model_c2
INFO:  start to learn in model_op
INFO:  New performance is: 0.565033, Best performance is: 0.590547 (e1s0) Base performance is: 0.571934
INFO:  Episode 3, Step 7 ends!
INFO:  Current spend time for step-7 is: 46.3s
INFO:  current cluster : defaultdict(<class 'list'>, {2: [0, 1, 3, 5, 7, 8, 10, 12, 14, 19, 20, 22, 23, 25, 26, 28, 30, 31, 38, 39, 40, 41, 42, 43, 44, 45, 46, 47, 48, 49, 50, 51, 52, 53, 54, 55], 0: [2, 9, 21, 27], 1: [4, 13, 15, 17, 18, 32, 33, 34, 35], 5: [6, 24], 3: [11, 29], 4: [16], 6: [36, 37]})
INFO:  current select feature name : ['4_reciprocal_square']
INFO:  current select op : tanh
INFO:  current select feature name : ['4' '4_reciprocal' '4_minmax_scaler' '4_reciprocal_minmax_scaler'
 '4_tanh' '4_reciprocal_tanh' '4_minmax_scaler_tanh'
 '4_reciprocal_minmax_scaler_tanh']
INFO:  current select op : sigmoid
INFO:  start to learn in model_c1
INFO:  start to learn in model_c2
INFO:  start to learn in model_op
INFO:  New performance is: 0.568505, Best performance is: 0.590547 (e1s0) Base performance is: 0.571934
INFO:  Episode 3, Step 8 ends!
INFO:  Current spend time for step-8 is: 63.7s
INFO:  current cluster : defaultdict(<class 'list'>, {2: [0, 1, 3, 5, 7, 8, 10, 12, 14, 18, 19, 21, 22, 24, 25, 27, 29, 30, 37, 38, 39, 40, 41, 42, 43, 44, 45, 46, 47, 48, 49, 50, 51, 52, 53, 54], 6: [2, 20], 1: [4, 13, 16, 17, 31, 32, 33, 34], 0: [6, 23, 35, 36], 3: [9, 26], 4: [11, 28], 5: [15, 55]})
INFO:  current select feature name : ['10' '1' '3' '5' '7' '8' '11' '13' '13_square'
 '4_reciprocal_minmax_scaler' '10_minmax_scaler' '2_minmax_scaler'
 '3_minmax_scaler' '6_minmax_scaler' '7_minmax_scaler' '9_minmax_scaler'
 '12_minmax_scaler' '13_minmax_scaler' '6_minmax_scaler_cos' '10_tanh'
 '1_tanh' '3_tanh' '5_tanh' '7_tanh' '8_tanh' '11_tanh' '13_tanh'
 '13_square_tanh' '10_minmax_scaler_tanh' '1_minmax_scaler_tanh'
 '3_minmax_scaler_tanh' '5_minmax_scaler_tanh' '7_minmax_scaler_tanh'
 '8_minmax_scaler_tanh' '11_minmax_scaler_tanh' '13_minmax_scaler_tanh']
INFO:  current select op : quan_trans
INFO:  current select feature name : ['2' '2_minmax_scaler']
INFO:  current select op : sigmoid
INFO:  start to learn in model_c1
INFO:  start to learn in model_c2
INFO:  start to learn in model_op
INFO:  New performance is: 0.565666, Best performance is: 0.590547 (e1s0) Base performance is: 0.571934
INFO:  Episode 3, Step 9 ends!
INFO:  Current spend time for step-9 is: 113.5s
INFO:  current cluster : defaultdict(<class 'list'>, {0: [0, 1, 2, 3, 5, 6, 7, 8, 9, 10, 12], 1: [4], 2: [11]})
INFO:  current select feature name : ['4']
INFO:  current select op : tanh
INFO:  current select feature name : ['4' '4_tanh']
INFO:  current select op : sigmoid
INFO:  start to learn in model_c1
INFO:  start to learn in model_c2
INFO:  start to learn in model_op
INFO:  New performance is: 0.579816, Best performance is: 0.590547 (e1s0) Base performance is: 0.571934
INFO:  Episode 4, Step 0 ends!
INFO:  Current spend time for step-0 is: 5.2s
INFO:  current cluster : defaultdict(<class 'list'>, {0: [0, 1, 2, 3, 5, 6, 7, 8, 9, 10, 11], 1: [4, 13], 2: [12]})
INFO:  current select feature name : ['13']
INFO:  current select op : tanh
INFO:  current select feature name : ['4' '4_tanh']
INFO:  current select op : sigmoid
INFO:  start to learn in model_c1
INFO:  start to learn in model_c2
INFO:  start to learn in model_op
INFO:  New performance is: 0.576140, Best performance is: 0.590547 (e1s0) Base performance is: 0.571934
INFO:  Episode 4, Step 1 ends!
INFO:  Current spend time for step-1 is: 5.8s
INFO:  current cluster : defaultdict(<class 'list'>, {0: [0, 1, 2, 3, 5, 6, 7, 8, 9, 10, 12, 14], 1: [4, 13], 2: [11]})
INFO:  current select feature name : ['12']
INFO:  current select op : -
INFO:  current select feature name : ['12']
INFO:  current select feature name : ['4' '4_tanh']
INFO:  current select op : sigmoid
INFO:  current select feature name : ['12-12']
INFO:  start to learn in model_c1
INFO:  start to learn in model_c2
INFO:  start to learn in model_op
INFO:  New performance is: 0.576904, Best performance is: 0.590547 (e1s0) Base performance is: 0.571934
INFO:  Episode 4, Step 2 ends!
INFO:  Current spend time for step-2 is: 6.3s
INFO:  current cluster : defaultdict(<class 'list'>, {0: [0, 1, 2, 3, 5, 6, 7, 8, 9, 10, 12, 14], 1: [4, 13], 3: [11], 2: [15]})
INFO:  current select feature name : ['12-12']
INFO:  current select op : /
INFO:  current select feature name : ['12-12']
INFO:  current cluster : defaultdict(<class 'list'>, {0: [0, 1, 2, 3, 5, 6, 7, 8, 9, 10, 11], 1: [4, 13], 3: [12, 14], 2: [15]})
INFO:  current select feature name : ['4' '4_tanh']
INFO:  current select op : /
INFO:  current select feature name : ['10' '1' '2' '3' '5' '6' '7' '8' '9' '11' '12']
INFO:  current cluster : defaultdict(<class 'list'>, {0: [0, 1, 2, 3, 5, 6, 7, 8, 9, 10, 11], 1: [4, 13], 3: [12, 14], 2: [15]})
INFO:  current select feature name : ['4' '4_tanh']
INFO:  current select op : minmax_scaler
INFO:  current select feature name : ['4' '4_tanh' '4_minmax_scaler' '4_tanh_minmax_scaler']
INFO:  current select op : sigmoid
INFO:  start to learn in model_c1
INFO:  start to learn in model_c2
INFO:  start to learn in model_op
INFO:  New performance is: 0.578107, Best performance is: 0.590547 (e1s0) Base performance is: 0.571934
INFO:  Episode 4, Step 3 ends!
INFO:  Current spend time for step-3 is: 7.3s
INFO:  current cluster : defaultdict(<class 'list'>, {0: [0, 1, 2, 3, 5, 7, 8, 9, 10, 11], 1: [4, 13, 15, 16, 17], 3: [6], 2: [12, 14]})
INFO:  current select feature name : ['13' '13_tanh']
INFO:  current select op : minmax_scaler
INFO:  current select feature name : ['4' '4_tanh' '4_minmax_scaler' '4_tanh_minmax_scaler']
INFO:  current select op : sigmoid
INFO:  start to learn in model_c1
INFO:  start to learn in model_c2
INFO:  start to learn in model_op
INFO:  New performance is: 0.576153, Best performance is: 0.590547 (e1s0) Base performance is: 0.571934
INFO:  Episode 4, Step 4 ends!
INFO:  Current spend time for step-4 is: 8.8s
INFO:  current cluster : defaultdict(<class 'list'>, {0: [0, 1, 2, 3, 5, 6, 7, 8, 9, 10, 11], 1: [4, 13, 16, 17], 2: [12, 14, 18, 19], 3: [15]})
INFO:  current select feature name : ['4' '4_tanh' '4_minmax_scaler' '4_tanh_minmax_scaler']
INFO:  current select op : /
INFO:  current select feature name : ['12-12']
INFO:  current cluster : defaultdict(<class 'list'>, {0: [0, 1, 2, 3, 5, 6, 7, 8, 9, 10, 12, 14, 18, 19], 1: [4, 13, 16, 17], 3: [11], 2: [15]})
INFO:  current select feature name : ['4' '4_tanh' '4_minmax_scaler' '4_tanh_minmax_scaler']
INFO:  current select op : tanh
INFO:  current select feature name : ['6']
INFO:  current select op : sigmoid
INFO:  start to learn in model_c1
INFO:  start to learn in model_c2
INFO:  start to learn in model_op
INFO:  New performance is: 0.571017, Best performance is: 0.590547 (e1s0) Base performance is: 0.571934
INFO:  Episode 4, Step 5 ends!
INFO:  Current spend time for step-5 is: 10.8s
INFO:  current cluster : defaultdict(<class 'list'>, {0: [0, 1, 2, 3, 5, 6, 7, 8, 9, 10, 12, 14, 18, 19], 2: [4, 13, 16, 17, 20, 21, 22], 3: [11], 1: [15]})
INFO:  current select feature name : ['12']
INFO:  current select op : /
INFO:  current select feature name : ['12']
INFO:  current select feature name : ['6']
INFO:  current select op : sigmoid
INFO:  current select feature name : ['6']
INFO:  start to learn in model_c1
INFO:  start to learn in model_c2
INFO:  start to learn in model_op
INFO:  New performance is: 0.577712, Best performance is: 0.590547 (e1s0) Base performance is: 0.571934
INFO:  Episode 4, Step 6 ends!
INFO:  Current spend time for step-6 is: 12.5s
INFO:  current cluster : defaultdict(<class 'list'>, {0: [0, 1, 2, 3, 5, 7, 8, 9, 10, 11], 1: [4, 13, 15, 16, 17, 20, 21, 22, 23], 3: [6], 2: [12, 14, 18, 19]})
INFO:  current select feature name : ['4' '4_tanh' '12-12' '4_minmax_scaler' '4_tanh_minmax_scaler'
 '4_minmax_scaler_tanh' '4_tanh_minmax_scaler_tanh' '4_tanh_tanh' '12/12']
INFO:  current select op : /
INFO:  current select feature name : ['10' '1' '2' '3' '5' '7' '8' '9' '11' '12']
INFO:  current cluster : defaultdict(<class 'list'>, {0: [0, 1, 2, 3, 5, 6, 7, 8, 9, 10, 12, 14, 18, 19], 2: [4, 13, 16, 17, 20, 21, 22], 3: [11], 1: [15, 23]})
INFO:  current select feature name : ['4' '4_tanh' '4_minmax_scaler' '4_tanh_minmax_scaler'
 '4_minmax_scaler_tanh' '4_tanh_minmax_scaler_tanh' '4_tanh_tanh']
INFO:  current select op : /
INFO:  current select feature name : ['12']
INFO:  current select feature name : ['12-12']
INFO:  current select op : sigmoid
INFO:  current select feature name : ['12/12']
INFO:  start to learn in model_c1
INFO:  start to learn in model_c2
INFO:  start to learn in model_op
INFO:  New performance is: 0.569730, Best performance is: 0.590547 (e1s0) Base performance is: 0.571934
INFO:  Episode 4, Step 7 ends!
INFO:  Current spend time for step-7 is: 16.9s
INFO:  current cluster : defaultdict(<class 'list'>, {0: [0, 1, 2, 3, 5, 7, 8, 9, 10], 1: [4, 13, 15, 16, 17, 20, 21, 22, 23], 4: [6], 3: [11, 24, 25, 26, 27, 28, 29, 30], 2: [12, 14, 18, 19]})
INFO:  current select feature name : ['6']
INFO:  current select op : reciprocal
INFO:  current select feature name : ['13' '13_tanh' '13_minmax_scaler' '13_tanh_minmax_scaler']
INFO:  current select op : sigmoid
INFO:  start to learn in model_c1
INFO:  start to learn in model_c2
INFO:  start to learn in model_op
INFO:  New performance is: 0.572445, Best performance is: 0.590547 (e1s0) Base performance is: 0.571934
INFO:  Episode 4, Step 8 ends!
INFO:  Current spend time for step-8 is: 21.4s
INFO:  current cluster : defaultdict(<class 'list'>, {1: [0, 1, 2, 3, 5, 6, 7, 8, 9, 10, 31], 0: [4, 13, 16, 17, 20, 21, 22, 23], 3: [11, 24, 25, 26, 27, 28, 29, 30], 4: [12, 14, 18, 19], 2: [15]})
INFO:  current select feature name : ['13' '13_tanh' '13_minmax_scaler' '13_tanh_minmax_scaler']
INFO:  current select op : cos
INFO:  current select feature name : ['2']
INFO:  current select op : sigmoid
INFO:  start to learn in model_c1
INFO:  start to learn in model_c2
INFO:  start to learn in model_op
INFO:  New performance is: 0.566814, Best performance is: 0.590547 (e1s0) Base performance is: 0.571934
INFO:  Episode 4, Step 9 ends!
INFO:  Current spend time for step-9 is: 24.7s
INFO:  current cluster : defaultdict(<class 'list'>, {0: [0, 1, 2, 3, 5, 6, 7, 8, 9, 10, 12], 1: [4], 2: [11]})
INFO:  current select feature name : ['10' '1' '2' '3' '5' '6' '7' '8' '9' '11' '13']
INFO:  current select op : sin
INFO:  current select feature name : ['4']
INFO:  current select op : sigmoid
INFO:  start to learn in model_c1
INFO:  start to learn in model_c2
INFO:  start to learn in model_op
INFO:  New performance is: 0.572939, Best performance is: 0.590547 (e1s0) Base performance is: 0.571934
INFO:  Episode 5, Step 0 ends!
INFO:  Current spend time for step-0 is: 9.1s
INFO:  current cluster : defaultdict(<class 'list'>, {0: [0, 1, 2, 3, 5, 7, 8, 9, 10, 11, 13, 14, 15, 16, 17, 19, 20, 21, 22], 3: [4], 1: [6, 18], 2: [12, 23]})
INFO:  current select feature name : ['4']
INFO:  current select op : stand_scaler
INFO:  current select feature name : ['4' '4_stand_scaler']
INFO:  current select op : sigmoid
INFO:  start to learn in model_c1
INFO:  start to learn in model_c2
INFO:  start to learn in model_op
INFO:  New performance is: 0.571160, Best performance is: 0.590547 (e1s0) Base performance is: 0.571934
INFO:  Episode 5, Step 1 ends!
INFO:  Current spend time for step-1 is: 13.6s
INFO:  current cluster : defaultdict(<class 'list'>, {0: [0, 1, 2, 3, 5, 7, 8, 9, 10, 13, 14, 15, 16, 17, 19, 20, 21, 22], 1: [4, 24], 3: [6, 18], 4: [11], 2: [12, 23]})
INFO:  current select feature name : ['10' '1' '2' '3' '5' '7' '8' '9' '11' '10_sin' '1_sin' '2_sin' '3_sin'
 '5_sin' '7_sin' '8_sin' '9_sin' '11_sin']
INFO:  current select op : minmax_scaler
INFO:  current select feature name : ['4']
INFO:  current select op : sigmoid
INFO:  start to learn in model_c1
INFO:  start to learn in model_c2
INFO:  start to learn in model_op
INFO:  New performance is: 0.574651, Best performance is: 0.590547 (e1s0) Base performance is: 0.571934
INFO:  Episode 5, Step 2 ends!
INFO:  Current spend time for step-2 is: 26.0s
INFO:  current cluster : defaultdict(<class 'list'>, {0: [0, 1, 3, 5, 7, 8, 10, 13, 14, 16, 17, 19, 20, 22, 25, 26, 28, 29, 30, 31, 33, 34, 35, 37, 38, 39, 40, 42], 1: [2, 9, 15, 21, 27, 32, 36, 41], 4: [4, 24], 3: [6, 18], 5: [11], 2: [12, 23]})
INFO:  current select feature name : ['6' '6_sin']
INFO:  current select op : reciprocal
INFO:  current select feature name : ['4' '4_stand_scaler']
INFO:  current select op : sigmoid
INFO:  start to learn in model_c1
INFO:  start to learn in model_c2
INFO:  start to learn in model_op
INFO:  New performance is: 0.570372, Best performance is: 0.590547 (e1s0) Base performance is: 0.571934
INFO:  Episode 5, Step 3 ends!
INFO:  Current spend time for step-3 is: 39.6s
INFO:  current cluster : defaultdict(<class 'list'>, {0: [0, 1, 3, 5, 6, 7, 8, 10, 13, 14, 16, 17, 18, 19, 20, 22, 25, 26, 28, 29, 30, 31, 33, 34, 35, 37, 38, 39, 40, 42, 43, 44], 1: [2, 9, 15, 21, 27, 32, 36, 41], 5: [4], 3: [11], 2: [12, 23], 4: [24]})
INFO:  current select feature name : ['13' '13_sin']
INFO:  current select op : log
INFO:  current cluster : defaultdict(<class 'list'>, {0: [0, 1, 3, 5, 7, 8, 10, 13, 14, 16, 17, 19, 20, 22, 25, 26, 28, 29, 30, 31, 33, 34, 35, 37, 38, 39, 40, 42, 43, 44], 4: [2, 9, 15, 21, 27, 32, 36, 41], 1: [4, 24], 2: [6, 18], 3: [11], 5: [12, 23]})
INFO:  current select feature name : ['12']
INFO:  current select op : reciprocal
INFO:  current select feature name : ['4']
INFO:  current select op : sigmoid
INFO:  start to learn in model_c1
INFO:  start to learn in model_c2
INFO:  start to learn in model_op
INFO:  New performance is: 0.573855, Best performance is: 0.590547 (e1s0) Base performance is: 0.571934
INFO:  Episode 5, Step 4 ends!
INFO:  Current spend time for step-4 is: 41.9s
INFO:  current cluster : defaultdict(<class 'list'>, {0: [0, 1, 3, 5, 6, 7, 8, 10, 13, 14, 16, 17, 18, 19, 20, 22, 25, 26, 28, 29, 30, 31, 33, 34, 35, 37, 38, 39, 40, 42, 43, 44], 3: [2, 15, 27, 36], 1: [4, 24], 4: [9, 21, 32, 41], 2: [11, 45], 5: [12, 23]})
INFO:  current select feature name : ['12' '12_reciprocal']
INFO:  current select op : -
INFO:  current select feature name : ['2' '2_sin' '2_minmax_scaler' '2_sin_minmax_scaler']
INFO:  current select feature name : ['4']
INFO:  current select op : sigmoid
INFO:  current select feature name : ['4']
INFO:  start to learn in model_c1
INFO:  start to learn in model_c2
INFO:  start to learn in model_op
INFO:  New performance is: 0.566474, Best performance is: 0.590547 (e1s0) Base performance is: 0.571934
INFO:  Episode 5, Step 5 ends!
INFO:  Current spend time for step-5 is: 50.7s
INFO:  current cluster : defaultdict(<class 'list'>, {0: [0, 1, 7, 8, 13, 14, 19, 20, 25, 26, 30, 31, 34, 35, 39, 40], 1: [2, 9, 11, 15, 21, 27, 32, 36, 41, 45, 46, 47, 48, 49, 50, 51, 52, 53], 2: [3, 5, 10, 16, 17, 22, 28, 29, 33, 37, 38, 42, 43, 44], 4: [4], 6: [6, 18], 5: [12, 23], 3: [24]})
INFO:  current select feature name : ['13' '13_sin']
INFO:  current select op : -
INFO:  current select feature name : ['2' '9' '12' '2_sin' '9_sin' '2_minmax_scaler' '9_minmax_scaler'
 '2_sin_minmax_scaler' '9_sin_minmax_scaler' '12_reciprocal' '12-2'
 '12-2_sin' '12-2_minmax_scaler' '12-2_sin_minmax_scaler'
 '12_reciprocal-2' '12_reciprocal-2_sin' '12_reciprocal-2_minmax_scaler'
 '12_reciprocal-2_sin_minmax_scaler']
INFO:  current select feature name : ['4' '4_stand_scaler']
INFO:  current select op : sigmoid
INFO:  current select feature name : ['2' '2_sin' '2_minmax_scaler' '2_sin_minmax_scaler']
INFO:  start to learn in model_c1
INFO:  start to learn in model_c2
INFO:  start to learn in model_op
INFO:  New performance is: 0.557622, Best performance is: 0.590547 (e1s0) Base performance is: 0.571934
INFO:  Episode 5, Step 6 ends!
INFO:  Current spend time for step-6 is: 108.9s
INFO:  current cluster : defaultdict(<class 'list'>, {1: [0, 1, 7, 8, 15, 16, 20, 21, 38, 39, 40, 41, 52, 53, 54, 55], 4: [2, 3, 5, 9, 10, 13, 17, 18, 19, 22, 23, 25], 5: [4, 11], 6: [6, 14], 3: [12, 24], 2: [26, 27], 0: [28, 29, 30, 31, 32, 33, 34, 35, 36, 37, 42, 43, 44, 45, 46, 47, 48, 49, 50, 51]})
INFO:  current select feature name : ['6' '1_sin']
INFO:  current select op : sqrt
INFO:  current cluster : defaultdict(<class 'list'>, {1: [0, 1, 7, 8, 15, 16, 20, 21, 38, 39, 40, 41, 52, 53, 54, 55], 0: [2, 3, 5, 9, 10, 13, 17, 18, 19, 22, 23, 25, 26, 27], 5: [4, 11], 6: [6, 14], 3: [12, 24], 4: [28, 30, 31, 33, 35, 42, 44, 45, 47, 49], 2: [29, 32, 34, 36, 37, 43, 46, 48, 50, 51]})
INFO:  current select feature name : ['10' '1' '7' '8' '2_sin' '3_sin' '8_sin' '9_sin' '5_sin_minmax_scaler'
 '7_sin_minmax_scaler' '8_sin_minmax_scaler' '9_sin_minmax_scaler'
 '12_reciprocal-2_minmax_scaler' '12_reciprocal-2_sin_minmax_scaler'
 '13-2' '13-9']
INFO:  current select op : -
INFO:  current select feature name : ['2' '3' '5' '9' '11' '10_sin' '5_sin' '6_sin' '7_sin' '11_sin' '13_sin'
 '10_minmax_scaler' '1_minmax_scaler' '2_minmax_scaler']
INFO:  current select feature name : ['13-12-2_sin']
INFO:  current select op : sigmoid
INFO:  current select feature name : ['13-12-2_sin']
INFO:  start to learn in model_c1
INFO:  start to learn in model_c2
INFO:  start to learn in model_op
INFO:  New performance is: 0.561910, Best performance is: 0.590547 (e1s0) Base performance is: 0.571934
INFO:  Episode 5, Step 7 ends!
INFO:  Current spend time for step-7 is: 777.3s
INFO:  current cluster : defaultdict(<class 'list'>, {3: [0, 1, 3, 5, 6, 8, 10, 11, 12, 13, 14, 15, 16, 17, 38, 39, 40, 41, 42, 43, 45, 46, 47, 48, 49, 50, 51, 52, 53, 54, 55], 2: [2, 7], 1: [4, 9], 4: [18, 20, 21, 23, 25, 28, 30, 31, 33, 35], 0: [19, 22, 24, 26, 27, 29, 32, 34, 37], 6: [36], 5: [44]})
INFO:  current select feature name : ['3' '10_sin']
INFO:  current select op : tanh
INFO:  current select feature name : ['13-12']
INFO:  current select op : sigmoid
INFO:  start to learn in model_c1
INFO:  start to learn in model_c2
INFO:  start to learn in model_op
INFO:  New performance is: 0.532298, Best performance is: 0.590547 (e1s0) Base performance is: 0.571934
INFO:  Episode 5, Step 8 ends!
INFO:  Current spend time for step-8 is: 65.8s
INFO:  current cluster : defaultdict(<class 'list'>, {0: [0, 1, 3, 5, 6, 8, 10, 11, 12, 13, 14, 15, 16, 17, 38, 39, 40, 41, 42, 43, 44, 45, 46, 47, 48, 49, 50, 51, 52, 53], 2: [2, 7, 54, 55], 4: [4, 9], 1: [18, 20, 21, 23, 25, 28, 30, 31, 33, 35], 3: [19, 22, 24, 27, 29, 32, 34, 37], 6: [26], 5: [36]})
INFO:  current select feature name : ['13' '13_sin']
INFO:  current select op : sin
INFO:  current select feature name : ['13-12']
INFO:  current select op : sigmoid
INFO:  start to learn in model_c1
INFO:  start to learn in model_c2
INFO:  start to learn in model_op
INFO:  New performance is: 0.530943, Best performance is: 0.590547 (e1s0) Base performance is: 0.571934
INFO:  Episode 5, Step 9 ends!
INFO:  Current spend time for step-9 is: 64.7s
INFO:  Best performance is: 0.590547
INFO:  Episode 5 ends!
INFO:  current cluster : defaultdict(<class 'list'>, {0: [0, 1, 2, 3, 5, 6, 7, 8, 9, 10, 11], 1: [4], 2: [12]})
INFO:  current select feature name : ['13']
INFO:  current select op : minmax_scaler
INFO:  current select feature name : ['4' '13_minmax_scaler']
INFO:  current select op : sigmoid
INFO:  start to learn in model_c1
INFO:  start to learn in model_c2
INFO:  start to learn in model_op
INFO:  New performance is: 0.579816, Best performance is: 0.590547 (e1s0) Base performance is: 0.571934
INFO:  Episode 6, Step 0 ends!
INFO:  Current spend time for step-0 is: 5.2s
INFO:  current cluster : defaultdict(<class 'list'>, {0: [0, 1, 2, 3, 5, 6, 7, 8, 9, 10, 11], 1: [4, 13], 2: [12]})
INFO:  current select feature name : ['4' '13_minmax_scaler']
INFO:  current select op : sigmoid
INFO:  current select feature name : ['6' '13']
INFO:  current select op : sigmoid
INFO:  start to learn in model_c1
INFO:  start to learn in model_c2
INFO:  start to learn in model_op
INFO:  New performance is: 0.575909, Best performance is: 0.590547 (e1s0) Base performance is: 0.571934
INFO:  Episode 6, Step 1 ends!
INFO:  Current spend time for step-1 is: 6.1s
INFO:  current cluster : defaultdict(<class 'list'>, {0: [0, 1, 2, 3, 5, 6, 7, 8, 9, 10], 1: [4, 13, 14, 15], 2: [11], 3: [12]})
INFO:  current select feature name : ['13']
INFO:  current select op : reciprocal
INFO:  current select feature name : ['4' '13_minmax_scaler' '4_sigmoid' '13_minmax_scaler_sigmoid']
INFO:  current select op : sigmoid
INFO:  start to learn in model_c1
INFO:  start to learn in model_c2
INFO:  start to learn in model_op
INFO:  New performance is: 0.571588, Best performance is: 0.590547 (e1s0) Base performance is: 0.571934
INFO:  Episode 6, Step 2 ends!
INFO:  Current spend time for step-2 is: 7.2s
INFO:  current cluster : defaultdict(<class 'list'>, {0: [0, 1, 2, 3, 5, 7, 8, 9, 10], 3: [4, 13, 14, 15], 1: [6, 12, 16], 2: [11]})
INFO:  current select feature name : ['4' '13_minmax_scaler' '4_sigmoid' '13_minmax_scaler_sigmoid']
INFO:  current select op : stand_scaler
INFO:  current select feature name : ['12']
INFO:  current select op : sigmoid
INFO:  start to learn in model_c1
INFO:  start to learn in model_c2
INFO:  start to learn in model_op
INFO:  New performance is: 0.572290, Best performance is: 0.590547 (e1s0) Base performance is: 0.571934
INFO:  Episode 6, Step 3 ends!
INFO:  Current spend time for step-3 is: 8.9s
INFO:  current cluster : defaultdict(<class 'list'>, {0: [0, 1, 2, 3, 5, 7, 8, 9, 10], 1: [4, 13, 14, 15, 17, 18, 19, 20], 2: [6, 12, 16], 3: [11]})
INFO:  current select feature name : ['12']
INFO:  current select op : log
INFO:  current cluster : defaultdict(<class 'list'>, {1: [0, 1, 2, 3, 5, 7, 8, 9, 10], 3: [4, 13, 14, 15, 17, 18, 19, 20], 0: [6, 12, 16], 2: [11]})
INFO:  current select feature name : ['12']
INFO:  current select op : square
INFO:  current select feature name : ['12' '12_square']
INFO:  current select op : sigmoid
INFO:  start to learn in model_c1
INFO:  start to learn in model_c2
INFO:  start to learn in model_op
INFO:  New performance is: 0.566608, Best performance is: 0.590547 (e1s0) Base performance is: 0.571934
INFO:  Episode 6, Step 4 ends!
INFO:  Current spend time for step-4 is: 10.9s
INFO:  current cluster : defaultdict(<class 'list'>, {1: [0, 1, 2, 3, 5, 7, 8, 9, 10], 2: [4, 13, 14, 15, 17, 18, 19, 20], 0: [6, 12, 16], 3: [11, 21]})
INFO:  current select feature name : ['12' '12_square']
INFO:  current select op : cos
INFO:  current select feature name : ['12' '12_square' '12_cos' '12_square_cos']
INFO:  current select op : sigmoid
INFO:  start to learn in model_c1
INFO:  start to learn in model_c2
INFO:  start to learn in model_op
INFO:  New performance is: 0.572228, Best performance is: 0.590547 (e1s0) Base performance is: 0.571934
INFO:  Episode 6, Step 5 ends!
INFO:  Current spend time for step-5 is: 12.3s
INFO:  current cluster : defaultdict(<class 'list'>, {0: [0, 1, 2, 3, 5, 7, 8, 9, 10], 1: [4, 13, 14, 15, 17, 18, 19, 20], 2: [6, 12, 16], 3: [11, 21, 22, 23]})
INFO:  current select feature name : ['4' '13_minmax_scaler' '4_sigmoid' '13_minmax_scaler_sigmoid'
 '4_stand_scaler' '13_minmax_scaler_stand_scaler' '4_sigmoid_stand_scaler'
 '13_minmax_scaler_sigmoid_stand_scaler']
INFO:  current select op : cos
INFO:  current select feature name : ['4_cos']
INFO:  current select op : sigmoid
INFO:  start to learn in model_c1
INFO:  start to learn in model_c2
INFO:  start to learn in model_op
INFO:  New performance is: 0.576493, Best performance is: 0.590547 (e1s0) Base performance is: 0.571934
INFO:  Episode 6, Step 6 ends!
INFO:  Current spend time for step-6 is: 17.5s
INFO:  current cluster : defaultdict(<class 'list'>, {1: [0, 1, 2, 3, 5, 7, 8, 9, 10], 3: [4, 13, 14, 15, 17, 18, 19, 20, 26, 27, 28, 29, 30, 31], 0: [6, 12, 16], 4: [11, 21, 22, 23], 2: [24, 25]})
INFO:  current select feature name : ['6' '13' '13_reciprocal']
INFO:  current select op : sin
INFO:  current select feature name : ['13_minmax_scaler_cos']
INFO:  current select op : sigmoid
INFO:  start to learn in model_c1
INFO:  start to learn in model_c2
INFO:  start to learn in model_op
INFO:  New performance is: 0.578957, Best performance is: 0.590547 (e1s0) Base performance is: 0.571934
INFO:  Episode 6, Step 7 ends!
INFO:  Current spend time for step-7 is: 23.8s
INFO:  current cluster : defaultdict(<class 'list'>, {0: [0, 1, 2, 3, 5, 7, 8, 9, 10, 34], 4: [4, 13, 14, 15, 17, 18, 19, 20, 25, 26, 27, 28, 29, 30, 31], 1: [6, 12, 16, 32, 33], 2: [11, 21, 22, 23], 3: [24]})
INFO:  current select feature name : ['4_cos']
INFO:  current select op : stand_scaler
INFO:  current select feature name : ['2']
INFO:  current select op : sigmoid
INFO:  start to learn in model_c1
INFO:  start to learn in model_c2
INFO:  start to learn in model_op
INFO:  New performance is: 0.570854, Best performance is: 0.590547 (e1s0) Base performance is: 0.571934
INFO:  Episode 6, Step 8 ends!
INFO:  Current spend time for step-8 is: 26.4s
INFO:  current cluster : defaultdict(<class 'list'>, {0: [0, 1, 3, 5, 7, 8, 9, 10, 34], 4: [2], 3: [4, 13, 14, 15, 17, 18, 19, 20, 25, 26, 27, 28, 29, 30, 31, 35], 2: [6, 12, 16, 32, 33], 1: [11, 21, 22, 23], 5: [24]})
INFO:  current select feature name : ['2']
INFO:  current select op : +
INFO:  current select feature name : ['10' '1' '3' '5' '7' '8' '9' '11' '13_reciprocal_sin']
INFO:  current select feature name : ['2+13_reciprocal_sin']
INFO:  current select op : sigmoid
INFO:  current select feature name : ['2+13_reciprocal_sin']
INFO:  start to learn in model_c1
INFO:  start to learn in model_c2
INFO:  start to learn in model_op
INFO:  New performance is: 0.593372, Best performance is: 0.593372 (e6s9) Base performance is: 0.571934
INFO:  Episode 6, Step 9 ends!
INFO:  Current spend time for step-9 is: 34.2s
INFO:  current cluster : defaultdict(<class 'list'>, {0: [0, 1, 2, 3, 5, 6, 7, 8, 9, 10, 11], 1: [4], 2: [12]})
INFO:  current select feature name : ['13']
INFO:  current select op : stand_scaler
INFO:  current select feature name : ['4']
INFO:  current select op : sigmoid
INFO:  start to learn in model_c1
INFO:  start to learn in model_c2
INFO:  start to learn in model_op
INFO:  New performance is: 0.575731, Best performance is: 0.593372 (e6s9) Base performance is: 0.571934
INFO:  Episode 7, Step 0 ends!
INFO:  Current spend time for step-0 is: 5.2s
INFO:  current cluster : defaultdict(<class 'list'>, {0: [0, 1, 2, 3, 5, 6, 7, 8, 9, 10, 12, 13], 1: [4], 2: [11]})
INFO:  current select feature name : ['4']
INFO:  current select op : minmax_scaler
INFO:  current select feature name : ['4' '4_minmax_scaler']
INFO:  current select op : sigmoid
INFO:  start to learn in model_c1
INFO:  start to learn in model_c2
INFO:  start to learn in model_op
INFO:  New performance is: 0.576155, Best performance is: 0.593372 (e6s9) Base performance is: 0.571934
INFO:  Episode 7, Step 1 ends!
INFO:  Current spend time for step-1 is: 5.8s
INFO:  current cluster : defaultdict(<class 'list'>, {0: [0, 1, 2, 3, 5, 6, 7, 8, 9, 10, 12, 13], 1: [4, 14], 2: [11]})
INFO:  current select feature name : ['4' '4_minmax_scaler']
INFO:  current select op : log
INFO:  current cluster : defaultdict(<class 'list'>, {0: [0, 1, 2, 3, 5, 6, 7, 8, 9, 10, 11], 1: [4, 14], 2: [12, 13]})
INFO:  current select feature name : ['4' '4_minmax_scaler']
INFO:  current select op : sqrt
INFO:  current cluster : defaultdict(<class 'list'>, {0: [0, 1, 2, 3, 5, 6, 7, 8, 9, 10, 11], 1: [4, 14], 2: [12, 13]})
INFO:  current select feature name : ['4' '4_minmax_scaler']
INFO:  current select op : minmax_scaler
INFO:  current select feature name : ['4' '4_minmax_scaler' '4_minmax_scaler_minmax_scaler']
INFO:  current select op : sigmoid
INFO:  start to learn in model_c1
INFO:  start to learn in model_c2
INFO:  start to learn in model_op
INFO:  New performance is: 0.575307, Best performance is: 0.593372 (e6s9) Base performance is: 0.571934
INFO:  Episode 7, Step 2 ends!
INFO:  Current spend time for step-2 is: 6.4s
INFO:  current cluster : defaultdict(<class 'list'>, {0: [0, 1, 2, 3, 5, 6, 7, 8, 9, 10], 1: [4, 14, 15], 3: [11], 2: [12, 13]})
INFO:  current select feature name : ['4' '4_minmax_scaler' '4_minmax_scaler_minmax_scaler']
INFO:  current select op : minmax_scaler
INFO:  current select feature name : ['4' '4_minmax_scaler' '4_minmax_scaler_minmax_scaler'
 '4_minmax_scaler_minmax_scaler_minmax_scaler']
INFO:  current select op : sigmoid
INFO:  start to learn in model_c1
INFO:  start to learn in model_c2
INFO:  start to learn in model_op
INFO:  New performance is: 0.571684, Best performance is: 0.593372 (e6s9) Base performance is: 0.571934
INFO:  Episode 7, Step 3 ends!
INFO:  Current spend time for step-3 is: 7.0s
INFO:  current cluster : defaultdict(<class 'list'>, {0: [0, 1, 2, 3, 5, 7, 8, 9, 10, 11], 1: [4, 14, 15, 16], 3: [6], 2: [12, 13]})
INFO:  current select feature name : ['4' '4_minmax_scaler' '4_minmax_scaler_minmax_scaler'
 '4_minmax_scaler_minmax_scaler_minmax_scaler']
INFO:  current select op : minmax_scaler
INFO:  current select feature name : ['4' '4_minmax_scaler' '4_minmax_scaler_minmax_scaler'
 '4_minmax_scaler_minmax_scaler_minmax_scaler'
 '4_minmax_scaler_minmax_scaler_minmax_scaler_minmax_scaler']
INFO:  current select op : sigmoid
INFO:  start to learn in model_c1
INFO:  start to learn in model_c2
INFO:  start to learn in model_op
INFO:  New performance is: 0.576212, Best performance is: 0.593372 (e6s9) Base performance is: 0.571934
INFO:  Episode 7, Step 4 ends!
INFO:  Current spend time for step-4 is: 7.8s
INFO:  current cluster : defaultdict(<class 'list'>, {0: [0, 1, 2, 3, 5, 7, 8, 9, 10, 11], 1: [4, 14, 15, 16, 17], 3: [6], 2: [12, 13]})
INFO:  current select feature name : ['4' '4_minmax_scaler' '4_minmax_scaler_minmax_scaler'
 '4_minmax_scaler_minmax_scaler_minmax_scaler'
 '4_minmax_scaler_minmax_scaler_minmax_scaler_minmax_scaler']
INFO:  current select op : quan_trans
INFO:  current select feature name : ['6']
INFO:  current select op : sigmoid
INFO:  start to learn in model_c1
INFO:  start to learn in model_c2
INFO:  start to learn in model_op
INFO:  New performance is: 0.575255, Best performance is: 0.593372 (e6s9) Base performance is: 0.571934
INFO:  Episode 7, Step 5 ends!
INFO:  Current spend time for step-5 is: 10.1s
INFO:  current cluster : defaultdict(<class 'list'>, {0: [0, 1, 2, 3, 5, 7, 8, 9, 10, 11], 1: [4, 14, 15, 16, 17, 18, 19, 20, 21, 22], 3: [6], 2: [12, 13]})
INFO:  current select feature name : ['4' '4_minmax_scaler' '4_minmax_scaler_minmax_scaler'
 '4_minmax_scaler_minmax_scaler_minmax_scaler'
 '4_minmax_scaler_minmax_scaler_minmax_scaler_minmax_scaler'
 '4_quan_trans' '4_minmax_scaler_quan_trans'
 '4_minmax_scaler_minmax_scaler_quan_trans'
 '4_minmax_scaler_minmax_scaler_minmax_scaler_quan_trans'
 '4_minmax_scaler_minmax_scaler_minmax_scaler_minmax_scaler_quan_trans']
INFO:  current select op : cos
INFO:  current select feature name : ['6']
INFO:  current select op : sigmoid
INFO:  start to learn in model_c1
INFO:  start to learn in model_c2
INFO:  start to learn in model_op
INFO:  New performance is: 0.573582, Best performance is: 0.593372 (e6s9) Base performance is: 0.571934
INFO:  Episode 7, Step 6 ends!
INFO:  Current spend time for step-6 is: 17.4s
INFO:  current cluster : defaultdict(<class 'list'>, {0: [0, 1, 2, 3, 5, 6, 7, 8, 9, 10], 1: [4, 14, 15, 16, 17, 18, 19, 20, 21, 22, 26, 27, 28, 29, 30, 31, 32], 2: [11], 3: [12, 13], 4: [23, 24, 25]})
INFO:  current select feature name : ['4_cos' '4_minmax_scaler_cos' '4_minmax_scaler_minmax_scaler_cos']
INFO:  current select op : cos
INFO:  current select feature name : ['2']
INFO:  current select op : sigmoid
INFO:  start to learn in model_c1
INFO:  start to learn in model_c2
INFO:  start to learn in model_op
INFO:  New performance is: 0.571705, Best performance is: 0.593372 (e6s9) Base performance is: 0.571934
INFO:  Episode 7, Step 7 ends!
INFO:  Current spend time for step-7 is: 24.4s
INFO:  current cluster : defaultdict(<class 'list'>, {0: [0, 1, 3, 5, 7, 8, 10], 2: [2, 9, 11], 1: [4, 14, 15, 16, 17, 18, 19, 20, 21, 22, 23, 25, 26, 27, 28, 29, 30, 31, 32, 33, 34, 35], 4: [6], 3: [12, 13], 5: [24]})
INFO:  current select feature name : ['13' '13_stand_scaler']
INFO:  current select op : cos
INFO:  current select feature name : ['6']
INFO:  current select op : sigmoid
INFO:  start to learn in model_c1
INFO:  start to learn in model_c2
INFO:  start to learn in model_op
INFO:  New performance is: 0.572756, Best performance is: 0.593372 (e6s9) Base performance is: 0.571934
INFO:  Episode 7, Step 8 ends!
INFO:  Current spend time for step-8 is: 27.6s
INFO:  current cluster : defaultdict(<class 'list'>, {2: [0, 1, 2, 3, 5, 7, 8, 9, 10, 12, 13, 36, 37], 0: [4, 14, 15, 16, 17, 18, 19, 20, 21, 22, 23, 24, 25, 27, 28, 29, 30, 31, 32, 33, 34], 4: [6], 5: [11], 3: [26], 1: [35]})
INFO:  current select feature name : ['4_minmax_scaler_minmax_scaler_cos_cos']
INFO:  current select op : minmax_scaler
INFO:  current select feature name : ['2' '9']
INFO:  current select op : sigmoid
INFO:  start to learn in model_c1
INFO:  start to learn in model_c2
INFO:  start to learn in model_op
INFO:  New performance is: 0.571563, Best performance is: 0.593372 (e6s9) Base performance is: 0.571934
INFO:  Episode 7, Step 9 ends!
INFO:  Current spend time for step-9 is: 29.7s
INFO:  current cluster : defaultdict(<class 'list'>, {0: [0, 1, 2, 3, 5, 6, 7, 8, 9, 10, 12], 1: [4], 2: [11]})
INFO:  current select feature name : ['4']
INFO:  current select op : square
INFO:  current select feature name : ['4' '4_square']
INFO:  current select op : sigmoid
INFO:  start to learn in model_c1
INFO:  start to learn in model_c2
INFO:  start to learn in model_op
INFO:  New performance is: 0.575969, Best performance is: 0.593372 (e6s9) Base performance is: 0.571934
INFO:  Episode 8, Step 0 ends!
INFO:  Current spend time for step-0 is: 5.2s
INFO:  current cluster : defaultdict(<class 'list'>, {0: [0, 1, 2, 3, 5, 6, 7, 8, 9, 10, 11, 12], 2: [4], 1: [13]})
INFO:  current select feature name : ['4_square']
INFO:  current select op : log
INFO:  current select feature name : ['4']
INFO:  current select op : sigmoid
INFO:  start to learn in model_c1
INFO:  start to learn in model_c2
INFO:  start to learn in model_op
INFO:  New performance is: 0.573372, Best performance is: 0.593372 (e6s9) Base performance is: 0.571934
INFO:  Episode 8, Step 1 ends!
INFO:  Current spend time for step-1 is: 5.7s
INFO:  current cluster : defaultdict(<class 'list'>, {2: [0, 1, 2, 3, 5, 6, 7, 8, 9, 10, 11, 12], 0: [4, 14], 1: [13]})
INFO:  current select feature name : ['4' '4_square_log']
INFO:  current select op : tanh
INFO:  current select feature name : ['13']
INFO:  current select op : sigmoid
INFO:  start to learn in model_c1
INFO:  start to learn in model_c2
INFO:  start to learn in model_op
INFO:  New performance is: 0.573537, Best performance is: 0.593372 (e6s9) Base performance is: 0.571934
INFO:  Episode 8, Step 2 ends!
INFO:  Current spend time for step-2 is: 6.6s
INFO:  current cluster : defaultdict(<class 'list'>, {0: [0, 1, 2, 3, 5, 6, 7, 8, 9, 10, 11, 12], 3: [4, 15], 1: [13, 16], 2: [14]})
INFO:  current select feature name : ['4' '4_tanh']
INFO:  current select op : *
INFO:  current select feature name : ['4' '4_tanh']
INFO:  current select feature name : ['4*4']
INFO:  current select op : sigmoid
INFO:  current select feature name : ['4' '4_square' '4_square_log' '4_tanh' '4_square_log_tanh' '4*4_tanh'
 '4_tanh*4' '4_tanh*4_tanh']
INFO:  start to learn in model_c1
INFO:  start to learn in model_c2
INFO:  start to learn in model_op
INFO:  New performance is: 0.575245, Best performance is: 0.593372 (e6s9) Base performance is: 0.571934
INFO:  Episode 8, Step 3 ends!
INFO:  Current spend time for step-3 is: 8.5s
INFO:  current cluster : defaultdict(<class 'list'>, {0: [0, 1, 2, 3, 5, 6, 7, 8, 9, 10, 11], 1: [4, 15], 3: [12], 2: [13, 14, 16, 17, 18, 19, 20]})
INFO:  current select feature name : ['4' '4_tanh']
INFO:  current select op : reciprocal
INFO:  current select feature name : ['13']
INFO:  current select op : sigmoid
INFO:  start to learn in model_c1
INFO:  start to learn in model_c2
INFO:  start to learn in model_op
INFO:  New performance is: 0.573104, Best performance is: 0.593372 (e6s9) Base performance is: 0.571934
INFO:  Episode 8, Step 4 ends!
INFO:  Current spend time for step-4 is: 10.7s
INFO:  current cluster : defaultdict(<class 'list'>, {2: [0, 1, 2, 3, 5, 6, 7, 8, 9, 10, 11, 12], 0: [4, 13, 14, 15, 16, 17, 20, 21, 22], 3: [18], 1: [19]})
INFO:  current select feature name : ['4_tanh*4']
INFO:  current select op : +
INFO:  current select feature name : ['4_tanh*4']
INFO:  current select feature name : ['13']
INFO:  current select op : sigmoid
INFO:  current select feature name : ['4' '4_square' '4_square_log' '4_tanh' '4_square_log_tanh' '4*4'
 '4*4_tanh' '4_tanh*4' '4_tanh*4_tanh' '4_reciprocal' '4_tanh_reciprocal'
 '4_tanh*4+4_tanh*4']
INFO:  start to learn in model_c1
INFO:  start to learn in model_c2
INFO:  start to learn in model_op
INFO:  New performance is: 0.576052, Best performance is: 0.593372 (e6s9) Base performance is: 0.571934
INFO:  Episode 8, Step 5 ends!
INFO:  Current spend time for step-5 is: 11.9s
INFO:  current cluster : defaultdict(<class 'list'>, {0: [0, 1, 2, 3, 5, 7, 8, 9, 10, 11], 1: [4, 13, 14, 15, 16, 17, 18, 19, 20, 21, 22, 23], 3: [6], 2: [12]})
INFO:  current select feature name : ['13']
INFO:  current select op : square
INFO:  current select feature name : ['2']
INFO:  current select op : sigmoid
INFO:  start to learn in model_c1
INFO:  start to learn in model_c2
INFO:  start to learn in model_op
INFO:  New performance is: 0.570602, Best performance is: 0.593372 (e6s9) Base performance is: 0.571934
INFO:  Episode 8, Step 6 ends!
INFO:  Current spend time for step-6 is: 12.9s
INFO:  current cluster : defaultdict(<class 'list'>, {1: [0, 1, 2, 3, 5, 7, 8, 9, 10, 11, 12, 24], 4: [4, 15, 21, 22], 3: [6], 0: [13, 14, 16, 18, 19, 20, 23], 2: [17]})
INFO:  current select feature name : ['4' '4_tanh' '4_reciprocal' '4_tanh_reciprocal']
INFO:  current select op : tanh
INFO:  current select feature name : ['6']
INFO:  current select op : sigmoid
INFO:  start to learn in model_c1
INFO:  start to learn in model_c2
INFO:  start to learn in model_op
INFO:  New performance is: 0.572193, Best performance is: 0.593372 (e6s9) Base performance is: 0.571934
INFO:  Episode 8, Step 7 ends!
INFO:  Current spend time for step-7 is: 14.8s
INFO:  current cluster : defaultdict(<class 'list'>, {0: [0, 1, 3, 5, 7, 8, 9, 10, 12, 24], 4: [2], 1: [4, 13, 14, 15, 16, 17, 18, 19, 20, 21, 22, 23, 25, 26, 27], 2: [6], 3: [11]})
INFO:  current select feature name : ['4' '4_square' '4_square_log' '4_tanh' '4_square_log_tanh' '4*4'
 '4*4_tanh' '4_tanh*4' '4_tanh*4_tanh' '4_reciprocal' '4_tanh_reciprocal'
 '4_tanh*4+4_tanh*4' '4_reciprocal_tanh' '4_tanh_reciprocal_tanh'
 '4_tanh_tanh']
INFO:  current select op : +
INFO:  current select feature name : ['6']
INFO:  current select feature name : ['2' '9']
INFO:  current select op : sigmoid
INFO:  current select feature name : ['4' '4_square' '4_square_log' '4_tanh' '4_square_log_tanh' '4*4'
 '4*4_tanh' '4_tanh*4' '4_reciprocal' '4_tanh_reciprocal'
 '4_tanh*4+4_tanh*4' '4_reciprocal_tanh' '4_tanh_reciprocal_tanh'
 '4_tanh_tanh']
INFO:  start to learn in model_c1
INFO:  start to learn in model_c2
INFO:  start to learn in model_op
INFO:  New performance is: 0.572161, Best performance is: 0.593372 (e6s9) Base performance is: 0.571934
INFO:  Episode 8, Step 8 ends!
INFO:  Current spend time for step-8 is: 26.7s
INFO:  current cluster : defaultdict(<class 'list'>, {2: [0, 1, 3, 5, 7, 8, 10, 12, 24], 1: [2, 9], 0: [4, 13, 14, 15, 16, 17, 18, 19, 20, 21, 22, 25, 26, 27], 4: [6, 28, 29, 30, 31, 32, 33, 34, 35, 36, 37, 38, 39, 40, 41, 42], 3: [11], 5: [23]})
INFO:  current select feature name : ['6' '4+6' '4_square+6' '4_square_log+6' '4_tanh+6' '4_square_log_tanh+6'
 '4*4+6' '4*4_tanh+6' '4_tanh*4+6' '4_tanh*4_tanh+6' '4_reciprocal+6'
 '4_tanh_reciprocal+6' '4_tanh*4+4_tanh*4+6' '4_reciprocal_tanh+6'
 '4_tanh_reciprocal_tanh+6' '4_tanh_tanh+6']
INFO:  current select op : +
INFO:  current select feature name : ['10' '1' '3' '5' '7' '8' '11' '13' '13_square']
INFO:  current select feature name : ['4_tanh_reciprocal']
INFO:  current select op : sigmoid
INFO:  current select feature name : ['10' '1' '2' '7' '8' '9' '6+10' '6+3' '6+5' '6+7' '6+8' '6+13' '4+6+10'
 '4+6+3' '4+6+5' '4+6+7' '4+6+8' '4+6+13' '4_square+6+10' '4_square+6+3'
 '4_square+6+5' '4_square+6+7' '4_square+6+8' '4_square+6+13'
 '4_square_log+6+10' '4_square_log+6+3' '4_square_log+6+5'
 '4_square_log+6+7' '4_square_log+6+8' '4_square_log+6+13' '4_tanh+6+10'
 '4_tanh+6+3' '4_tanh+6+5' '4_tanh+6+7' '4_tanh+6+8' '4_tanh+6+13'
 '4_square_log_tanh+6+10' '4_square_log_tanh+6+3' '4_square_log_tanh+6+5'
 '4_square_log_tanh+6+7' '4_square_log_tanh+6+8' '4_square_log_tanh+6+13'
 '4*4+6+10' '4*4+6+3' '4*4+6+5' '4*4+6+7' '4*4+6+8' '4*4+6+13'
 '4*4_tanh+6+10' '4*4_tanh+6+3' '4*4_tanh+6+5' '4*4_tanh+6+7'
 '4*4_tanh+6+8' '4*4_tanh+6+13' '4_tanh*4+6+10' '4_tanh*4+6+3'
 '4_tanh*4+6+5' '4_tanh*4+6+7' '4_tanh*4+6+8' '4_tanh*4+6+13'
 '4_tanh*4_tanh+6+10' '4_tanh*4_tanh+6+3' '4_tanh*4_tanh+6+5'
 '4_tanh*4_tanh+6+7' '4_tanh*4_tanh+6+8' '4_tanh*4_tanh+6+13'
 '4_reciprocal+6+10' '4_reciprocal+6+3' '4_reciprocal+6+5'
 '4_reciprocal+6+7' '4_reciprocal+6+8' '4_reciprocal+6+13'
 '4_tanh_reciprocal+6+10' '4_tanh_reciprocal+6+3' '4_tanh_reciprocal+6+5'
 '4_tanh_reciprocal+6+7' '4_tanh_reciprocal+6+8' '4_tanh_reciprocal+6+13'
 '4_tanh*4+4_tanh*4+6+10' '4_tanh*4+4_tanh*4+6+3' '4_tanh*4+4_tanh*4+6+5'
 '4_tanh*4+4_tanh*4+6+7' '4_tanh*4+4_tanh*4+6+8' '4_tanh*4+4_tanh*4+6+13'
 '4_reciprocal_tanh+6+10' '4_reciprocal_tanh+6+3' '4_reciprocal_tanh+6+5'
 '4_reciprocal_tanh+6+7' '4_reciprocal_tanh+6+8' '4_reciprocal_tanh+6+13'
 '4_tanh_reciprocal_tanh+6+10' '4_tanh_reciprocal_tanh+6+3'
 '4_tanh_reciprocal_tanh+6+5' '4_tanh_reciprocal_tanh+6+7'
 '4_tanh_reciprocal_tanh+6+8' '4_tanh_reciprocal_tanh+6+13'
 '4_tanh_tanh+6+10' '4_tanh_tanh+6+3' '4_tanh_tanh+6+5' '4_tanh_tanh+6+7'
 '4_tanh_tanh+6+8' '4_tanh_tanh+6+13']
INFO:  start to learn in model_c1
INFO:  start to learn in model_c2
INFO:  start to learn in model_op
INFO:  New performance is: 0.569320, Best performance is: 0.593372 (e6s9) Base performance is: 0.571934
INFO:  Episode 8, Step 9 ends!
INFO:  Current spend time for step-9 is: 358.6s
INFO:  current cluster : defaultdict(<class 'list'>, {0: [0, 1, 2, 3, 5, 6, 7, 8, 9, 10, 11], 1: [4], 2: [12]})
INFO:  current select feature name : ['10' '1' '2' '3' '5' '6' '7' '8' '9' '11' '12']
INFO:  current select op : sigmoid
INFO:  current select feature name : ['4']
INFO:  current select op : sigmoid
INFO:  start to learn in model_c1
INFO:  start to learn in model_c2
INFO:  start to learn in model_op
INFO:  New performance is: 0.573904, Best performance is: 0.593372 (e6s9) Base performance is: 0.571934
INFO:  Episode 9, Step 0 ends!
INFO:  Current spend time for step-0 is: 9.5s
INFO:  current cluster : defaultdict(<class 'list'>, {0: [0, 1, 2, 3, 5, 7, 8, 9, 10, 11, 13, 14, 15, 16, 17, 19, 20, 21, 22, 23], 3: [4], 1: [6, 18], 2: [12]})
INFO:  current select feature name : ['13']
INFO:  current select op : +
INFO:  current select feature name : ['4']
INFO:  current select feature name : ['4']
INFO:  current select op : sigmoid
INFO:  current select feature name : ['4']
INFO:  start to learn in model_c1
INFO:  start to learn in model_c2
INFO:  start to learn in model_op
INFO:  New performance is: 0.570734, Best performance is: 0.593372 (e6s9) Base performance is: 0.571934
INFO:  Episode 9, Step 1 ends!
INFO:  Current spend time for step-1 is: 14.3s
INFO:  current cluster : defaultdict(<class 'list'>, {0: [0, 1, 2, 3, 5, 7, 8, 9, 10, 13, 14, 15, 16, 17, 19, 20, 21, 22], 3: [4], 4: [6, 18], 1: [11, 23], 2: [12, 24]})
INFO:  current select feature name : ['4']
INFO:  current select op : sigmoid
INFO:  current select feature name : ['4']
INFO:  current select op : sigmoid
INFO:  start to learn in model_c1
INFO:  start to learn in model_c2
INFO:  start to learn in model_op
INFO:  New performance is: 0.571279, Best performance is: 0.593372 (e6s9) Base performance is: 0.571934
INFO:  Episode 9, Step 2 ends!
INFO:  Current spend time for step-2 is: 15.3s
INFO:  current cluster : defaultdict(<class 'list'>, {0: [0, 1, 2, 3, 5, 7, 8, 9, 10, 13, 14, 15, 16, 17, 19, 20, 21, 22], 1: [4, 25], 3: [6, 18], 4: [11, 23], 2: [12, 24]})
INFO:  current select feature name : ['13' '13+4']
INFO:  current select op : sqrt
INFO:  current cluster : defaultdict(<class 'list'>, {0: [0, 1, 2, 3, 5, 7, 8, 9, 10, 11, 13, 14, 15, 16, 17, 19, 20, 21, 22, 23], 4: [4], 1: [6, 18], 2: [12, 24], 3: [25]})
INFO:  current select feature name : ['10' '1' '2' '3' '5' '7' '8' '9' '11' '12' '10_sigmoid' '1_sigmoid'
 '2_sigmoid' '3_sigmoid' '5_sigmoid' '7_sigmoid' '8_sigmoid' '9_sigmoid'
 '11_sigmoid' '12_sigmoid']
INFO:  current select op : sqrt
INFO:  current select feature name : ['13' '13+4']
INFO:  current select op : sigmoid
INFO:  start to learn in model_c1
INFO:  start to learn in model_c2
INFO:  start to learn in model_op
INFO:  New performance is: 0.575219, Best performance is: 0.593372 (e6s9) Base performance is: 0.571934
INFO:  Episode 9, Step 3 ends!
INFO:  Current spend time for step-3 is: 22.2s
INFO:  current cluster : defaultdict(<class 'list'>, {2: [0, 1, 3, 5, 10, 13, 14, 16, 17, 22, 26, 27, 29, 30, 34], 1: [2, 9, 11, 15, 21, 23, 28, 33, 35], 4: [4, 25], 3: [6, 18], 0: [7, 8, 19, 20, 31, 32], 5: [12, 24]})
INFO:  current select feature name : ['13' '13+4']
INFO:  current select op : sqrt
INFO:  current cluster : defaultdict(<class 'list'>, {2: [0, 1, 3, 5, 7, 8, 10, 13, 14, 16, 17, 19, 20, 22, 26, 27, 29, 30, 31, 32, 34], 0: [2, 9, 11, 15, 21, 23, 28, 33, 35], 4: [4], 1: [6, 18], 5: [12, 24], 3: [25]})
INFO:  current select feature name : ['4']
INFO:  current select op : sqrt
INFO:  current cluster : defaultdict(<class 'list'>, {4: [0, 1, 3, 5, 10, 13, 14, 16, 17, 22, 26, 27, 29, 30, 34], 1: [2, 9, 11, 15, 21, 23, 28, 33, 35], 0: [4, 25], 3: [6, 18], 2: [7, 8, 19, 20, 31, 32], 5: [12, 24]})
INFO:  current select feature name : ['13' '13+4']
INFO:  current select op : sqrt
INFO:  current cluster : defaultdict(<class 'list'>, {0: [0, 1, 3, 5, 7, 8, 10, 13, 14, 16, 17, 19, 20, 22, 26, 27, 29, 30, 31, 32, 34], 1: [2, 9, 15, 21, 28, 33], 4: [4, 25], 3: [6, 18], 5: [11, 23, 35], 2: [12, 24]})
INFO:  current select feature name : ['10' '1' '3' '5' '7' '8' '11' '10_sigmoid' '1_sigmoid' '3_sigmoid'
 '5_sigmoid' '7_sigmoid' '8_sigmoid' '11_sigmoid' '10_sigmoid_sqrt'
 '1_sigmoid_sqrt' '3_sigmoid_sqrt' '5_sigmoid_sqrt' '7_sigmoid_sqrt'
 '8_sigmoid_sqrt' '11_sigmoid_sqrt']
INFO:  current select op : quan_trans
INFO:  current select feature name : ['4']
INFO:  current select op : sigmoid
INFO:  start to learn in model_c1
INFO:  start to learn in model_c2
INFO:  start to learn in model_op
INFO:  New performance is: 0.575465, Best performance is: 0.593372 (e6s9) Base performance is: 0.571934
INFO:  Episode 9, Step 4 ends!
INFO:  Current spend time for step-4 is: 48.2s
INFO:  current cluster : defaultdict(<class 'list'>, {2: [0, 1, 3, 4, 9, 12, 13, 15, 16, 21, 25, 26, 28, 29, 33, 35, 36, 37, 38, 41, 42, 43, 44, 45, 48, 49, 50, 51, 52, 55], 6: [2, 8, 14, 20, 27, 32], 4: [5, 17], 0: [6, 7, 18, 19, 30, 31, 39, 40, 46, 47, 53, 54], 1: [10, 22, 34], 5: [11, 23], 3: [24]})
INFO:  current select feature name : ['12' '12_sigmoid']
INFO:  current select op : log
INFO:  current cluster : defaultdict(<class 'list'>, {2: [0, 1, 3, 4, 9, 12, 13, 15, 16, 21, 25, 26, 28, 29, 33, 35, 36, 37, 38, 41, 42, 43, 44, 45, 48, 49, 50, 51, 52, 55], 1: [2, 10, 14, 22, 27, 34], 4: [5, 17], 0: [6, 7, 18, 19, 30, 31, 39, 40, 46, 47, 53, 54], 6: [8, 20, 32], 5: [11, 23], 3: [24]})
INFO:  current select feature name : ['12' '12_sigmoid']
INFO:  current select op : log
INFO:  current cluster : defaultdict(<class 'list'>, {2: [0, 1, 3, 4, 9, 12, 13, 15, 16, 21, 25, 26, 28, 29, 33, 35, 36, 37, 38, 41, 42, 43, 44, 45, 48, 49, 50, 51, 52, 55], 1: [2, 8, 14, 20, 27, 32], 5: [5, 17], 0: [6, 7, 18, 19, 30, 31, 39, 40, 46, 47, 53, 54], 4: [10, 22, 34], 6: [11, 23], 3: [24]})
INFO:  current select feature name : ['12' '12_sigmoid']
INFO:  current select op : stand_scaler
INFO:  current select feature name : ['13' '13+4' '12_stand_scaler' '12_sigmoid_stand_scaler']
INFO:  current select op : sigmoid
INFO:  start to learn in model_c1
INFO:  start to learn in model_c2
INFO:  start to learn in model_op
INFO:  New performance is: 0.571364, Best performance is: 0.593372 (e6s9) Base performance is: 0.571934
INFO:  Episode 9, Step 5 ends!
INFO:  Current spend time for step-5 is: 67.7s
INFO:  current cluster : defaultdict(<class 'list'>, {1: [0, 1, 3, 4, 9, 12, 13, 15, 16, 21, 23, 24, 26, 27, 31, 33, 34, 35, 36, 39, 40, 41, 42, 43, 46, 47, 48, 49, 50, 53], 0: [2, 8, 14, 20, 25, 30], 5: [5, 17], 4: [6, 18, 28, 37, 44, 51], 2: [7, 19, 29, 38, 45, 52], 6: [10, 32], 3: [11, 22, 54, 55]})
INFO:  current select feature name : ['13' '12_sigmoid' '8_sigmoid_sqrt_quan_trans'
 '11_sigmoid_sqrt_quan_trans']
INFO:  current select op : *
INFO:  current select feature name : ['13' '12_sigmoid' '8_sigmoid_sqrt_quan_trans'
 '11_sigmoid_sqrt_quan_trans']
INFO:  current select feature name : ['6' '6_sigmoid']
INFO:  current select op : sigmoid
INFO:  current select feature name : ['6' '6_sigmoid']
INFO:  start to learn in model_c1
INFO:  start to learn in model_c2
INFO:  start to learn in model_op
INFO:  New performance is: 0.564155, Best performance is: 0.593372 (e6s9) Base performance is: 0.571934
INFO:  Episode 9, Step 6 ends!
INFO:  Current spend time for step-6 is: 85.5s
INFO:  current cluster : defaultdict(<class 'list'>, {1: [0, 1, 9, 10, 17, 18, 42, 48, 50, 51, 54, 55], 6: [2, 3, 7, 11, 12, 15, 19, 20, 22, 23, 24, 25, 26, 27, 28, 29, 30, 31, 32, 33, 34, 35, 36, 37, 40, 43, 52], 3: [4, 13], 5: [5, 14, 21], 4: [6], 0: [8, 16, 38, 39], 2: [41, 44, 45, 46, 47, 49, 53]})
INFO:  current select feature name : ['9' '5_sigmoid' '8_quan_trans' '11_quan_trans']
INFO:  current select op : *
INFO:  current select feature name : ['9' '5_sigmoid' '8_quan_trans' '11_quan_trans']
INFO:  current select feature name : ['13+4' '12_sigmoid_stand_scaler']
INFO:  current select op : sigmoid
INFO:  current select feature name : ['8']
INFO:  start to learn in model_c1
INFO:  start to learn in model_c2
INFO:  start to learn in model_op
INFO:  New performance is: 0.574294, Best performance is: 0.593372 (e6s9) Base performance is: 0.571934
INFO:  Episode 9, Step 7 ends!
INFO:  Current spend time for step-7 is: 85.4s
INFO:  current cluster : defaultdict(<class 'list'>, {4: [0, 1, 3, 5, 6, 8, 10, 11, 12, 13, 14, 16, 17, 18, 19, 21, 22, 23, 24, 26, 27, 30, 32, 39, 42, 44, 52], 3: [2, 7], 6: [4, 28], 5: [9, 29], 2: [15, 20, 25], 1: [31, 33, 34, 35, 36, 37, 40, 43, 45, 46, 47, 48, 49, 53], 0: [38, 41, 50, 51, 54, 55]})
INFO:  current select feature name : ['12_stand_scaler' '13*12_sigmoid'
 '8_sigmoid_sqrt_quan_trans*8_sigmoid_sqrt_quan_trans'
 '8_sigmoid_sqrt_quan_trans*11_sigmoid_sqrt_quan_trans'
 '11_sigmoid_sqrt_quan_trans*8_sigmoid_sqrt_quan_trans'
 '11_sigmoid_sqrt_quan_trans*11_sigmoid_sqrt_quan_trans']
INFO:  current select op : log
INFO:  current select feature name : ['13+4' '12_sigmoid_stand_scaler']
INFO:  current select op : sigmoid
INFO:  start to learn in model_c1
INFO:  start to learn in model_c2
INFO:  start to learn in model_op
INFO:  New performance is: 0.532392, Best performance is: 0.593372 (e6s9) Base performance is: 0.571934
INFO:  Episode 9, Step 8 ends!
INFO:  Current spend time for step-8 is: 69.4s
INFO:  current cluster : defaultdict(<class 'list'>, {2: [0, 1, 3, 5, 6, 8, 10, 11, 12, 13, 14, 15, 16, 17, 18, 19, 20, 21, 22, 23, 24, 25, 26, 27, 30, 32, 39, 41, 43, 50], 3: [2, 7], 4: [4, 28], 5: [9, 29], 0: [31, 33, 35, 36, 37, 40, 42, 44, 46, 47, 48, 51], 6: [34, 45], 1: [38, 49, 52, 53, 54, 55]})
INFO:  current select feature name : ['8_sigmoid_sqrt_quan_trans*8_sigmoid_sqrt_quan_trans'
 '8_quan_trans*5_sigmoid' '11_quan_trans*9' '11_quan_trans*5_sigmoid'
 '11_quan_trans*8_quan_trans' '11_quan_trans*11_quan_trans']
INFO:  current select op : minmax_scaler
INFO:  current select feature name : ['13+4' '12_sigmoid_stand_scaler']
INFO:  current select op : sigmoid
INFO:  start to learn in model_c1
INFO:  start to learn in model_c2
INFO:  start to learn in model_op
INFO:  New performance is: 0.531415, Best performance is: 0.593372 (e6s9) Base performance is: 0.571934
INFO:  Episode 9, Step 9 ends!
INFO:  Current spend time for step-9 is: 71.5s
INFO:  Total training time for is: 4535.4s
INFO:  Exploration ends!
INFO:  Begin evaluation...
INFO:  MAE on original is: -1.484, MAE on generated is: -1.581
INFO:  RMSE on original is: -16.400, RMSE on generated is: -17.012
INFO:  1-RAE on original is: 0.504, 1-RAE on generated is: 0.487
INFO:  Total using time: 4536.9s
