INFO:  {'name': 'housing_boston', 'log_level': 'info', 'episodes': 10, 'steps': 10, 'enlarge_num': 4, 'memory': 8, 'a': 1, 'b': 1, 'c': 1, 'hidden_size': 64, 'batch_size': 8, 'replay_strategy': 'random', 'ent_weight': 0.001, 'init_w': 0.1, 'id': '0', 'ablation_mode': '', 'out_put': '.'}
INFO:  running experiment on cpu
INFO:  read the data from /home/pjanga/Group-wise-Reinforcement-Feature-Generation-for-Optimal-and-Explainable-Representation-Space-Reconst/data/processed/housing_boston.hdf
INFO:  opt path is ./tmp/housing_boston_random_/
INFO:  initialize the features...
[10, 1, 2, 3, 4, 5, 6, 7, 8, 9, 11, 12, 13, 'label']
INFO:  initial memories with random
INFO:  MAE on original is: -2.925, MAE on generated is: -2.925
INFO:  RMSE on original is: -38.261, RMSE on generated is: -38.261
INFO:  1-RAE on original is: 0.430, 1-RAE on generated is: 0.430
INFO:  start training, the original performance is 0.4295245697089801
INFO:  current cluster : defaultdict(<class 'list'>, {0: [0, 1, 2, 3, 5, 6, 7, 8, 9, 10, 12], 1: [4], 2: [11]})
INFO:  current select feature name : ['12']
INFO:  current select op : sigmoid
INFO:  current select feature name : ['4']
INFO:  current select op : log
INFO:  New performance is: 0.447045, Best performance is: 0.447045 (e0s0) Base performance is: 0.429525
INFO:  Episode 0, Step 0 ends!
INFO:  Current spend time for step-0 is: 4.1s
INFO:  current cluster : defaultdict(<class 'list'>, {0: [0, 1, 2, 3, 5, 6, 7, 8, 9, 10, 11, 13], 1: [4], 2: [12]})
INFO:  current select feature name : ['13']
INFO:  current select op : -
INFO:  current select feature name : ['13']
INFO:  current select feature name : ['4']
INFO:  current select op : log
INFO:  current select feature name : ['13-13']
INFO:  New performance is: 0.439259, Best performance is: 0.447045 (e0s0) Base performance is: 0.429525
INFO:  Episode 0, Step 1 ends!
INFO:  Current spend time for step-1 is: 4.6s
INFO:  current cluster : defaultdict(<class 'list'>, {0: [0, 1, 2, 3, 5, 6, 7, 8, 9, 10, 11, 12, 13], 2: [4], 1: [14]})
INFO:  current select feature name : ['10' '1' '2' '3' '5' '6' '7' '8' '9' '11' '12' '13' '12_sigmoid']
INFO:  current select op : tanh
INFO:  current select feature name : ['4']
INFO:  current select op : log
INFO:  New performance is: 0.436017, Best performance is: 0.447045 (e0s0) Base performance is: 0.429525
INFO:  Episode 0, Step 2 ends!
INFO:  Current spend time for step-2 is: 10.2s
INFO:  current cluster : defaultdict(<class 'list'>, {0: [0, 1, 2, 3, 5, 7, 8, 9, 10, 11, 13, 15, 16, 17, 18, 19, 21, 22, 23, 24, 25, 27], 2: [4], 1: [6, 20], 4: [12, 26], 3: [14]})
INFO:  current select feature name : ['10' '1' '2' '3' '5' '7' '8' '9' '11' '12' '12_sigmoid' '10_tanh'
 '1_tanh' '2_tanh' '3_tanh' '5_tanh' '7_tanh' '8_tanh' '9_tanh' '11_tanh'
 '12_tanh' '12_sigmoid_tanh']
INFO:  current select op : minmax_scaler
INFO:  current select feature name : ['4']
INFO:  current select op : log
INFO:  New performance is: 0.433264, Best performance is: 0.447045 (e0s0) Base performance is: 0.429525
INFO:  Episode 0, Step 3 ends!
INFO:  Current spend time for step-3 is: 31.7s
INFO:  current cluster : defaultdict(<class 'list'>, {0: [0, 1, 7, 8, 15, 16, 21, 22, 28, 29, 33, 34, 39, 40, 44, 45], 2: [2, 9, 11, 13, 17, 23, 25, 27, 30, 35, 37, 38, 41, 46, 48, 49], 6: [3, 5, 10, 18, 19, 24, 31, 32, 36, 42, 43, 47], 5: [4], 1: [6, 20], 4: [12, 26], 3: [14]})
INFO:  current select feature name : ['13-13']
INFO:  current select op : -
INFO:  current select feature name : ['6' '6_tanh']
INFO:  current select feature name : ['4']
INFO:  current select op : log
INFO:  current select feature name : ['13-13']
INFO:  New performance is: 0.432030, Best performance is: 0.447045 (e0s0) Base performance is: 0.429525
INFO:  Episode 0, Step 4 ends!
INFO:  Current spend time for step-4 is: 49.8s
INFO:  current cluster : defaultdict(<class 'list'>, {0: [0, 1, 3, 5, 7, 8, 10, 15, 16, 18, 19, 21, 22, 24, 28, 29, 31, 32, 33, 34, 36, 39, 40, 42, 43, 44, 45, 47], 2: [2, 9, 17, 23, 30, 35, 41, 46], 5: [4], 1: [6, 20, 50, 51], 6: [11, 13, 25, 27, 37, 38, 48, 49], 4: [12, 26], 3: [14]})
INFO:  current select feature name : ['13' '13_tanh']
INFO:  current select op : square
INFO:  current select feature name : ['4']
INFO:  current select op : log
INFO:  New performance is: 0.438741, Best performance is: 0.447045 (e0s0) Base performance is: 0.429525
INFO:  Episode 0, Step 5 ends!
INFO:  Current spend time for step-5 is: 53.8s
INFO:  current cluster : defaultdict(<class 'list'>, {0: [0, 1, 3, 5, 10, 15, 16, 18, 19, 24, 28, 29, 31, 32, 36, 39, 40, 42, 43, 47, 52, 53], 1: [2, 9, 11, 13, 17, 23, 25, 27, 30, 35, 37, 38, 41, 46, 48, 49], 5: [4], 4: [6, 20, 50, 51], 2: [7, 8, 21, 22, 33, 34, 44, 45], 6: [12, 26], 3: [14]})
INFO:  current select feature name : ['2' '9' '12' '12_sigmoid' '2_tanh' '9_tanh' '12_tanh' '12_sigmoid_tanh'
 '2_minmax_scaler' '9_minmax_scaler' '12_minmax_scaler'
 '12_sigmoid_minmax_scaler' '2_tanh_minmax_scaler' '9_tanh_minmax_scaler'
 '12_tanh_minmax_scaler' '12_sigmoid_tanh_minmax_scaler']
INFO:  current select op : log
INFO:  current select feature name : ['4']
INFO:  current select op : log
INFO:  New performance is: 0.427326, Best performance is: 0.447045 (e0s0) Base performance is: 0.429525
INFO:  Episode 0, Step 6 ends!
INFO:  Current spend time for step-6 is: 57.8s
INFO:  current cluster : defaultdict(<class 'list'>, {0: [0, 1, 3, 5, 7, 8, 10, 15, 16, 18, 19, 21, 22, 24, 28, 29, 31, 32, 33, 34, 36, 39, 40, 42, 43, 44, 45, 47, 52, 53], 1: [2, 11, 13, 17, 25, 27, 30, 37, 38, 41, 48, 49, 54, 55], 5: [4], 4: [6, 20, 50, 51], 2: [9, 23, 35, 46], 6: [12, 26], 3: [14]})
INFO:  current select feature name : ['6' '6_tanh' '13-13-6' '13-13-6_tanh']
INFO:  current select op : cos
INFO:  current select feature name : ['4']
INFO:  current select op : log
INFO:  start to learn in model_c1
INFO:  start to learn in model_op
INFO:  New performance is: 0.441903, Best performance is: 0.447045 (e0s0) Base performance is: 0.429525
INFO:  Episode 0, Step 7 ends!
INFO:  Current spend time for step-7 is: 64.5s
INFO:  current cluster : defaultdict(<class 'list'>, {0: [0, 1, 6, 7, 12, 13, 18, 19, 25, 26, 30, 31, 35, 36, 40, 41, 52, 53, 54, 55], 1: [2, 10, 14, 22, 24, 27, 34, 37, 44, 45, 50, 51], 2: [3, 4, 9, 15, 16, 21, 28, 29, 33, 38, 39, 43], 5: [5, 17, 46, 47], 6: [8, 20, 32, 42], 3: [11, 23], 4: [48, 49]})
INFO:  current select feature name : ['3' '4' '9' '10_tanh' '1_tanh' '7_tanh' '10_minmax_scaler'
 '1_minmax_scaler' '7_minmax_scaler' '12_sigmoid_minmax_scaler'
 '10_tanh_minmax_scaler' '5_tanh_minmax_scaler']
INFO:  current select op : sigmoid
INFO:  current select feature name : ['6_cos' '6_tanh_cos' '13-13-6_cos' '13-13-6_tanh_cos']
INFO:  current select op : sigmoid
INFO:  start to learn in model_c1
INFO:  start to learn in model_op
INFO:  New performance is: 0.040321, Best performance is: 0.447045 (e0s0) Base performance is: 0.429525
INFO:  Episode 0, Step 8 ends!
INFO:  Current spend time for step-8 is: 74.0s
INFO:  current cluster : defaultdict(<class 'list'>, {6: [0, 1, 10, 11, 20, 21, 28, 29], 0: [2, 3, 8, 12, 13, 18, 22, 23, 27, 30, 31, 35, 38, 39, 44, 45, 46, 47, 48, 49, 50, 51, 52, 53, 54, 55], 5: [4, 14, 36, 37], 2: [5, 6, 15, 16, 24, 25, 32, 33], 1: [7, 17, 26, 34], 4: [9, 19], 3: [40, 41, 42, 43]})
INFO:  current select feature name : ['8' '6_tanh' '1_minmax_scaler' '12_minmax_scaler']
INFO:  current select op : -
INFO:  current select feature name : ['11' '8_tanh']
INFO:  current select feature name : ['6_cos' '6_tanh_cos' '13-13-6_cos' '13-13-6_tanh_cos']
INFO:  current select op : sigmoid
INFO:  current select feature name : ['6_cos' '6_tanh_cos' '13-13-6_cos' '13-13-6_tanh_cos']
INFO:  start to learn in model_c1
INFO:  start to learn in model_op
INFO:  New performance is: -0.824703, Best performance is: 0.447045 (e0s0) Base performance is: 0.429525
INFO:  Episode 0, Step 9 ends!
INFO:  Current spend time for step-9 is: 69.1s
INFO:  Best performance is: 0.447045
INFO:  Episode 0 ends!
INFO:  current cluster : defaultdict(<class 'list'>, {0: [0, 1, 2, 3, 5, 6, 7, 8, 9, 10, 11], 1: [4], 2: [12]})
INFO:  current select feature name : ['6']
INFO:  current select op : sigmoid
INFO:  current select feature name : ['10' '1' '2' '3' '5' '6' '7' '8' '9' '11' '13']
INFO:  current select op : sigmoid
INFO:  start to learn in model_c1
INFO:  start to learn in model_op
INFO:  New performance is: 0.433432, Best performance is: 0.447045 (e0s0) Base performance is: 0.429525
INFO:  Episode 1, Step 0 ends!
INFO:  Current spend time for step-0 is: 4.1s
INFO:  current cluster : defaultdict(<class 'list'>, {0: [0, 1, 2, 3, 5, 6, 7, 8, 9, 10, 12], 1: [4, 13], 2: [11]})
INFO:  current select feature name : ['4' '6_sigmoid']
INFO:  current select op : minmax_scaler
INFO:  current select feature name : ['10' '1' '2' '3' '5' '6' '7' '8' '9' '11']
INFO:  current select op : sigmoid
INFO:  start to learn in model_c1
INFO:  start to learn in model_op
INFO:  New performance is: 0.431613, Best performance is: 0.447045 (e0s0) Base performance is: 0.429525
INFO:  Episode 1, Step 1 ends!
INFO:  Current spend time for step-1 is: 5.0s
INFO:  current cluster : defaultdict(<class 'list'>, {0: [0, 1, 2, 3, 5, 7, 8, 9, 10, 11], 1: [4, 13, 14, 15], 3: [6], 2: [12]})
INFO:  current select feature name : ['6']
INFO:  current select op : quan_trans
INFO:  current select feature name : ['10' '1' '2' '3' '5' '6' '7' '8' '9' '11' '6_quan_trans']
INFO:  current select op : sigmoid
INFO:  start to learn in model_c1
INFO:  start to learn in model_op
INFO:  New performance is: 0.433454, Best performance is: 0.447045 (e0s0) Base performance is: 0.429525
INFO:  Episode 1, Step 2 ends!
INFO:  Current spend time for step-2 is: 5.9s
INFO:  current cluster : defaultdict(<class 'list'>, {0: [0, 1, 2, 3, 5, 6, 7, 8, 9, 10, 16], 1: [4, 13, 14, 15], 3: [11], 2: [12]})
INFO:  current select feature name : ['13']
INFO:  current select op : /
INFO:  current select feature name : ['10' '1' '2' '3' '5' '6' '7' '8' '9' '11' '6_quan_trans']
INFO:  current cluster : defaultdict(<class 'list'>, {0: [0, 1, 2, 3, 5, 6, 7, 8, 9, 10, 16], 1: [4, 13, 14, 15], 3: [11], 2: [12]})
INFO:  current select feature name : ['12']
INFO:  current select op : stand_scaler
INFO:  current select feature name : ['13']
INFO:  current select op : sigmoid
INFO:  start to learn in model_c1
INFO:  start to learn in model_op
INFO:  New performance is: 0.437405, Best performance is: 0.447045 (e0s0) Base performance is: 0.429525
INFO:  Episode 1, Step 3 ends!
INFO:  Current spend time for step-3 is: 6.6s
INFO:  current cluster : defaultdict(<class 'list'>, {0: [0, 1, 2, 3, 5, 6, 7, 8, 9, 10, 16], 1: [4, 13, 14, 15], 3: [11, 17], 2: [12]})
INFO:  current select feature name : ['4' '6_sigmoid' '4_minmax_scaler' '6_sigmoid_minmax_scaler']
INFO:  current select op : tanh
INFO:  current select feature name : ['13']
INFO:  current select op : sigmoid
INFO:  start to learn in model_c1
INFO:  start to learn in model_op
INFO:  New performance is: 0.432804, Best performance is: 0.447045 (e0s0) Base performance is: 0.429525
INFO:  Episode 1, Step 4 ends!
INFO:  Current spend time for step-4 is: 8.5s
INFO:  current cluster : defaultdict(<class 'list'>, {0: [0, 1, 2, 3, 5, 6, 7, 8, 9, 10, 16], 1: [4, 13, 14, 15, 18, 19, 20, 21], 3: [11, 17], 2: [12]})
INFO:  current select feature name : ['10' '1' '2' '3' '5' '6' '7' '8' '9' '11' '6_quan_trans']
INFO:  current select op : sqrt
INFO:  current select feature name : ['13']
INFO:  current select op : sigmoid
INFO:  start to learn in model_c1
INFO:  start to learn in model_op
INFO:  New performance is: 0.435886, Best performance is: 0.447045 (e0s0) Base performance is: 0.429525
INFO:  Episode 1, Step 5 ends!
INFO:  Current spend time for step-5 is: 10.6s
INFO:  current cluster : defaultdict(<class 'list'>, {0: [0, 1, 2, 3, 5, 6, 7, 8, 9, 10, 16, 22], 1: [4, 13, 14, 15, 18, 19, 20, 21], 3: [11, 17], 2: [12]})
INFO:  current select feature name : ['13']
INFO:  current select op : *
INFO:  current select feature name : ['13']
INFO:  current select feature name : ['2' '9']
INFO:  current select op : sigmoid
INFO:  current select feature name : ['12' '12_stand_scaler']
INFO:  start to learn in model_c1
INFO:  start to learn in model_op
INFO:  New performance is: 0.434892, Best performance is: 0.447045 (e0s0) Base performance is: 0.429525
INFO:  Episode 1, Step 6 ends!
INFO:  Current spend time for step-6 is: 11.4s
INFO:  current cluster : defaultdict(<class 'list'>, {2: [0, 1, 3, 5, 6, 7, 8, 10, 12, 16, 22, 23], 0: [2, 11, 17], 1: [4, 13, 14, 15, 18, 19, 20, 21], 3: [9]})
INFO:  current select feature name : ['10' '1' '3' '5' '6' '7' '8' '11' '13' '6_quan_trans' '6_quan_trans_sqrt'
 '13*13']
INFO:  current select op : sigmoid
INFO:  current select feature name : ['2']
INFO:  current select op : sigmoid
INFO:  start to learn in model_c1
INFO:  start to learn in model_op
INFO:  New performance is: 0.439384, Best performance is: 0.447045 (e0s0) Base performance is: 0.429525
INFO:  Episode 1, Step 7 ends!
INFO:  Current spend time for step-7 is: 18.2s
INFO:  current cluster : defaultdict(<class 'list'>, {0: [0, 1, 3, 5, 6, 7, 8, 10, 12, 16, 22, 23, 24, 25, 26, 27, 28, 29, 30, 31, 32, 33, 34], 3: [2], 1: [4, 13, 14, 15, 18, 19, 20, 21], 4: [9], 2: [11, 17]})
INFO:  current select feature name : ['2']
INFO:  current select op : square
INFO:  current select feature name : ['9']
INFO:  current select op : sigmoid
INFO:  start to learn in model_c1
INFO:  start to learn in model_op
INFO:  New performance is: 0.425873, Best performance is: 0.447045 (e0s0) Base performance is: 0.429525
INFO:  Episode 1, Step 8 ends!
INFO:  Current spend time for step-8 is: 25.1s
INFO:  current cluster : defaultdict(<class 'list'>, {0: [0, 1, 3, 5, 6, 10, 12, 16, 22, 23, 24, 25, 26, 27, 28, 29, 30, 31, 32], 3: [2, 35], 1: [4, 13, 14, 15, 18, 19, 20, 21], 2: [7, 8, 33, 34], 4: [9], 5: [11, 17]})
INFO:  current select feature name : ['9']
INFO:  current select op : /
INFO:  current select feature name : ['10' '1' '3' '5' '6' '11' '13' '6_quan_trans' '6_quan_trans_sqrt' '13*13'
 '10_sigmoid' '11_sigmoid' '13*13_sigmoid' '13_sigmoid' '1_sigmoid'
 '3_sigmoid' '5_sigmoid' '6_quan_trans_sigmoid'
 '6_quan_trans_sqrt_sigmoid']
INFO:  current cluster : defaultdict(<class 'list'>, {0: [0, 1, 3, 5, 6, 10, 12, 16, 22, 23, 24, 25, 26, 27, 28, 29, 30, 31, 32], 3: [2, 35], 1: [4, 13, 14, 15, 18, 19, 20, 21], 2: [7, 8, 33, 34], 4: [9], 5: [11, 17]})
INFO:  current select feature name : ['4' '6_sigmoid' '4_minmax_scaler' '6_sigmoid_minmax_scaler' '4_tanh'
 '6_sigmoid_tanh' '4_minmax_scaler_tanh' '6_sigmoid_minmax_scaler_tanh']
INFO:  current select op : cos
INFO:  current select feature name : ['4_minmax_scaler_cos']
INFO:  current select op : sigmoid
INFO:  start to learn in model_c1
INFO:  start to learn in model_op
INFO:  New performance is: 0.439004, Best performance is: 0.447045 (e0s0) Base performance is: 0.429525
INFO:  Episode 1, Step 9 ends!
INFO:  Current spend time for step-9 is: 31.4s
INFO:  current cluster : defaultdict(<class 'list'>, {0: [0, 1, 2, 3, 5, 6, 7, 8, 9, 10, 12], 1: [4], 2: [11]})
INFO:  current select feature name : ['4']
INFO:  current select op : cos
INFO:  current select feature name : ['4']
INFO:  current select op : sigmoid
INFO:  start to learn in model_c1
INFO:  start to learn in model_op
INFO:  New performance is: 0.435360, Best performance is: 0.447045 (e0s0) Base performance is: 0.429525
INFO:  Episode 2, Step 0 ends!
INFO:  Current spend time for step-0 is: 4.0s
INFO:  current cluster : defaultdict(<class 'list'>, {0: [0, 1, 2, 3, 5, 6, 7, 8, 9, 10, 11, 12], 2: [4], 1: [13]})
INFO:  current select feature name : ['4']
INFO:  current select op : tanh
INFO:  current select feature name : ['4' '4_tanh']
INFO:  current select op : sigmoid
INFO:  start to learn in model_c1
INFO:  start to learn in model_op
INFO:  New performance is: 0.434951, Best performance is: 0.447045 (e0s0) Base performance is: 0.429525
INFO:  Episode 2, Step 1 ends!
INFO:  Current spend time for step-1 is: 4.6s
INFO:  current cluster : defaultdict(<class 'list'>, {0: [0, 1, 2, 3, 5, 6, 7, 8, 9, 10, 11, 12], 2: [4, 14], 1: [13]})
INFO:  current select feature name : ['4' '4_tanh']
INFO:  current select op : minmax_scaler
INFO:  current select feature name : ['13']
INFO:  current select op : sigmoid
INFO:  start to learn in model_c1
INFO:  start to learn in model_op
INFO:  New performance is: 0.442451, Best performance is: 0.447045 (e0s0) Base performance is: 0.429525
INFO:  Episode 2, Step 2 ends!
INFO:  Current spend time for step-2 is: 5.5s
INFO:  current cluster : defaultdict(<class 'list'>, {0: [0, 1, 2, 3, 5, 6, 7, 8, 9, 10, 11], 1: [4, 14, 15, 16], 3: [12], 2: [13]})
INFO:  current select feature name : ['13']
INFO:  current select op : /
INFO:  current select feature name : ['10' '1' '2' '3' '5' '6' '7' '8' '9' '11' '12']
INFO:  current cluster : defaultdict(<class 'list'>, {0: [0, 1, 2, 3, 5, 6, 7, 8, 9, 10, 12], 1: [4, 14, 15, 16], 3: [11], 2: [13]})
INFO:  current select feature name : ['4' '4_tanh' '4_minmax_scaler' '4_tanh_minmax_scaler']
INFO:  current select op : minmax_scaler
INFO:  current select feature name : ['13']
INFO:  current select op : sigmoid
INFO:  start to learn in model_c1
INFO:  start to learn in model_op
INFO:  New performance is: 0.442108, Best performance is: 0.447045 (e0s0) Base performance is: 0.429525
INFO:  Episode 2, Step 3 ends!
INFO:  Current spend time for step-3 is: 6.9s
INFO:  current cluster : defaultdict(<class 'list'>, {1: [0, 1, 2, 3, 5, 7, 8, 9, 10], 3: [4, 13, 14, 15, 16, 17, 18], 0: [6, 12], 2: [11]})
INFO:  current select feature name : ['10' '1' '2' '3' '5' '7' '8' '9' '11']
INFO:  current select op : square
INFO:  current select feature name : ['13']
INFO:  current select op : sigmoid
INFO:  start to learn in model_c1
INFO:  start to learn in model_op
INFO:  New performance is: 0.399159, Best performance is: 0.447045 (e0s0) Base performance is: 0.429525
INFO:  Episode 2, Step 4 ends!
INFO:  Current spend time for step-4 is: 11.7s
INFO:  current cluster : defaultdict(<class 'list'>, {0: [0, 1, 2, 3, 5, 7, 8, 9, 10, 11, 19, 20, 21, 22, 23, 24, 25, 26, 27], 1: [4, 14, 15, 16, 17, 18], 3: [6], 2: [12], 4: [13]})
INFO:  current select feature name : ['13']
INFO:  current select op : stand_scaler
INFO:  current select feature name : ['6']
INFO:  current select op : sigmoid
INFO:  start to learn in model_c1
INFO:  start to learn in model_op
INFO:  New performance is: 0.397238, Best performance is: 0.447045 (e0s0) Base performance is: 0.429525
INFO:  Episode 2, Step 5 ends!
INFO:  Current spend time for step-5 is: 16.4s
INFO:  current cluster : defaultdict(<class 'list'>, {0: [0, 1, 2, 3, 5, 7, 8, 9, 10, 11, 19, 20, 21, 22, 23, 24, 25, 26, 27], 1: [4, 14, 15, 16, 17, 18], 4: [6], 3: [12, 28], 2: [13]})
INFO:  current select feature name : ['13' '13_stand_scaler']
INFO:  current select op : sin
INFO:  current select feature name : ['6']
INFO:  current select op : sigmoid
INFO:  start to learn in model_c1
INFO:  start to learn in model_op
INFO:  New performance is: 0.391454, Best performance is: 0.447045 (e0s0) Base performance is: 0.429525
INFO:  Episode 2, Step 6 ends!
INFO:  Current spend time for step-6 is: 18.0s
INFO:  current cluster : defaultdict(<class 'list'>, {1: [0, 1, 2, 3, 5, 7, 8, 9, 10, 19, 20, 21, 22, 23, 24, 25, 26, 27], 2: [4, 14, 15, 16, 17, 18], 0: [6, 12, 28, 29, 30], 3: [11], 4: [13]})
INFO:  current select feature name : ['4' '4_tanh' '4_minmax_scaler' '4_tanh_minmax_scaler'
 '4_minmax_scaler_minmax_scaler' '4_tanh_minmax_scaler_minmax_scaler']
INFO:  current select op : tanh
INFO:  current select feature name : ['6']
INFO:  current select op : sigmoid
INFO:  start to learn in model_c1
INFO:  start to learn in model_op
INFO:  New performance is: 0.394361, Best performance is: 0.447045 (e0s0) Base performance is: 0.429525
INFO:  Episode 2, Step 7 ends!
INFO:  Current spend time for step-7 is: 22.4s
INFO:  current cluster : defaultdict(<class 'list'>, {0: [0, 1, 3, 5, 7, 8, 10, 19, 20, 22, 23, 24, 25, 27], 2: [2, 9, 21, 26], 1: [4, 13, 14, 15, 16, 17, 18, 31, 32, 33, 34, 35], 3: [6], 4: [11], 5: [12, 28, 29, 30]})
INFO:  current select feature name : ['10' '1' '3' '5' '7' '8' '11' '10_square' '1_square' '3_square'
 '5_square' '7_square' '8_square' '11_square']
INFO:  current select op : sin
INFO:  current select feature name : ['6']
INFO:  current select op : sigmoid
INFO:  start to learn in model_c1
INFO:  start to learn in model_op
INFO:  New performance is: 0.399239, Best performance is: 0.447045 (e0s0) Base performance is: 0.429525
INFO:  Episode 2, Step 8 ends!
INFO:  Current spend time for step-8 is: 37.1s
INFO:  current cluster : defaultdict(<class 'list'>, {2: [0, 1, 3, 5, 7, 8, 10, 19, 20, 22, 23, 24, 25, 27, 36, 37, 38, 39, 40, 41, 42, 43, 44, 45, 46, 47, 48, 49], 0: [2, 9, 21, 26], 6: [4, 14, 15, 16, 17, 18, 31, 32, 33, 34, 35], 4: [6], 5: [11], 1: [12, 28, 29, 30], 3: [13]})
INFO:  current select feature name : ['4_cos']
INFO:  current select op : +
INFO:  current select feature name : ['4_cos']
INFO:  current select feature name : ['6']
INFO:  current select op : sigmoid
INFO:  current select feature name : ['4_cos']
INFO:  start to learn in model_c1
INFO:  start to learn in model_op
INFO:  New performance is: 0.401167, Best performance is: 0.447045 (e0s0) Base performance is: 0.429525
INFO:  Episode 2, Step 9 ends!
INFO:  Current spend time for step-9 is: 49.4s
INFO:  current cluster : defaultdict(<class 'list'>, {0: [0, 1, 2, 3, 5, 6, 7, 8, 9, 10, 11], 1: [4], 2: [12]})
INFO:  current select feature name : ['4']
INFO:  current select op : sqrt
INFO:  current cluster : defaultdict(<class 'list'>, {0: [0, 1, 2, 3, 5, 6, 7, 8, 9, 10, 12], 1: [4], 2: [11]})
INFO:  current select feature name : ['12']
INFO:  current select op : cos
INFO:  current select feature name : ['4']
INFO:  current select op : sigmoid
INFO:  start to learn in model_c1
INFO:  start to learn in model_op
INFO:  New performance is: 0.443860, Best performance is: 0.447045 (e0s0) Base performance is: 0.429525
INFO:  Episode 3, Step 0 ends!
INFO:  Current spend time for step-0 is: 4.1s
INFO:  current cluster : defaultdict(<class 'list'>, {0: [0, 1, 2, 3, 5, 6, 7, 8, 9, 10, 11, 13], 1: [4], 2: [12]})
INFO:  current select feature name : ['4']
INFO:  current select op : sqrt
INFO:  current cluster : defaultdict(<class 'list'>, {0: [0, 1, 2, 3, 5, 6, 7, 8, 9, 10, 11, 13], 1: [4], 2: [12]})
INFO:  current select feature name : ['13']
INFO:  current select op : minmax_scaler
INFO:  current select feature name : ['4']
INFO:  current select op : sigmoid
INFO:  start to learn in model_c1
INFO:  start to learn in model_op
INFO:  New performance is: 0.434827, Best performance is: 0.447045 (e0s0) Base performance is: 0.429525
INFO:  Episode 3, Step 1 ends!
INFO:  Current spend time for step-1 is: 4.7s
INFO:  current cluster : defaultdict(<class 'list'>, {0: [0, 1, 2, 3, 5, 6, 7, 8, 9, 10, 11, 13], 1: [4], 2: [12, 14]})
INFO:  current select feature name : ['13' '13_minmax_scaler']
INFO:  current select op : sqrt
INFO:  current cluster : defaultdict(<class 'list'>, {0: [0, 1, 2, 3, 5, 6, 7, 8, 9, 10, 11, 13], 1: [4], 2: [12, 14]})
INFO:  current select feature name : ['13' '13_minmax_scaler']
INFO:  current select op : cos
INFO:  current select feature name : ['4']
INFO:  current select op : sigmoid
INFO:  start to learn in model_c1
INFO:  start to learn in model_op
INFO:  New performance is: 0.441648, Best performance is: 0.447045 (e0s0) Base performance is: 0.429525
INFO:  Episode 3, Step 2 ends!
INFO:  Current spend time for step-2 is: 5.6s
INFO:  current cluster : defaultdict(<class 'list'>, {0: [0, 1, 2, 3, 5, 7, 8, 9, 10, 12, 14, 15, 16], 3: [4], 1: [6], 2: [11, 13]})
INFO:  current select feature name : ['4']
INFO:  current select op : reciprocal
INFO:  current select feature name : ['6']
INFO:  current select op : sigmoid
INFO:  start to learn in model_c1
INFO:  start to learn in model_op
INFO:  New performance is: 0.428064, Best performance is: 0.447045 (e0s0) Base performance is: 0.429525
INFO:  Episode 3, Step 3 ends!
INFO:  Current spend time for step-3 is: 6.5s
INFO:  current cluster : defaultdict(<class 'list'>, {0: [0, 1, 2, 3, 5, 7, 8, 9, 10, 12, 14, 15, 16], 1: [4, 17], 3: [6], 2: [11, 13]})
INFO:  current select feature name : ['10' '1' '2' '3' '5' '7' '8' '9' '11' '13' '13_minmax_scaler' '13_cos'
 '13_minmax_scaler_cos']
INFO:  current select op : sin
INFO:  current select feature name : ['6']
INFO:  current select op : sigmoid
INFO:  start to learn in model_c1
INFO:  start to learn in model_op
INFO:  New performance is: 0.433695, Best performance is: 0.447045 (e0s0) Base performance is: 0.429525
INFO:  Episode 3, Step 4 ends!
INFO:  Current spend time for step-4 is: 13.1s
INFO:  current cluster : defaultdict(<class 'list'>, {0: [0, 1, 3, 5, 7, 8, 10, 12, 14, 15, 16, 18, 19, 21, 22, 23, 24, 26, 27, 28, 29, 30], 4: [2, 9, 20, 25], 3: [4, 17], 2: [6], 1: [11, 13]})
INFO:  current select feature name : ['4' '4_reciprocal']
INFO:  current select op : *
INFO:  current select feature name : ['10' '1' '3' '5' '7' '8' '11' '13' '13_minmax_scaler' '13_cos'
 '13_minmax_scaler_cos' '10_sin' '1_sin' '3_sin' '5_sin' '7_sin' '8_sin'
 '11_sin' '13_sin' '13_minmax_scaler_sin' '13_cos_sin'
 '13_minmax_scaler_cos_sin']
INFO:  current select feature name : ['4_reciprocal']
INFO:  current select op : sigmoid
INFO:  current select feature name : ['12' '12_cos']
INFO:  start to learn in model_c1
INFO:  start to learn in model_op
INFO:  New performance is: 0.448337, Best performance is: 0.448337 (e3s5) Base performance is: 0.429525
INFO:  Episode 3, Step 5 ends!
INFO:  Current spend time for step-5 is: 63.3s
INFO:  current cluster : defaultdict(<class 'list'>, {0: [0, 2, 3, 6, 9, 10, 11, 13, 14, 16, 19, 20, 22, 23, 24, 30, 31, 33, 39, 40, 42, 48, 49, 51], 2: [1, 12], 3: [4], 1: [5, 15, 21, 29, 32, 38, 41, 47, 50], 5: [7, 8, 17, 18], 6: [25, 26, 34, 35, 43, 44, 52, 53], 4: [27, 28, 36, 37, 45, 46, 54, 55]})
INFO:  current select feature name : ['4']
INFO:  current select op : +
INFO:  current select feature name : ['5' '13_cos' '3_sin' '13_cos_sin' '4*1' '4*13' '4*13_minmax_scaler_cos'
 '4*8_sin' '4*13_minmax_scaler_sin']
INFO:  current select feature name : ['1' '1_sin']
INFO:  current select op : sigmoid
INFO:  current select feature name : ['4+5' '4+13_cos']
INFO:  start to learn in model_c1
INFO:  start to learn in model_op
INFO:  New performance is: -0.229040, Best performance is: 0.448337 (e3s5) Base performance is: 0.429525
INFO:  Episode 3, Step 6 ends!
INFO:  Current spend time for step-6 is: 70.7s
INFO:  current cluster : defaultdict(<class 'list'>, {1: [0, 2, 3, 5, 8, 9, 10, 12, 13, 15, 18, 19, 20, 21, 22, 27, 28, 29, 35, 36, 37, 42, 43, 44, 51, 53, 55], 4: [1, 11, 34], 2: [4, 49, 52], 0: [6, 7, 16, 17, 23, 24, 30, 31, 38, 39, 45, 46], 3: [14], 5: [25, 26, 32, 33, 40, 41, 47, 48], 6: [50, 54]})
INFO:  current select feature name : ['11' '13' '11_sin' '13_sin' '4*5' '4*11' '4*3_sin' '4*5_sin'
 '4_reciprocal*10' '4_reciprocal*3' '4_reciprocal*13_cos'
 '4_reciprocal*13_minmax_scaler_cos']
INFO:  current select op : tanh
INFO:  current select feature name : ['4_reciprocal*10']
INFO:  current select op : sigmoid
INFO:  start to learn in model_c1
INFO:  start to learn in model_op
INFO:  New performance is: -0.210374, Best performance is: 0.448337 (e3s5) Base performance is: 0.429525
INFO:  Episode 3, Step 7 ends!
INFO:  Current spend time for step-7 is: 74.1s
INFO:  current cluster : defaultdict(<class 'list'>, {6: [0, 1, 3, 6, 7, 8, 9, 10, 13, 14, 16, 22, 29, 35], 5: [2], 2: [4, 5, 11, 12, 17, 18, 23, 24, 30, 31, 36, 37, 44, 45, 46, 47, 48, 49, 50, 51, 52, 53, 54, 55], 0: [15, 21, 27, 28, 34], 3: [19, 20, 25, 26, 32, 33, 38, 39], 1: [40, 42], 4: [41, 43]})
INFO:  current select feature name : ['4_reciprocal*13_cos' '4_reciprocal*3_sin']
INFO:  current select op : sqrt
INFO:  current cluster : defaultdict(<class 'list'>, {6: [0, 1, 8, 9], 1: [2, 40, 42], 0: [3, 6, 7, 10, 13, 14, 15, 16, 21, 22, 27, 29, 34, 35], 2: [4, 5, 11, 12, 17, 18, 23, 24, 30, 31, 36, 37, 44, 45, 46, 47, 48, 49, 50, 51, 52, 53, 54, 55], 3: [19, 20, 25, 26, 32, 33, 38, 39], 5: [28], 4: [41, 43]})
INFO:  current select feature name : ['3' '4_reciprocal*13_cos' '4_reciprocal*3_sin']
INFO:  current select op : sqrt
INFO:  current cluster : defaultdict(<class 'list'>, {5: [0, 1, 8, 9], 2: [2, 40, 42], 6: [3, 6, 7, 10, 13, 14, 16, 22, 29, 35], 1: [4, 5, 11, 12, 17, 18, 23, 24, 30, 31, 36, 37, 44, 45, 46, 47, 48, 49, 50, 51, 52, 53, 54, 55], 0: [15, 21, 27, 28, 34], 3: [19, 20, 25, 26, 32, 33, 38, 39], 4: [41, 43]})
INFO:  current select feature name : ['4_reciprocal*13_minmax_scaler_cos' '4_reciprocal*5_sin']
INFO:  current select op : sin
INFO:  current select feature name : ['6' '4+3_sin' '4+4*13']
INFO:  current select op : sigmoid
INFO:  start to learn in model_c1
INFO:  start to learn in model_op
INFO:  New performance is: 0.267884, Best performance is: 0.448337 (e3s5) Base performance is: 0.429525
INFO:  Episode 3, Step 8 ends!
INFO:  Current spend time for step-8 is: 61.0s
INFO:  current cluster : defaultdict(<class 'list'>, {2: [0, 1, 3, 6, 7, 8, 9, 10, 13, 14, 16, 22, 28, 34], 0: [2, 39, 41], 6: [4, 5, 11, 12, 43, 44, 45, 46], 5: [15, 21, 27, 33], 1: [17, 18, 23, 24, 29, 30, 35, 36, 47, 48, 49, 50, 51, 52, 53, 54], 3: [19, 20, 25, 26, 31, 32, 37, 38], 4: [40, 42, 55]})
INFO:  current select feature name : ['3' '5' '11' '13_cos' '13_minmax_scaler_cos' '3_sin' '5_sin' '11_sin'
 '13_cos_sin' '13_minmax_scaler_cos_sin' '4*11' '4*11_sin'
 '4_reciprocal*5' '4_reciprocal*3_sin']
INFO:  current select op : sqrt
INFO:  current select feature name : ['6' '4+3_sin' '4+4*13']
INFO:  current select op : sigmoid
INFO:  start to learn in model_c1
INFO:  start to learn in model_op
INFO:  New performance is: 0.268300, Best performance is: 0.448337 (e3s5) Base performance is: 0.429525
INFO:  Episode 3, Step 9 ends!
INFO:  Current spend time for step-9 is: 64.4s
INFO:  current cluster : defaultdict(<class 'list'>, {0: [0, 1, 2, 3, 5, 6, 7, 8, 9, 10, 11], 1: [4], 2: [12]})
INFO:  current select feature name : ['13']
INFO:  current select op : *
INFO:  current select feature name : ['3' '5' '6' '11' '13_minmax_scaler' '13_cos' '13_minmax_scaler_cos'
 '3_sin' '5_sin' '11_sin' '13_sin']
INFO:  current select feature name : ['4']
INFO:  current select op : sigmoid
INFO:  current select feature name : ['13']
INFO:  start to learn in model_c1
INFO:  start to learn in model_c2
INFO:  start to learn in model_op
INFO:  New performance is: 0.436075, Best performance is: 0.448337 (e3s5) Base performance is: 0.429525
INFO:  Episode 4, Step 0 ends!
INFO:  Current spend time for step-0 is: 7.8s
INFO:  current cluster : defaultdict(<class 'list'>, {0: [0, 1, 2, 3, 5, 6, 7, 8, 9, 10, 13, 14, 15, 16, 17, 18, 19, 20, 21, 22], 3: [4], 1: [11, 23], 2: [12]})
INFO:  current select feature name : ['4']
INFO:  current select op : sqrt
INFO:  current cluster : defaultdict(<class 'list'>, {0: [0, 1, 2, 3, 5, 6, 7, 8, 9, 10, 13, 14, 15, 16, 17, 18, 19, 20, 21, 22], 3: [4], 1: [11, 23], 2: [12]})
INFO:  current select feature name : ['4']
INFO:  current select op : +
INFO:  current select feature name : ['10' '1' '2' '3' '5' '6' '7' '8' '9' '11' '13*3' '13*5' '13*6' '13*11'
 '13*13_minmax_scaler' '13*13_cos' '13*13_minmax_scaler_cos' '13*3_sin'
 '13*5_sin' '13*11_sin']
INFO:  current select feature name : ['4']
INFO:  current select op : sigmoid
INFO:  current select feature name : ['13']
INFO:  start to learn in model_c1
INFO:  start to learn in model_c2
INFO:  start to learn in model_op
INFO:  New performance is: 0.440479, Best performance is: 0.448337 (e3s5) Base performance is: 0.429525
INFO:  Episode 4, Step 1 ends!
INFO:  Current spend time for step-1 is: 24.8s
INFO:  current cluster : defaultdict(<class 'list'>, {2: [0, 1, 3, 5, 7, 8, 10, 13, 14, 16, 17, 19, 20, 22, 24, 25, 27, 28, 30, 31, 33, 34, 35, 37, 38, 40, 41, 43], 1: [2, 9, 15, 21, 26, 32, 36, 42], 3: [4], 0: [6, 18, 29, 39], 4: [11, 23], 5: [12]})
INFO:  current select feature name : ['10' '1' '3' '5' '7' '8' '11' '13*3' '13*5' '13*11' '13*13_minmax_scaler'
 '13*13_minmax_scaler_cos' '13*3_sin' '13*11_sin' '4+10' '4+1' '4+3' '4+5'
 '4+7' '4+8' '4+11' '4+13*3' '4+13*5' '4+13*11' '4+13*13_minmax_scaler'
 '4+13*13_minmax_scaler_cos' '4+13*3_sin' '4+13*11_sin']
INFO:  current select op : +
INFO:  current select feature name : ['10' '1' '3' '5' '7' '8' '11' '13*3' '13*5' '13*11' '13*13_minmax_scaler'
 '13*13_minmax_scaler_cos' '13*3_sin' '13*11_sin' '4+10' '4+1' '4+3' '4+5'
 '4+7' '4+8' '4+11' '4+13*3' '4+13*5' '4+13*11' '4+13*13_minmax_scaler'
 '4+13*13_minmax_scaler_cos' '4+13*3_sin' '4+13*11_sin']
INFO:  current cluster : defaultdict(<class 'list'>, {2: [0, 1, 3, 5, 7, 8, 10, 13, 14, 16, 17, 19, 20, 22, 24, 25, 27, 28, 30, 31, 33, 34, 35, 37, 38, 40, 41, 43], 1: [2, 9, 15, 21, 26, 32, 36, 42], 3: [4], 0: [6, 18, 29, 39], 4: [11, 23], 5: [12]})
INFO:  current select feature name : ['10' '1' '3' '5' '7' '8' '11' '13*3' '13*5' '13*11' '13*13_minmax_scaler'
 '13*13_minmax_scaler_cos' '13*3_sin' '13*11_sin' '4+10' '4+1' '4+3' '4+5'
 '4+7' '4+8' '4+11' '4+13*3' '4+13*5' '4+13*11' '4+13*13_minmax_scaler'
 '4+13*13_minmax_scaler_cos' '4+13*3_sin' '4+13*11_sin']
INFO:  current select op : sqrt
INFO:  current cluster : defaultdict(<class 'list'>, {2: [0, 1, 3, 5, 7, 8, 10, 13, 14, 16, 17, 19, 20, 22, 24, 25, 27, 28, 30, 31, 33, 34, 35, 37, 38, 40, 41, 43], 1: [2, 11, 15, 23, 26, 36], 3: [4], 0: [6, 18, 29, 39], 4: [9, 21, 32, 42], 5: [12]})
INFO:  current select feature name : ['4']
INFO:  current select op : tanh
INFO:  current select feature name : ['13']
INFO:  current select op : sigmoid
INFO:  start to learn in model_c1
INFO:  start to learn in model_c2
INFO:  start to learn in model_op
INFO:  New performance is: 0.430138, Best performance is: 0.448337 (e3s5) Base performance is: 0.429525
INFO:  Episode 4, Step 2 ends!
INFO:  Current spend time for step-2 is: 38.6s
INFO:  current cluster : defaultdict(<class 'list'>, {2: [0, 1, 3, 5, 7, 8, 10, 13, 14, 16, 17, 19, 20, 22, 24, 25, 27, 28, 30, 31, 33, 34, 35, 37, 38, 40, 41, 43], 0: [2, 9, 11, 15, 21, 23, 26, 32, 36, 42], 4: [4], 1: [6, 18, 29, 39], 5: [12], 3: [44]})
INFO:  current select feature name : ['6' '13*13_cos' '4+6' '4+13*13_cos']
INFO:  current select op : sqrt
INFO:  current cluster : defaultdict(<class 'list'>, {4: [0, 1, 3, 5, 7, 8, 10, 13, 14, 16, 17, 19, 20, 22, 24, 25, 27, 28, 30, 31, 33, 34, 35, 37, 38, 40, 41, 43], 0: [2, 9, 11, 15, 21, 23, 26, 32, 36, 42], 1: [4, 44], 3: [6, 29, 39], 5: [12], 2: [18]})
INFO:  current select feature name : ['13']
INFO:  current select op : minmax_scaler
INFO:  current select feature name : ['4' '4_tanh']
INFO:  current select op : sigmoid
INFO:  start to learn in model_c1
INFO:  start to learn in model_c2
INFO:  start to learn in model_op
INFO:  New performance is: 0.430510, Best performance is: 0.448337 (e3s5) Base performance is: 0.429525
INFO:  Episode 4, Step 3 ends!
INFO:  Current spend time for step-3 is: 40.2s
INFO:  current cluster : defaultdict(<class 'list'>, {4: [0, 1, 3, 5, 7, 8, 10, 13, 14, 16, 17, 19, 20, 22, 24, 25, 27, 28, 30, 31, 33, 34, 35, 37, 38, 40, 41, 43], 0: [2, 9, 15, 21, 26, 32, 36, 42], 1: [4, 44], 3: [6, 18, 29, 39], 2: [11, 23], 5: [12, 45]})
INFO:  current select feature name : ['4' '4_tanh']
INFO:  current select op : sqrt
INFO:  current cluster : defaultdict(<class 'list'>, {0: [0, 1, 3, 5, 6, 7, 8, 10, 13, 14, 16, 17, 18, 19, 20, 22, 24, 25, 27, 28, 29, 30, 31, 33, 34, 35, 37, 38, 39, 40, 41, 43], 2: [2, 9, 15, 21, 26, 32, 36, 42], 3: [4], 1: [11, 23], 5: [12, 45], 4: [44]})
INFO:  current select feature name : ['4']
INFO:  current select op : sqrt
INFO:  current cluster : defaultdict(<class 'list'>, {2: [0, 1, 3, 5, 7, 8, 10, 13, 14, 16, 17, 19, 20, 22, 24, 25, 27, 28, 30, 31, 33, 34, 35, 37, 38, 40, 41, 43], 0: [2, 9, 15, 21, 26, 32, 36, 42], 4: [4, 44], 1: [6, 18, 29, 39], 3: [11, 23], 5: [12, 45]})
INFO:  current select feature name : ['10' '1' '3' '5' '7' '8' '11' '13*3' '13*5' '13*11' '13*13_minmax_scaler'
 '13*13_minmax_scaler_cos' '13*3_sin' '13*11_sin' '4+10' '4+1' '4+3' '4+5'
 '4+7' '4+8' '4+11' '4+13*3' '4+13*5' '4+13*11' '4+13*13_minmax_scaler'
 '4+13*13_minmax_scaler_cos' '4+13*3_sin' '4+13*11_sin']
INFO:  current select op : stand_scaler
INFO:  current select feature name : ['4']
INFO:  current select op : sigmoid
INFO:  start to learn in model_c1
INFO:  start to learn in model_c2
INFO:  start to learn in model_op
INFO:  New performance is: 0.439267, Best performance is: 0.448337 (e3s5) Base performance is: 0.429525
INFO:  Episode 4, Step 4 ends!
INFO:  Current spend time for step-4 is: 72.8s
INFO:  current cluster : defaultdict(<class 'list'>, {0: [0, 10, 11, 17, 25, 31, 39, 40, 45, 52], 2: [1, 15, 19, 22, 23, 27, 32, 43, 46, 49, 50, 53], 6: [2, 3, 7, 14, 16, 21, 24, 29, 33, 34, 37, 42, 44, 48, 51, 55], 5: [4, 18, 26], 1: [5, 6, 9, 13, 20, 28, 35, 36, 38, 41, 47, 54], 4: [8, 30], 3: [12]})
INFO:  current select feature name : ['2' '3' '7' '13*5' '13*11' '13*5_sin' '4+10' '4+6' '4+11' '4+13*3'
 '4+13*11' '4+13*5_sin' '4_tanh' '3_stand_scaler' '8_stand_scaler'
 '13*11_stand_scaler']
INFO:  current select op : cos
INFO:  current select feature name : ['13*3_stand_scaler']
INFO:  current select op : sigmoid
INFO:  start to learn in model_c1
INFO:  start to learn in model_c2
INFO:  start to learn in model_op
INFO:  New performance is: 0.493446, Best performance is: 0.493446 (e4s5) Base performance is: 0.429525
INFO:  Episode 4, Step 5 ends!
INFO:  Current spend time for step-5 is: 79.2s
INFO:  current cluster : defaultdict(<class 'list'>, {2: [0, 7, 8, 13, 19, 24, 29, 30, 34, 39, 43, 46, 47, 51, 52, 53, 55], 1: [1, 11, 15, 17, 21, 25, 32, 35, 37, 40, 44, 45], 0: [2, 3, 5, 10, 12, 16, 18, 22, 26, 27, 28, 31, 33, 36, 38, 41, 42, 48, 49, 50], 6: [4, 14, 20], 4: [6, 23], 3: [9], 5: [54]})
INFO:  current select feature name : ['4+13*3_sin_stand_scaler']
INFO:  current select op : reciprocal
INFO:  current select feature name : ['4+13*3_sin_stand_scaler_reciprocal']
INFO:  current select op : sigmoid
INFO:  start to learn in model_c1
INFO:  start to learn in model_c2
INFO:  start to learn in model_op
INFO:  New performance is: 0.404492, Best performance is: 0.493446 (e4s5) Base performance is: 0.429525
INFO:  Episode 4, Step 6 ends!
INFO:  Current spend time for step-6 is: 60.8s
INFO:  current cluster : defaultdict(<class 'list'>, {0: [0, 1, 2, 3, 5, 7, 8, 10, 11, 12, 13, 16, 17, 18, 19, 22, 24, 25, 26, 27, 28, 29, 30, 31, 32, 33, 34, 36, 37, 38, 39, 41, 44, 45, 46, 47, 48, 49, 50, 51, 52, 53, 54, 55], 2: [4, 14, 20], 4: [6, 23], 3: [9], 1: [15, 21, 35, 40], 5: [42], 6: [43]})
INFO:  current select feature name : ['6' '4+6' '4+13*13_cos']
INFO:  current select op : *
INFO:  current select feature name : ['2_cos']
INFO:  current select feature name : ['4+6*2_cos']
INFO:  current select op : sigmoid
INFO:  current select feature name : ['10' '3' '5' '11' '13*11' '13*13_minmax_scaler' '13*11_sin' '4+3' '4+5'
 '4+11' '4+13*11' '4+13*13_minmax_scaler' '4+13*11_sin' '10_stand_scaler'
 '3_stand_scaler' '5_stand_scaler' '11_stand_scaler' '13*11_stand_scaler'
 '13*13_minmax_scaler_stand_scaler' '13*11_sin_stand_scaler'
 '4+3_stand_scaler' '4+5_stand_scaler' '4+11_stand_scaler'
 '4+13*11_stand_scaler' '4+13*13_minmax_scaler_stand_scaler'
 '4+13*11_sin_stand_scaler' '2_cos' '3_cos' '13*11_cos' '13*5_sin_cos'
 '4+10_cos' '4+6_cos' '4+11_cos' '4+13*11_cos' '4+13*5_sin_cos'
 '4_tanh_cos' '8_stand_scaler_cos' '6*2_cos']
INFO:  start to learn in model_c1
INFO:  start to learn in model_c2
INFO:  start to learn in model_op
INFO:  New performance is: 0.389258, Best performance is: 0.493446 (e4s5) Base performance is: 0.429525
INFO:  Episode 4, Step 7 ends!
INFO:  Current spend time for step-7 is: 63.0s
INFO:  current cluster : defaultdict(<class 'list'>, {6: [0], 0: [1, 2, 3, 5, 7, 8, 10, 11, 12, 14, 15, 16, 17, 18, 20, 21, 24, 25, 26, 27, 28, 29, 30, 31, 32, 33, 34, 35, 36, 37, 38, 39, 40, 41, 42, 43, 44, 45, 46, 47, 48, 49, 50, 51, 52, 53, 54], 2: [4, 13, 19], 1: [6, 22], 3: [9], 5: [23], 4: [55]})
INFO:  current select feature name : ['8_stand_scaler_cos']
INFO:  current select op : reciprocal
INFO:  current select feature name : ['8_stand_scaler_cos_reciprocal']
INFO:  current select op : sigmoid
INFO:  start to learn in model_c1
INFO:  start to learn in model_c2
INFO:  start to learn in model_op
INFO:  New performance is: 0.371977, Best performance is: 0.493446 (e4s5) Base performance is: 0.429525
INFO:  Episode 4, Step 8 ends!
INFO:  Current spend time for step-8 is: 60.9s
INFO:  current cluster : defaultdict(<class 'list'>, {0: [0, 1, 2, 4, 6, 7, 9, 10, 11, 13, 14, 16, 17, 19, 20, 22, 24, 25, 26, 27, 28, 29, 30, 31, 32, 33, 34, 35, 36, 37, 38, 39, 40, 41, 42, 43, 44, 45, 46, 47, 48, 49, 50, 51, 52, 55], 1: [3, 12, 18], 4: [5, 21], 5: [8], 2: [15, 23], 3: [53], 6: [54]})
INFO:  current select feature name : ['4+11' '10_stand_scaler']
INFO:  current select op : *
INFO:  current select feature name : ['5' '4+5' '4+13*13_minmax_scaler']
INFO:  current select feature name : ['10_stand_scaler*4+13*13_minmax_scaler']
INFO:  current select op : sigmoid
INFO:  current select feature name : ['10_stand_scaler*4+13*13_minmax_scaler']
INFO:  start to learn in model_c1
INFO:  start to learn in model_c2
INFO:  start to learn in model_op
INFO:  New performance is: 0.433366, Best performance is: 0.493446 (e4s5) Base performance is: 0.429525
INFO:  Episode 4, Step 9 ends!
INFO:  Current spend time for step-9 is: 66.6s
INFO:  current cluster : defaultdict(<class 'list'>, {0: [0, 1, 2, 3, 5, 6, 7, 8, 9, 10, 12], 1: [4], 2: [11]})
INFO:  current select feature name : ['11']
INFO:  current select op : sqrt
INFO:  current cluster : defaultdict(<class 'list'>, {0: [0, 1, 2, 3, 5, 6, 7, 8, 9, 10, 12], 1: [4], 2: [11]})
INFO:  current select feature name : ['11']
INFO:  current select op : reciprocal
INFO:  current select feature name : ['13']
INFO:  current select op : sigmoid
INFO:  start to learn in model_c1
INFO:  start to learn in model_c2
INFO:  start to learn in model_op
INFO:  New performance is: 0.433432, Best performance is: 0.493446 (e4s5) Base performance is: 0.429525
INFO:  Episode 5, Step 0 ends!
INFO:  Current spend time for step-0 is: 4.1s
INFO:  current cluster : defaultdict(<class 'list'>, {0: [0, 1, 2, 3, 5, 6, 7, 8, 9, 10, 12], 1: [4, 13], 2: [11]})
INFO:  current select feature name : ['4' '11_reciprocal']
INFO:  current select op : reciprocal
INFO:  current select feature name : ['13']
INFO:  current select op : sigmoid
INFO:  start to learn in model_c1
INFO:  start to learn in model_c2
INFO:  start to learn in model_op
INFO:  New performance is: 0.431613, Best performance is: 0.493446 (e4s5) Base performance is: 0.429525
INFO:  Episode 5, Step 1 ends!
INFO:  Current spend time for step-1 is: 4.9s
INFO:  current cluster : defaultdict(<class 'list'>, {0: [0, 1, 2, 3, 5, 6, 7, 8, 9, 10], 1: [4, 13, 14, 15], 3: [11], 2: [12]})
INFO:  current select feature name : ['13']
INFO:  current select op : *
INFO:  current select feature name : ['4' '11_reciprocal' '4_reciprocal' '11_reciprocal_reciprocal']
INFO:  current select feature name : ['12']
INFO:  current select op : sigmoid
INFO:  current select feature name : ['12']
INFO:  start to learn in model_c1
INFO:  start to learn in model_c2
INFO:  start to learn in model_op
INFO:  New performance is: 0.449659, Best performance is: 0.493446 (e4s5) Base performance is: 0.429525
INFO:  Episode 5, Step 2 ends!
INFO:  Current spend time for step-2 is: 7.0s
INFO:  current cluster : defaultdict(<class 'list'>, {1: [0, 1, 2, 3, 5, 7, 8, 9, 10], 3: [4, 13, 14, 15], 0: [6, 12, 16, 17, 18, 19], 2: [11]})
INFO:  current select feature name : ['4' '11_reciprocal' '4_reciprocal' '11_reciprocal_reciprocal']
INFO:  current select op : *
INFO:  current select feature name : ['6' '13' '13*4' '13*11_reciprocal' '13*4_reciprocal'
 '13*11_reciprocal_reciprocal']
INFO:  current select feature name : ['9']
INFO:  current select op : sigmoid
INFO:  current select feature name : ['9']
INFO:  start to learn in model_c1
INFO:  start to learn in model_c2
INFO:  start to learn in model_op
INFO:  New performance is: 0.427297, Best performance is: 0.493446 (e4s5) Base performance is: 0.429525
INFO:  Episode 5, Step 3 ends!
INFO:  Current spend time for step-3 is: 23.1s
INFO:  current cluster : defaultdict(<class 'list'>, {1: [0, 1, 3, 5, 6, 7, 8, 10, 20, 26, 32, 38], 4: [2], 0: [4, 13, 14, 15], 5: [9], 2: [11], 3: [12, 16, 17, 18, 19, 21, 22, 23, 24, 25, 27, 28, 29, 30, 31, 33, 34, 35, 36, 37, 39, 40, 41, 42, 43]})
INFO:  current select feature name : ['2']
INFO:  current select op : quan_trans
INFO:  current select feature name : ['9']
INFO:  current select op : sigmoid
INFO:  start to learn in model_c1
INFO:  start to learn in model_c2
INFO:  start to learn in model_op
INFO:  New performance is: 0.435498, Best performance is: 0.493446 (e4s5) Base performance is: 0.429525
INFO:  Episode 5, Step 4 ends!
INFO:  Current spend time for step-4 is: 38.6s
INFO:  current cluster : defaultdict(<class 'list'>, {0: [0, 1, 3, 5, 6, 7, 8, 10, 20, 26, 32, 38], 3: [2, 44], 1: [4, 13, 14, 15], 5: [9], 4: [11], 2: [12, 16, 17, 18, 19, 21, 22, 23, 24, 25, 27, 28, 29, 30, 31, 33, 34, 35, 36, 37, 39, 40, 41, 42, 43]})
INFO:  current select feature name : ['9']
INFO:  current select op : *
INFO:  current select feature name : ['10' '1' '3' '5' '6' '7' '8' '11' '4*6' '11_reciprocal*6'
 '4_reciprocal*6' '11_reciprocal_reciprocal*6']
INFO:  current select feature name : ['9']
INFO:  current select op : sigmoid
INFO:  current select feature name : ['12']
INFO:  start to learn in model_c1
INFO:  start to learn in model_c2
INFO:  start to learn in model_op
INFO:  New performance is: 0.345613, Best performance is: 0.493446 (e4s5) Base performance is: 0.429525
INFO:  Episode 5, Step 5 ends!
INFO:  Current spend time for step-5 is: 51.4s
INFO:  current cluster : defaultdict(<class 'list'>, {0: [0, 1, 3, 5, 6, 7, 8, 9, 10, 19, 25, 31, 37, 44, 45, 46, 47, 48, 49, 50, 51, 52, 53, 54, 55], 6: [2], 4: [4], 3: [11], 2: [12, 15, 16, 17, 18, 20, 21, 22, 23, 24, 26, 27, 28, 29, 30, 32, 33, 34, 35, 36, 38, 39, 40, 41, 42], 1: [13, 14], 5: [43]})
INFO:  current select feature name : ['2']
INFO:  current select op : *
INFO:  current select feature name : ['11_reciprocal_reciprocal*13*11_reciprocal_reciprocal']
INFO:  current select feature name : ['4_reciprocal']
INFO:  current select op : sigmoid
INFO:  current select feature name : ['12']
INFO:  start to learn in model_c1
INFO:  start to learn in model_c2
INFO:  start to learn in model_op
INFO:  New performance is: 0.322389, Best performance is: 0.493446 (e4s5) Base performance is: 0.429525
INFO:  Episode 5, Step 6 ends!
INFO:  Current spend time for step-6 is: 61.8s
INFO:  current cluster : defaultdict(<class 'list'>, {4: [0, 1, 3, 4, 9, 18, 24, 30, 36, 43, 45, 47, 49, 50, 51, 52, 53, 54], 0: [2, 10, 42, 55], 6: [5], 1: [6, 7, 44, 46, 48], 5: [8], 2: [11, 14, 15, 16, 17, 19, 20, 21, 22, 23, 25, 26, 27, 28, 29, 31, 32, 33, 34, 35, 37, 38, 39, 40, 41], 3: [12, 13]})
INFO:  current select feature name : ['5']
INFO:  current select op : log
INFO:  current cluster : defaultdict(<class 'list'>, {0: [0, 1, 3, 4, 5, 6, 7, 8, 9, 18, 24, 30, 36, 43, 44, 45, 46, 47, 48, 49, 50, 51, 52, 53, 54], 1: [2, 55], 3: [10], 2: [11, 14, 15, 16, 17, 19, 20, 21, 22, 23, 25, 26, 27, 28, 29, 31, 32, 33, 34, 35, 37, 38, 39, 40, 41], 5: [12], 4: [13], 6: [42]})
INFO:  current select feature name : ['2' '9*11_reciprocal_reciprocal*6']
INFO:  current select op : sin
INFO:  current select feature name : ['11_reciprocal_reciprocal']
INFO:  current select op : sigmoid
INFO:  start to learn in model_c1
INFO:  start to learn in model_c2
INFO:  start to learn in model_op
INFO:  New performance is: -0.179536, Best performance is: 0.493446 (e4s5) Base performance is: 0.429525
INFO:  Episode 5, Step 7 ends!
INFO:  Current spend time for step-7 is: 62.9s
INFO:  current cluster : defaultdict(<class 'list'>, {4: [0, 1, 3, 4, 9, 16, 22, 28, 34, 41, 43, 45, 47, 48, 49, 50, 51, 52], 0: [2, 40, 53, 54, 55], 5: [5], 1: [6, 7, 42, 44, 46], 6: [8], 2: [10], 3: [11, 12, 13, 14, 15, 17, 18, 19, 20, 21, 23, 24, 25, 26, 27, 29, 30, 31, 32, 33, 35, 36, 37, 38, 39]})
INFO:  current select feature name : ['9']
INFO:  current select op : tanh
INFO:  current select feature name : ['2_quan_trans']
INFO:  current select op : sigmoid
INFO:  start to learn in model_c1
INFO:  start to learn in model_c2
INFO:  start to learn in model_op
INFO:  New performance is: -0.178186, Best performance is: 0.493446 (e4s5) Base performance is: 0.429525
INFO:  Episode 5, Step 8 ends!
INFO:  Current spend time for step-8 is: 61.7s
INFO:  current cluster : defaultdict(<class 'list'>, {0: [0, 1, 3, 4, 5, 9, 16, 22, 28, 34, 40, 42, 44, 46, 47, 48, 49, 50, 51], 3: [2, 52, 53, 54], 1: [6, 7, 45], 2: [8, 55], 5: [10], 4: [11, 12, 13, 14, 15, 17, 18, 19, 20, 21, 23, 24, 25, 26, 27, 29, 30, 31, 32, 33, 35, 36, 37, 38, 39], 6: [41, 43]})
INFO:  current select feature name : ['10' '1' '3' '5' '6' '11' '4*6' '11_reciprocal*6' '4_reciprocal*6'
 '11_reciprocal_reciprocal*6' '2_quan_trans' '9*1' '9*5' '9*7' '9*8'
 '9*11' '9*4*6' '9*11_reciprocal*6' '9*4_reciprocal*6']
INFO:  current select op : -
INFO:  current select feature name : ['9*10' '9*3']
INFO:  current select feature name : ['6-9*3']
INFO:  current select op : sigmoid
INFO:  current select feature name : ['12']
INFO:  start to learn in model_c1
INFO:  start to learn in model_c2
INFO:  start to learn in model_op
INFO:  New performance is: -0.270417, Best performance is: 0.493446 (e4s5) Base performance is: 0.429525
INFO:  Episode 5, Step 9 ends!
INFO:  Current spend time for step-9 is: 114.9s
INFO:  Best performance is: 0.493446
INFO:  Episode 5 ends!
INFO:  current cluster : defaultdict(<class 'list'>, {0: [0, 1, 2, 3, 5, 6, 7, 8, 9, 10, 11], 1: [4], 2: [12]})
INFO:  current select feature name : ['5']
INFO:  current select op : *
INFO:  current select feature name : ['10' '1' '2' '3' '6' '7' '8' '9' '11' '12' '13']
INFO:  current select feature name : ['4']
INFO:  current select op : sigmoid
INFO:  current select feature name : ['12' '5*13']
INFO:  start to learn in model_c1
INFO:  start to learn in model_c2
INFO:  start to learn in model_op
INFO:  New performance is: 0.436075, Best performance is: 0.493446 (e4s5) Base performance is: 0.429525
INFO:  Episode 6, Step 0 ends!
INFO:  Current spend time for step-0 is: 7.8s
INFO:  current cluster : defaultdict(<class 'list'>, {0: [0, 1, 2, 3, 5, 7, 8, 9, 10, 11, 13, 14, 15, 16, 17, 19, 20, 21, 22, 23], 3: [4], 1: [6, 18], 2: [12]})
INFO:  current select feature name : ['13']
INFO:  current select op : cos
INFO:  current select feature name : ['4']
INFO:  current select op : sigmoid
INFO:  start to learn in model_c1
INFO:  start to learn in model_c2
INFO:  start to learn in model_op
INFO:  New performance is: 0.439026, Best performance is: 0.493446 (e4s5) Base performance is: 0.429525
INFO:  Episode 6, Step 1 ends!
INFO:  Current spend time for step-1 is: 12.2s
INFO:  current cluster : defaultdict(<class 'list'>, {0: [0, 1, 3, 5, 6, 7, 8, 10, 12, 13, 14, 16, 17, 18, 19, 20, 22, 24], 1: [2, 15], 3: [4], 4: [9, 21], 2: [11, 23]})
INFO:  current select feature name : ['10' '1' '3' '5' '6' '7' '8' '11' '13' '5*10' '5*1' '5*3' '5*6' '5*7'
 '5*8' '5*9' '5*12' '13_cos']
INFO:  current select op : cos
INFO:  current select feature name : ['4']
INFO:  current select op : sigmoid
INFO:  start to learn in model_c1
INFO:  start to learn in model_c2
INFO:  start to learn in model_op
INFO:  New performance is: 0.418760, Best performance is: 0.493446 (e4s5) Base performance is: 0.429525
INFO:  Episode 6, Step 2 ends!
INFO:  Current spend time for step-2 is: 23.5s
INFO:  current cluster : defaultdict(<class 'list'>, {0: [0, 1, 3, 5, 7, 8, 10, 11, 13, 14, 16, 17, 19, 20, 22, 23, 24, 25, 26, 27, 28, 29, 30, 31, 32, 33, 34, 36, 37, 38, 40, 41], 4: [2, 15], 3: [4], 1: [6, 18, 35, 39], 2: [9, 21], 5: [12]})
INFO:  current select feature name : ['13']
INFO:  current select op : *
INFO:  current select feature name : ['10' '1' '3' '5' '7' '8' '11' '12' '5*10' '5*1' '5*3' '5*6' '5*8' '5*9'
 '5*12' '5*13' '13_cos' '10_cos' '11_cos' '13_cos_cos' '1_cos' '3_cos'
 '5*10_cos' '5*12_cos' '5*1_cos' '5*3_cos' '5*6_cos' '5*8_cos' '5*9_cos'
 '5_cos' '7_cos' '8_cos']
INFO:  current select feature name : ['4']
INFO:  current select op : sigmoid
INFO:  current select feature name : ['10' '1' '3' '5' '7' '8' '11' '5*10' '5*1' '5*3' '5*6' '5*8' '5*9' '5*12'
 '13_cos' '10_cos' '11_cos' '13_cos_cos' '1_cos' '3_cos' '5*10_cos'
 '5*12_cos' '5*1_cos' '5*3_cos' '5*6_cos' '5*9_cos' '5_cos' '8_cos'
 '13*10' '13*3' '13*5' '13*8' '13*5*10' '13*5*3' '13*5*6' '13*5*9']
INFO:  start to learn in model_c1
INFO:  start to learn in model_c2
INFO:  start to learn in model_op
INFO:  New performance is: 0.429357, Best performance is: 0.493446 (e4s5) Base performance is: 0.429525
INFO:  Episode 6, Step 3 ends!
INFO:  Current spend time for step-3 is: 69.6s
INFO:  current cluster : defaultdict(<class 'list'>, {1: [0, 1, 2, 3, 5, 6, 7, 9, 10, 11, 13, 14, 15, 16, 17, 18, 19, 20, 21, 22, 23, 24, 25, 27, 29, 31, 32, 35, 37], 4: [4], 2: [8, 30, 34, 36, 39, 40, 42, 43, 44, 45, 47, 48, 49, 50, 52, 53, 55], 5: [12], 3: [26, 28], 6: [33, 38], 0: [41, 46, 51, 54]})
INFO:  current select feature name : ['5*3_cos' '5_cos']
INFO:  current select op : stand_scaler
INFO:  current select feature name : ['6']
INFO:  current select op : sigmoid
INFO:  start to learn in model_c1
INFO:  start to learn in model_c2
INFO:  start to learn in model_op
INFO:  New performance is: 0.459938, Best performance is: 0.493446 (e4s5) Base performance is: 0.429525
INFO:  Episode 6, Step 4 ends!
INFO:  Current spend time for step-4 is: 62.6s
INFO:  current cluster : defaultdict(<class 'list'>, {2: [0, 1, 2, 3, 7, 10, 11, 14, 15, 16, 17, 18, 19, 20, 21, 22, 23, 24, 25, 26, 27, 29, 31, 33, 35, 36, 54, 55], 3: [4], 0: [5, 6, 9, 13, 30], 1: [8, 28, 32, 34, 37, 38, 40, 41, 42, 43, 45, 46, 47, 48, 50, 51, 53], 5: [12], 4: [39, 44], 6: [49, 52]})
INFO:  current select feature name : ['13' '6_cos' '13*5' '13*12' '13*5*3' '13*5*9' '13*13_cos' '13*10_cos'
 '13*11_cos' '13*13_cos_cos' '13*3_cos' '13*5*10_cos' '13*5*12_cos'
 '13*5*1_cos' '13*5*6_cos' '13*5*8_cos' '13*5_cos']
INFO:  current select op : sqrt
INFO:  current cluster : defaultdict(<class 'list'>, {2: [0, 1, 2, 3, 7, 10, 11, 14, 15, 16, 17, 18, 19, 20, 21, 22, 23, 24, 25, 26, 27, 29, 31, 33, 35, 36, 54, 55], 3: [4], 0: [5, 6, 9, 13, 30], 1: [8, 28, 32, 34, 37, 38, 40, 41, 42, 43, 45, 46, 47, 48, 50, 51, 53], 5: [12], 6: [39, 44], 4: [49, 52]})
INFO:  current select feature name : ['5*7']
INFO:  current select op : quan_trans
INFO:  current select feature name : ['8']
INFO:  current select op : sigmoid
INFO:  start to learn in model_c1
INFO:  start to learn in model_c2
INFO:  start to learn in model_op
INFO:  New performance is: 0.447306, Best performance is: 0.493446 (e4s5) Base performance is: 0.429525
INFO:  Episode 6, Step 5 ends!
INFO:  Current spend time for step-5 is: 61.6s
INFO:  current cluster : defaultdict(<class 'list'>, {0: [0, 1, 5, 8, 10, 12, 14, 15, 16, 17, 18, 20, 21, 22, 24, 25, 26, 28, 29, 30, 32, 34, 35, 53, 54], 2: [2, 3, 6, 9, 13, 19, 23], 3: [4], 1: [7, 27, 31, 33, 36, 37, 39, 40, 41, 42, 44, 45, 46, 47, 49, 50, 52], 6: [11, 55], 4: [38, 43], 5: [48, 51]})
INFO:  current select feature name : ['6']
INFO:  current select op : *
INFO:  current select feature name : ['11' '13*10' '13*8' '13*5*10' '13*5*9' '13*5*13' '13*10_cos' '13*11_cos'
 '13*13_cos_cos' '13*1_cos' '13*5*10_cos' '13*5*12_cos' '13*5*1_cos'
 '13*5*3_cos' '13*5*8_cos' '13*5*9_cos' '13*7_cos']
INFO:  current select feature name : ['13*5*3']
INFO:  current select op : sigmoid
INFO:  current select feature name : ['13*8' '13*5*9' '5*3_cos_stand_scaler' '5_cos_stand_scaler']
INFO:  start to learn in model_c1
INFO:  start to learn in model_c2
INFO:  start to learn in model_op
INFO:  New performance is: 0.477076, Best performance is: 0.493446 (e4s5) Base performance is: 0.429525
INFO:  Episode 6, Step 6 ends!
INFO:  Current spend time for step-6 is: 81.7s
INFO:  current cluster : defaultdict(<class 'list'>, {0: [0, 1, 3, 5, 6, 8, 9, 10, 11, 12, 13, 14, 16, 18, 20, 39, 40, 42, 44, 45, 46, 47, 48, 49, 50, 51, 52, 53, 54, 55], 2: [2, 41, 43], 1: [4, 15, 17, 19, 22, 24, 25, 26, 29, 30, 32, 34, 35, 37], 6: [7, 38], 4: [21, 27, 31], 3: [23, 28], 5: [33, 36]})
INFO:  current select feature name : ['6' '10_cos' '13_cos_cos' '3_cos' '5*1_cos' '5*6_cos' '5_cos' '13*10'
 '13*5' '13*8' '13*5*10' '13*5*3' '13*5*9' '13*13_cos']
INFO:  current select op : -
INFO:  current select feature name : ['3' '13*1_cos' '13*5*10_cos']
INFO:  current select feature name : ['10_cos-3']
INFO:  current select op : sigmoid
INFO:  current select feature name : ['10_cos-3']
INFO:  start to learn in model_c1
INFO:  start to learn in model_c2
INFO:  start to learn in model_op
INFO:  New performance is: -0.497795, Best performance is: 0.493446 (e4s5) Base performance is: 0.429525
INFO:  Episode 6, Step 7 ends!
INFO:  Current spend time for step-7 is: 122.4s
INFO:  current cluster : defaultdict(<class 'list'>, {1: [0, 22, 23, 24, 25, 26, 27], 0: [1, 2, 3, 4, 5, 6, 8, 9, 10, 11, 13, 14, 15, 16, 18, 19, 21, 34, 50, 51, 54, 55], 3: [7, 12], 6: [17, 20], 4: [28, 30, 32, 35, 36, 37, 38, 40, 42, 44, 46], 2: [29, 33, 39, 41, 43, 45, 47, 48, 49, 52, 53], 5: [31]})
INFO:  current select feature name : ['13*5*10_cos' '13*5*1_cos' '13*5*6_cos' '13*5_cos' '13*7_cos' '13*8_cos'
 '5*7_quan_trans' '6*13*10' '6*13*5*10' '6*13*5*13' '6*13*11_cos']
INFO:  current select op : minmax_scaler
INFO:  current select feature name : ['6']
INFO:  current select op : sigmoid
INFO:  start to learn in model_c1
INFO:  start to learn in model_c2
INFO:  start to learn in model_op
INFO:  New performance is: -3.923756, Best performance is: 0.493446 (e4s5) Base performance is: 0.429525
INFO:  Episode 6, Step 8 ends!
INFO:  Current spend time for step-8 is: 73.7s
INFO:  current cluster : defaultdict(<class 'list'>, {5: [0, 1, 6, 7, 8, 10, 11, 23, 39, 40, 43, 44], 1: [2, 3, 5, 13, 14, 15, 17], 4: [4, 9, 12], 3: [16], 2: [18, 20, 24, 25, 26, 27, 33, 45, 46, 48, 49, 50, 51, 54], 0: [19, 22, 28, 30, 32, 34, 36, 37, 38, 41, 42], 6: [21, 29, 31, 35, 47, 52, 53, 55]})
INFO:  current select feature name : ['13*5*1' '13*13_cos_cos' '13*5*10_cos']
INFO:  current select op : quan_trans
INFO:  current select feature name : ['13*7_cos']
INFO:  current select op : sigmoid
INFO:  start to learn in model_c1
INFO:  start to learn in model_c2
INFO:  start to learn in model_op
INFO:  New performance is: -1.296241, Best performance is: 0.493446 (e4s5) Base performance is: 0.429525
INFO:  Episode 6, Step 9 ends!
INFO:  Current spend time for step-9 is: 63.6s
INFO:  current cluster : defaultdict(<class 'list'>, {0: [0, 1, 2, 3, 5, 6, 7, 8, 9, 10, 11], 1: [4], 2: [12]})
INFO:  current select feature name : ['13' '13*1' '13*12' '13*5*1' '13*13_cos' '13*11_cos' '13*13_cos_cos'
 '13*1_cos' '13*3_cos' '13*5*12_cos' '13*5*1_cos']
INFO:  current select op : +
INFO:  current select feature name : ['13' '13*1' '13*12' '13*5*1' '13*13_cos' '13*11_cos' '13*13_cos_cos'
 '13*1_cos' '13*3_cos' '13*5*12_cos' '13*5*1_cos']
INFO:  current select feature name : ['13']
INFO:  current select op : sigmoid
INFO:  current select feature name : ['13*11_cos+13*13_cos_cos' '13*13_cos_cos+13*11_cos']
INFO:  start to learn in model_c1
INFO:  start to learn in model_c2
INFO:  start to learn in model_op
INFO:  New performance is: -0.145785, Best performance is: 0.493446 (e4s5) Base performance is: 0.429525
INFO:  Episode 7, Step 0 ends!
INFO:  Current spend time for step-0 is: 171.6s
INFO:  current cluster : defaultdict(<class 'list'>, {1: [0, 6, 10, 18, 20, 23, 26, 34, 40, 42, 43, 44, 47, 48, 53], 0: [1, 2, 9, 11, 13, 22, 24, 29, 33, 49], 5: [3, 37], 2: [4, 7, 8, 12, 14, 16, 17, 19, 21, 25, 27, 30, 31, 32, 41, 45, 50, 54], 3: [5], 4: [15, 36], 6: [28, 35, 38, 39, 46, 51, 52, 55]})
INFO:  current select feature name : ['13+13*12' '13*12+13*1']
INFO:  current select op : log
INFO:  current cluster : defaultdict(<class 'list'>, {4: [0, 6, 10, 18, 20, 23, 26, 34, 40, 42, 43, 44, 47, 48, 53], 1: [1, 2, 4, 7, 8, 9, 11, 12, 13, 14, 16, 17, 19, 21, 22, 24, 25, 27, 29, 30, 31, 32, 33, 41, 45, 49, 50, 54], 5: [3, 37], 3: [5], 6: [15, 36], 0: [28, 35, 38, 46, 51, 52], 2: [39, 55]})
INFO:  current select feature name : ['1' '2' '4' '7' '8' '9' '12' '13' '13+13' '13+13*1' '13+13*5*1'
 '13+13*13_cos' '13+13*13_cos_cos' '13+13*3_cos' '13+13*5*12_cos'
 '13*1+13' '13*1+13*1' '13*1+13*5*1' '13*1+13*11_cos' '13*1+13*13_cos_cos'
 '13*1+13*1_cos' '13*1+13*3_cos' '13*1+13*5*12_cos' '13*12+13*13_cos_cos'
 '13*12+13*5*1_cos' '13*5*1+13*5*1' '13*5*1+13*13_cos' '13*5*1+13*3_cos']
INFO:  current select op : log
INFO:  current cluster : defaultdict(<class 'list'>, {1: [0, 6, 10, 18, 20, 23, 26, 34, 40, 42, 43, 44, 47, 48, 53], 0: [1, 2, 4, 9, 11, 13, 17, 22, 24, 29, 33, 49, 50, 54], 5: [3, 37], 3: [5], 6: [7, 8, 12, 14, 16, 19, 21, 25, 27, 30, 31, 32, 41, 45], 4: [15, 36], 2: [28, 35, 38, 39, 46, 51, 52, 55]})
INFO:  current select feature name : ['13+13*12' '13*12+13*1']
INFO:  current select op : *
INFO:  current select feature name : ['1' '2' '4' '9' '12' '13+13' '13+13*13_cos' '13+13*5*12_cos' '13*1+13'
 '13*1+13*11_cos' '13*1+13*5*12_cos' '13*5*1+13*5*1' '13*5*1+13*13_cos'
 '13*5*1+13*3_cos']
INFO:  current select feature name : ['13']
INFO:  current select op : sigmoid
INFO:  current select feature name : ['13*5*1+13*5*12_cos' '13*13_cos+13*5*12_cos' '13*5*12_cos+13*5*1'
 '13*5*12_cos+13*13_cos']
INFO:  start to learn in model_c1
INFO:  start to learn in model_c2
INFO:  start to learn in model_op
INFO:  New performance is: 0.105470, Best performance is: 0.493446 (e4s5) Base performance is: 0.429525
INFO:  Episode 7, Step 1 ends!
INFO:  Current spend time for step-1 is: 96.6s
INFO:  current cluster : defaultdict(<class 'list'>, {2: [0, 1, 5, 6, 7, 9, 10, 11, 12, 13, 14, 15, 16, 18, 19, 20, 21, 23, 25, 26, 27, 28, 29, 31, 36, 38, 40, 41, 44, 46, 47, 48, 49, 50, 51, 53, 54], 4: [2, 32], 6: [3], 3: [4], 0: [8, 17, 22, 35, 37, 52, 55], 5: [24, 30, 42, 43], 1: [33, 34, 39, 45]})
INFO:  current select feature name : ['11']
INFO:  current select op : -
INFO:  current select feature name : ['6']
INFO:  current select feature name : ['13']
INFO:  current select op : sigmoid
INFO:  current select feature name : ['11-6']
INFO:  start to learn in model_c1
INFO:  start to learn in model_c2
INFO:  start to learn in model_op
INFO:  New performance is: -0.322506, Best performance is: 0.493446 (e4s5) Base performance is: 0.429525
INFO:  Episode 7, Step 2 ends!
INFO:  Current spend time for step-2 is: 61.2s
INFO:  current cluster : defaultdict(<class 'list'>, {1: [0, 1, 3, 5, 6, 7, 9, 10, 11, 12, 14, 15, 16, 18, 19, 20, 21, 23, 25, 26, 27, 28, 29, 36, 38, 40, 41, 44, 46, 47, 48, 49, 50, 51, 53, 54], 2: [2, 32], 3: [4], 4: [8, 17, 22, 35, 37, 52, 55], 5: [13, 31], 0: [24, 30, 33, 39, 42, 43], 6: [34, 45]})
INFO:  current select feature name : ['13*1+13*11_cos' '13*11_cos+13*1']
INFO:  current select op : -
INFO:  current select feature name : ['13*1+13*11_cos' '13*11_cos+13*1']
INFO:  current select feature name : ['13*11_cos+13*1-13*11_cos+13*1']
INFO:  current select op : sigmoid
INFO:  current select feature name : ['6' '13*11_cos+13*11_cos']
INFO:  start to learn in model_c1
INFO:  start to learn in model_c2
INFO:  start to learn in model_op
INFO:  New performance is: -0.248264, Best performance is: 0.493446 (e4s5) Base performance is: 0.429525
INFO:  Episode 7, Step 3 ends!
INFO:  Current spend time for step-3 is: 64.1s
INFO:  current cluster : defaultdict(<class 'list'>, {0: [0, 1, 7, 9, 11, 19, 20, 25, 29, 40, 46, 49, 50, 54], 4: [2, 32], 6: [3, 13, 15, 31, 41, 44], 3: [4], 2: [5, 6, 10, 12, 14, 16, 18, 21, 23, 26, 27, 28, 36, 38, 47, 48, 51, 53], 5: [8, 17, 22, 35, 37, 52, 55], 1: [24, 30, 33, 34, 39, 42, 43, 45]})
INFO:  current select feature name : ['13']
INFO:  current select op : square
INFO:  current select feature name : ['13']
INFO:  current select op : sigmoid
INFO:  start to learn in model_c1
INFO:  start to learn in model_c2
INFO:  start to learn in model_op
INFO:  New performance is: -0.258671, Best performance is: 0.493446 (e4s5) Base performance is: 0.429525
INFO:  Episode 7, Step 4 ends!
INFO:  Current spend time for step-4 is: 61.2s
INFO:  current cluster : defaultdict(<class 'list'>, {4: [0, 1, 3, 5, 6, 7, 9, 10, 11, 12, 14, 15, 16, 18, 19, 20, 21, 22, 24, 25, 26, 27, 28, 35, 37, 39, 40, 43, 45, 46, 47, 48, 49, 50, 52, 53], 2: [2, 31], 3: [4], 0: [8, 17, 34, 36, 51, 54], 6: [13, 30], 1: [23, 29, 32, 33, 38, 41, 42, 44], 5: [55]})
INFO:  current select feature name : ['13+13*13_cos_cos' '13*12+13*1_cos' '13*11_cos+13*5*1_cos'
 '13*13_cos_cos+13*1' '13*12+13*1*9' '13*12+13*1*13*1+13*5*12_cos']
INFO:  current select op : quan_trans
INFO:  current select feature name : ['13']
INFO:  current select op : sigmoid
INFO:  start to learn in model_c1
INFO:  start to learn in model_c2
INFO:  start to learn in model_op
INFO:  New performance is: -0.238170, Best performance is: 0.493446 (e4s5) Base performance is: 0.429525
INFO:  Episode 7, Step 5 ends!
INFO:  Current spend time for step-5 is: 66.8s
INFO:  current cluster : defaultdict(<class 'list'>, {0: [0, 1, 3, 5, 6, 7, 9, 10, 11, 12, 14, 15, 16, 18, 19, 20, 21, 22, 24, 25, 26, 27, 28, 35, 37, 39, 40, 43, 45, 46, 47, 48, 49, 50, 52, 53], 1: [2, 31], 3: [4], 6: [8, 17, 34, 36, 51, 54], 5: [13, 30], 2: [23, 29, 32, 33, 38, 41, 42, 44], 4: [55]})
INFO:  current select feature name : ['13_square']
INFO:  current select op : +
INFO:  current select feature name : ['13_square']
INFO:  current select feature name : ['13']
INFO:  current select op : sigmoid
INFO:  current select feature name : ['13*11_cos+13*5*1_cos' '13*5*1_cos+13*11_cos']
INFO:  start to learn in model_c1
INFO:  start to learn in model_c2
INFO:  start to learn in model_op
INFO:  New performance is: -0.269126, Best performance is: 0.493446 (e4s5) Base performance is: 0.429525
INFO:  Episode 7, Step 6 ends!
INFO:  Current spend time for step-6 is: 61.3s
INFO:  current cluster : defaultdict(<class 'list'>, {2: [0, 1, 3, 5, 6, 7, 9, 10, 11, 12, 14, 15, 16, 18, 19, 20, 21, 22, 24, 25, 26, 27, 28, 35, 37, 39, 40, 43, 45, 46, 47, 48, 49, 50, 51, 52, 54, 55], 4: [2, 31], 3: [4], 0: [8, 17, 34, 36, 53], 1: [13, 30], 5: [23, 29, 32, 38, 41, 42], 6: [33, 44]})
INFO:  current select feature name : ['13*1+13*11_cos' '13*11_cos+13*1']
INFO:  current select op : -
INFO:  current select feature name : ['3' '5' '11' '13+13*1' '13+13*5*1' '13+13*13_cos' '13+13*5*12_cos'
 '13*1+13' '13*1+13*5*1' '13*1+13*13_cos' '13*1+13*13_cos_cos'
 '13*1+13*5*12_cos' '13*12+13*13_cos' '13*5*1+13' '13*5*1+13*1'
 '13*5*1+13*5*1' '13*5*1+13*13_cos' '13*5*1+13*3_cos' '13*13_cos+13'
 '13*13_cos+13*1' '13*13_cos+13*12' '13*13_cos+13*5*1'
 '13*13_cos+13*13_cos' '13*13_cos_cos+13*1' '13*3_cos+13*5*1'
 '13*5*12_cos+13' '13*5*12_cos+13*1' '13*5*12_cos+13*5*12_cos'
 '13+13*12*2' '13+13*12*9' '13+13*12*13*1+13*11_cos'
 '13+13*12*13*1+13*5*12_cos' '13*12+13*1*2' '13*12+13*1*9'
 '13*12+13*1*13+13*13_cos' '13*12+13*1*13*1+13*11_cos'
 '13*12+13*1*13*5*1+13*13_cos' '13_square']
INFO:  current select feature name : ['13']
INFO:  current select op : sigmoid
INFO:  current select feature name : ['13*1+13*11_cos-13+13*5*1' '13*1+13*11_cos-13*5*1+13'
 '13*11_cos+13*1-13+13*5*1' '13*11_cos+13*1-13*5*1+13']
INFO:  start to learn in model_c1
INFO:  start to learn in model_c2
INFO:  start to learn in model_op
INFO:  New performance is: -0.137386, Best performance is: 0.493446 (e4s5) Base performance is: 0.429525
INFO:  Episode 7, Step 7 ends!
INFO:  Current spend time for step-7 is: 195.0s
INFO:  current cluster : defaultdict(<class 'list'>, {1: [0, 1, 4, 5, 6, 7, 8, 10, 11, 17, 21, 22, 23, 31, 37, 47, 53], 5: [2, 13], 3: [3], 0: [9, 12, 14, 15, 16, 18, 19, 20, 24, 27, 34, 35, 36, 38, 40, 43, 50, 51, 52, 54], 2: [25, 28, 29, 39, 41, 44, 45, 55], 4: [26, 32, 42, 48], 6: [30, 33, 46, 49]})
INFO:  current select feature name : ['6' '13*1+13*11_cos']
INFO:  current select op : cos
INFO:  current select feature name : ['13']
INFO:  current select op : sigmoid
INFO:  start to learn in model_c1
INFO:  start to learn in model_c2
INFO:  start to learn in model_op
INFO:  New performance is: 0.152312, Best performance is: 0.493446 (e4s5) Base performance is: 0.429525
INFO:  Episode 7, Step 8 ends!
INFO:  Current spend time for step-8 is: 62.7s
INFO:  current cluster : defaultdict(<class 'list'>, {1: [0, 1, 4, 5, 6, 7, 8, 10, 11, 17, 21, 22, 23, 31, 37, 47, 53], 0: [2, 13, 34, 50], 3: [3], 5: [9, 12, 14, 15, 16, 18, 19, 20, 24, 27, 35, 36, 38, 40, 43, 51, 52, 54], 2: [25, 28, 29, 39, 41, 44, 45, 55], 4: [26, 32, 42, 48], 6: [30, 33, 46, 49]})
INFO:  current select feature name : ['13']
INFO:  current select op : cos
INFO:  current select feature name : ['13_cos']
INFO:  current select op : sigmoid
INFO:  start to learn in model_c1
INFO:  start to learn in model_c2
INFO:  start to learn in model_op
INFO:  New performance is: 0.153168, Best performance is: 0.493446 (e4s5) Base performance is: 0.429525
INFO:  Episode 7, Step 9 ends!
INFO:  Current spend time for step-9 is: 61.6s
INFO:  current cluster : defaultdict(<class 'list'>, {0: [0, 1, 2, 3, 5, 6, 7, 8, 9, 10, 12], 1: [4], 2: [11]})
INFO:  current select feature name : ['13+13*13_cos']
INFO:  current select op : tanh
INFO:  current select feature name : ['13']
INFO:  current select op : sigmoid
INFO:  start to learn in model_c1
INFO:  start to learn in model_c2
INFO:  start to learn in model_op
INFO:  New performance is: 0.433432, Best performance is: 0.493446 (e4s5) Base performance is: 0.429525
INFO:  Episode 8, Step 0 ends!
INFO:  Current spend time for step-0 is: 4.1s
INFO:  current cluster : defaultdict(<class 'list'>, {0: [0, 1, 2, 3, 5, 6, 7, 8, 9, 10, 11], 1: [4, 13], 2: [12]})
INFO:  current select feature name : ['13']
INFO:  current select op : /
INFO:  current select feature name : ['13']
INFO:  current select feature name : ['13/13']
INFO:  current select op : sigmoid
INFO:  current select feature name : ['10' '1' '2' '3' '5' '6' '7' '8' '9' '11' '12' '13']
INFO:  start to learn in model_c1
INFO:  start to learn in model_c2
INFO:  start to learn in model_op
INFO:  New performance is: 0.429576, Best performance is: 0.493446 (e4s5) Base performance is: 0.429525
INFO:  Episode 8, Step 1 ends!
INFO:  Current spend time for step-1 is: 4.6s
INFO:  current cluster : defaultdict(<class 'list'>, {0: [0, 1, 2, 3, 5, 6, 7, 8, 9, 10, 11, 12], 1: [4, 13], 2: [14]})
INFO:  current select feature name : ['4' '13+13*13_cos_tanh']
INFO:  current select op : square
INFO:  current select feature name : ['13/13']
INFO:  current select op : sigmoid
INFO:  start to learn in model_c1
INFO:  start to learn in model_c2
INFO:  start to learn in model_op
INFO:  New performance is: 0.424909, Best performance is: 0.493446 (e4s5) Base performance is: 0.429525
INFO:  Episode 8, Step 2 ends!
INFO:  Current spend time for step-2 is: 5.5s
INFO:  current cluster : defaultdict(<class 'list'>, {0: [0, 1, 2, 3, 5, 6, 7, 8, 9, 10, 12], 1: [4, 13, 15, 16], 3: [11], 2: [14]})
INFO:  current select feature name : ['13/13']
INFO:  current select op : log
INFO:  current select feature name : ['6']
INFO:  current select op : sigmoid
INFO:  start to learn in model_c1
INFO:  start to learn in model_c2
INFO:  start to learn in model_op
INFO:  New performance is: 0.433702, Best performance is: 0.493446 (e4s5) Base performance is: 0.429525
INFO:  Episode 8, Step 3 ends!
INFO:  Current spend time for step-3 is: 6.4s
INFO:  current cluster : defaultdict(<class 'list'>, {0: [0, 1, 2, 3, 5, 6, 7, 8, 9, 10, 11], 1: [4, 13], 3: [12], 2: [14, 15, 16, 17]})
INFO:  current select feature name : ['13']
INFO:  current select op : reciprocal
INFO:  current select feature name : ['13/13']
INFO:  current select op : sigmoid
INFO:  start to learn in model_c1
INFO:  start to learn in model_c2
INFO:  start to learn in model_op
INFO:  New performance is: 0.432731, Best performance is: 0.493446 (e4s5) Base performance is: 0.429525
INFO:  Episode 8, Step 4 ends!
INFO:  Current spend time for step-4 is: 7.0s
INFO:  current cluster : defaultdict(<class 'list'>, {0: [0, 1, 2, 3, 5, 6, 7, 8, 9, 10, 12, 18], 1: [4, 13], 3: [11], 2: [14, 15, 16, 17]})
INFO:  current select feature name : ['12']
INFO:  current select op : minmax_scaler
INFO:  current select feature name : ['13+13*13_cos_tanh_square']
INFO:  current select op : sigmoid
INFO:  start to learn in model_c1
INFO:  start to learn in model_c2
INFO:  start to learn in model_op
INFO:  New performance is: 0.431321, Best performance is: 0.493446 (e4s5) Base performance is: 0.429525
INFO:  Episode 8, Step 5 ends!
INFO:  Current spend time for step-5 is: 7.8s
INFO:  current cluster : defaultdict(<class 'list'>, {0: [0, 1, 2, 3, 5, 7, 8, 9, 10, 11, 19], 3: [4, 13], 1: [6, 12, 18], 2: [14, 15, 16, 17]})
INFO:  current select feature name : ['6' '13' '13_reciprocal']
INFO:  current select op : tanh
INFO:  current select feature name : ['13+13*13_cos_tanh_square']
INFO:  current select op : sigmoid
INFO:  start to learn in model_c1
INFO:  start to learn in model_c2
INFO:  start to learn in model_op
INFO:  New performance is: 0.426267, Best performance is: 0.493446 (e4s5) Base performance is: 0.429525
INFO:  Episode 8, Step 6 ends!
INFO:  Current spend time for step-6 is: 9.4s
INFO:  current cluster : defaultdict(<class 'list'>, {0: [0, 1, 2, 3, 5, 7, 8, 9, 10, 11, 19], 2: [4, 13], 1: [6, 12, 18, 20, 21, 22], 3: [14, 15, 16, 17]})
INFO:  current select feature name : ['6' '13' '13_reciprocal' '6_tanh' '13_tanh' '13_reciprocal_tanh']
INFO:  current select op : log
INFO:  current cluster : defaultdict(<class 'list'>, {0: [0, 1, 2, 3, 5, 6, 7, 8, 9, 10, 12, 18, 20, 21, 22], 1: [4, 13], 3: [11, 19], 2: [14, 15, 16, 17]})
INFO:  current select feature name : ['10' '1' '2' '3' '5' '6' '7' '8' '9' '11' '13' '13_reciprocal' '6_tanh'
 '13_tanh' '13_reciprocal_tanh']
INFO:  current select op : minmax_scaler
INFO:  current select feature name : ['13/13']
INFO:  current select op : sigmoid
INFO:  start to learn in model_c1
INFO:  start to learn in model_c2
INFO:  start to learn in model_op
INFO:  New performance is: 0.428736, Best performance is: 0.493446 (e4s5) Base performance is: 0.429525
INFO:  Episode 8, Step 7 ends!
INFO:  Current spend time for step-7 is: 19.3s
INFO:  current cluster : defaultdict(<class 'list'>, {0: [0, 1, 2, 3, 5, 6, 7, 8, 9, 10, 12, 18, 20, 21, 22, 23, 24, 25, 26, 27, 28, 29, 30, 31, 32, 33, 34, 35, 36, 37], 1: [4, 13], 4: [11, 19], 2: [14, 17], 5: [15], 3: [16]})
INFO:  current select feature name : ['10' '1' '2' '3' '5' '6' '7' '8' '9' '11' '13' '13_reciprocal' '6_tanh'
 '13_tanh' '13_reciprocal_tanh' '10_minmax_scaler' '1_minmax_scaler'
 '2_minmax_scaler' '3_minmax_scaler' '5_minmax_scaler' '6_minmax_scaler'
 '7_minmax_scaler' '8_minmax_scaler' '9_minmax_scaler' '11_minmax_scaler'
 '13_minmax_scaler' '13_reciprocal_minmax_scaler' '6_tanh_minmax_scaler'
 '13_tanh_minmax_scaler' '13_reciprocal_tanh_minmax_scaler']
INFO:  current select op : minmax_scaler
INFO:  current select feature name : ['4_square']
INFO:  current select op : sigmoid
INFO:  start to learn in model_c1
INFO:  start to learn in model_c2
INFO:  start to learn in model_op
INFO:  New performance is: 0.425910, Best performance is: 0.493446 (e4s5) Base performance is: 0.429525
INFO:  Episode 8, Step 8 ends!
INFO:  Current spend time for step-8 is: 40.9s
INFO:  current cluster : defaultdict(<class 'list'>, {0: [0, 1, 2, 3, 5, 7, 8, 9, 10, 11, 19, 23, 24, 25, 26, 27, 29, 30, 31, 32, 38, 39, 44, 45, 46, 47, 50, 51, 52], 6: [4, 13], 2: [6, 12, 18, 20, 21, 22, 28, 33, 34, 35, 36, 37, 40, 41, 42, 43, 48, 49], 4: [14], 5: [15], 3: [16], 1: [17]})
INFO:  current select feature name : ['6' '13' '13_reciprocal' '6_tanh' '13_tanh' '13_reciprocal_tanh'
 '6_minmax_scaler' '13_minmax_scaler' '13_reciprocal_minmax_scaler'
 '6_tanh_minmax_scaler' '13_tanh_minmax_scaler'
 '13_reciprocal_tanh_minmax_scaler' '13_minmax_scaler_minmax_scaler'
 '13_reciprocal_minmax_scaler_minmax_scaler'
 '13_reciprocal_tanh_minmax_scaler_minmax_scaler'
 '13_tanh_minmax_scaler_minmax_scaler' '6_minmax_scaler_minmax_scaler'
 '6_tanh_minmax_scaler_minmax_scaler']
INFO:  current select op : sin
INFO:  current select feature name : ['13+13*13_cos_tanh' '4_square']
INFO:  current select op : sigmoid
INFO:  start to learn in model_c1
INFO:  start to learn in model_c2
INFO:  start to learn in model_op
INFO:  New performance is: 0.431599, Best performance is: 0.493446 (e4s5) Base performance is: 0.429525
INFO:  Episode 8, Step 9 ends!
INFO:  Current spend time for step-9 is: 74.7s
INFO:  current cluster : defaultdict(<class 'list'>, {0: [0, 1, 2, 3, 5, 6, 7, 8, 9, 10, 12], 1: [4], 2: [11]})
INFO:  current select feature name : ['10' '1' '2' '3' '5' '6' '7' '8' '9' '11' '13']
INFO:  current select op : +
INFO:  current select feature name : ['12']
INFO:  current select feature name : ['13']
INFO:  current select op : sigmoid
INFO:  current select feature name : ['10' '1' '2' '3' '5' '7' '8' '9' '11' '12' '10+12' '1+12' '2+12' '3+12'
 '5+12' '7+12' '8+12' '9+12' '11+12']
INFO:  start to learn in model_c1
INFO:  start to learn in model_c2
INFO:  start to learn in model_op
INFO:  New performance is: 0.423565, Best performance is: 0.493446 (e4s5) Base performance is: 0.429525
INFO:  Episode 9, Step 0 ends!
INFO:  Current spend time for step-0 is: 7.9s
INFO:  current cluster : defaultdict(<class 'list'>, {0: [0, 1, 2, 3, 5, 7, 8, 9, 10, 11, 13, 14, 15, 16, 17, 19, 20, 21, 22], 3: [4], 2: [6, 18, 23], 1: [12]})
INFO:  current select feature name : ['13']
INFO:  current select op : +
INFO:  current select feature name : ['10' '1' '2' '3' '5' '7' '8' '9' '11' '12' '10+12' '1+12' '2+12' '3+12'
 '5+12' '7+12' '8+12' '9+12' '11+12']
INFO:  current select feature name : ['2']
INFO:  current select op : sigmoid
INFO:  current select feature name : ['10' '1' '3' '5' '7' '8' '9' '11' '10+12' '1+12' '2+12' '3+12' '5+12'
 '7+12' '8+12' '11+12' '13+10+12' '13+11+12' '13+2' '13+2+12' '13+3+12'
 '13+5' '13+5+12' '13+7' '13+7+12' '13+8' '13+8+12' '13+9+12']
INFO:  start to learn in model_c1
INFO:  start to learn in model_c2
INFO:  start to learn in model_op
INFO:  New performance is: 0.451908, Best performance is: 0.493446 (e4s5) Base performance is: 0.429525
INFO:  Episode 9, Step 1 ends!
INFO:  Current spend time for step-1 is: 23.4s
INFO:  current cluster : defaultdict(<class 'list'>, {0: [0, 1, 3, 5, 7, 8, 9, 10, 13, 14, 15, 16, 17, 19, 20, 22, 27, 29, 30, 31, 33, 34, 35, 36, 37, 38, 41], 5: [2, 11, 39], 3: [4], 2: [6, 18, 23, 25, 28, 32, 40], 1: [12, 24, 26], 4: [21]})
INFO:  current select feature name : ['9+12']
INFO:  current select op : quan_trans
INFO:  current select feature name : ['4']
INFO:  current select op : sigmoid
INFO:  start to learn in model_c1
INFO:  start to learn in model_c2
INFO:  start to learn in model_op
INFO:  New performance is: 0.448374, Best performance is: 0.493446 (e4s5) Base performance is: 0.429525
INFO:  Episode 9, Step 2 ends!
INFO:  Current spend time for step-2 is: 35.6s
INFO:  current cluster : defaultdict(<class 'list'>, {0: [0, 1, 2, 3, 5, 7, 8, 9, 10, 13, 14, 15, 16, 17, 19, 20, 22, 27, 29, 30, 31, 33, 34, 35, 36, 37, 38, 41], 3: [4], 2: [6, 18, 23, 25, 28, 32, 40], 4: [11, 21, 42], 1: [12, 24, 26], 5: [39]})
INFO:  current select feature name : ['13+8+12']
INFO:  current select op : /
INFO:  current select feature name : ['10' '1' '2' '3' '5' '7' '8' '9' '11' '10+12' '1+12' '2+12' '3+12' '5+12'
 '7+12' '8+12' '11+12' '13+10+12' '13+11+12' '13+2' '13+2+12' '13+3+12'
 '13+5' '13+5+12' '13+7' '13+7+12' '13+8' '13+9+12']
INFO:  current cluster : defaultdict(<class 'list'>, {0: [0, 1, 3, 5, 7, 8, 9, 10, 13, 14, 15, 16, 17, 19, 20, 22, 27, 29, 30, 31, 33, 34, 35, 36, 37, 38, 39, 41], 3: [2], 4: [4], 2: [6, 18, 23, 25, 28, 32, 40], 5: [11, 21, 42], 1: [12, 24, 26]})
INFO:  current select feature name : ['13' '13+1' '13+10']
INFO:  current select op : sqrt
INFO:  current cluster : defaultdict(<class 'list'>, {0: [0, 1, 3, 5, 7, 8, 9, 10, 13, 14, 15, 16, 17, 19, 20, 22, 27, 29, 30, 31, 33, 34, 35, 36, 37, 38, 39, 41], 3: [2], 4: [4], 5: [6, 18, 23, 25, 28, 32, 40], 1: [11, 21, 42], 2: [12, 24, 26]})
INFO:  current select feature name : ['2']
INFO:  current select op : sigmoid
INFO:  current select feature name : ['4']
INFO:  current select op : sigmoid
INFO:  start to learn in model_c1
INFO:  start to learn in model_c2
INFO:  start to learn in model_op
INFO:  New performance is: 0.443897, Best performance is: 0.493446 (e4s5) Base performance is: 0.429525
INFO:  Episode 9, Step 3 ends!
INFO:  Current spend time for step-3 is: 37.4s
INFO:  current cluster : defaultdict(<class 'list'>, {0: [0, 1, 3, 5, 7, 8, 9, 10, 13, 14, 15, 16, 17, 19, 20, 22, 27, 29, 30, 31, 33, 34, 35, 36, 37, 38, 41], 2: [2, 39, 43], 3: [4], 1: [6, 18, 23, 25, 28, 32, 40], 4: [11, 21, 42], 5: [12, 24, 26]})
INFO:  current select feature name : ['10' '1' '3' '5' '7' '8' '9' '11' '10+12' '1+12' '2+12' '3+12' '5+12'
 '7+12' '8+12' '11+12' '13+10+12' '13+11+12' '13+2' '13+2+12' '13+3+12'
 '13+5' '13+5+12' '13+7' '13+7+12' '13+8' '13+9+12']
INFO:  current select op : /
INFO:  current select feature name : ['10' '1' '3' '5' '7' '8' '9' '11' '10+12' '1+12' '2+12' '3+12' '5+12'
 '7+12' '8+12' '11+12' '13+10+12' '13+11+12' '13+2' '13+2+12' '13+3+12'
 '13+5' '13+5+12' '13+7' '13+7+12' '13+8' '13+9+12']
INFO:  current cluster : defaultdict(<class 'list'>, {0: [0, 1, 2, 3, 5, 7, 8, 9, 10, 13, 14, 15, 16, 17, 19, 20, 22, 27, 29, 31, 33, 34, 35, 36, 37, 38, 39, 41, 43], 3: [4], 2: [6, 18, 23, 25, 28, 32, 40], 1: [11, 21, 42], 5: [12, 24, 26], 4: [30]})
INFO:  current select feature name : ['6' '6+12' '13+12' '13+1+12' '13+11' '13+3' '13+9']
INFO:  current select op : /
INFO:  current select feature name : ['4']
INFO:  current select feature name : ['4']
INFO:  current select op : sigmoid
INFO:  current select feature name : ['10' '1' '3' '5' '6' '7' '8' '9' '11' '10+12' '1+12' '2+12' '3+12' '5+12'
 '6+12' '8+12' '11+12' '13+12' '13+1+12' '13+10+12' '13+11' '13+11+12'
 '13+2+12' '13+3' '13+3+12' '13+5' '13+5+12' '13+7' '13+7+12' '13+8'
 '13+9' '13+9+12' '6/4' '6+12/4' '13+12/4' '13+1+12/4' '13+11/4' '13+3/4'
 '13+9/4']
INFO:  start to learn in model_c1
INFO:  start to learn in model_c2
INFO:  start to learn in model_op
INFO:  New performance is: 0.429985, Best performance is: 0.493446 (e4s5) Base performance is: 0.429525
INFO:  Episode 9, Step 4 ends!
INFO:  Current spend time for step-4 is: 44.5s
INFO:  current cluster : defaultdict(<class 'list'>, {0: [0, 1, 3, 5, 6, 7, 8, 10, 13, 14, 15, 16, 17, 18, 20, 22, 23, 25, 27, 28, 29, 30, 31, 32, 33, 34, 35, 36, 37, 38, 40, 41, 44, 45, 46, 47, 48, 49, 50], 2: [2, 43], 3: [4], 6: [9, 19], 4: [11, 21, 42], 1: [12, 24, 26], 5: [39]})
INFO:  current select feature name : ['10' '1' '3' '5' '6' '7' '8' '11' '10+12' '1+12' '2+12' '3+12' '5+12'
 '6+12' '8+12' '11+12' '13+12' '13+1+12' '13+10+12' '13+11' '13+11+12'
 '13+2' '13+2+12' '13+3' '13+3+12' '13+5' '13+5+12' '13+7' '13+7+12'
 '13+8' '13+9' '13+9+12' '6/4' '6+12/4' '13+12/4' '13+1+12/4' '13+11/4'
 '13+3/4' '13+9/4']
INFO:  current select op : reciprocal
INFO:  current select feature name : ['8_reciprocal' '13+8_reciprocal']
INFO:  current select op : reciprocal
INFO:  start to learn in model_c1
INFO:  start to learn in model_c2
INFO:  start to learn in model_op
INFO:  New performance is: 0.404636, Best performance is: 0.493446 (e4s5) Base performance is: 0.429525
INFO:  Episode 9, Step 5 ends!
INFO:  Current spend time for step-5 is: 103.2s
INFO:  current cluster : defaultdict(<class 'list'>, {2: [0, 1, 2, 3, 4, 5, 7, 10, 11, 12, 14, 16, 18, 21, 22, 23, 24, 25, 26, 27, 28, 29, 30, 31, 32, 33, 34, 35, 36, 37, 38, 39, 40, 41, 43, 44, 45, 46, 47, 48, 49, 50, 51, 52, 53, 54, 55], 3: [6], 1: [8, 15], 0: [9, 42], 5: [13], 6: [17, 20], 4: [19]})
INFO:  current select feature name : ['10' '1' '2' '3' '4' '5' '7' '11' '12' '13' '1+12' '3+12' '6+12' '9+12'
 '11+12' '13+12' '13+1' '13+1+12' '13+10' '13+10+12' '13+11' '13+11+12'
 '13+2' '13+2+12' '13+3' '13+3+12' '13+5' '13+5+12' '13+7' '13+7+12'
 '13+8' '13+8+12' '13+9' '13+9+12' '2_sigmoid' '6/4' '6+12/4' '13+12/4'
 '13+1+12/4' '13+11/4' '13+3/4' '13+9/4' '10_reciprocal' '1_reciprocal'
 '3_reciprocal' '5_reciprocal' '6_reciprocal']
INFO:  current select op : *
INFO:  current select feature name : ['7+12']
INFO:  current select feature name : ['13+1']
INFO:  current select op : sigmoid
INFO:  current select feature name : ['3' '5' '6' '11' '6+12' '13+12' '13+1+12' '13+11+12' '13+5' '13+7' '13+9'
 '6/4' '6+12/4' '13+12/4' '13+1+12/4' '13+11/4' '13+3/4' '13+9/4'
 '3_reciprocal' '6_reciprocal' '13+11_reciprocal' '13+5_reciprocal'
 '13+9_reciprocal' '6+12/4_reciprocal' '13+11/4_reciprocal'
 '13+9/4_reciprocal' '10*7+12' '2*7+12' '3*7+12' '13+9+12*7+12']
INFO:  start to learn in model_c1
INFO:  start to learn in model_c2
INFO:  start to learn in model_op
INFO:  New performance is: 0.540610, Best performance is: 0.540610 (e9s6) Base performance is: 0.429525
INFO:  Episode 9, Step 6 ends!
INFO:  Current spend time for step-6 is: 133.3s
INFO:  current cluster : defaultdict(<class 'list'>, {0: [0, 1, 2, 3, 4, 6, 7, 8, 10, 12, 14, 16, 17, 18, 19, 21, 22, 23, 24, 25, 26, 27, 28, 29, 31, 32, 34, 35, 36, 37, 38, 39, 40, 41, 42, 43, 44, 45, 46, 47, 48, 49, 50, 51, 52, 53, 54, 55], 5: [5], 6: [9], 4: [11], 3: [13, 15], 1: [20, 30], 2: [33]})
INFO:  current select feature name : ['13+1' '13+10']
INFO:  current select op : /
INFO:  current select feature name : ['7']
INFO:  current select feature name : ['13+1']
INFO:  current select op : sigmoid
INFO:  current select feature name : ['13+10/7']
INFO:  start to learn in model_c1
INFO:  start to learn in model_c2
INFO:  start to learn in model_op
INFO:  New performance is: -0.441032, Best performance is: 0.540610 (e9s6) Base performance is: 0.429525
INFO:  Episode 9, Step 7 ends!
INFO:  Current spend time for step-7 is: 63.8s
INFO:  current cluster : defaultdict(<class 'list'>, {0: [0, 1, 2, 4, 6, 12, 14, 16, 17, 19, 20, 27, 28, 29, 31, 33, 34, 35, 39, 40, 41, 42, 43, 44, 45, 46, 47, 48, 49, 50, 51, 52, 53, 54, 55], 2: [3, 7, 8, 10, 18, 21, 22, 23, 30, 32, 36, 38], 1: [5, 11], 5: [9], 4: [13, 15], 6: [24, 25, 26], 3: [37]})
INFO:  current select feature name : ['6' '6+12' '13+12' '13+1+12' '13+9' '6+12/4' '13+12/4' '13+1+12/4'
 '6_reciprocal' '13+12_reciprocal' '13+7_reciprocal' '6/4_reciprocal']
INFO:  current select op : log
INFO:  current cluster : defaultdict(<class 'list'>, {0: [0, 1, 2, 3, 4, 6, 7, 8, 10, 12, 14, 16, 17, 18, 19, 21, 22, 23, 24, 25, 26, 27, 28, 31, 32, 33, 34, 35, 36, 37, 38, 39, 40, 41, 42, 43, 44, 45, 46, 47, 48, 49, 50, 51, 52, 53, 54, 55], 6: [5], 5: [9], 3: [11], 4: [13, 15], 1: [20, 29], 2: [30]})
INFO:  current select feature name : ['6_reciprocal']
INFO:  current select op : reciprocal
INFO:  current select feature name : ['13+1']
INFO:  current select op : sigmoid
INFO:  start to learn in model_c1
INFO:  start to learn in model_c2
INFO:  start to learn in model_op
INFO:  New performance is: -0.420284, Best performance is: 0.540610 (e9s6) Base performance is: 0.429525
INFO:  Episode 9, Step 8 ends!
INFO:  Current spend time for step-8 is: 62.5s
INFO:  current cluster : defaultdict(<class 'list'>, {2: [0, 1, 2, 4, 11, 13, 15, 16, 18, 19, 26, 27, 28, 30, 32, 33, 34, 38, 39, 40, 41, 42, 43, 44, 45, 46, 47, 48, 49, 50, 51, 52, 53, 54], 0: [3, 6, 7, 9, 17, 20, 21, 22, 23, 24, 25, 29, 31, 35, 37, 55], 6: [5], 5: [8], 4: [10], 1: [12, 14], 3: [36]})
INFO:  current select feature name : ['13']
INFO:  current select op : log
INFO:  current cluster : defaultdict(<class 'list'>, {0: [0, 1, 2, 3, 4, 6, 7, 9, 11, 13, 15, 16, 17, 18, 20, 21, 22, 23, 24, 25, 26, 27, 30, 31, 32, 33, 34, 35, 37, 38, 39, 40, 41, 42, 43, 44, 45, 46, 47, 48, 49, 50, 51, 52, 53, 54, 55], 1: [5, 10], 5: [8], 2: [12, 14], 3: [19, 28], 6: [29], 4: [36]})
INFO:  current select feature name : ['13+10+12' '13+11+12']
INFO:  current select op : log
INFO:  current cluster : defaultdict(<class 'list'>, {0: [0, 1, 2, 4, 11, 13, 15, 16, 18, 19, 26, 27, 28, 30, 32, 33, 34, 36, 38, 39, 40, 41, 42, 43, 44, 45, 46, 47, 48, 49, 50, 51, 52, 53, 54], 2: [3, 6, 17, 20, 23, 24, 25, 31, 35, 37, 55], 1: [5, 10], 6: [7, 9, 21, 22], 5: [8], 3: [12, 14], 4: [29]})
INFO:  current select feature name : ['13+12']
INFO:  current select op : minmax_scaler
INFO:  current select feature name : ['6']
INFO:  current select op : sigmoid
INFO:  start to learn in model_c1
INFO:  start to learn in model_c2
INFO:  start to learn in model_op
INFO:  New performance is: 0.332295, Best performance is: 0.540610 (e9s6) Base performance is: 0.429525
INFO:  Episode 9, Step 9 ends!
INFO:  Current spend time for step-9 is: 62.6s
INFO:  Total training time for is: 4728.9s
INFO:  Exploration ends!
INFO:  Begin evaluation...
INFO:  MAE on original is: -2.925, MAE on generated is: -1.790
INFO:  RMSE on original is: -38.261, RMSE on generated is: -19.514
INFO:  1-RAE on original is: 0.430, 1-RAE on generated is: 0.541
INFO:  Total using time: 4730.0s
