2026/03/18 23:01:52 - INFO : {'name': 'housing_boston', 'log_level': 'info', 'episodes': 10, 'steps': 10, 'enlarge_num': 4, 'memory': 8, 'a': 1, 'b': 1, 'c': 1, 'hidden_size': 64, 'batch_size': 8, 'replay_strategy': 'random', 'ent_weight': 0.001, 'init_w': 0.1, 'id': '0', 'ablation_mode': '', 'out_put': '.'}
2026/03/18 23:01:52 - INFO : running experiment on cpu
2026/03/18 23:01:52 - INFO : read the data from /home/pjanga/Group-wise-Reinforcement-Feature-Generation-for-Optimal-and-Explainable-Representation-Space-Reconst/data/processed/housing_boston.hdf
2026/03/18 23:01:52 - INFO : opt path is ./tmp/housing_boston_random_/
2026/03/18 23:01:53 - INFO : initialize the features...
2026/03/18 23:01:53 - INFO : initial memories with random
2026/03/18 23:01:55 - INFO : MAE on original is: -1.022, MAE on generated is: -1.022
2026/03/18 23:01:55 - INFO : RMSE on original is: -6.563, RMSE on generated is: -6.563
2026/03/18 23:01:55 - INFO : 1-RAE on original is: 0.668, 1-RAE on generated is: 0.668
2026/03/18 23:02:00 - INFO : start training, the original performance is 0.600461278835772
2026/03/18 23:02:02 - INFO : current cluster : defaultdict(<class 'list'>, {0: [0, 1, 2, 3, 5, 6, 7, 8, 9, 10, 11], 1: [4], 2: [12]})
2026/03/18 23:02:02 - INFO : current select feature name : ['13']
2026/03/18 23:02:02 - INFO : current select op : square
2026/03/18 23:02:06 - INFO : current select feature name : ['4']
2026/03/18 23:02:06 - INFO : current select op : log
2026/03/18 23:02:06 - INFO : New performance is: 0.594937, Best performance is: 0.600461 (e-1s-1) Base performance is: 0.600461
2026/03/18 23:02:06 - INFO : Episode 0, Step 0 ends!
2026/03/18 23:02:06 - INFO : Current spend time for step-0 is: 6.2s
2026/03/18 23:02:08 - INFO : current cluster : defaultdict(<class 'list'>, {0: [0, 1, 2, 3, 5, 7, 8, 9, 10, 11, 12, 13], 1: [4], 2: [6]})
2026/03/18 23:02:08 - INFO : current select feature name : ['4']
2026/03/18 23:02:08 - INFO : current select op : *
2026/03/18 23:02:08 - INFO : current select feature name : ['4']
2026/03/18 23:02:13 - INFO : current select feature name : ['4']
2026/03/18 23:02:13 - INFO : current select op : log
2026/03/18 23:02:13 - INFO : current select feature name : ['4*4']
2026/03/18 23:02:13 - INFO : New performance is: 0.588036, Best performance is: 0.600461 (e-1s-1) Base performance is: 0.600461
2026/03/18 23:02:13 - INFO : Episode 0, Step 1 ends!
2026/03/18 23:02:13 - INFO : Current spend time for step-1 is: 6.6s
2026/03/18 23:02:15 - INFO : current cluster : defaultdict(<class 'list'>, {0: [0, 1, 2, 3, 5, 6, 7, 8, 9, 10, 11, 12, 13], 2: [4], 1: [14]})
2026/03/18 23:02:15 - INFO : current select feature name : ['4*4']
2026/03/18 23:02:15 - INFO : current select op : sigmoid
2026/03/18 23:02:22 - INFO : current select feature name : ['4']
2026/03/18 23:02:22 - INFO : current select op : log
2026/03/18 23:02:22 - INFO : New performance is: 0.595557, Best performance is: 0.600461 (e-1s-1) Base performance is: 0.600461
2026/03/18 23:02:22 - INFO : Episode 0, Step 2 ends!
2026/03/18 23:02:22 - INFO : Current spend time for step-2 is: 8.9s
2026/03/18 23:02:25 - INFO : current cluster : defaultdict(<class 'list'>, {0: [0, 1, 2, 3, 5, 6, 7, 8, 9, 10, 11, 12, 13], 3: [4], 2: [14], 1: [15]})
2026/03/18 23:02:25 - INFO : current select feature name : ['10' '1' '2' '3' '5' '6' '7' '8' '9' '11' '12' '13' '13_square']
2026/03/18 23:02:25 - INFO : current select op : cos
2026/03/18 23:02:38 - INFO : current select feature name : ['4']
2026/03/18 23:02:38 - INFO : current select op : log
2026/03/18 23:02:38 - INFO : New performance is: 0.581180, Best performance is: 0.600461 (e-1s-1) Base performance is: 0.600461
2026/03/18 23:02:38 - INFO : Episode 0, Step 3 ends!
2026/03/18 23:02:38 - INFO : Current spend time for step-3 is: 16.9s
2026/03/18 23:02:48 - INFO : current cluster : defaultdict(<class 'list'>, {1: [0, 1, 2, 3, 5, 7, 8, 9, 10, 12, 13, 16, 17, 18, 19, 20, 22, 23, 24, 25, 27, 28], 2: [4], 0: [6, 21], 4: [11, 26], 3: [14, 15]})
2026/03/18 23:02:49 - INFO : current select feature name : ['10' '1' '2' '3' '5' '7' '8' '9' '11' '13' '13_square' '10_cos' '1_cos'
 '2_cos' '3_cos' '5_cos' '7_cos' '8_cos' '9_cos' '11_cos' '13_cos'
 '13_square_cos']
2026/03/18 23:02:49 - INFO : current select op : sigmoid
2026/03/18 23:03:25 - INFO : current select feature name : ['4']
2026/03/18 23:03:25 - INFO : current select op : log
2026/03/18 23:03:25 - INFO : New performance is: 0.586291, Best performance is: 0.600461 (e-1s-1) Base performance is: 0.600461
2026/03/18 23:03:25 - INFO : Episode 0, Step 4 ends!
2026/03/18 23:03:25 - INFO : Current spend time for step-4 is: 46.5s
2026/03/18 23:03:56 - INFO : current cluster : defaultdict(<class 'list'>, {0: [0, 1, 3, 5, 7, 8, 10, 12, 13, 16, 17, 19, 20, 22, 23, 25, 27, 28, 29, 30, 32, 33, 34, 35, 37, 38, 39, 40, 41, 43, 44, 45, 46, 48, 49, 50], 2: [2, 9, 11, 18, 24, 26, 31, 36, 42, 47], 4: [4], 6: [6], 3: [14], 5: [15], 1: [21]})
2026/03/18 23:03:57 - INFO : current select feature name : ['6_cos']
2026/03/18 23:03:57 - INFO : current select op : /
2026/03/18 23:03:57 - INFO : current select feature name : ['6_cos']
2026/03/18 23:04:32 - INFO : current select feature name : ['4']
2026/03/18 23:04:32 - INFO : current select op : log
2026/03/18 23:04:32 - INFO : current select feature name : ['4*4']
2026/03/18 23:04:32 - INFO : New performance is: 0.587927, Best performance is: 0.600461 (e-1s-1) Base performance is: 0.600461
2026/03/18 23:04:32 - INFO : Episode 0, Step 5 ends!
2026/03/18 23:04:32 - INFO : Current spend time for step-5 is: 67.1s
2026/03/18 23:05:05 - INFO : current cluster : defaultdict(<class 'list'>, {1: [0, 1, 3, 5, 7, 8, 10, 12, 13, 16, 17, 19, 20, 22, 23, 25, 27, 28, 29, 30, 32, 33, 34, 35, 37, 38, 39, 40, 41, 43, 44, 45, 46, 48, 49, 50], 2: [2, 9, 11, 18, 24, 26, 31, 36, 42, 47], 3: [4], 0: [6, 21], 5: [14], 4: [15], 6: [51]})
2026/03/18 23:05:06 - INFO : current select feature name : ['4*4']
2026/03/18 23:05:06 - INFO : current select op : /
2026/03/18 23:05:06 - INFO : current select feature name : ['10' '1' '3' '5' '7' '8' '11' '13' '13_square' '10_cos' '1_cos' '3_cos'
 '5_cos' '7_cos' '8_cos' '11_cos' '13_cos' '13_square_cos' '10_sigmoid'
 '1_sigmoid' '3_sigmoid' '5_sigmoid' '7_sigmoid' '8_sigmoid' '11_sigmoid'
 '13_sigmoid' '13_square_sigmoid' '10_cos_sigmoid' '1_cos_sigmoid'
 '3_cos_sigmoid' '5_cos_sigmoid' '7_cos_sigmoid' '8_cos_sigmoid'
 '11_cos_sigmoid' '13_cos_sigmoid' '13_square_cos_sigmoid']
2026/03/18 23:05:37 - INFO : current cluster : defaultdict(<class 'list'>, {1: [0, 1, 3, 5, 7, 8, 10, 12, 13, 16, 17, 19, 20, 22, 23, 25, 27, 28, 29, 30, 32, 33, 34, 35, 37, 38, 39, 40, 41, 43, 44, 45, 46, 48, 49, 50], 2: [2, 9, 18, 24, 31, 36, 42, 47], 3: [4], 0: [6, 21], 6: [11, 26], 5: [14], 4: [15, 51]})
2026/03/18 23:05:38 - INFO : current select feature name : ['4*4_sigmoid' '6_cos/6_cos']
2026/03/18 23:05:38 - INFO : current select op : tanh
2026/03/18 23:06:14 - INFO : current select feature name : ['4']
2026/03/18 23:06:14 - INFO : current select op : log
2026/03/18 23:06:14 - INFO : New performance is: 0.586519, Best performance is: 0.600461 (e-1s-1) Base performance is: 0.600461
2026/03/18 23:06:14 - INFO : Episode 0, Step 6 ends!
2026/03/18 23:06:14 - INFO : Current spend time for step-6 is: 68.4s
2026/03/18 23:06:52 - INFO : current cluster : defaultdict(<class 'list'>, {1: [0, 1, 3, 5, 7, 8, 10, 12, 13, 16, 17, 19, 20, 22, 23, 25, 27, 28, 29, 30, 32, 33, 34, 35, 37, 38, 39, 40, 41, 43, 44, 45, 46, 48, 49, 50], 6: [2, 9, 18, 24, 31, 36, 42, 47], 3: [4], 0: [6, 21], 2: [11, 26], 5: [14, 15, 51, 53], 4: [52]})
2026/03/18 23:06:53 - INFO : current select feature name : ['12' '12_cos']
2026/03/18 23:06:53 - INFO : current select op : /
2026/03/18 23:06:53 - INFO : current select feature name : ['4']
2026/03/18 23:07:39 - INFO : current select feature name : ['4']
2026/03/18 23:07:39 - INFO : current select op : log
2026/03/18 23:07:39 - INFO : current select feature name : ['4*4']
2026/03/18 23:07:39 - INFO : start to learn in model_c1
2026/03/18 23:07:39 - INFO : start to learn in model_op
2026/03/18 23:07:40 - INFO : New performance is: 0.581904, Best performance is: 0.600461 (e-1s-1) Base performance is: 0.600461
2026/03/18 23:07:40 - INFO : Episode 0, Step 7 ends!
2026/03/18 23:07:40 - INFO : Current spend time for step-7 is: 85.3s
2026/03/18 23:08:18 - INFO : current cluster : defaultdict(<class 'list'>, {0: [0, 1, 3, 5, 7, 8, 10, 11, 12, 13, 16, 17, 19, 20, 22, 23, 25, 26, 27, 28, 29, 30, 32, 33, 34, 35, 37, 38, 39, 40, 41, 43, 44, 45, 46, 48, 49, 50, 54, 55], 2: [2, 9, 18, 24, 31, 36, 42, 47], 3: [4], 6: [6], 5: [14, 51, 52], 1: [15, 53], 4: [21]})
2026/03/18 23:08:19 - INFO : current select feature name : ['4*4' '6_cos/6_cos' '4*4_sigmoid_tanh']
2026/03/18 23:08:19 - INFO : current select op : sin
2026/03/18 23:09:11 - INFO : current select feature name : ['6_cos']
2026/03/18 23:09:11 - INFO : current select op : sigmoid
2026/03/18 23:09:11 - INFO : start to learn in model_c1
2026/03/18 23:09:11 - INFO : start to learn in model_op
2026/03/18 23:09:11 - INFO : New performance is: 0.581910, Best performance is: 0.600461 (e-1s-1) Base performance is: 0.600461
2026/03/18 23:09:11 - INFO : Episode 0, Step 8 ends!
2026/03/18 23:09:11 - INFO : Current spend time for step-8 is: 91.4s
2026/03/18 23:09:53 - INFO : current cluster : defaultdict(<class 'list'>, {2: [0, 1, 3, 5, 7, 8, 10, 11, 12, 13, 15, 16, 18, 19, 21, 22, 24, 25, 26, 27, 28, 29, 31, 32, 33, 34, 36, 37, 38, 39, 40, 42, 43, 44, 45, 47, 48, 49, 51, 52], 6: [2, 9, 17, 23, 30, 35, 41, 46], 4: [4], 0: [6, 20], 3: [14], 1: [50, 53], 5: [54, 55]})
2026/03/18 23:09:54 - INFO : current select feature name : ['4*4']
2026/03/18 23:09:54 - INFO : current select op : sigmoid
2026/03/18 23:10:34 - INFO : current cluster : defaultdict(<class 'list'>, {0: [0, 1, 3, 5, 7, 8, 10, 12, 13, 15, 16, 18, 19, 21, 22, 24, 26, 27, 28, 29, 31, 32, 33, 34, 36, 37, 38, 39, 40, 42, 43, 44, 45, 47, 48, 49], 2: [2, 9, 11, 17, 23, 25, 30, 35, 41, 46, 51, 52], 3: [4, 54], 6: [6], 5: [14], 4: [20], 1: [50, 53, 55]})
2026/03/18 23:10:36 - INFO : current select feature name : ['4*4']
2026/03/18 23:10:36 - INFO : current select op : minmax_scaler
2026/03/18 23:11:20 - INFO : current select feature name : ['6_cos/6_cos_sin']
2026/03/18 23:11:20 - INFO : current select op : sigmoid
2026/03/18 23:11:20 - INFO : start to learn in model_c1
2026/03/18 23:11:20 - INFO : start to learn in model_op
2026/03/18 23:11:21 - INFO : New performance is: 0.580890, Best performance is: 0.600461 (e-1s-1) Base performance is: 0.600461
2026/03/18 23:11:21 - INFO : Episode 0, Step 9 ends!
2026/03/18 23:11:21 - INFO : Current spend time for step-9 is: 86.6s
2026/03/18 23:11:21 - INFO : Best performance is: 0.600461
2026/03/18 23:11:21 - INFO : Episode 0 ends!
2026/03/18 23:11:22 - INFO : current cluster : defaultdict(<class 'list'>, {0: [0, 1, 2, 3, 5, 6, 7, 8, 9, 10, 11], 1: [4], 2: [12]})
2026/03/18 23:11:23 - INFO : current select feature name : ['4']
2026/03/18 23:11:23 - INFO : current select op : sin
2026/03/18 23:11:26 - INFO : current select feature name : ['10' '1' '2' '3' '5' '6' '7' '8' '9' '11' '12']
2026/03/18 23:11:26 - INFO : current select op : sigmoid
2026/03/18 23:11:26 - INFO : start to learn in model_c1
2026/03/18 23:11:26 - INFO : start to learn in model_op
2026/03/18 23:11:26 - INFO : New performance is: 0.600653, Best performance is: 0.600653 (e1s0) Base performance is: 0.600461
2026/03/18 23:11:26 - INFO : Episode 1, Step 0 ends!
2026/03/18 23:11:26 - INFO : Current spend time for step-0 is: 5.8s
2026/03/18 23:11:29 - INFO : current cluster : defaultdict(<class 'list'>, {0: [0, 1, 2, 3, 5, 6, 7, 8, 9, 10, 11], 1: [4, 13], 2: [12]})
2026/03/18 23:11:29 - INFO : current select feature name : ['13']
2026/03/18 23:11:29 - INFO : current select op : log
2026/03/18 23:11:31 - INFO : current cluster : defaultdict(<class 'list'>, {0: [0, 1, 2, 3, 5, 6, 7, 8, 9, 10, 11], 1: [4, 13], 2: [12]})
2026/03/18 23:11:32 - INFO : current select feature name : ['4' '4_sin']
2026/03/18 23:11:32 - INFO : current select op : /
2026/03/18 23:11:32 - INFO : current select feature name : ['13']
2026/03/18 23:11:36 - INFO : current select feature name : ['4' '4_sin']
2026/03/18 23:11:36 - INFO : current select op : sigmoid
2026/03/18 23:11:36 - INFO : current select feature name : ['12']
2026/03/18 23:11:36 - INFO : start to learn in model_c1
2026/03/18 23:11:36 - INFO : start to learn in model_op
2026/03/18 23:11:36 - INFO : New performance is: 0.579393, Best performance is: 0.600653 (e1s0) Base performance is: 0.600461
2026/03/18 23:11:36 - INFO : Episode 1, Step 1 ends!
2026/03/18 23:11:36 - INFO : Current spend time for step-1 is: 6.7s
2026/03/18 23:11:39 - INFO : current cluster : defaultdict(<class 'list'>, {0: [0, 1, 2, 3, 5, 7, 8, 9, 10], 3: [4, 13], 1: [6, 12, 14, 15], 2: [11]})
2026/03/18 23:11:40 - INFO : current select feature name : ['6' '13' '4/13' '4_sin/13']
2026/03/18 23:11:40 - INFO : current select op : minmax_scaler
2026/03/18 23:11:47 - INFO : current select feature name : ['2']
2026/03/18 23:11:47 - INFO : current select op : sigmoid
2026/03/18 23:11:47 - INFO : start to learn in model_c1
2026/03/18 23:11:47 - INFO : start to learn in model_op
2026/03/18 23:11:47 - INFO : New performance is: 0.576177, Best performance is: 0.600653 (e1s0) Base performance is: 0.600461
2026/03/18 23:11:47 - INFO : Episode 1, Step 2 ends!
2026/03/18 23:11:47 - INFO : Current spend time for step-2 is: 10.9s
2026/03/18 23:11:52 - INFO : current cluster : defaultdict(<class 'list'>, {0: [0, 1, 2, 3, 5, 7, 8, 9, 10], 3: [4, 13], 1: [6, 12, 14, 15, 16, 17, 18, 19], 2: [11]})
2026/03/18 23:11:52 - INFO : current select feature name : ['6' '13' '4/13' '4_sin/13' '6_minmax_scaler' '13_minmax_scaler'
 '4/13_minmax_scaler' '4_sin/13_minmax_scaler']
2026/03/18 23:11:52 - INFO : current select op : stand_scaler
2026/03/18 23:12:05 - INFO : current select feature name : ['9']
2026/03/18 23:12:05 - INFO : current select op : sigmoid
2026/03/18 23:12:05 - INFO : start to learn in model_c1
2026/03/18 23:12:05 - INFO : start to learn in model_op
2026/03/18 23:12:05 - INFO : New performance is: 0.578524, Best performance is: 0.600653 (e1s0) Base performance is: 0.600461
2026/03/18 23:12:05 - INFO : Episode 1, Step 3 ends!
2026/03/18 23:12:05 - INFO : Current spend time for step-3 is: 18.1s
2026/03/18 23:12:15 - INFO : current cluster : defaultdict(<class 'list'>, {0: [0, 1, 3, 5, 7, 8, 9, 10], 3: [2], 1: [4, 13], 4: [6, 12, 14, 15, 16, 17, 18, 19, 20, 21, 22, 23, 24, 25, 26, 27], 2: [11]})
2026/03/18 23:12:16 - INFO : current select feature name : ['12']
2026/03/18 23:12:16 - INFO : current select op : +
2026/03/18 23:12:16 - INFO : current select feature name : ['12']
2026/03/18 23:12:29 - INFO : current select feature name : ['4']
2026/03/18 23:12:29 - INFO : current select op : sigmoid
2026/03/18 23:12:29 - INFO : current select feature name : ['12' '12+12']
2026/03/18 23:12:29 - INFO : start to learn in model_c1
2026/03/18 23:12:29 - INFO : start to learn in model_op
2026/03/18 23:12:29 - INFO : New performance is: 0.575789, Best performance is: 0.600653 (e1s0) Base performance is: 0.600461
2026/03/18 23:12:29 - INFO : Episode 1, Step 4 ends!
2026/03/18 23:12:29 - INFO : Current spend time for step-4 is: 23.7s
2026/03/18 23:12:41 - INFO : current cluster : defaultdict(<class 'list'>, {0: [0, 1, 3, 5, 7, 8, 9, 10], 3: [2], 4: [4, 13], 1: [6, 12, 14, 15, 16, 17, 18, 19, 20, 21, 22, 23, 24, 25, 26, 27], 2: [11, 28]})
2026/03/18 23:12:42 - INFO : current select feature name : ['12' '12+12']
2026/03/18 23:12:42 - INFO : current select op : *
2026/03/18 23:12:42 - INFO : current select feature name : ['4' '4_sin']
2026/03/18 23:13:00 - INFO : current select feature name : ['2']
2026/03/18 23:13:00 - INFO : current select op : sigmoid
2026/03/18 23:13:00 - INFO : current select feature name : ['2']
2026/03/18 23:13:00 - INFO : start to learn in model_c1
2026/03/18 23:13:00 - INFO : start to learn in model_op
2026/03/18 23:13:00 - INFO : New performance is: 0.576778, Best performance is: 0.600653 (e1s0) Base performance is: 0.600461
2026/03/18 23:13:00 - INFO : Episode 1, Step 5 ends!
2026/03/18 23:13:00 - INFO : Current spend time for step-5 is: 31.4s
2026/03/18 23:13:13 - INFO : current cluster : defaultdict(<class 'list'>, {0: [0, 1, 3, 5, 7, 8, 10], 4: [2, 9], 3: [4, 13], 1: [6, 12, 14, 15, 16, 17, 18, 19, 20, 21, 22, 23, 24, 25, 26, 27], 2: [11, 28, 29, 30, 31, 32]})
2026/03/18 23:13:14 - INFO : current select feature name : ['10' '1' '3' '5' '7' '8' '11']
2026/03/18 23:13:14 - INFO : current select op : log
2026/03/18 23:13:29 - INFO : current cluster : defaultdict(<class 'list'>, {0: [0, 1, 3, 5, 7, 8, 9, 10], 4: [2], 3: [4, 13], 1: [6, 12, 14, 15, 16, 17, 18, 19, 20, 21, 22, 23, 24, 25, 26, 27], 2: [11, 28, 29, 30, 31, 32]})
2026/03/18 23:13:29 - INFO : current select feature name : ['6' '13' '4/13' '4_sin/13' '6_minmax_scaler' '13_minmax_scaler'
 '4/13_minmax_scaler' '4_sin/13_minmax_scaler' '6_stand_scaler'
 '13_stand_scaler' '4/13_stand_scaler' '4_sin/13_stand_scaler'
 '6_minmax_scaler_stand_scaler' '13_minmax_scaler_stand_scaler'
 '4/13_minmax_scaler_stand_scaler' '4_sin/13_minmax_scaler_stand_scaler']
2026/03/18 23:13:29 - INFO : current select op : sigmoid
2026/03/18 23:14:03 - INFO : current select feature name : ['2']
2026/03/18 23:14:03 - INFO : current select op : sigmoid
2026/03/18 23:14:03 - INFO : start to learn in model_c1
2026/03/18 23:14:03 - INFO : start to learn in model_op
2026/03/18 23:14:03 - INFO : New performance is: 0.571565, Best performance is: 0.600653 (e1s0) Base performance is: 0.600461
2026/03/18 23:14:03 - INFO : Episode 1, Step 6 ends!
2026/03/18 23:14:03 - INFO : Current spend time for step-6 is: 49.7s
2026/03/18 23:14:31 - INFO : current cluster : defaultdict(<class 'list'>, {2: [0, 1, 3, 5, 10], 0: [2, 9], 6: [4], 3: [6, 12, 14, 15, 16, 17, 18, 19, 20, 21, 22, 23, 24, 25, 26, 27, 33, 34, 35, 36, 37, 38, 39, 40, 41, 42, 43, 44, 45, 46, 47, 48], 1: [7, 8], 5: [11, 28, 29, 30, 31, 32], 4: [13]})
2026/03/18 23:14:32 - INFO : current select feature name : ['4_sin']
2026/03/18 23:14:32 - INFO : current select op : cos
2026/03/18 23:15:05 - INFO : current select feature name : ['2']
2026/03/18 23:15:05 - INFO : current select op : sigmoid
2026/03/18 23:15:05 - INFO : start to learn in model_c1
2026/03/18 23:15:05 - INFO : start to learn in model_op
2026/03/18 23:15:05 - INFO : New performance is: 0.570471, Best performance is: 0.600653 (e1s0) Base performance is: 0.600461
2026/03/18 23:15:05 - INFO : Episode 1, Step 7 ends!
2026/03/18 23:15:05 - INFO : Current spend time for step-7 is: 61.2s
2026/03/18 23:15:34 - INFO : current cluster : defaultdict(<class 'list'>, {0: [0, 1, 3, 5, 7, 8, 10], 5: [2], 2: [4, 13], 1: [6, 12, 14, 15, 16, 17, 18, 19, 20, 21, 22, 23, 24, 25, 26, 27, 33, 34, 35, 36, 37, 38, 39, 40, 41, 42, 43, 44, 45, 46, 47, 48], 6: [9], 4: [11, 28, 29, 30, 31, 32], 3: [49]})
2026/03/18 23:15:35 - INFO : current select feature name : ['12' '12+12' '12*4' '12*4_sin' '12+12*4' '12+12*4_sin']
2026/03/18 23:15:35 - INFO : current select op : sin
2026/03/18 23:16:18 - INFO : current select feature name : ['4_sin_cos']
2026/03/18 23:16:18 - INFO : current select op : sigmoid
2026/03/18 23:16:18 - INFO : start to learn in model_c1
2026/03/18 23:16:18 - INFO : start to learn in model_op
2026/03/18 23:16:18 - INFO : New performance is: 0.560895, Best performance is: 0.600653 (e1s0) Base performance is: 0.600461
2026/03/18 23:16:18 - INFO : Episode 1, Step 8 ends!
2026/03/18 23:16:18 - INFO : Current spend time for step-8 is: 73.6s
2026/03/18 23:16:53 - INFO : current cluster : defaultdict(<class 'list'>, {2: [0, 1, 3, 5, 10], 0: [2, 9], 5: [4, 13], 1: [6, 12, 14, 15, 16, 17, 18, 19, 20, 21, 22, 23, 24, 25, 26, 27, 33, 34, 35, 36, 37, 38, 39, 40, 41, 42, 43, 44, 45, 46, 47, 48], 6: [7, 8], 4: [11, 28, 29, 30, 31, 32, 50, 51, 52, 53], 3: [49]})
2026/03/18 23:16:54 - INFO : current select feature name : ['4_sin_cos']
2026/03/18 23:16:54 - INFO : current select op : sin
2026/03/18 23:17:38 - INFO : current select feature name : ['9']
2026/03/18 23:17:38 - INFO : current select op : sigmoid
2026/03/18 23:17:38 - INFO : start to learn in model_c1
2026/03/18 23:17:38 - INFO : start to learn in model_op
2026/03/18 23:17:38 - INFO : New performance is: 0.569760, Best performance is: 0.600653 (e1s0) Base performance is: 0.600461
2026/03/18 23:17:38 - INFO : Episode 1, Step 9 ends!
2026/03/18 23:17:38 - INFO : Current spend time for step-9 is: 80.0s
2026/03/18 23:17:41 - INFO : current cluster : defaultdict(<class 'list'>, {0: [0, 1, 2, 3, 5, 6, 7, 8, 9, 10, 12], 1: [4], 2: [11]})
2026/03/18 23:17:41 - INFO : current select feature name : ['12']
2026/03/18 23:17:41 - INFO : current select op : cos
2026/03/18 23:17:45 - INFO : current select feature name : ['4']
2026/03/18 23:17:45 - INFO : current select op : sigmoid
2026/03/18 23:17:45 - INFO : start to learn in model_c1
2026/03/18 23:17:45 - INFO : start to learn in model_op
2026/03/18 23:17:45 - INFO : New performance is: 0.596723, Best performance is: 0.600653 (e1s0) Base performance is: 0.600461
2026/03/18 23:17:45 - INFO : Episode 2, Step 0 ends!
2026/03/18 23:17:45 - INFO : Current spend time for step-0 is: 7.1s
2026/03/18 23:17:48 - INFO : current cluster : defaultdict(<class 'list'>, {0: [0, 1, 2, 3, 5, 6, 7, 8, 9, 10, 11, 13], 1: [4], 2: [12]})
2026/03/18 23:17:48 - INFO : current select feature name : ['13']
2026/03/18 23:17:48 - INFO : current select op : cos
2026/03/18 23:17:53 - INFO : current select feature name : ['4']
2026/03/18 23:17:53 - INFO : current select op : sigmoid
2026/03/18 23:17:53 - INFO : start to learn in model_c1
2026/03/18 23:17:53 - INFO : start to learn in model_op
2026/03/18 23:17:53 - INFO : New performance is: 0.589123, Best performance is: 0.600653 (e1s0) Base performance is: 0.600461
2026/03/18 23:17:53 - INFO : Episode 2, Step 1 ends!
2026/03/18 23:17:53 - INFO : Current spend time for step-1 is: 7.8s
2026/03/18 23:17:55 - INFO : current cluster : defaultdict(<class 'list'>, {0: [0, 1, 2, 3, 5, 6, 7, 8, 9, 10, 12, 14], 1: [4], 2: [11, 13]})
2026/03/18 23:17:56 - INFO : current select feature name : ['10' '1' '2' '3' '5' '6' '7' '8' '9' '11' '13' '13_cos']
2026/03/18 23:17:56 - INFO : current select op : -
2026/03/18 23:17:56 - INFO : current select feature name : ['4']
2026/03/18 23:18:10 - INFO : current select feature name : ['4']
2026/03/18 23:18:10 - INFO : current select op : sigmoid
2026/03/18 23:18:10 - INFO : current select feature name : ['12' '12_cos']
2026/03/18 23:18:10 - INFO : start to learn in model_c1
2026/03/18 23:18:10 - INFO : start to learn in model_op
2026/03/18 23:18:10 - INFO : New performance is: 0.590353, Best performance is: 0.600653 (e1s0) Base performance is: 0.600461
2026/03/18 23:18:10 - INFO : Episode 2, Step 2 ends!
2026/03/18 23:18:10 - INFO : Current spend time for step-2 is: 16.7s
2026/03/18 23:18:19 - INFO : current cluster : defaultdict(<class 'list'>, {0: [0, 1, 3, 5, 6, 7, 8, 10, 12, 14, 15, 16, 18, 19, 20, 21, 22, 24, 25, 26], 4: [2, 17], 3: [4], 1: [9, 23], 2: [11, 13]})
2026/03/18 23:18:19 - INFO : current select feature name : ['2' '2-4']
2026/03/18 23:18:19 - INFO : current select op : minmax_scaler
2026/03/18 23:18:34 - INFO : current select feature name : ['4']
2026/03/18 23:18:34 - INFO : current select op : sigmoid
2026/03/18 23:18:34 - INFO : start to learn in model_c1
2026/03/18 23:18:34 - INFO : start to learn in model_op
2026/03/18 23:18:34 - INFO : New performance is: 0.593000, Best performance is: 0.600653 (e1s0) Base performance is: 0.600461
2026/03/18 23:18:34 - INFO : Episode 2, Step 3 ends!
2026/03/18 23:18:34 - INFO : Current spend time for step-3 is: 23.9s
2026/03/18 23:18:42 - INFO : current cluster : defaultdict(<class 'list'>, {0: [0, 1, 3, 5, 6, 7, 8, 10, 14, 15, 16, 18, 19, 20, 21, 22, 24, 26], 1: [2, 9, 17, 23, 27, 28], 3: [4], 2: [11, 13], 4: [12, 25]})
2026/03/18 23:18:43 - INFO : current select feature name : ['10' '1' '3' '5' '6' '7' '8' '11' '13_cos' '10-4' '1-4' '3-4' '5-4' '6-4'
 '7-4' '8-4' '11-4' '13_cos-4']
2026/03/18 23:18:43 - INFO : current select op : square
2026/03/18 23:19:13 - INFO : current select feature name : ['4']
2026/03/18 23:19:13 - INFO : current select op : sigmoid
2026/03/18 23:19:13 - INFO : start to learn in model_c1
2026/03/18 23:19:13 - INFO : start to learn in model_op
2026/03/18 23:19:13 - INFO : New performance is: 0.583383, Best performance is: 0.600653 (e1s0) Base performance is: 0.600461
2026/03/18 23:19:13 - INFO : Episode 2, Step 4 ends!
2026/03/18 23:19:13 - INFO : Current spend time for step-4 is: 39.2s
2026/03/18 23:19:42 - INFO : current cluster : defaultdict(<class 'list'>, {0: [0, 1, 3, 5, 6, 7, 8, 9, 10, 14, 15, 16, 18, 19, 20, 21, 22, 23, 24, 26, 29, 30, 31, 32, 35, 36, 37, 38, 39, 40, 41, 42, 43, 44, 45, 46], 2: [2, 11, 13, 17, 27, 28], 3: [4], 1: [12, 25], 4: [33], 5: [34]})
2026/03/18 23:19:43 - INFO : current select feature name : ['2' '12' '12_cos' '2-4' '2_minmax_scaler' '2-4_minmax_scaler']
2026/03/18 23:19:43 - INFO : current select op : square
2026/03/18 23:20:23 - INFO : current select feature name : ['4']
2026/03/18 23:20:23 - INFO : current select op : sigmoid
2026/03/18 23:20:23 - INFO : start to learn in model_c1
2026/03/18 23:20:23 - INFO : start to learn in model_op
2026/03/18 23:20:23 - INFO : New performance is: 0.589684, Best performance is: 0.600653 (e1s0) Base performance is: 0.600461
2026/03/18 23:20:23 - INFO : Episode 2, Step 5 ends!
2026/03/18 23:20:23 - INFO : Current spend time for step-5 is: 70.2s
2026/03/18 23:21:02 - INFO : current cluster : defaultdict(<class 'list'>, {2: [0, 1, 3, 5, 7, 8, 10, 14, 15, 16, 18, 19, 21, 22, 24, 26, 29, 30, 31, 32, 35, 36, 37, 38, 40, 41, 43, 44, 45, 46], 0: [2, 9, 11, 13, 17, 23, 27, 28, 39, 47, 48, 49, 50, 51, 52], 3: [4], 1: [6, 20, 42], 6: [12, 25], 4: [33], 5: [34]})
2026/03/18 23:21:03 - INFO : current select feature name : ['6_square']
2026/03/18 23:21:03 - INFO : current select op : minmax_scaler
2026/03/18 23:21:40 - INFO : current select feature name : ['4']
2026/03/18 23:21:40 - INFO : current select op : sigmoid
2026/03/18 23:21:40 - INFO : start to learn in model_c1
2026/03/18 23:21:40 - INFO : start to learn in model_op
2026/03/18 23:21:40 - INFO : New performance is: 0.593513, Best performance is: 0.600653 (e1s0) Base performance is: 0.600461
2026/03/18 23:21:40 - INFO : Episode 2, Step 6 ends!
2026/03/18 23:21:40 - INFO : Current spend time for step-6 is: 77.1s
2026/03/18 23:22:19 - INFO : current cluster : defaultdict(<class 'list'>, {1: [0, 1, 3, 5, 6, 7, 8, 10, 14, 15, 16, 18, 19, 20, 21, 22, 24, 26, 29, 30, 31, 32, 35, 36, 37, 38, 40, 41, 42, 43, 44, 45, 46], 0: [2, 11, 13, 17, 27, 28, 47, 48, 49, 50, 51, 52], 3: [4], 2: [9, 23, 39], 6: [12, 25], 5: [33, 53], 4: [34]})
2026/03/18 23:22:20 - INFO : current select feature name : ['13' '13-4']
2026/03/18 23:22:20 - INFO : current select op : sin
2026/03/18 23:23:05 - INFO : current select feature name : ['4']
2026/03/18 23:23:05 - INFO : current select op : sigmoid
2026/03/18 23:23:05 - INFO : start to learn in model_c1
2026/03/18 23:23:05 - INFO : start to learn in model_op
2026/03/18 23:23:05 - INFO : New performance is: 0.590262, Best performance is: 0.600653 (e1s0) Base performance is: 0.600461
2026/03/18 23:23:05 - INFO : Episode 2, Step 7 ends!
2026/03/18 23:23:05 - INFO : Current spend time for step-7 is: 84.6s
2026/03/18 23:23:43 - INFO : current cluster : defaultdict(<class 'list'>, {0: [0, 1, 3, 5, 6, 7, 8, 9, 10, 14, 15, 16, 18, 19, 20, 21, 22, 23, 24, 26, 29, 30, 31, 32, 35, 36, 37, 38, 39, 40, 41, 42, 43, 44, 45, 46], 1: [2, 17, 27, 28, 47, 50, 51, 52], 3: [4], 2: [11, 13, 48, 49], 4: [12, 25, 54, 55], 5: [33, 53], 6: [34]})
2026/03/18 23:23:44 - INFO : current select feature name : ['4']
2026/03/18 23:23:44 - INFO : current select op : -
2026/03/18 23:23:44 - INFO : current select feature name : ['7_square']
2026/03/18 23:24:28 - INFO : current select feature name : ['4']
2026/03/18 23:24:28 - INFO : current select op : sigmoid
2026/03/18 23:24:28 - INFO : current select feature name : ['12_cos' '12_square' '12_cos_square']
2026/03/18 23:24:28 - INFO : start to learn in model_c1
2026/03/18 23:24:28 - INFO : start to learn in model_c2
2026/03/18 23:24:28 - INFO : start to learn in model_op
2026/03/18 23:24:29 - INFO : New performance is: 0.583505, Best performance is: 0.600653 (e1s0) Base performance is: 0.600461
2026/03/18 23:24:29 - INFO : Episode 2, Step 8 ends!
2026/03/18 23:24:29 - INFO : Current spend time for step-8 is: 84.0s
2026/03/18 23:25:08 - INFO : current cluster : defaultdict(<class 'list'>, {0: [0, 1, 3, 4, 6, 7, 9, 13, 14, 15, 17, 18, 20, 21, 23, 25, 28, 29, 30, 31, 32, 33, 34, 35, 36, 37, 39, 40, 41, 42, 43, 44, 45, 52, 55], 4: [2, 16, 26, 27, 46, 49, 50, 51], 6: [5, 19], 1: [8, 22, 38], 5: [10], 2: [11, 24, 53, 54], 3: [12, 47, 48]})
2026/03/18 23:25:09 - INFO : current select feature name : ['13' '2_square' '12_square']
2026/03/18 23:25:09 - INFO : current select op : *
2026/03/18 23:25:09 - INFO : current select feature name : ['11']
2026/03/18 23:25:57 - INFO : current select feature name : ['6_square' '6_square_minmax_scaler']
2026/03/18 23:25:57 - INFO : current select op : sigmoid
2026/03/18 23:25:57 - INFO : current select feature name : ['6_square' '6_square_minmax_scaler']
2026/03/18 23:25:57 - INFO : start to learn in model_c1
2026/03/18 23:25:57 - INFO : start to learn in model_c2
2026/03/18 23:25:57 - INFO : start to learn in model_op
2026/03/18 23:25:57 - INFO : New performance is: 0.575886, Best performance is: 0.600653 (e1s0) Base performance is: 0.600461
2026/03/18 23:25:57 - INFO : Episode 2, Step 9 ends!
2026/03/18 23:25:57 - INFO : Current spend time for step-9 is: 88.7s
2026/03/18 23:26:00 - INFO : current cluster : defaultdict(<class 'list'>, {0: [0, 1, 2, 3, 5, 6, 7, 8, 9, 10, 12], 1: [4], 2: [11]})
2026/03/18 23:26:00 - INFO : current select feature name : ['5']
2026/03/18 23:26:00 - INFO : current select op : log
2026/03/18 23:26:02 - INFO : current cluster : defaultdict(<class 'list'>, {0: [0, 1, 2, 3, 5, 6, 7, 8, 9, 10, 12], 1: [4], 2: [11]})
2026/03/18 23:26:02 - INFO : current select feature name : ['5']
2026/03/18 23:26:02 - INFO : current select op : log
2026/03/18 23:26:04 - INFO : current cluster : defaultdict(<class 'list'>, {2: [0, 1, 2, 3, 5, 7, 8, 9, 10, 11], 1: [4], 0: [6, 12]})
2026/03/18 23:26:04 - INFO : current select feature name : ['5']
2026/03/18 23:26:04 - INFO : current select op : -
2026/03/18 23:26:04 - INFO : current select feature name : ['7' '12_cos']
2026/03/18 23:26:09 - INFO : current select feature name : ['4']
2026/03/18 23:26:09 - INFO : current select op : sigmoid
2026/03/18 23:26:09 - INFO : current select feature name : ['4']
2026/03/18 23:26:09 - INFO : start to learn in model_c1
2026/03/18 23:26:09 - INFO : start to learn in model_c2
2026/03/18 23:26:09 - INFO : start to learn in model_op
2026/03/18 23:26:09 - INFO : New performance is: 0.601345, Best performance is: 0.601345 (e3s0) Base performance is: 0.600461
2026/03/18 23:26:09 - INFO : Episode 3, Step 0 ends!
2026/03/18 23:26:09 - INFO : Current spend time for step-0 is: 6.8s
2026/03/18 23:26:12 - INFO : current cluster : defaultdict(<class 'list'>, {0: [0, 1, 2, 3, 5, 6, 7, 8, 9, 10, 12, 13, 14], 1: [4], 2: [11]})
2026/03/18 23:26:12 - INFO : current select feature name : ['4']
2026/03/18 23:26:12 - INFO : current select op : tanh
2026/03/18 23:26:17 - INFO : current select feature name : ['13' '5-12_cos']
2026/03/18 23:26:17 - INFO : current select op : sigmoid
2026/03/18 23:26:17 - INFO : start to learn in model_c1
2026/03/18 23:26:17 - INFO : start to learn in model_c2
2026/03/18 23:26:17 - INFO : start to learn in model_op
2026/03/18 23:26:17 - INFO : New performance is: 0.605339, Best performance is: 0.605339 (e3s1) Base performance is: 0.600461
2026/03/18 23:26:17 - INFO : Episode 3, Step 1 ends!
2026/03/18 23:26:17 - INFO : Current spend time for step-1 is: 7.9s
2026/03/18 23:26:20 - INFO : current cluster : defaultdict(<class 'list'>, {0: [0, 1, 2, 3, 5, 7, 8, 9, 10, 11], 1: [4, 15], 3: [6, 13], 2: [12, 14]})
2026/03/18 23:26:20 - INFO : current select feature name : ['4' '4_tanh']
2026/03/18 23:26:20 - INFO : current select op : tanh
2026/03/18 23:26:26 - INFO : current select feature name : ['13' '5-12_cos']
2026/03/18 23:26:26 - INFO : current select op : sigmoid
2026/03/18 23:26:26 - INFO : start to learn in model_c1
2026/03/18 23:26:26 - INFO : start to learn in model_c2
2026/03/18 23:26:26 - INFO : start to learn in model_op
2026/03/18 23:26:26 - INFO : New performance is: 0.604668, Best performance is: 0.605339 (e3s1) Base performance is: 0.600461
2026/03/18 23:26:26 - INFO : Episode 3, Step 2 ends!
2026/03/18 23:26:26 - INFO : Current spend time for step-2 is: 9.3s
2026/03/18 23:26:30 - INFO : current cluster : defaultdict(<class 'list'>, {0: [0, 1, 2, 3, 5, 7, 8, 9, 10, 11], 1: [4, 15, 16], 3: [6, 13], 2: [12, 14]})
2026/03/18 23:26:30 - INFO : current select feature name : ['10' '1' '2' '3' '5' '7' '8' '9' '11' '12']
2026/03/18 23:26:30 - INFO : current select op : -
2026/03/18 23:26:30 - INFO : current select feature name : ['4' '4_tanh' '4_tanh_tanh']
2026/03/18 23:27:00 - INFO : current select feature name : ['4_tanh_tanh']
2026/03/18 23:27:00 - INFO : current select op : sigmoid
2026/03/18 23:27:00 - INFO : current select feature name : ['10' '1' '3' '5' '7' '8' '11' '10-4' '10-4_tanh' '10-4_tanh_tanh' '1-4'
 '1-4_tanh' '1-4_tanh_tanh' '3-4' '3-4_tanh' '3-4_tanh_tanh' '5-4'
 '5-4_tanh' '5-4_tanh_tanh' '7-4' '7-4_tanh' '7-4_tanh_tanh' '8-4'
 '8-4_tanh' '8-4_tanh_tanh' '11-4' '11-4_tanh' '11-4_tanh_tanh']
2026/03/18 23:27:00 - INFO : start to learn in model_c1
2026/03/18 23:27:00 - INFO : start to learn in model_c2
2026/03/18 23:27:00 - INFO : start to learn in model_op
2026/03/18 23:27:00 - INFO : New performance is: 0.599292, Best performance is: 0.605339 (e3s1) Base performance is: 0.600461
2026/03/18 23:27:00 - INFO : Episode 3, Step 3 ends!
2026/03/18 23:27:00 - INFO : Current spend time for step-3 is: 33.7s
2026/03/18 23:27:27 - INFO : current cluster : defaultdict(<class 'list'>, {1: [0, 1, 3, 5, 7, 8, 10, 17, 18, 19, 20, 21, 22, 26, 27, 28, 29, 30, 31, 32, 33, 34, 35, 36, 37, 41, 42, 43], 0: [2, 11, 23, 24, 25, 44, 45, 46], 4: [4, 15, 16], 3: [6, 13], 5: [9, 38, 39, 40], 2: [12, 14]})
2026/03/18 23:27:28 - INFO : current select feature name : ['2' '12' '2-4' '2-4_tanh' '2-4_tanh_tanh' '12-4' '12-4_tanh'
 '12-4_tanh_tanh']
2026/03/18 23:27:28 - INFO : current select op : reciprocal
2026/03/18 23:28:08 - INFO : current select feature name : ['2' '12' '2-4' '2-4_tanh' '2-4_tanh_tanh' '12-4' '12-4_tanh'
 '12-4_tanh_tanh' '2_reciprocal' '12_reciprocal' '2-4_tanh_reciprocal'
 '2-4_tanh_tanh_reciprocal' '12-4_tanh_reciprocal'
 '12-4_tanh_tanh_reciprocal']
2026/03/18 23:28:08 - INFO : current select op : sigmoid
2026/03/18 23:28:08 - INFO : start to learn in model_c1
2026/03/18 23:28:08 - INFO : start to learn in model_c2
2026/03/18 23:28:08 - INFO : start to learn in model_op
2026/03/18 23:28:08 - INFO : New performance is: 0.592853, Best performance is: 0.605339 (e3s1) Base performance is: 0.600461
2026/03/18 23:28:08 - INFO : Episode 3, Step 4 ends!
2026/03/18 23:28:08 - INFO : Current spend time for step-4 is: 67.9s
2026/03/18 23:28:44 - INFO : current cluster : defaultdict(<class 'list'>, {2: [0, 1, 3, 5, 7, 8, 10, 17, 18, 19, 20, 21, 22, 26, 27, 28, 29, 30, 31, 32, 33, 34, 35, 36, 37, 41, 42, 43], 0: [2, 9, 11, 23, 24, 25, 38, 39, 40, 44, 45, 46, 47, 48, 49, 50, 51, 52], 4: [4], 3: [6, 13], 1: [12, 14], 5: [15], 6: [16]})
2026/03/18 23:28:45 - INFO : current select feature name : ['4_tanh_tanh']
2026/03/18 23:28:45 - INFO : current select op : sigmoid
2026/03/18 23:29:25 - INFO : current select feature name : ['12-4_tanh_reciprocal' '12-4_tanh_tanh_reciprocal']
2026/03/18 23:29:25 - INFO : current select op : sigmoid
2026/03/18 23:29:25 - INFO : start to learn in model_c1
2026/03/18 23:29:25 - INFO : start to learn in model_c2
2026/03/18 23:29:25 - INFO : start to learn in model_op
2026/03/18 23:29:25 - INFO : New performance is: 0.588309, Best performance is: 0.605339 (e3s1) Base performance is: 0.600461
2026/03/18 23:29:25 - INFO : Episode 3, Step 5 ends!
2026/03/18 23:29:25 - INFO : Current spend time for step-5 is: 76.8s
2026/03/18 23:29:59 - INFO : current cluster : defaultdict(<class 'list'>, {4: [0, 1, 3, 5, 7, 8, 10, 17, 18, 19, 20, 21, 22, 26, 27, 28, 29, 30, 31, 32, 33, 34, 35, 36, 37, 41, 42, 43], 0: [2, 11, 23, 24, 25, 44, 45, 46, 47, 48, 49, 50, 51, 52], 1: [4, 15, 16], 6: [6, 13], 2: [9, 38, 39, 40], 3: [12, 14], 5: [53]})
2026/03/18 23:30:00 - INFO : current select feature name : ['4' '4_tanh' '4_tanh_tanh']
2026/03/18 23:30:00 - INFO : current select op : stand_scaler
2026/03/18 23:30:45 - INFO : current select feature name : ['12-4_tanh_reciprocal' '12-4_tanh_tanh_reciprocal']
2026/03/18 23:30:45 - INFO : current select op : sigmoid
2026/03/18 23:30:45 - INFO : start to learn in model_c1
2026/03/18 23:30:45 - INFO : start to learn in model_c2
2026/03/18 23:30:45 - INFO : start to learn in model_op
2026/03/18 23:30:46 - INFO : New performance is: 0.596889, Best performance is: 0.605339 (e3s1) Base performance is: 0.600461
2026/03/18 23:30:46 - INFO : Episode 3, Step 6 ends!
2026/03/18 23:30:46 - INFO : Current spend time for step-6 is: 80.9s
2026/03/18 23:31:26 - INFO : current cluster : defaultdict(<class 'list'>, {4: [0, 1, 3, 4, 6, 7, 9, 16, 17, 18, 19, 20, 21, 25, 26, 27, 28, 29, 30, 31, 32, 33, 34, 35, 36, 40, 41, 42], 0: [2, 10, 22, 23, 24, 43, 44, 45, 46, 47, 48, 49, 50, 51], 6: [5, 12], 2: [8, 37, 38, 39], 3: [11, 13], 1: [14, 15, 52, 54, 55], 5: [53]})
2026/03/18 23:31:26 - INFO : current select feature name : ['4_tanh_tanh_sigmoid']
2026/03/18 23:31:26 - INFO : current select op : reciprocal
2026/03/18 23:32:11 - INFO : current select feature name : ['4_tanh_tanh']
2026/03/18 23:32:11 - INFO : current select op : sigmoid
2026/03/18 23:32:11 - INFO : start to learn in model_c1
2026/03/18 23:32:11 - INFO : start to learn in model_c2
2026/03/18 23:32:11 - INFO : start to learn in model_op
2026/03/18 23:32:11 - INFO : New performance is: 0.593626, Best performance is: 0.605339 (e3s1) Base performance is: 0.600461
2026/03/18 23:32:11 - INFO : Episode 3, Step 7 ends!
2026/03/18 23:32:11 - INFO : Current spend time for step-7 is: 85.4s
2026/03/18 23:32:48 - INFO : current cluster : defaultdict(<class 'list'>, {1: [0, 1, 3, 4, 6, 7, 9, 16, 17, 18, 19, 20, 21, 25, 26, 27, 28, 29, 30, 31, 32, 33, 34, 35, 36, 40, 41, 42], 0: [2, 10, 22, 23, 24, 43, 44, 45, 46, 47, 48, 49, 50, 51], 3: [5, 12], 5: [8, 37, 38, 39], 4: [11, 13], 2: [14, 54, 55], 6: [15, 52, 53]})
2026/03/18 23:32:49 - INFO : current select feature name : ['2' '12' '2-4' '2-4_tanh' '2-4_tanh_tanh' '12-4' '12-4_tanh'
 '12-4_tanh_tanh' '2_reciprocal' '12_reciprocal' '2-4_tanh_reciprocal'
 '2-4_tanh_tanh_reciprocal' '12-4_tanh_reciprocal'
 '12-4_tanh_tanh_reciprocal']
2026/03/18 23:32:49 - INFO : current select op : reciprocal
2026/03/18 23:33:42 - INFO : current select feature name : ['4_stand_scaler']
2026/03/18 23:33:42 - INFO : current select op : sigmoid
2026/03/18 23:33:42 - INFO : start to learn in model_c1
2026/03/18 23:33:42 - INFO : start to learn in model_c2
2026/03/18 23:33:42 - INFO : start to learn in model_op
2026/03/18 23:33:43 - INFO : New performance is: 0.597368, Best performance is: 0.605339 (e3s1) Base performance is: 0.600461
2026/03/18 23:33:43 - INFO : Episode 3, Step 8 ends!
2026/03/18 23:33:43 - INFO : Current spend time for step-8 is: 91.6s
2026/03/18 23:34:21 - INFO : current cluster : defaultdict(<class 'list'>, {0: [0, 1, 6, 7, 14, 15, 16, 17, 18, 19, 26, 27, 28, 29, 30, 31, 32, 33, 34], 2: [2, 10, 20, 21, 22, 41, 42, 43, 44, 45, 46, 47, 50, 51, 52, 53, 54, 55], 6: [3, 4, 9, 23, 24, 25, 38, 39, 40], 5: [5, 12], 3: [8, 35, 36, 37], 1: [11, 13], 4: [48, 49]})
2026/03/18 23:34:22 - INFO : current select feature name : ['13' '5-12_cos']
2026/03/18 23:34:22 - INFO : current select op : +
2026/03/18 23:34:22 - INFO : current select feature name : ['13' '5-12_cos']
2026/03/18 23:35:12 - INFO : current select feature name : ['13+5-12_cos']
2026/03/18 23:35:12 - INFO : current select op : sigmoid
2026/03/18 23:35:12 - INFO : current select feature name : ['9' '9-4' '9-4_tanh' '9-4_tanh_tanh']
2026/03/18 23:35:12 - INFO : start to learn in model_c1
2026/03/18 23:35:12 - INFO : start to learn in model_c2
2026/03/18 23:35:12 - INFO : start to learn in model_op
2026/03/18 23:35:12 - INFO : New performance is: 0.586797, Best performance is: 0.605339 (e3s1) Base performance is: 0.600461
2026/03/18 23:35:12 - INFO : Episode 3, Step 9 ends!
2026/03/18 23:35:12 - INFO : Current spend time for step-9 is: 89.7s
2026/03/18 23:35:14 - INFO : current cluster : defaultdict(<class 'list'>, {0: [0, 1, 2, 3, 5, 6, 7, 8, 9, 10, 11], 1: [4], 2: [12]})
2026/03/18 23:35:14 - INFO : current select feature name : ['5']
2026/03/18 23:35:14 - INFO : current select op : sin
2026/03/18 23:35:18 - INFO : current select feature name : ['4' '5_sin']
2026/03/18 23:35:18 - INFO : current select op : sigmoid
2026/03/18 23:35:18 - INFO : start to learn in model_c1
2026/03/18 23:35:18 - INFO : start to learn in model_c2
2026/03/18 23:35:18 - INFO : start to learn in model_op
2026/03/18 23:35:18 - INFO : New performance is: 0.600653, Best performance is: 0.605339 (e3s1) Base performance is: 0.600461
2026/03/18 23:35:18 - INFO : Episode 4, Step 0 ends!
2026/03/18 23:35:18 - INFO : Current spend time for step-0 is: 6.1s
2026/03/18 23:35:21 - INFO : current cluster : defaultdict(<class 'list'>, {2: [0, 1, 2, 3, 5, 7, 8, 9, 10, 11], 1: [4, 13], 0: [6, 12]})
2026/03/18 23:35:21 - INFO : current select feature name : ['4' '5_sin']
2026/03/18 23:35:21 - INFO : current select op : *
2026/03/18 23:35:21 - INFO : current select feature name : ['10' '1' '2' '3' '5' '7' '8' '9' '11' '12']
2026/03/18 23:35:37 - INFO : current select feature name : ['13']
2026/03/18 23:35:37 - INFO : current select op : sigmoid
2026/03/18 23:35:37 - INFO : current select feature name : ['6']
2026/03/18 23:35:37 - INFO : start to learn in model_c1
2026/03/18 23:35:37 - INFO : start to learn in model_c2
2026/03/18 23:35:37 - INFO : start to learn in model_op
2026/03/18 23:35:37 - INFO : New performance is: 0.576845, Best performance is: 0.605339 (e3s1) Base performance is: 0.600461
2026/03/18 23:35:37 - INFO : Episode 4, Step 1 ends!
2026/03/18 23:35:37 - INFO : Current spend time for step-1 is: 19.0s
2026/03/18 23:35:52 - INFO : current cluster : defaultdict(<class 'list'>, {1: [0, 1, 2, 3, 5, 7, 8, 9, 10, 14, 15, 16, 17, 18, 19, 20, 21, 22, 24, 25, 26, 27, 28, 29, 30, 31, 32], 0: [4, 13], 3: [6], 4: [11, 23, 33], 2: [12]})
2026/03/18 23:35:53 - INFO : current select feature name : ['13']
2026/03/18 23:35:53 - INFO : current select op : stand_scaler
2026/03/18 23:36:09 - INFO : current select feature name : ['4' '5_sin']
2026/03/18 23:36:09 - INFO : current select op : sigmoid
2026/03/18 23:36:09 - INFO : start to learn in model_c1
2026/03/18 23:36:09 - INFO : start to learn in model_c2
2026/03/18 23:36:09 - INFO : start to learn in model_op
2026/03/18 23:36:09 - INFO : New performance is: 0.569597, Best performance is: 0.605339 (e3s1) Base performance is: 0.600461
2026/03/18 23:36:09 - INFO : Episode 4, Step 2 ends!
2026/03/18 23:36:09 - INFO : Current spend time for step-2 is: 31.8s
2026/03/18 23:36:24 - INFO : current cluster : defaultdict(<class 'list'>, {0: [0, 1, 2, 3, 5, 7, 8, 9, 10, 11, 14, 15, 16, 17, 18, 19, 20, 21, 22, 23, 24, 25, 26, 27, 28, 29, 30, 31, 32, 33], 4: [4], 3: [6], 2: [12, 34], 1: [13]})
2026/03/18 23:36:25 - INFO : current select feature name : ['4']
2026/03/18 23:36:25 - INFO : current select op : tanh
2026/03/18 23:36:45 - INFO : current select feature name : ['5_sin']
2026/03/18 23:36:45 - INFO : current select op : sigmoid
2026/03/18 23:36:45 - INFO : start to learn in model_c1
2026/03/18 23:36:45 - INFO : start to learn in model_c2
2026/03/18 23:36:45 - INFO : start to learn in model_op
2026/03/18 23:36:45 - INFO : New performance is: 0.577960, Best performance is: 0.605339 (e3s1) Base performance is: 0.600461
2026/03/18 23:36:45 - INFO : Episode 4, Step 3 ends!
2026/03/18 23:36:45 - INFO : Current spend time for step-3 is: 35.6s
2026/03/18 23:37:02 - INFO : current cluster : defaultdict(<class 'list'>, {2: [0, 1, 3, 5, 7, 8, 10, 14, 15, 17, 18, 19, 20, 22, 24, 25, 27, 28, 29, 30, 32], 0: [2, 9, 16, 21, 26, 31], 1: [4, 13, 35], 3: [6], 4: [11, 23, 33], 5: [12, 34]})
2026/03/18 23:37:03 - INFO : current select feature name : ['4' '5_sin' '4_tanh']
2026/03/18 23:37:03 - INFO : current select op : reciprocal
2026/03/18 23:37:26 - INFO : current select feature name : ['6']
2026/03/18 23:37:26 - INFO : current select op : sigmoid
2026/03/18 23:37:26 - INFO : start to learn in model_c1
2026/03/18 23:37:26 - INFO : start to learn in model_c2
2026/03/18 23:37:26 - INFO : start to learn in model_op
2026/03/18 23:37:26 - INFO : New performance is: 0.577428, Best performance is: 0.605339 (e3s1) Base performance is: 0.600461
2026/03/18 23:37:26 - INFO : Episode 4, Step 4 ends!
2026/03/18 23:37:26 - INFO : Current spend time for step-4 is: 40.9s
2026/03/18 23:37:43 - INFO : current cluster : defaultdict(<class 'list'>, {2: [0, 1, 3, 5, 7, 8, 10, 14, 15, 17, 18, 19, 20, 22, 24, 25, 27, 28, 29, 30, 32], 1: [2, 9, 16, 21, 26, 31], 0: [4, 13, 35, 36, 37, 38], 3: [6], 4: [11, 23, 33], 5: [12, 34]})
2026/03/18 23:37:44 - INFO : current select feature name : ['4' '5_sin' '4_tanh' '4_reciprocal' '5_sin_reciprocal'
 '4_tanh_reciprocal']
2026/03/18 23:37:44 - INFO : current select op : +
2026/03/18 23:37:44 - INFO : current select feature name : ['6']
2026/03/18 23:38:12 - INFO : current select feature name : ['13' '13_stand_scaler']
2026/03/18 23:38:12 - INFO : current select op : sigmoid
2026/03/18 23:38:12 - INFO : current select feature name : ['12' '4*12' '5_sin*12']
2026/03/18 23:38:12 - INFO : start to learn in model_c1
2026/03/18 23:38:12 - INFO : start to learn in model_c2
2026/03/18 23:38:12 - INFO : start to learn in model_op
2026/03/18 23:38:12 - INFO : New performance is: 0.562594, Best performance is: 0.605339 (e3s1) Base performance is: 0.600461
2026/03/18 23:38:12 - INFO : Episode 4, Step 5 ends!
2026/03/18 23:38:12 - INFO : Current spend time for step-5 is: 46.7s
2026/03/18 23:38:38 - INFO : current cluster : defaultdict(<class 'list'>, {0: [0, 1, 3, 5, 7, 8, 10, 14, 15, 17, 18, 19, 20, 22, 24, 25, 27, 28, 29, 30, 32], 1: [2, 9, 11, 16, 21, 23, 26, 31, 33], 4: [4, 13, 35, 36, 38], 3: [6, 39, 40, 41, 42, 43, 44], 2: [12, 34], 5: [37]})
2026/03/18 23:38:39 - INFO : current select feature name : ['10' '1' '3' '5' '7' '8' '11' '4*10' '4*1' '4*3' '4*5' '4*7' '4*8' '4*11'
 '5_sin*10' '5_sin*1' '5_sin*3' '5_sin*5' '5_sin*7' '5_sin*8' '5_sin*11']
2026/03/18 23:38:39 - INFO : current select op : /
2026/03/18 23:38:39 - INFO : current select feature name : ['5_sin_reciprocal']
2026/03/18 23:39:37 - INFO : current select feature name : ['4_tanh_reciprocal']
2026/03/18 23:39:37 - INFO : current select op : sigmoid
2026/03/18 23:39:37 - INFO : current select feature name : ['9' '4*9' '5_sin*9']
2026/03/18 23:39:37 - INFO : start to learn in model_c1
2026/03/18 23:39:37 - INFO : start to learn in model_c2
2026/03/18 23:39:37 - INFO : start to learn in model_op
2026/03/18 23:39:38 - INFO : New performance is: 0.569347, Best performance is: 0.605339 (e3s1) Base performance is: 0.600461
2026/03/18 23:39:38 - INFO : Episode 4, Step 6 ends!
2026/03/18 23:39:38 - INFO : Current spend time for step-6 is: 85.3s
2026/03/18 23:40:20 - INFO : current cluster : defaultdict(<class 'list'>, {0: [0, 1, 3, 4, 9, 14, 15, 19, 22, 23, 27, 37, 38, 41, 42, 43, 44, 45, 48, 49, 50, 51, 52, 55], 5: [2], 6: [5, 29, 30, 31, 32, 33, 34], 2: [6, 7, 11, 12, 16, 17, 20, 21, 24, 25, 35, 36, 39, 40, 46, 47, 53, 54], 1: [8, 18, 26], 3: [10, 28], 4: [13]})
2026/03/18 23:40:21 - INFO : current select feature name : ['2']
2026/03/18 23:40:21 - INFO : current select op : minmax_scaler
2026/03/18 23:41:05 - INFO : current select feature name : ['2_minmax_scaler']
2026/03/18 23:41:05 - INFO : current select op : sigmoid
2026/03/18 23:41:05 - INFO : start to learn in model_c1
2026/03/18 23:41:05 - INFO : start to learn in model_c2
2026/03/18 23:41:05 - INFO : start to learn in model_op
2026/03/18 23:41:05 - INFO : New performance is: 0.565669, Best performance is: 0.605339 (e3s1) Base performance is: 0.600461
2026/03/18 23:41:05 - INFO : Episode 4, Step 7 ends!
2026/03/18 23:41:05 - INFO : Current spend time for step-7 is: 87.4s
2026/03/18 23:41:41 - INFO : current cluster : defaultdict(<class 'list'>, {2: [0, 3, 4, 9, 13, 14, 18, 21, 22, 26, 36, 37, 40, 41, 43, 44, 47, 48, 50, 51, 54], 0: [1, 6, 7, 11, 12, 15, 16, 19, 20, 23, 24, 34, 35, 38, 39, 42, 45, 46, 49, 52, 53], 6: [2], 5: [5, 28, 29, 30, 31, 32, 33], 4: [8, 17, 25], 1: [10, 27], 3: [55]})
2026/03/18 23:41:42 - INFO : current select feature name : ['5_sin*11/5_sin_reciprocal']
2026/03/18 23:41:42 - INFO : current select op : reciprocal
2026/03/18 23:42:24 - INFO : current select feature name : ['2' '2_minmax_scaler']
2026/03/18 23:42:24 - INFO : current select op : sigmoid
2026/03/18 23:42:24 - INFO : start to learn in model_c1
2026/03/18 23:42:24 - INFO : start to learn in model_c2
2026/03/18 23:42:24 - INFO : start to learn in model_op
2026/03/18 23:42:24 - INFO : New performance is: 0.568565, Best performance is: 0.605339 (e3s1) Base performance is: 0.600461
2026/03/18 23:42:24 - INFO : Episode 4, Step 8 ends!
2026/03/18 23:42:24 - INFO : Current spend time for step-8 is: 79.4s
2026/03/18 23:43:06 - INFO : current cluster : defaultdict(<class 'list'>, {0: [0, 1, 3, 4, 9, 13, 14, 18, 21, 22, 26, 36, 37, 40, 41, 42, 43, 44, 47, 48, 49, 50, 51, 54], 5: [2], 6: [5, 28, 29, 30, 31, 32, 33], 2: [6, 7, 11, 12, 15, 16, 19, 20, 23, 24, 34, 35, 38, 39, 45, 46, 52, 53], 1: [8, 17, 25], 3: [10, 27], 4: [55]})
2026/03/18 23:43:07 - INFO : current select feature name : ['9' '4*9' '5_sin*9']
2026/03/18 23:43:07 - INFO : current select op : sigmoid
2026/03/18 23:43:56 - INFO : current select feature name : ['1' '4*1/5_sin_reciprocal' '5_sin*1/5_sin_reciprocal']
2026/03/18 23:43:56 - INFO : current select op : sigmoid
2026/03/18 23:43:56 - INFO : start to learn in model_c1
2026/03/18 23:43:56 - INFO : start to learn in model_c2
2026/03/18 23:43:56 - INFO : start to learn in model_op
2026/03/18 23:43:57 - INFO : New performance is: 0.564515, Best performance is: 0.605339 (e3s1) Base performance is: 0.600461
2026/03/18 23:43:57 - INFO : Episode 4, Step 9 ends!
2026/03/18 23:43:57 - INFO : Current spend time for step-9 is: 92.2s
2026/03/18 23:43:59 - INFO : current cluster : defaultdict(<class 'list'>, {0: [0, 1, 2, 3, 5, 6, 7, 8, 9, 10, 12], 1: [4], 2: [11]})
2026/03/18 23:44:00 - INFO : current select feature name : ['4*10']
2026/03/18 23:44:00 - INFO : current select op : log
2026/03/18 23:44:02 - INFO : current cluster : defaultdict(<class 'list'>, {0: [0, 1, 2, 3, 5, 6, 7, 8, 9, 10, 11], 1: [4], 2: [12]})
2026/03/18 23:44:02 - INFO : current select feature name : ['5']
2026/03/18 23:44:02 - INFO : current select op : quan_trans
2026/03/18 23:44:07 - INFO : current select feature name : ['13']
2026/03/18 23:44:07 - INFO : current select op : sigmoid
2026/03/18 23:44:07 - INFO : start to learn in model_c1
2026/03/18 23:44:07 - INFO : start to learn in model_c2
2026/03/18 23:44:07 - INFO : start to learn in model_op
2026/03/18 23:44:07 - INFO : New performance is: 0.600653, Best performance is: 0.605339 (e3s1) Base performance is: 0.600461
2026/03/18 23:44:07 - INFO : Episode 5, Step 0 ends!
2026/03/18 23:44:07 - INFO : Current spend time for step-0 is: 7.0s
2026/03/18 23:44:10 - INFO : current cluster : defaultdict(<class 'list'>, {2: [0, 1, 2, 3, 5, 7, 8, 9, 10, 11], 1: [4, 13], 0: [6, 12]})
2026/03/18 23:44:10 - INFO : current select feature name : ['10' '1' '2' '3' '5' '7' '8' '9' '11' '12']
2026/03/18 23:44:10 - INFO : current select op : sigmoid
2026/03/18 23:44:20 - INFO : current select feature name : ['13']
2026/03/18 23:44:20 - INFO : current select op : sigmoid
2026/03/18 23:44:20 - INFO : start to learn in model_c1
2026/03/18 23:44:20 - INFO : start to learn in model_c2
2026/03/18 23:44:20 - INFO : start to learn in model_op
2026/03/18 23:44:20 - INFO : New performance is: 0.599874, Best performance is: 0.605339 (e3s1) Base performance is: 0.600461
2026/03/18 23:44:20 - INFO : Episode 5, Step 1 ends!
2026/03/18 23:44:20 - INFO : Current spend time for step-1 is: 13.5s
2026/03/18 23:44:28 - INFO : current cluster : defaultdict(<class 'list'>, {0: [0, 1, 2, 3, 5, 7, 8, 9, 10, 11, 14, 15, 16, 17, 18, 19, 20, 21, 22, 23], 1: [4, 13], 3: [6], 2: [12]})
2026/03/18 23:44:28 - INFO : current select feature name : ['4' '5_quan_trans']
2026/03/18 23:44:28 - INFO : current select op : sigmoid
2026/03/18 23:44:39 - INFO : current select feature name : ['13']
2026/03/18 23:44:39 - INFO : current select op : sigmoid
2026/03/18 23:44:39 - INFO : start to learn in model_c1
2026/03/18 23:44:39 - INFO : start to learn in model_c2
2026/03/18 23:44:39 - INFO : start to learn in model_op
2026/03/18 23:44:39 - INFO : New performance is: 0.600264, Best performance is: 0.605339 (e3s1) Base performance is: 0.600461
2026/03/18 23:44:39 - INFO : Episode 5, Step 2 ends!
2026/03/18 23:44:39 - INFO : Current spend time for step-2 is: 19.4s
2026/03/18 23:44:48 - INFO : current cluster : defaultdict(<class 'list'>, {0: [0, 1, 2, 3, 5, 7, 8, 9, 10, 14, 15, 16, 17, 18, 19, 20, 21, 22], 1: [4, 13, 24, 25], 3: [6], 4: [11, 23], 2: [12]})
2026/03/18 23:44:49 - INFO : current select feature name : ['4' '5_quan_trans' '4_sigmoid' '5_quan_trans_sigmoid']
2026/03/18 23:44:49 - INFO : current select op : *
2026/03/18 23:44:49 - INFO : current select feature name : ['6']
2026/03/18 23:45:03 - INFO : current select feature name : ['13']
2026/03/18 23:45:03 - INFO : current select op : sigmoid
2026/03/18 23:45:03 - INFO : current select feature name : ['12' '12_sigmoid']
2026/03/18 23:45:03 - INFO : start to learn in model_c1
2026/03/18 23:45:03 - INFO : start to learn in model_c2
2026/03/18 23:45:03 - INFO : start to learn in model_op
2026/03/18 23:45:03 - INFO : New performance is: 0.594703, Best performance is: 0.605339 (e3s1) Base performance is: 0.600461
2026/03/18 23:45:03 - INFO : Episode 5, Step 3 ends!
2026/03/18 23:45:03 - INFO : Current spend time for step-3 is: 23.8s
2026/03/18 23:45:14 - INFO : current cluster : defaultdict(<class 'list'>, {0: [0, 1, 3, 5, 6, 7, 8, 10, 14, 15, 17, 18, 19, 20, 22, 26, 28, 29], 1: [2, 9, 16, 21], 4: [4, 13, 24, 25, 27], 3: [11, 23], 2: [12]})
2026/03/18 23:45:14 - INFO : current select feature name : ['13']
2026/03/18 23:45:14 - INFO : current select op : *
2026/03/18 23:45:14 - INFO : current select feature name : ['13']
2026/03/18 23:45:30 - INFO : current select feature name : ['4']
2026/03/18 23:45:30 - INFO : current select op : sigmoid
2026/03/18 23:45:30 - INFO : current select feature name : ['12' '12_sigmoid']
2026/03/18 23:45:30 - INFO : start to learn in model_c1
2026/03/18 23:45:30 - INFO : start to learn in model_c2
2026/03/18 23:45:30 - INFO : start to learn in model_op
2026/03/18 23:45:30 - INFO : New performance is: 0.586850, Best performance is: 0.605339 (e3s1) Base performance is: 0.600461
2026/03/18 23:45:30 - INFO : Episode 5, Step 4 ends!
2026/03/18 23:45:30 - INFO : Current spend time for step-4 is: 27.0s
2026/03/18 23:45:41 - INFO : current cluster : defaultdict(<class 'list'>, {0: [0, 1, 3, 5, 6, 10, 12, 14, 15, 17, 18, 22, 26, 28, 29, 30], 3: [2, 9, 16, 21], 1: [4, 13, 24, 25, 27], 4: [7, 8, 19, 20], 2: [11, 23]})
2026/03/18 23:45:41 - INFO : current select feature name : ['2' '9' '2_sigmoid' '9_sigmoid']
2026/03/18 23:45:41 - INFO : current select op : +
2026/03/18 23:45:41 - INFO : current select feature name : ['2' '9' '2_sigmoid' '9_sigmoid']
2026/03/18 23:46:13 - INFO : current select feature name : ['13']
2026/03/18 23:46:13 - INFO : current select op : sigmoid
2026/03/18 23:46:13 - INFO : current select feature name : ['12' '12_sigmoid']
2026/03/18 23:46:13 - INFO : start to learn in model_c1
2026/03/18 23:46:13 - INFO : start to learn in model_c2
2026/03/18 23:46:13 - INFO : start to learn in model_op
2026/03/18 23:46:13 - INFO : New performance is: 0.591307, Best performance is: 0.605339 (e3s1) Base performance is: 0.600461
2026/03/18 23:46:13 - INFO : Episode 5, Step 5 ends!
2026/03/18 23:46:13 - INFO : Current spend time for step-5 is: 42.9s
2026/03/18 23:46:40 - INFO : current cluster : defaultdict(<class 'list'>, {1: [0, 1, 3, 5, 6, 7, 8, 9, 10, 14, 15, 17, 18, 19, 20, 21, 22, 26, 28, 29, 30, 32, 34, 35, 36, 37, 38, 40, 42, 43, 44, 45, 46], 4: [2, 16, 31, 33, 39, 41], 0: [4, 13, 24], 5: [11, 23], 3: [12], 2: [25, 27]})
2026/03/18 23:46:41 - INFO : current select feature name : ['13']
2026/03/18 23:46:41 - INFO : current select op : sqrt
2026/03/18 23:47:06 - INFO : current cluster : defaultdict(<class 'list'>, {0: [0, 1, 3, 5, 6, 7, 8, 10, 14, 15, 17, 18, 19, 20, 22, 26, 28, 29, 30, 32, 34, 35, 37, 40, 42, 43, 45], 2: [2, 9, 16, 21, 31, 33, 36, 38, 39, 41, 44, 46], 1: [4, 13, 24, 25], 5: [11, 23], 4: [12], 3: [27]})
2026/03/18 23:47:06 - INFO : current select feature name : ['13']
2026/03/18 23:47:06 - INFO : current select op : sin
2026/03/18 23:47:36 - INFO : current select feature name : ['5_quan_trans*6']
2026/03/18 23:47:36 - INFO : current select op : sigmoid
2026/03/18 23:47:36 - INFO : start to learn in model_c1
2026/03/18 23:47:36 - INFO : start to learn in model_c2
2026/03/18 23:47:36 - INFO : start to learn in model_op
2026/03/18 23:47:36 - INFO : New performance is: 0.586156, Best performance is: 0.605339 (e3s1) Base performance is: 0.600461
2026/03/18 23:47:36 - INFO : Episode 5, Step 6 ends!
2026/03/18 23:47:36 - INFO : Current spend time for step-6 is: 55.7s
2026/03/18 23:48:02 - INFO : current cluster : defaultdict(<class 'list'>, {1: [0, 1, 3, 5, 7, 8, 10, 14, 15, 17, 18, 19, 20, 22, 30, 32, 34, 35, 37, 40, 42, 43, 45], 4: [2, 9, 16, 21, 31, 33, 36, 38, 39, 41, 44, 46], 0: [4, 13, 24, 25, 27], 2: [6, 26, 28, 29], 5: [11, 23], 3: [12, 47]})
2026/03/18 23:48:03 - INFO : current select feature name : ['13' '13_sin']
2026/03/18 23:48:03 - INFO : current select op : *
2026/03/18 23:48:03 - INFO : current select feature name : ['2' '9' '2_sigmoid' '9_sigmoid' '2+2' '2+2_sigmoid' '9+9' '9+9_sigmoid'
 '2_sigmoid+2' '2_sigmoid+2_sigmoid' '9_sigmoid+9' '9_sigmoid+9_sigmoid']
2026/03/18 23:49:07 - INFO : current select feature name : ['4' '4_sigmoid']
2026/03/18 23:49:07 - INFO : current select op : sigmoid
2026/03/18 23:49:07 - INFO : current select feature name : ['5_quan_trans_sigmoid']
2026/03/18 23:49:07 - INFO : start to learn in model_c1
2026/03/18 23:49:07 - INFO : start to learn in model_c2
2026/03/18 23:49:07 - INFO : start to learn in model_op
2026/03/18 23:49:07 - INFO : New performance is: 0.588934, Best performance is: 0.605339 (e3s1) Base performance is: 0.600461
2026/03/18 23:49:07 - INFO : Episode 5, Step 7 ends!
2026/03/18 23:49:07 - INFO : Current spend time for step-7 is: 91.0s
2026/03/18 23:49:46 - INFO : current cluster : defaultdict(<class 'list'>, {1: [0, 1, 5, 6, 10, 11, 14, 15, 21, 22, 23, 24, 26, 27, 28, 30, 33, 38, 39, 42, 45, 50, 51, 54], 2: [2, 3, 8, 12, 13, 16], 0: [4, 18, 19, 35, 43, 47, 55], 6: [7, 25, 29], 3: [9, 31, 34, 41, 46, 53], 5: [17], 4: [20, 32, 36, 37, 40, 44, 48, 49, 52]})
2026/03/18 23:49:47 - INFO : current select feature name : ['9' '2+2' '2+9_sigmoid' '2_sigmoid+2_sigmoid' '9_sigmoid+9_sigmoid'
 '13*2+2_sigmoid']
2026/03/18 23:49:47 - INFO : current select op : *
2026/03/18 23:49:47 - INFO : current select feature name : ['9' '2+2' '2+9_sigmoid' '2_sigmoid+2_sigmoid' '9_sigmoid+9_sigmoid'
 '13*2+2_sigmoid']
2026/03/18 23:51:39 - INFO : current select feature name : ['1' '1_sigmoid']
2026/03/18 23:51:39 - INFO : current select op : sigmoid
2026/03/18 23:51:39 - INFO : current select feature name : ['10' '10_sigmoid']
2026/03/18 23:51:39 - INFO : start to learn in model_c1
2026/03/18 23:51:39 - INFO : start to learn in model_c2
2026/03/18 23:51:39 - INFO : start to learn in model_op
2026/03/18 23:51:39 - INFO : New performance is: 0.569103, Best performance is: 0.605339 (e3s1) Base performance is: 0.600461
2026/03/18 23:51:39 - INFO : Episode 5, Step 8 ends!
2026/03/18 23:51:39 - INFO : Current spend time for step-8 is: 151.8s
2026/03/18 23:52:12 - INFO : current cluster : defaultdict(<class 'list'>, {1: [0, 1, 5, 6, 7, 11, 15, 16, 21, 22, 25, 26, 27, 28, 29, 30, 31, 32, 33, 34, 35, 36, 37, 38, 39, 40, 41, 42, 43, 44, 45, 46, 47, 48, 49, 50, 51, 52, 53, 54, 55], 4: [2], 5: [3], 2: [4, 12], 3: [8], 0: [9, 10, 14, 18, 20, 24], 6: [13, 17, 19, 23]})
2026/03/18 23:52:13 - INFO : current select feature name : ['6' '3_sigmoid']
2026/03/18 23:52:13 - INFO : current select op : square
2026/03/18 23:52:13 - ERROR : '9'
