2026/03/18 21:13:27 - INFO : {'name': 'housing_boston', 'log_level': 'info', 'episodes': 10, 'steps': 10, 'enlarge_num': 4, 'memory': 8, 'a': 1, 'b': 1, 'c': 1, 'hidden_size': 64, 'batch_size': 8, 'replay_strategy': 'random', 'ent_weight': 0.001, 'init_w': 0.1, 'id': '0', 'ablation_mode': '', 'out_put': '.'}
2026/03/18 21:13:27 - INFO : running experiment on cpu
2026/03/18 21:13:27 - INFO : read the data from /home/pjanga/Group-wise-Reinforcement-Feature-Generation-for-Optimal-and-Explainable-Representation-Space-Reconst/data/processed/housing_boston.hdf
2026/03/18 21:13:27 - INFO : opt path is ./tmp/housing_boston_random_/
2026/03/18 21:13:28 - INFO : initialize the features...
2026/03/18 21:13:28 - INFO : initial memories with random
2026/03/18 21:13:28 - INFO : MAE on original is: -2.925, MAE on generated is: -2.925
2026/03/18 21:13:28 - INFO : RMSE on original is: -38.261, RMSE on generated is: -38.261
2026/03/18 21:13:28 - INFO : 1-RAE on original is: 0.430, 1-RAE on generated is: 0.430
2026/03/18 21:13:31 - INFO : start training, the original performance is 0.4295245697089801
2026/03/18 21:13:32 - INFO : current cluster : defaultdict(<class 'list'>, {0: [0, 1, 2, 3, 5, 6, 7, 8, 9, 10, 12], 1: [4], 2: [11]})
2026/03/18 21:13:32 - INFO : current select feature name : ['12']
2026/03/18 21:13:32 - INFO : current select op : sin
2026/03/18 21:13:35 - INFO : current select feature name : ['4']
2026/03/18 21:13:35 - INFO : current select op : log
2026/03/18 21:13:35 - INFO : New performance is: 0.447023, Best performance is: 0.447023 (e0s0) Base performance is: 0.429525
2026/03/18 21:13:35 - INFO : Episode 0, Step 0 ends!
2026/03/18 21:13:35 - INFO : Current spend time for step-0 is: 4.1s
2026/03/18 21:13:36 - INFO : current cluster : defaultdict(<class 'list'>, {2: [0, 1, 2, 3, 5, 7, 8, 9, 10, 11, 13], 1: [4], 0: [6, 12]})
2026/03/18 21:13:37 - INFO : current select feature name : ['10' '1' '2' '3' '5' '7' '8' '9' '11' '12' '12_sin']
2026/03/18 21:13:37 - INFO : current select op : sqrt
2026/03/18 21:13:38 - INFO : current cluster : defaultdict(<class 'list'>, {0: [0, 1, 2, 3, 5, 6, 7, 8, 9, 10, 12], 1: [4], 2: [11, 13]})
2026/03/18 21:13:39 - INFO : current select feature name : ['4']
2026/03/18 21:13:39 - INFO : current select op : sigmoid
2026/03/18 21:13:41 - INFO : current select feature name : ['13']
2026/03/18 21:13:41 - INFO : current select op : log
2026/03/18 21:13:41 - INFO : New performance is: 0.436397, Best performance is: 0.447023 (e0s0) Base performance is: 0.429525
2026/03/18 21:13:41 - INFO : Episode 0, Step 1 ends!
2026/03/18 21:13:41 - INFO : Current spend time for step-1 is: 4.6s
2026/03/18 21:13:43 - INFO : current cluster : defaultdict(<class 'list'>, {0: [0, 1, 2, 3, 5, 6, 7, 8, 9, 10, 11, 13], 1: [4, 14], 2: [12]})
2026/03/18 21:13:44 - INFO : current select feature name : ['10' '1' '2' '3' '5' '6' '7' '8' '9' '11' '12' '12_sin']
2026/03/18 21:13:44 - INFO : current select op : tanh
2026/03/18 21:13:51 - INFO : current select feature name : ['13']
2026/03/18 21:13:51 - INFO : current select op : log
2026/03/18 21:13:51 - INFO : New performance is: 0.424588, Best performance is: 0.447023 (e0s0) Base performance is: 0.429525
2026/03/18 21:13:51 - INFO : Episode 0, Step 2 ends!
2026/03/18 21:13:51 - INFO : Current spend time for step-2 is: 9.8s
2026/03/18 21:13:58 - INFO : current cluster : defaultdict(<class 'list'>, {0: [0, 1, 2, 3, 5, 7, 8, 9, 10, 11, 13, 15, 16, 17, 18, 19, 21, 22, 23, 24, 25, 26], 4: [4], 1: [6, 20], 2: [12], 3: [14]})
2026/03/18 21:13:58 - INFO : current select feature name : ['6' '6_tanh']
2026/03/18 21:13:58 - INFO : current select op : stand_scaler
2026/03/18 21:14:07 - INFO : current select feature name : ['13']
2026/03/18 21:14:07 - INFO : current select op : log
2026/03/18 21:14:07 - INFO : New performance is: 0.441984, Best performance is: 0.447023 (e0s0) Base performance is: 0.429525
2026/03/18 21:14:07 - INFO : Episode 0, Step 3 ends!
2026/03/18 21:14:07 - INFO : Current spend time for step-3 is: 15.7s
2026/03/18 21:14:15 - INFO : current cluster : defaultdict(<class 'list'>, {1: [0, 1, 3, 5, 7, 8, 10, 15, 16, 18, 19, 21, 22, 24], 0: [2, 9, 11, 13, 17, 23, 25, 26], 4: [4, 14], 3: [6, 20, 27, 28], 2: [12]})
2026/03/18 21:14:15 - INFO : current select feature name : ['2' '9' '12' '12_sin' '2_tanh' '9_tanh' '12_tanh' '12_sin_tanh']
2026/03/18 21:14:15 - INFO : current select op : -
2026/03/18 21:14:15 - INFO : current select feature name : ['10' '1' '3' '5' '7' '8' '11' '10_tanh' '1_tanh' '3_tanh' '5_tanh'
 '7_tanh' '8_tanh' '11_tanh']
2026/03/18 21:17:21 - INFO : current select feature name : ['4']
2026/03/18 21:17:21 - INFO : current select op : log
2026/03/18 21:17:21 - INFO : current select feature name : ['12-1_tanh']
2026/03/18 21:17:21 - INFO : New performance is: 0.367566, Best performance is: 0.447023 (e0s0) Base performance is: 0.429525
2026/03/18 21:17:21 - INFO : Episode 0, Step 4 ends!
2026/03/18 21:17:21 - INFO : Current spend time for step-4 is: 194.2s
2026/03/18 21:17:49 - INFO : current cluster : defaultdict(<class 'list'>, {1: [0, 1, 5, 6, 12, 16, 37, 40, 48, 54], 2: [2, 7, 9, 10], 0: [3, 8, 11, 13, 15, 17, 18, 20, 21, 22, 23, 24, 26, 27, 28, 29, 30, 31, 32, 33, 34, 35, 36, 38, 39, 41, 42, 43, 45, 46, 47, 49, 50, 51, 52, 53, 55], 3: [4], 6: [14, 25], 5: [19], 4: [44]})
2026/03/18 21:17:50 - INFO : current select feature name : ['4_sigmoid' '12_tanh']
2026/03/18 21:17:50 - INFO : current select op : sigmoid
2026/03/18 21:18:22 - INFO : current select feature name : ['2-11']
2026/03/18 21:18:22 - INFO : current select op : log
2026/03/18 21:18:22 - INFO : New performance is: 0.423832, Best performance is: 0.447023 (e0s0) Base performance is: 0.429525
2026/03/18 21:18:22 - INFO : Episode 0, Step 5 ends!
2026/03/18 21:18:22 - INFO : Current spend time for step-5 is: 61.3s
2026/03/18 21:18:51 - INFO : current cluster : defaultdict(<class 'list'>, {0: [0, 1, 3, 6, 8, 11, 13, 14, 15, 16, 17, 18, 19, 20, 21, 22, 24, 26, 27, 28, 29, 30, 31, 32, 33, 34, 35, 37, 38, 39, 40, 41, 42, 44, 45, 46, 47, 48, 49, 50, 52, 53, 54, 55], 5: [2, 7, 9, 10], 3: [4], 2: [5, 36], 4: [12], 6: [23, 25, 51], 1: [43]})
2026/03/18 21:18:52 - INFO : current select feature name : ['6' '6_tanh' '6_stand_scaler' '6_tanh_stand_scaler']
2026/03/18 21:18:52 - INFO : current select op : reciprocal
2026/03/18 21:19:26 - INFO : current select feature name : ['2_tanh-3']
2026/03/18 21:19:26 - INFO : current select op : log
2026/03/18 21:19:26 - INFO : New performance is: 0.407491, Best performance is: 0.447023 (e0s0) Base performance is: 0.429525
2026/03/18 21:19:26 - INFO : Episode 0, Step 6 ends!
2026/03/18 21:19:26 - INFO : Current spend time for step-6 is: 63.7s
2026/03/18 21:19:55 - INFO : current cluster : defaultdict(<class 'list'>, {0: [0, 1, 5, 6, 11, 33, 36, 43, 48], 6: [2, 7, 9, 10], 2: [3, 8, 12, 13, 14, 15, 16, 17, 18, 19, 20, 21, 23, 24, 25, 26, 27, 28, 29, 30, 31, 32, 34, 35, 37, 38, 39, 41, 42, 44, 45, 46, 47, 49, 50, 51, 52, 53, 55], 3: [4], 5: [22], 4: [40], 1: [54]})
2026/03/18 21:19:56 - INFO : current select feature name : ['3' '5' '3_tanh' '5_tanh' '2-10' '2_tanh-5' '2_tanh-3_tanh'
 '9_tanh-5_tanh' '12_tanh-5_tanh']
2026/03/18 21:19:56 - INFO : current select op : sigmoid
2026/03/18 21:20:36 - INFO : current select feature name : ['2-11']
2026/03/18 21:20:36 - INFO : current select op : log
2026/03/18 21:20:36 - INFO : start to learn in model_c1
2026/03/18 21:20:36 - ERROR : Trying to backward through the graph a second time (or directly access saved tensors after they have already been freed). Saved intermediate values of the graph are freed when you call .backward() or autograd.grad(). Specify retain_graph=True if you need to backward through the graph a second time or if you need to access saved tensors after calling backward.
