2026/03/18 21:01:54 - INFO : {'name': 'housing_boston', 'log_level': 'info', 'episodes': 10, 'steps': 10, 'enlarge_num': 4, 'memory': 8, 'a': 1, 'b': 1, 'c': 1, 'hidden_size': 64, 'batch_size': 8, 'replay_strategy': 'random', 'ent_weight': 0.001, 'init_w': 0.1, 'id': '0', 'ablation_mode': '', 'out_put': '.'}
2026/03/18 21:01:54 - INFO : running experiment on cpu
2026/03/18 21:01:54 - INFO : read the data from /home/pjanga/Group-wise-Reinforcement-Feature-Generation-for-Optimal-and-Explainable-Representation-Space-Reconst/data/processed/housing_boston.hdf
2026/03/18 21:01:54 - INFO : opt path is ./tmp/housing_boston_random_/
2026/03/18 21:01:54 - INFO : initialize the features...
2026/03/18 21:01:54 - INFO : initial memories with random
2026/03/18 21:01:54 - INFO : MAE on original is: -2.925, MAE on generated is: -2.925
2026/03/18 21:01:54 - INFO : RMSE on original is: -38.261, RMSE on generated is: -38.261
2026/03/18 21:01:54 - INFO : 1-RAE on original is: 0.430, 1-RAE on generated is: 0.430
2026/03/18 21:01:56 - INFO : start training, the original performance is 0.4295245697089801
2026/03/18 21:01:58 - INFO : current cluster : defaultdict(<class 'list'>, {0: [0, 1, 2, 3, 5, 6, 7, 8, 9, 10, 11], 1: [4], 2: [12]})
2026/03/18 21:01:58 - INFO : current select feature name : ['13']
2026/03/18 21:01:58 - INFO : current select op : quan_trans
2026/03/18 21:02:00 - INFO : current select feature name : ['4']
2026/03/18 21:02:00 - INFO : current select op : log
2026/03/18 21:02:00 - INFO : New performance is: 0.436747, Best performance is: 0.436747 (e0s0) Base performance is: 0.429525
2026/03/18 21:02:00 - INFO : Episode 0, Step 0 ends!
2026/03/18 21:02:00 - INFO : Current spend time for step-0 is: 4.1s
2026/03/18 21:02:02 - INFO : current cluster : defaultdict(<class 'list'>, {0: [0, 1, 2, 3, 5, 6, 7, 8, 9, 10, 12, 13], 1: [4], 2: [11]})
2026/03/18 21:02:03 - INFO : current select feature name : ['10' '1' '2' '3' '5' '6' '7' '8' '9' '11' '13' '13_quan_trans']
2026/03/18 21:02:03 - INFO : current select op : log
2026/03/18 21:02:04 - INFO : current cluster : defaultdict(<class 'list'>, {2: [0, 1, 2, 3, 5, 7, 8, 9, 10, 11], 1: [4], 0: [6, 12, 13]})
2026/03/18 21:02:05 - INFO : current select feature name : ['4']
2026/03/18 21:02:05 - INFO : current select op : cos
2026/03/18 21:02:07 - INFO : current select feature name : ['4']
2026/03/18 21:02:07 - INFO : current select op : log
2026/03/18 21:02:07 - INFO : New performance is: 0.442392, Best performance is: 0.442392 (e0s1) Base performance is: 0.429525
2026/03/18 21:02:07 - INFO : Episode 0, Step 1 ends!
2026/03/18 21:02:07 - INFO : Current spend time for step-1 is: 4.6s
2026/03/18 21:02:09 - INFO : current cluster : defaultdict(<class 'list'>, {0: [0, 1, 2, 3, 5, 6, 7, 8, 9, 10, 11, 12, 13], 2: [4], 1: [14]})
2026/03/18 21:02:09 - INFO : current select feature name : ['10' '1' '2' '3' '5' '6' '7' '8' '9' '11' '12' '13' '13_quan_trans']
2026/03/18 21:02:09 - INFO : current select op : sigmoid
2026/03/18 21:02:17 - INFO : current select feature name : ['4']
2026/03/18 21:02:17 - INFO : current select op : log
2026/03/18 21:02:17 - INFO : New performance is: 0.425026, Best performance is: 0.442392 (e0s1) Base performance is: 0.429525
2026/03/18 21:02:17 - INFO : Episode 0, Step 2 ends!
2026/03/18 21:02:17 - INFO : Current spend time for step-2 is: 10.2s
2026/03/18 21:02:25 - INFO : current cluster : defaultdict(<class 'list'>, {0: [0, 1, 2, 3, 5, 7, 8, 9, 10, 11, 15, 16, 17, 18, 19, 21, 22, 23, 24, 25], 2: [4], 4: [6, 20], 1: [12, 13, 26, 27], 3: [14]})
2026/03/18 21:02:25 - INFO : current select feature name : ['10' '1' '2' '3' '5' '7' '8' '9' '11' '12' '10_sigmoid' '1_sigmoid'
 '2_sigmoid' '3_sigmoid' '5_sigmoid' '7_sigmoid' '8_sigmoid' '9_sigmoid'
 '11_sigmoid' '12_sigmoid']
2026/03/18 21:02:25 - INFO : current select op : quan_trans
2026/03/18 21:02:48 - INFO : current select feature name : ['4']
2026/03/18 21:02:48 - INFO : current select op : log
2026/03/18 21:02:48 - INFO : New performance is: 0.430416, Best performance is: 0.442392 (e0s1) Base performance is: 0.429525
2026/03/18 21:02:48 - INFO : Episode 0, Step 3 ends!
2026/03/18 21:02:48 - INFO : Current spend time for step-3 is: 30.1s
2026/03/18 21:03:09 - INFO : current cluster : defaultdict(<class 'list'>, {0: [0, 1, 3, 5, 7, 8, 9, 10, 15, 16, 18, 19, 21, 22, 23, 24, 28, 29, 31, 32, 33, 34, 35, 36, 38, 39, 41, 42, 43, 44, 45, 46], 2: [2, 11, 17, 25, 30, 37, 40, 47], 3: [4], 1: [6, 20], 4: [12, 13, 26, 27], 5: [14]})
2026/03/18 21:03:09 - INFO : current select feature name : ['13' '13_quan_trans' '13_sigmoid' '13_quan_trans_sigmoid']
2026/03/18 21:03:09 - INFO : current select op : stand_scaler
2026/03/18 21:03:36 - INFO : current select feature name : ['4']
2026/03/18 21:03:36 - INFO : current select op : log
2026/03/18 21:03:36 - INFO : New performance is: 0.434279, Best performance is: 0.442392 (e0s1) Base performance is: 0.429525
2026/03/18 21:03:36 - INFO : Episode 0, Step 4 ends!
2026/03/18 21:03:36 - INFO : Current spend time for step-4 is: 48.2s
2026/03/18 21:04:01 - INFO : current cluster : defaultdict(<class 'list'>, {6: [0, 1, 3, 5, 10, 15, 16, 18, 19, 24, 28, 29, 31, 32, 36, 38, 39, 41, 42, 46], 0: [2, 11, 17, 25, 30, 37, 40, 47], 5: [4], 4: [6, 20], 2: [7, 8, 9, 21, 22, 23, 33, 34, 35, 43, 44, 45], 1: [12, 13, 26, 27, 48, 49, 50, 51], 3: [14]})
2026/03/18 21:04:01 - INFO : current select feature name : ['13' '13_quan_trans' '13_sigmoid' '13_quan_trans_sigmoid'
 '13_stand_scaler' '13_quan_trans_stand_scaler' '13_sigmoid_stand_scaler'
 '13_quan_trans_sigmoid_stand_scaler']
2026/03/18 21:04:01 - INFO : current select op : tanh
2026/03/18 21:04:36 - INFO : current select feature name : ['4']
2026/03/18 21:04:36 - INFO : current select op : log
2026/03/18 21:04:36 - INFO : New performance is: 0.434286, Best performance is: 0.442392 (e0s1) Base performance is: 0.429525
2026/03/18 21:04:36 - INFO : Episode 0, Step 5 ends!
2026/03/18 21:04:36 - INFO : Current spend time for step-5 is: 60.6s
2026/03/18 21:05:05 - INFO : current cluster : defaultdict(<class 'list'>, {1: [0, 1, 3, 4, 9, 13, 14, 16, 17, 22, 26, 27, 28, 29, 33, 35, 36, 37, 38, 42], 4: [2, 15], 5: [5, 18], 0: [6, 8, 19, 21, 30, 32, 39, 41], 6: [7, 20, 31, 40], 2: [10, 23, 34, 43], 3: [11, 12, 24, 25, 44, 45, 46, 47, 48, 49, 50, 51, 52, 53, 54, 55]})
2026/03/18 21:05:06 - INFO : current select feature name : ['10' '1' '3' '4' '9' '13_quan_trans' '4_cos' '1_sigmoid' '2_sigmoid'
 '8_sigmoid' '13_sigmoid' '13_quan_trans_sigmoid' '10_quan_trans'
 '1_quan_trans' '7_quan_trans' '9_quan_trans' '11_quan_trans'
 '12_quan_trans' '10_sigmoid_quan_trans' '5_sigmoid_quan_trans']
2026/03/18 21:05:06 - INFO : current select op : stand_scaler
2026/03/18 21:05:57 - INFO : current select feature name : ['2' '2_sigmoid']
2026/03/18 21:05:57 - INFO : current select op : log
2026/03/18 21:05:57 - INFO : New performance is: 0.043279, Best performance is: 0.442392 (e0s1) Base performance is: 0.429525
2026/03/18 21:05:57 - INFO : Episode 0, Step 6 ends!
2026/03/18 21:05:57 - INFO : Current spend time for step-6 is: 80.7s
2026/03/18 21:06:26 - INFO : current cluster : defaultdict(<class 'list'>, {0: [0, 1, 10, 46, 49], 1: [2, 3, 6, 11, 12, 14, 17, 18, 20, 21, 22, 23, 25, 26, 40, 42, 44, 45, 47, 48, 50, 51, 52, 53, 54, 55], 5: [4, 13], 3: [5], 4: [7, 8, 15, 16, 27, 28, 29, 30, 31, 32, 33, 34, 35, 36, 37, 38], 2: [9, 41], 6: [19, 24, 39, 43]})
2026/03/18 21:06:27 - INFO : current select feature name : ['7_sigmoid' '13_sigmoid' '7_sigmoid_quan_trans' '12_sigmoid_quan_trans']
2026/03/18 21:06:27 - INFO : current select op : sigmoid
2026/03/18 21:07:01 - INFO : current select feature name : ['1' '1_sigmoid' '1_stand_scaler' '4_cos_stand_scaler']
2026/03/18 21:07:01 - INFO : current select op : log
2026/03/18 21:07:01 - INFO : start to learn in model_c1
2026/03/18 21:07:01 - ERROR : 'ClusterDQNNetwork' object has no attribute 'optimizer'
