2026/03/18 20:55:26 - INFO : {'name': 'housing_boston', 'log_level': 'info', 'episodes': 10, 'steps': 10, 'enlarge_num': 4, 'memory': 8, 'a': 1, 'b': 1, 'c': 1, 'hidden_size': 64, 'batch_size': 8, 'replay_strategy': 'random', 'ent_weight': 0.001, 'init_w': 0.1, 'id': '0', 'ablation_mode': '', 'out_put': '.'}
2026/03/18 20:55:26 - INFO : running experiment on cpu
2026/03/18 20:55:26 - INFO : read the data from /home/pjanga/Group-wise-Reinforcement-Feature-Generation-for-Optimal-and-Explainable-Representation-Space-Reconst/data/processed/housing_boston.hdf
2026/03/18 20:55:26 - INFO : opt path is ./tmp/housing_boston_random_/
2026/03/18 20:55:26 - INFO : initialize the features...
2026/03/18 20:55:26 - INFO : initial memories with random
2026/03/18 20:55:27 - INFO : MAE on original is: -2.925, MAE on generated is: -2.925
2026/03/18 20:55:27 - INFO : RMSE on original is: -38.261, RMSE on generated is: -38.261
2026/03/18 20:55:27 - INFO : 1-RAE on original is: 0.430, 1-RAE on generated is: 0.430
2026/03/18 20:55:28 - INFO : start training, the original performance is 0.4295245697089801
2026/03/18 20:55:30 - INFO : current cluster : defaultdict(<class 'list'>, {0: [0, 1, 2, 3, 5, 6, 7, 8, 9, 10, 11], 1: [4], 2: [12]})
2026/03/18 20:55:30 - INFO : current select feature name : ['10' '1' '2' '3' '5' '6' '7' '8' '9' '11' '12']
2026/03/18 20:55:30 - INFO : current select op : log
2026/03/18 20:55:32 - INFO : current cluster : defaultdict(<class 'list'>, {0: [0, 1, 2, 3, 5, 6, 7, 8, 9, 10, 12], 1: [4], 2: [11]})
2026/03/18 20:55:32 - INFO : current select feature name : ['4']
2026/03/18 20:55:32 - INFO : current select op : log
2026/03/18 20:55:33 - INFO : current cluster : defaultdict(<class 'list'>, {0: [0, 1, 2, 3, 5, 6, 7, 8, 9, 10, 11], 1: [4], 2: [12]})
2026/03/18 20:55:34 - INFO : current select feature name : ['4']
2026/03/18 20:55:34 - INFO : current select op : cos
2026/03/18 20:55:36 - INFO : current select feature name : ['4']
2026/03/18 20:55:36 - INFO : current select op : log
2026/03/18 20:55:36 - INFO : New performance is: 0.435360, Best performance is: 0.435360 (e0s0) Base performance is: 0.429525
2026/03/18 20:55:36 - INFO : Episode 0, Step 0 ends!
2026/03/18 20:55:36 - INFO : Current spend time for step-0 is: 4.0s
2026/03/18 20:55:38 - INFO : current cluster : defaultdict(<class 'list'>, {0: [0, 1, 2, 3, 5, 6, 7, 8, 9, 10, 11, 12], 2: [4], 1: [13]})
2026/03/18 20:55:38 - INFO : current select feature name : ['10' '1' '2' '3' '5' '6' '7' '8' '9' '11' '12' '13']
2026/03/18 20:55:38 - INFO : current select op : +
2026/03/18 20:55:38 - INFO : current select feature name : ['10' '1' '2' '3' '5' '6' '7' '8' '9' '11' '12' '13']
2026/03/18 20:59:31 - INFO : current select feature name : ['2' '2+2']
2026/03/18 20:59:31 - INFO : current select op : log
2026/03/18 20:59:31 - INFO : current select feature name : ['12' '12+12']
2026/03/18 20:59:31 - ERROR : could not broadcast input array from shape (287,) into shape (159,)
