2026/03/18 16:06:46 - INFO : {'name': 'housing_boston', 'log_level': 'info', 'episodes': 10, 'steps': 10, 'enlarge_num': 4, 'memory': 8, 'a': 1, 'b': 1, 'c': 1, 'hidden_size': 64, 'batch_size': 8, 'replay_strategy': 'random', 'ent_weight': 0.001, 'init_w': 0.1, 'id': '0', 'ablation_mode': '', 'out_put': '.'}
2026/03/18 16:06:46 - INFO : running experiment on cpu
2026/03/18 16:06:46 - INFO : read the data from /home/pjanga/Group-wise-Reinforcement-Feature-Generation-for-Optimal-and-Explainable-Representation-Space-Reconst/data/processed/housing_boston.hdf
2026/03/18 16:06:46 - INFO : opt path is ./tmp/housing_boston_random_/
2026/03/18 16:06:47 - INFO : initialize the features...
2026/03/18 16:06:47 - INFO : initial memories with random
2026/03/18 16:06:47 - INFO : MAE on original is: -2.925, MAE on generated is: -2.925
2026/03/18 16:06:47 - INFO : RMSE on original is: -38.261, RMSE on generated is: -38.261
2026/03/18 16:06:47 - INFO : 1-RAE on original is: 0.430, 1-RAE on generated is: 0.430
2026/03/18 16:06:52 - INFO : start training, the original performance is 0.4295245697089801
2026/03/18 16:06:55 - INFO : current cluster : defaultdict(<class 'list'>, {0: [0, 1, 2, 3, 5, 6, 7, 8, 9, 10, 12], 1: [4], 2: [11]})
2026/03/18 16:06:56 - INFO : current select feature name : ['12']
2026/03/18 16:06:56 - INFO : current select op : sigmoid
2026/03/18 16:07:01 - INFO : current select feature name : ['4']
2026/03/18 16:07:01 - INFO : current select op : log
2026/03/18 16:07:01 - INFO : New performance is: 0.447045, Best performance is: 0.447045 (e0s0) Base performance is: 0.429525
2026/03/18 16:07:01 - INFO : Episode 0, Step 0 ends!
2026/03/18 16:07:01 - INFO : Current spend time for step-0 is: 9.8s
2026/03/18 16:07:05 - INFO : current cluster : defaultdict(<class 'list'>, {0: [0, 1, 2, 3, 5, 6, 7, 8, 9, 10, 11, 13], 1: [4], 2: [12]})
2026/03/18 16:07:06 - INFO : current select feature name : ['10' '1' '2' '3' '5' '6' '7' '8' '9' '11' '12' '12_sigmoid']
2026/03/18 16:07:06 - INFO : current select op : cos
2026/03/18 16:07:19 - INFO : current select feature name : ['4']
2026/03/18 16:07:19 - INFO : current select op : log
2026/03/18 16:07:19 - INFO : New performance is: 0.390592, Best performance is: 0.447045 (e0s0) Base performance is: 0.429525
2026/03/18 16:07:19 - INFO : Episode 0, Step 1 ends!
2026/03/18 16:07:19 - INFO : Current spend time for step-1 is: 17.8s
2026/03/18 16:07:34 - INFO : current cluster : defaultdict(<class 'list'>, {4: [0, 1, 3, 5, 7, 8, 10, 11, 13, 14, 15, 17, 18, 20, 21, 23, 24, 25], 0: [2, 9, 16, 22], 3: [4], 1: [6, 19], 2: [12]})
2026/03/18 16:07:35 - INFO : current select feature name : ['2' '9' '2_cos' '9_cos']
2026/03/18 16:07:35 - INFO : current select op : reciprocal
2026/03/18 16:07:55 - INFO : current select feature name : ['4']
2026/03/18 16:07:55 - INFO : current select op : log
2026/03/18 16:07:55 - INFO : New performance is: 0.388511, Best performance is: 0.447045 (e0s0) Base performance is: 0.429525
2026/03/18 16:07:55 - INFO : Episode 0, Step 2 ends!
2026/03/18 16:07:55 - INFO : Current spend time for step-2 is: 35.9s
2026/03/18 16:08:15 - INFO : current cluster : defaultdict(<class 'list'>, {4: [0, 1, 3, 5, 7, 8, 10, 14, 15, 17, 18, 20, 21, 23], 0: [2, 9, 11, 13, 16, 22, 24, 25, 26, 27, 28, 29], 3: [4], 1: [6, 19], 2: [12]})
2026/03/18 16:08:16 - INFO : current select feature name : ['4']
2026/03/18 16:08:16 - INFO : current select op : tanh
2026/03/18 16:08:39 - INFO : current select feature name : ['4']
2026/03/18 16:08:39 - INFO : current select op : log
2026/03/18 16:08:39 - INFO : New performance is: 0.394295, Best performance is: 0.447045 (e0s0) Base performance is: 0.429525
2026/03/18 16:08:39 - INFO : Episode 0, Step 3 ends!
2026/03/18 16:08:39 - INFO : Current spend time for step-3 is: 43.8s
2026/03/18 16:09:00 - INFO : current cluster : defaultdict(<class 'list'>, {0: [0, 1, 2, 3, 5, 7, 8, 9, 10, 11, 13, 14, 15, 16, 17, 18, 20, 21, 22, 23, 24, 25, 26, 27, 28, 29], 4: [4], 1: [6, 19], 2: [12], 3: [30]})
2026/03/18 16:09:01 - INFO : current select feature name : ['10' '1' '2' '3' '5' '7' '8' '9' '11' '12' '12_sigmoid' '10_cos' '1_cos'
 '2_cos' '3_cos' '5_cos' '7_cos' '8_cos' '9_cos' '11_cos' '12_cos'
 '12_sigmoid_cos' '2_reciprocal' '9_reciprocal' '2_cos_reciprocal'
 '9_cos_reciprocal']
2026/03/18 16:09:01 - INFO : current select op : *
2026/03/18 16:09:01 - INFO : current select feature name : ['4']
2026/03/18 16:10:09 - INFO : current select feature name : ['4']
2026/03/18 16:10:09 - INFO : current select op : log
2026/03/18 16:10:09 - INFO : current select feature name : ['6_cos']
2026/03/18 16:10:09 - INFO : New performance is: 0.418680, Best performance is: 0.447045 (e0s0) Base performance is: 0.429525
2026/03/18 16:10:09 - INFO : Episode 0, Step 4 ends!
2026/03/18 16:10:09 - INFO : Current spend time for step-4 is: 89.9s
2026/03/18 16:11:14 - INFO : current cluster : defaultdict(<class 'list'>, {2: [0, 1, 3, 5, 7, 8, 10, 14, 15, 17, 18, 21, 23, 30, 31, 33, 34, 35, 36, 38, 41, 42, 44, 45, 47, 49], 0: [2, 11, 13, 16, 20, 24, 25, 26, 28, 32, 39, 40, 43, 46, 50, 51, 52, 54], 3: [4], 4: [6], 6: [9, 22, 27, 29, 37, 48, 53, 55], 5: [12], 1: [19]})
2026/03/18 16:11:16 - INFO : current select feature name : ['6']
2026/03/18 16:11:16 - INFO : current select op : sqrt
2026/03/18 16:12:27 - INFO : current cluster : defaultdict(<class 'list'>, {6: [0, 1, 3, 5, 7, 8, 10, 14, 15, 17, 18, 21, 23, 30, 31, 33, 34, 35, 36, 38, 41, 42, 44, 45, 47, 49], 2: [2, 9, 11, 13, 16, 22, 24, 25, 26, 27, 28, 29, 32, 37, 39, 40, 43, 48, 50, 51, 52, 53, 54, 55], 5: [4], 4: [6], 3: [12], 1: [19], 0: [20, 46]})
2026/03/18 16:12:28 - INFO : current select feature name : ['6']
2026/03/18 16:12:28 - INFO : current select op : quan_trans
2026/03/18 16:13:44 - INFO : current select feature name : ['4']
2026/03/18 16:13:44 - INFO : current select op : log
2026/03/18 16:13:45 - INFO : New performance is: 0.414079, Best performance is: 0.447045 (e0s0) Base performance is: 0.429525
2026/03/18 16:13:45 - INFO : Episode 0, Step 5 ends!
2026/03/18 16:13:45 - INFO : Current spend time for step-5 is: 148.9s
2026/03/18 16:14:52 - INFO : current cluster : defaultdict(<class 'list'>, {1: [0, 1, 3, 4, 6, 7, 9, 13, 14, 16, 17, 20, 22, 29, 30, 32, 33, 34, 35, 37, 40, 41, 43, 44, 46, 48], 5: [2, 8, 15, 21, 25, 26, 27, 28, 31, 36, 42, 47, 51, 52, 53, 54], 2: [5, 55], 0: [10, 12, 19, 24, 38, 39, 45, 49, 50], 3: [11], 4: [18], 6: [23]})
2026/03/18 16:14:54 - INFO : current select feature name : ['5' '9_cos_reciprocal*4']
2026/03/18 16:14:54 - INFO : current select op : -
2026/03/18 16:14:54 - INFO : current select feature name : ['12']
2026/03/18 16:16:07 - INFO : current select feature name : ['13']
2026/03/18 16:16:07 - INFO : current select op : log
2026/03/18 16:16:07 - INFO : current select feature name : ['6_cos']
2026/03/18 16:16:07 - INFO : New performance is: 0.099069, Best performance is: 0.447045 (e0s0) Base performance is: 0.429525
2026/03/18 16:16:07 - INFO : Episode 0, Step 6 ends!
2026/03/18 16:16:07 - INFO : Current spend time for step-6 is: 142.6s
2026/03/18 16:17:09 - INFO : current cluster : defaultdict(<class 'list'>, {2: [0, 1, 3, 4, 6, 7, 9, 13, 14, 16, 17, 20, 22, 28, 29, 31, 32, 33, 34, 36, 39, 40, 42, 43, 45, 47], 0: [2, 8, 10, 12, 15, 19, 21, 23, 24, 25, 26, 27, 30, 35, 37, 38, 41, 44, 46, 48, 49, 50, 51, 52], 1: [5, 53], 4: [11], 3: [18], 6: [54], 5: [55]})
2026/03/18 16:17:11 - INFO : current select feature name : ['2' '9' '12' '12_sigmoid' '2_cos' '7_cos' '9_cos' '12_cos'
 '12_sigmoid_cos' '2_reciprocal' '9_reciprocal' '2_cos_reciprocal' '1*4'
 '8*4' '11*4' '12*4' '1_cos*4' '5_cos*4' '8_cos*4' '11_cos*4' '12_cos*4'
 '12_sigmoid_cos*4' '2_reciprocal*4' '9_reciprocal*4']
2026/03/18 16:17:11 - INFO : current select op : sigmoid
2026/03/18 16:19:18 - INFO : current select feature name : ['13']
2026/03/18 16:19:18 - INFO : current select op : log
2026/03/18 16:19:18 - INFO : start to learn in model_c1
2026/03/18 16:19:19 - ERROR : mat1 and mat2 shapes cannot be multiplied (8x64 and 128x128)
