2026/03/18 16:24:57 - INFO : {'name': 'housing_boston', 'log_level': 'info', 'episodes': 10, 'steps': 10, 'enlarge_num': 4, 'memory': 8, 'a': 1, 'b': 1, 'c': 1, 'hidden_size': 64, 'batch_size': 8, 'replay_strategy': 'random', 'ent_weight': 0.001, 'init_w': 0.1, 'id': '0', 'ablation_mode': '', 'out_put': '.'}
2026/03/18 16:24:57 - INFO : running experiment on cpu
2026/03/18 16:24:57 - INFO : read the data from /home/pjanga/Group-wise-Reinforcement-Feature-Generation-for-Optimal-and-Explainable-Representation-Space-Reconst/data/processed/housing_boston.hdf
2026/03/18 16:24:57 - INFO : opt path is ./tmp/housing_boston_random_/
2026/03/18 16:24:58 - INFO : initialize the features...
2026/03/18 16:24:58 - INFO : initial memories with random
2026/03/18 16:24:58 - INFO : MAE on original is: -2.925, MAE on generated is: -2.925
2026/03/18 16:24:58 - INFO : RMSE on original is: -38.261, RMSE on generated is: -38.261
2026/03/18 16:24:58 - INFO : 1-RAE on original is: 0.430, 1-RAE on generated is: 0.430
2026/03/18 16:25:01 - INFO : start training, the original performance is 0.4295245697089801
2026/03/18 16:25:03 - INFO : current cluster : defaultdict(<class 'list'>, {0: [0, 1, 2, 3, 5, 6, 7, 8, 9, 10, 11], 1: [4], 2: [12]})
2026/03/18 16:25:03 - INFO : current select feature name : ['13']
2026/03/18 16:25:03 - INFO : current select op : cos
2026/03/18 16:25:05 - INFO : current select feature name : ['4']
2026/03/18 16:25:05 - INFO : current select op : log
2026/03/18 16:25:05 - INFO : New performance is: 0.434549, Best performance is: 0.434549 (e0s0) Base performance is: 0.429525
2026/03/18 16:25:05 - INFO : Episode 0, Step 0 ends!
2026/03/18 16:25:05 - INFO : Current spend time for step-0 is: 4.1s
2026/03/18 16:25:07 - INFO : current cluster : defaultdict(<class 'list'>, {0: [0, 1, 2, 3, 5, 7, 8, 9, 10, 11, 12, 13], 1: [4], 2: [6]})
2026/03/18 16:25:07 - INFO : current select feature name : ['6']
2026/03/18 16:25:07 - INFO : current select op : /
2026/03/18 16:25:07 - INFO : current select feature name : ['10' '1' '2' '3' '5' '7' '8' '9' '11' '12' '13' '13_cos']
2026/03/18 16:25:09 - INFO : current cluster : defaultdict(<class 'list'>, {0: [0, 1, 2, 3, 5, 7, 8, 9, 10, 11, 12, 13], 1: [4], 2: [6]})
2026/03/18 16:25:09 - INFO : current select feature name : ['6']
2026/03/18 16:25:09 - INFO : current select op : quan_trans
2026/03/18 16:25:12 - INFO : current select feature name : ['4']
2026/03/18 16:25:12 - INFO : current select op : log
2026/03/18 16:25:12 - INFO : New performance is: 0.441721, Best performance is: 0.441721 (e0s1) Base performance is: 0.429525
2026/03/18 16:25:12 - INFO : Episode 0, Step 1 ends!
2026/03/18 16:25:12 - INFO : Current spend time for step-1 is: 4.6s
2026/03/18 16:25:14 - INFO : current cluster : defaultdict(<class 'list'>, {0: [0, 1, 2, 3, 5, 6, 7, 8, 9, 10, 12, 13, 14], 1: [4], 2: [11]})
2026/03/18 16:25:14 - INFO : current select feature name : ['4']
2026/03/18 16:25:14 - INFO : current select op : sigmoid
2026/03/18 16:25:17 - INFO : current select feature name : ['2']
2026/03/18 16:25:17 - INFO : current select op : log
2026/03/18 16:25:17 - INFO : New performance is: 0.436287, Best performance is: 0.441721 (e0s1) Base performance is: 0.429525
2026/03/18 16:25:17 - INFO : Episode 0, Step 2 ends!
2026/03/18 16:25:17 - INFO : Current spend time for step-2 is: 5.2s
2026/03/18 16:25:19 - INFO : current cluster : defaultdict(<class 'list'>, {0: [0, 1, 3, 5, 6, 7, 8, 9, 10, 12, 13, 14], 3: [2], 1: [4, 15], 2: [11]})
2026/03/18 16:25:19 - INFO : current select feature name : ['4' '4_sigmoid']
2026/03/18 16:25:19 - INFO : current select op : *
2026/03/18 16:25:19 - INFO : current select feature name : ['12']
2026/03/18 16:25:23 - INFO : current select feature name : ['4' '4_sigmoid']
2026/03/18 16:25:23 - INFO : current select op : log
2026/03/18 16:25:23 - INFO : current select feature name : ['6' '6_quan_trans']
2026/03/18 16:25:23 - INFO : New performance is: 0.429751, Best performance is: 0.441721 (e0s1) Base performance is: 0.429525
2026/03/18 16:25:23 - INFO : Episode 0, Step 3 ends!
2026/03/18 16:25:23 - INFO : Current spend time for step-3 is: 6.2s
2026/03/18 16:25:26 - INFO : current cluster : defaultdict(<class 'list'>, {0: [0, 1, 2, 3, 5, 6, 7, 8, 9, 10, 12, 13, 14], 3: [4], 2: [11, 16, 17], 1: [15]})
2026/03/18 16:25:26 - INFO : current select feature name : ['12' '4*12' '4_sigmoid*12']
2026/03/18 16:25:26 - INFO : current select op : reciprocal
2026/03/18 16:25:31 - INFO : current select feature name : ['2' '9' '12' '4*12' '4_sigmoid*12' '12_reciprocal' '4*12_reciprocal'
 '4_sigmoid*12_reciprocal']
2026/03/18 16:25:31 - INFO : current select op : log
2026/03/18 16:25:31 - INFO : New performance is: 0.437441, Best performance is: 0.441721 (e0s1) Base performance is: 0.429525
2026/03/18 16:25:31 - INFO : Episode 0, Step 4 ends!
2026/03/18 16:25:31 - INFO : Current spend time for step-4 is: 8.0s
2026/03/18 16:25:35 - INFO : current cluster : defaultdict(<class 'list'>, {0: [0, 1, 2, 3, 5, 6, 7, 8, 9, 10, 12, 13, 14], 3: [4], 2: [11, 16, 17, 18, 19, 20], 1: [15]})
2026/03/18 16:25:35 - INFO : current select feature name : ['4']
2026/03/18 16:25:35 - INFO : current select op : -
2026/03/18 16:25:35 - INFO : current select feature name : ['10' '1' '2' '3' '5' '6' '7' '8' '9' '11' '13' '13_cos' '6_quan_trans']
2026/03/18 16:25:47 - INFO : current select feature name : ['2' '9' '12' '4*12' '4_sigmoid*12' '12_reciprocal' '4*12_reciprocal'
 '4_sigmoid*12_reciprocal' '4-2' '4-9']
2026/03/18 16:25:47 - INFO : current select op : log
2026/03/18 16:25:47 - INFO : current select feature name : ['2' '9' '12' '4*12' '4_sigmoid*12' '12_reciprocal' '4*12_reciprocal'
 '4_sigmoid*12_reciprocal' '4-2' '4-9']
2026/03/18 16:25:47 - INFO : New performance is: 0.427794, Best performance is: 0.441721 (e0s1) Base performance is: 0.429525
2026/03/18 16:25:47 - INFO : Episode 0, Step 5 ends!
2026/03/18 16:25:47 - INFO : Current spend time for step-5 is: 16.2s
2026/03/18 16:25:58 - INFO : current cluster : defaultdict(<class 'list'>, {0: [0, 1, 3, 5, 6, 7, 8, 10, 13, 14, 21, 22, 24, 25, 26, 27, 28, 30, 32, 33], 2: [2, 11, 16, 17, 18, 19, 20, 23], 1: [4, 15], 3: [9, 29], 4: [12, 31]})
2026/03/18 16:25:58 - INFO : current select feature name : ['4' '4_sigmoid']
2026/03/18 16:25:58 - INFO : current select op : sqrt
2026/03/18 16:26:11 - INFO : current select feature name : ['2' '9' '12' '4*12' '4_sigmoid*12' '12_reciprocal' '4*12_reciprocal'
 '4_sigmoid*12_reciprocal' '4-2' '4-9']
2026/03/18 16:26:11 - INFO : current select op : log
2026/03/18 16:26:11 - INFO : New performance is: 0.439376, Best performance is: 0.441721 (e0s1) Base performance is: 0.429525
2026/03/18 16:26:11 - INFO : Episode 0, Step 6 ends!
2026/03/18 16:26:11 - INFO : Current spend time for step-6 is: 23.6s
2026/03/18 16:26:22 - INFO : current cluster : defaultdict(<class 'list'>, {1: [0, 1, 3, 5, 6, 7, 8, 10, 13, 14, 21, 22, 24, 25, 26, 27, 28, 30, 32, 33], 2: [2, 11, 16, 17, 18, 19, 20, 23], 0: [4, 15, 34], 3: [9, 29], 4: [12, 31]})
2026/03/18 16:26:23 - INFO : current select feature name : ['13' '4-13']
2026/03/18 16:26:23 - INFO : current select op : -
2026/03/18 16:26:23 - INFO : current select feature name : ['10' '1' '3' '5' '6' '7' '8' '11' '13_cos' '6_quan_trans' '4-10' '4-1'
 '4-3' '4-5' '4-6' '4-7' '4-8' '4-11' '4-13_cos' '4-6_quan_trans']
2026/03/18 16:27:17 - INFO : current select feature name : ['2' '12' '4*12' '4_sigmoid*12' '12_reciprocal' '4*12_reciprocal'
 '4_sigmoid*12_reciprocal' '4-2' '13-3' '13-5' '13-7' '13-4-8' '4-13-8'
 '4-13-4-3' '4-13-4-5' '4-13-4-7']
2026/03/18 16:27:17 - INFO : current select op : log
2026/03/18 16:27:17 - INFO : current select feature name : ['2' '12' '4*12' '4_sigmoid*12' '12_reciprocal' '4*12_reciprocal'
 '4_sigmoid*12_reciprocal' '4-2' '13-3' '13-5' '13-7' '13-4-8' '4-13-8'
 '4-13-4-3' '4-13-4-5' '4-13-4-7']
2026/03/18 16:27:17 - INFO : start to learn in model_c1
2026/03/18 16:27:17 - ERROR : mat1 and mat2 shapes cannot be multiplied (8x64 and 128x128)
