2026/03/18 20:42:02 - INFO : {'name': 'housing_boston', 'log_level': 'info', 'episodes': 10, 'steps': 10, 'enlarge_num': 4, 'memory': 8, 'a': 1, 'b': 1, 'c': 1, 'hidden_size': 64, 'batch_size': 8, 'replay_strategy': 'random', 'ent_weight': 0.001, 'init_w': 0.1, 'id': '0', 'ablation_mode': '', 'out_put': '.'}
2026/03/18 20:42:02 - INFO : running experiment on cpu
2026/03/18 20:42:02 - INFO : read the data from /home/pjanga/Group-wise-Reinforcement-Feature-Generation-for-Optimal-and-Explainable-Representation-Space-Reconst/data/processed/housing_boston.hdf
2026/03/18 20:42:02 - INFO : opt path is ./tmp/housing_boston_random_/
2026/03/18 20:42:03 - INFO : initialize the features...
2026/03/18 20:42:03 - INFO : initial memories with random
2026/03/18 20:42:03 - INFO : MAE on original is: -2.925, MAE on generated is: -2.925
2026/03/18 20:42:03 - INFO : RMSE on original is: -38.261, RMSE on generated is: -38.261
2026/03/18 20:42:03 - INFO : 1-RAE on original is: 0.430, 1-RAE on generated is: 0.430
2026/03/18 20:42:06 - INFO : start training, the original performance is 0.4295245697089801
2026/03/18 20:42:08 - INFO : current cluster : defaultdict(<class 'list'>, {0: [0, 1, 2, 3, 5, 6, 7, 8, 9, 10, 12], 1: [4], 2: [11]})
2026/03/18 20:42:08 - INFO : current select feature name : ['12']
2026/03/18 20:42:08 - INFO : current select op : square
2026/03/18 20:42:10 - INFO : current select feature name : ['4']
2026/03/18 20:42:10 - INFO : current select op : log
2026/03/18 20:42:10 - INFO : New performance is: 0.445051, Best performance is: 0.445051 (e0s0) Base performance is: 0.429525
2026/03/18 20:42:10 - INFO : Episode 0, Step 0 ends!
2026/03/18 20:42:10 - INFO : Current spend time for step-0 is: 4.1s
2026/03/18 20:42:12 - INFO : current cluster : defaultdict(<class 'list'>, {0: [0, 1, 2, 3, 5, 6, 7, 8, 9, 10, 12], 1: [4], 2: [11, 13]})
2026/03/18 20:42:13 - INFO : current select feature name : ['4']
2026/03/18 20:42:13 - INFO : current select op : sigmoid
2026/03/18 20:42:15 - INFO : current select feature name : ['13']
2026/03/18 20:42:15 - INFO : current select op : log
2026/03/18 20:42:15 - INFO : New performance is: 0.435082, Best performance is: 0.445051 (e0s0) Base performance is: 0.429525
2026/03/18 20:42:15 - INFO : Episode 0, Step 1 ends!
2026/03/18 20:42:15 - INFO : Current spend time for step-1 is: 4.6s
2026/03/18 20:42:17 - INFO : current cluster : defaultdict(<class 'list'>, {0: [0, 1, 2, 3, 5, 6, 7, 8, 9, 10, 11, 13], 1: [4, 14], 2: [12]})
2026/03/18 20:42:17 - INFO : current select feature name : ['4' '4_sigmoid']
2026/03/18 20:42:17 - INFO : current select op : sigmoid
2026/03/18 20:42:20 - INFO : current select feature name : ['13']
2026/03/18 20:42:20 - INFO : current select op : log
2026/03/18 20:42:20 - INFO : New performance is: 0.432110, Best performance is: 0.445051 (e0s0) Base performance is: 0.429525
2026/03/18 20:42:20 - INFO : Episode 0, Step 2 ends!
2026/03/18 20:42:20 - INFO : Current spend time for step-2 is: 5.2s
2026/03/18 20:42:23 - INFO : current cluster : defaultdict(<class 'list'>, {0: [0, 1, 2, 3, 5, 7, 8, 9, 10, 11, 13], 1: [4, 14, 15], 3: [6], 2: [12]})
2026/03/18 20:42:23 - INFO : current select feature name : ['13']
2026/03/18 20:42:23 - INFO : current select op : +
2026/03/18 20:42:23 - INFO : current select feature name : ['10' '1' '2' '3' '5' '7' '8' '9' '11' '12' '12_square']
2026/03/18 20:42:30 - INFO : current select feature name : ['2']
2026/03/18 20:42:30 - INFO : current select op : log
2026/03/18 20:42:30 - INFO : current select feature name : ['12' '12_square']
2026/03/18 20:42:30 - INFO : New performance is: 0.461285, Best performance is: 0.461285 (e0s3) Base performance is: 0.429525
2026/03/18 20:42:30 - INFO : Episode 0, Step 3 ends!
2026/03/18 20:42:30 - INFO : Current spend time for step-3 is: 10.2s
2026/03/18 20:42:37 - INFO : current cluster : defaultdict(<class 'list'>, {1: [0, 1, 3, 5, 6, 7, 8, 10, 12, 16, 17, 18, 19, 20, 21, 23, 24, 25, 26], 0: [2, 9], 4: [4, 14, 15], 2: [11, 13], 3: [22]})
2026/03/18 20:42:38 - INFO : current select feature name : ['4' '4_sigmoid' '4_sigmoid_sigmoid']
2026/03/18 20:42:38 - INFO : current select op : /
2026/03/18 20:42:38 - INFO : current select feature name : ['13+8']
2026/03/18 20:42:47 - INFO : current select feature name : ['13+8']
2026/03/18 20:42:47 - INFO : current select op : log
2026/03/18 20:42:47 - INFO : current select feature name : ['13+8']
2026/03/18 20:42:47 - INFO : New performance is: 0.465667, Best performance is: 0.465667 (e0s4) Base performance is: 0.429525
2026/03/18 20:42:47 - INFO : Episode 0, Step 4 ends!
2026/03/18 20:42:47 - INFO : Current spend time for step-4 is: 16.5s
2026/03/18 20:42:55 - INFO : current cluster : defaultdict(<class 'list'>, {0: [0, 1, 2, 3, 5, 6, 7, 8, 9, 10, 12, 16, 17, 18, 19, 20, 21, 23, 24, 25, 26], 1: [4, 14, 15], 2: [11, 13], 4: [22], 3: [27, 28, 29]})
2026/03/18 20:42:56 - INFO : current select feature name : ['12' '12_square']
2026/03/18 20:42:56 - INFO : current select op : sin
2026/03/18 20:43:06 - INFO : current select feature name : ['13+8']
2026/03/18 20:43:06 - INFO : current select op : log
2026/03/18 20:43:06 - INFO : New performance is: 0.466514, Best performance is: 0.466514 (e0s5) Base performance is: 0.429525
2026/03/18 20:43:06 - INFO : Episode 0, Step 5 ends!
2026/03/18 20:43:06 - INFO : Current spend time for step-5 is: 19.5s
2026/03/18 20:43:16 - INFO : current cluster : defaultdict(<class 'list'>, {0: [0, 1, 2, 3, 5, 6, 7, 8, 9, 10, 12, 16, 17, 18, 19, 20, 21, 23, 24, 25, 26], 1: [4, 14, 15], 2: [11, 13, 30, 31], 4: [22], 3: [27, 28, 29]})
2026/03/18 20:43:17 - INFO : current select feature name : ['12' '12_square' '12_sin' '12_square_sin']
2026/03/18 20:43:17 - INFO : current select op : quan_trans
2026/03/18 20:43:30 - INFO : current select feature name : ['2']
2026/03/18 20:43:30 - INFO : current select op : log
2026/03/18 20:43:30 - INFO : New performance is: 0.464645, Best performance is: 0.466514 (e0s5) Base performance is: 0.429525
2026/03/18 20:43:30 - INFO : Episode 0, Step 6 ends!
2026/03/18 20:43:30 - INFO : Current spend time for step-6 is: 23.3s
2026/03/18 20:43:42 - INFO : current cluster : defaultdict(<class 'list'>, {1: [0, 1, 3, 5, 6, 7, 8, 10, 12, 16, 17, 18, 19, 20, 21, 23, 24, 25, 26], 3: [2, 11, 13, 30, 31, 32, 33, 34, 35], 0: [4, 14, 15], 5: [9], 4: [22], 2: [27, 28, 29]})
2026/03/18 20:43:43 - INFO : current select feature name : ['4' '4_sigmoid' '4_sigmoid_sigmoid']
2026/03/18 20:43:43 - INFO : current select op : sqrt
2026/03/18 20:43:57 - INFO : current select feature name : ['13+8']
2026/03/18 20:43:57 - INFO : current select op : log
2026/03/18 20:43:57 - INFO : start to learn in model_c1
2026/03/18 20:43:57 - ERROR : mat1 and mat2 shapes cannot be multiplied (8x64 and 128x128)
